#
# There is insufficient memory for the Java Runtime Environment to continue.
# Native memory allocation (malloc) failed to allocate 317936 bytes for Chunk::new
# Possible reasons:
#   The system is out of physical RAM or swap space
#   The process is running with CompressedOops enabled, and the Java Heap may be blocking the growth of the native heap
# Possible solutions:
#   Reduce memory load on the system
#   Increase physical memory or swap space
#   Check if swap backing store is full
#   Decrease Java heap size (-Xmx/-Xms)
#   Decrease number of Java threads
#   Decrease Java thread stack sizes (-Xss)
#   Set larger code cache with -XX:ReservedCodeCacheSize=
#   JVM is running with Unscaled Compressed Oops mode in which the Java heap is
#     placed in the first 4GB address space. The Java Heap base address is the
#     maximum limit for the native heap growth. Please use -XX:HeapBaseMinAddress
#     to set the Java Heap base and to place the Java Heap above 4GB virtual address.
# This output file may be truncated or incomplete.
#
#  Out of Memory Error (arena.cpp:189), pid=17120, tid=18416
#
# JRE version: Java(TM) SE Runtime Environment (17.0.1+12) (build 17.0.1+12-LTS-39)
# Java VM: Java HotSpot(TM) 64-Bit Server VM (17.0.1+12-LTS-39, mixed mode, sharing, tiered, compressed oops, compressed class ptrs, g1 gc, windows-amd64)
# No core dump will be written. Minidumps are not enabled by default on client versions of Windows
#

---------------  S U M M A R Y ------------

Command Line: -Dfile.encoding=UTF-8 --module-path=C:\Users\DELL\Documents\ASMALIGE\asm_Duan1\build\classes da1.ui.DangNhap

Host: 11th Gen Intel(R) Core(TM) i5-1135G7 @ 2.40GHz, 8 cores, 7G,  Windows 10 , 64 bit Build 22000 (10.0.22000.1219)
Time: Wed Nov 30 22:58:54 2022 SE Asia Standard Time elapsed time: 6.092613 seconds (0d 0h 0m 6s)

---------------  T H R E A D  ---------------

Current thread (0x000001fdce15d380):  JavaThread "C2 CompilerThread0" daemon [_thread_in_native, id=18416, stack(0x000000e558f00000,0x000000e559000000)]


Current CompileTask:
C2:   6092 2549       4       sun.util.locale.BaseLocale::getInstance (149 bytes)

Stack: [0x000000e558f00000,0x000000e559000000]
Native frames: (J=compiled Java code, j=interpreted, Vv=VM code, C=native code)
V  [jvm.dll+0x66fa1a]
V  [jvm.dll+0x7ce5a4]
V  [jvm.dll+0x7cfd4e]
V  [jvm.dll+0x7d03b3]
V  [jvm.dll+0x242b05]
V  [jvm.dll+0xaa05b]
V  [jvm.dll+0xaa5ec]
V  [jvm.dll+0x2a953f]
V  [jvm.dll+0x5785a9]
V  [jvm.dll+0x21dd7d]
V  [jvm.dll+0x2172d1]
V  [jvm.dll+0x214f05]
V  [jvm.dll+0x1a168d]
V  [jvm.dll+0x224848]
V  [jvm.dll+0x2229ac]
V  [jvm.dll+0x78435b]
V  [jvm.dll+0x77e91a]
V  [jvm.dll+0x66e845]
C  [ucrtbase.dll+0x26c0c]
C  [KERNEL32.DLL+0x15550]
C  [ntdll.dll+0x485b]


---------------  P R O C E S S  ---------------

Threads class SMR info:
_java_thread_list=0x000001fdd0261d10, length=19, elements={
0x000001fdce146100, 0x000001fdce1469c0, 0x000001fdce15ad50, 0x000001fdce15b610,
0x000001fdce15bed0, 0x000001fdce15c790, 0x000001fdce15d380, 0x000001fdce15dd30,
0x000001fdce161650, 0x000001fdce131980, 0x000001fdced072a0, 0x000001fdceefe6e0,
0x000001fdcef42010, 0x000001fdcef428f0, 0x000001fdceff5020, 0x000001fdcfaeb300,
0x000001fdcfae9fc0, 0x000001fdcfaec170, 0x000001fdcfb5c410
}

Java Threads: ( => current thread )
  0x000001fdce146100 JavaThread "Reference Handler" daemon [_thread_blocked, id=13876, stack(0x000000e558900000,0x000000e558a00000)]
  0x000001fdce1469c0 JavaThread "Finalizer" daemon [_thread_blocked, id=6956, stack(0x000000e558a00000,0x000000e558b00000)]
  0x000001fdce15ad50 JavaThread "Signal Dispatcher" daemon [_thread_blocked, id=15872, stack(0x000000e558b00000,0x000000e558c00000)]
  0x000001fdce15b610 JavaThread "Attach Listener" daemon [_thread_blocked, id=10568, stack(0x000000e558c00000,0x000000e558d00000)]
  0x000001fdce15bed0 JavaThread "Service Thread" daemon [_thread_blocked, id=9480, stack(0x000000e558d00000,0x000000e558e00000)]
  0x000001fdce15c790 JavaThread "Monitor Deflation Thread" daemon [_thread_blocked, id=14672, stack(0x000000e558e00000,0x000000e558f00000)]
=>0x000001fdce15d380 JavaThread "C2 CompilerThread0" daemon [_thread_in_native, id=18416, stack(0x000000e558f00000,0x000000e559000000)]
  0x000001fdce15dd30 JavaThread "C1 CompilerThread0" daemon [_thread_blocked, id=17196, stack(0x000000e559000000,0x000000e559100000)]
  0x000001fdce161650 JavaThread "Sweeper thread" daemon [_thread_blocked, id=12768, stack(0x000000e559100000,0x000000e559200000)]
  0x000001fdce131980 JavaThread "Common-Cleaner" daemon [_thread_blocked, id=15404, stack(0x000000e559200000,0x000000e559300000)]
  0x000001fdced072a0 JavaThread "Notification Thread" daemon [_thread_blocked, id=6208, stack(0x000000e559300000,0x000000e559400000)]
  0x000001fdceefe6e0 JavaThread "Java2D Disposer" daemon [_thread_blocked, id=12000, stack(0x000000e559600000,0x000000e559700000)]
  0x000001fdcef42010 JavaThread "AWT-Shutdown" [_thread_blocked, id=12332, stack(0x000000e559700000,0x000000e559800000)]
  0x000001fdcef428f0 JavaThread "AWT-Windows" daemon [_thread_in_native, id=1748, stack(0x000000e559800000,0x000000e559900000)]
  0x000001fdceff5020 JavaThread "AWT-EventQueue-0" [_thread_blocked, id=9068, stack(0x000000e559900000,0x000000e559a00000)]
  0x000001fdcfaeb300 JavaThread "DestroyJavaVM" [_thread_blocked, id=16548, stack(0x000000e558200000,0x000000e558300000)]
  0x000001fdcfae9fc0 JavaThread "Abandoned connection cleanup thread" daemon [_thread_blocked, id=14156, stack(0x000000e559a00000,0x000000e559b00000)]
  0x000001fdcfaec170 JavaThread "TimerQueue" daemon [_thread_blocked, id=18236, stack(0x000000e55a600000,0x000000e55a700000)]
  0x000001fdcfb5c410 JavaThread "C2 CompilerThread1" daemon [_thread_blocked, id=19432, stack(0x000000e559500000,0x000000e559600000)]

Other Threads:
  0x000001fdce142860 VMThread "VM Thread" [stack: 0x000000e558800000,0x000000e558900000] [id=17420]
  0x000001fdced3f5c0 WatcherThread [stack: 0x000000e559400000,0x000000e559500000] [id=7476]
  0x000001fdb02bc060 GCTaskThread "GC Thread#0" [stack: 0x000000e558300000,0x000000e558400000] [id=18576]
  0x000001fdd00e0620 GCTaskThread "GC Thread#1" [stack: 0x000000e559b00000,0x000000e559c00000] [id=1000]
  0x000001fdd00e0ce0 GCTaskThread "GC Thread#2" [stack: 0x000000e559c00000,0x000000e559d00000] [id=13672]
  0x000001fdd00e0f90 GCTaskThread "GC Thread#3" [stack: 0x000000e559d00000,0x000000e559e00000] [id=11244]
  0x000001fdd00e1240 GCTaskThread "GC Thread#4" [stack: 0x000000e559e00000,0x000000e559f00000] [id=8048]
  0x000001fdd00e14f0 GCTaskThread "GC Thread#5" [stack: 0x000000e559f00000,0x000000e55a000000] [id=7748]
  0x000001fdd0136060 GCTaskThread "GC Thread#6" [stack: 0x000000e55a000000,0x000000e55a100000] [id=16856]
  0x000001fdd02d8db0 GCTaskThread "GC Thread#7" [stack: 0x000000e55a100000,0x000000e55a200000] [id=16164]
  0x000001fdb02cc630 ConcurrentGCThread "G1 Main Marker" [stack: 0x000000e558400000,0x000000e558500000] [id=10524]
  0x000001fdb02cd0b0 ConcurrentGCThread "G1 Conc#0" [stack: 0x000000e558500000,0x000000e558600000] [id=18004]
  0x000001fdcdff20b0 ConcurrentGCThread "G1 Refine#0" [stack: 0x000000e558600000,0x000000e558700000] [id=17508]
  0x000001fdd01f09d0 ConcurrentGCThread "G1 Refine#1" [stack: 0x000000e55a200000,0x000000e55a300000] [id=9648]
  0x000001fdcdff2780 ConcurrentGCThread "G1 Service" [stack: 0x000000e558700000,0x000000e558800000] [id=14420]

Threads with active compile tasks:
C2 CompilerThread0     6126 2549       4       sun.util.locale.BaseLocale::getInstance (149 bytes)

VM state: not at safepoint (normal execution)

VM Mutex/Monitor currently owned by a thread: None

Heap address: 0x0000000084400000, size: 1980 MB, Compressed Oops mode: 32-bit

CDS archive(s) mapped at: [0x0000000800000000-0x0000000800bc0000-0x0000000800bc0000), size 12320768, SharedBaseAddress: 0x0000000800000000, ArchiveRelocationMode: 0.
Compressed class space mapped at: 0x0000000800c00000-0x0000000840c00000, reserved size: 1073741824
Narrow klass base: 0x0000000800000000, Narrow klass shift: 0, Narrow klass range: 0x100000000

GC Precious Log:
 CPUs: 8 total, 8 available
 Memory: 7914M
 Large Page Support: Disabled
 NUMA Support: Disabled
 Compressed Oops: Enabled (32-bit)
 Heap Region Size: 1M
 Heap Min Capacity: 8M
 Heap Initial Capacity: 124M
 Heap Max Capacity: 1980M
 Pre-touch: Disabled
 Parallel Workers: 8
 Concurrent Workers: 2
 Concurrent Refinement Workers: 8
 Periodic GC: Disabled

Heap:
 garbage-first heap   total 126976K, used 19578K [0x0000000084400000, 0x0000000100000000)
  region size 1024K, 19 young (19456K), 3 survivors (3072K)
 Metaspace       used 20619K, committed 20864K, reserved 1073152K
  class space    used 2330K, committed 2432K, reserved 1048576K

Heap Regions: E=young(eden), S=young(survivor), O=old, HS=humongous(starts), HC=humongous(continues), CS=collection set, F=free, OA=open archive, CA=closed archive, TAMS=top-at-mark-start (previous, next)
|   0|0x0000000084400000, 0x0000000084500000, 0x0000000084500000|100%| O|  |TAMS 0x0000000084400000, 0x0000000084400000| Untracked 
|   1|0x0000000084500000, 0x0000000084600000, 0x0000000084600000|100%| O|  |TAMS 0x0000000084500000, 0x0000000084500000| Untracked 
|   2|0x0000000084600000, 0x000000008461e800, 0x0000000084700000| 11%| O|  |TAMS 0x0000000084600000, 0x0000000084600000| Untracked 
|   3|0x0000000084700000, 0x0000000084700000, 0x0000000084800000|  0%| F|  |TAMS 0x0000000084700000, 0x0000000084700000| Untracked 
|   4|0x0000000084800000, 0x0000000084800000, 0x0000000084900000|  0%| F|  |TAMS 0x0000000084800000, 0x0000000084800000| Untracked 
|   5|0x0000000084900000, 0x0000000084900000, 0x0000000084a00000|  0%| F|  |TAMS 0x0000000084900000, 0x0000000084900000| Untracked 
|   6|0x0000000084a00000, 0x0000000084a00000, 0x0000000084b00000|  0%| F|  |TAMS 0x0000000084a00000, 0x0000000084a00000| Untracked 
|   7|0x0000000084b00000, 0x0000000084b00000, 0x0000000084c00000|  0%| F|  |TAMS 0x0000000084b00000, 0x0000000084b00000| Untracked 
|   8|0x0000000084c00000, 0x0000000084c00000, 0x0000000084d00000|  0%| F|  |TAMS 0x0000000084c00000, 0x0000000084c00000| Untracked 
|   9|0x0000000084d00000, 0x0000000084d00000, 0x0000000084e00000|  0%| F|  |TAMS 0x0000000084d00000, 0x0000000084d00000| Untracked 
|  10|0x0000000084e00000, 0x0000000084e00000, 0x0000000084f00000|  0%| F|  |TAMS 0x0000000084e00000, 0x0000000084e00000| Untracked 
|  11|0x0000000084f00000, 0x0000000084f00000, 0x0000000085000000|  0%| F|  |TAMS 0x0000000084f00000, 0x0000000084f00000| Untracked 
|  12|0x0000000085000000, 0x0000000085000000, 0x0000000085100000|  0%| F|  |TAMS 0x0000000085000000, 0x0000000085000000| Untracked 
|  13|0x0000000085100000, 0x0000000085100000, 0x0000000085200000|  0%| F|  |TAMS 0x0000000085100000, 0x0000000085100000| Untracked 
|  14|0x0000000085200000, 0x0000000085200000, 0x0000000085300000|  0%| F|  |TAMS 0x0000000085200000, 0x0000000085200000| Untracked 
|  15|0x0000000085300000, 0x0000000085300000, 0x0000000085400000|  0%| F|  |TAMS 0x0000000085300000, 0x0000000085300000| Untracked 
|  16|0x0000000085400000, 0x0000000085400000, 0x0000000085500000|  0%| F|  |TAMS 0x0000000085400000, 0x0000000085400000| Untracked 
|  17|0x0000000085500000, 0x0000000085500000, 0x0000000085600000|  0%| F|  |TAMS 0x0000000085500000, 0x0000000085500000| Untracked 
|  18|0x0000000085600000, 0x0000000085600000, 0x0000000085700000|  0%| F|  |TAMS 0x0000000085600000, 0x0000000085600000| Untracked 
|  19|0x0000000085700000, 0x0000000085700000, 0x0000000085800000|  0%| F|  |TAMS 0x0000000085700000, 0x0000000085700000| Untracked 
|  20|0x0000000085800000, 0x0000000085800000, 0x0000000085900000|  0%| F|  |TAMS 0x0000000085800000, 0x0000000085800000| Untracked 
|  21|0x0000000085900000, 0x0000000085900000, 0x0000000085a00000|  0%| F|  |TAMS 0x0000000085900000, 0x0000000085900000| Untracked 
|  22|0x0000000085a00000, 0x0000000085a00000, 0x0000000085b00000|  0%| F|  |TAMS 0x0000000085a00000, 0x0000000085a00000| Untracked 
|  23|0x0000000085b00000, 0x0000000085b00000, 0x0000000085c00000|  0%| F|  |TAMS 0x0000000085b00000, 0x0000000085b00000| Untracked 
|  24|0x0000000085c00000, 0x0000000085c00000, 0x0000000085d00000|  0%| F|  |TAMS 0x0000000085c00000, 0x0000000085c00000| Untracked 
|  25|0x0000000085d00000, 0x0000000085d00000, 0x0000000085e00000|  0%| F|  |TAMS 0x0000000085d00000, 0x0000000085d00000| Untracked 
|  26|0x0000000085e00000, 0x0000000085e00000, 0x0000000085f00000|  0%| F|  |TAMS 0x0000000085e00000, 0x0000000085e00000| Untracked 
|  27|0x0000000085f00000, 0x0000000085f00000, 0x0000000086000000|  0%| F|  |TAMS 0x0000000085f00000, 0x0000000085f00000| Untracked 
|  28|0x0000000086000000, 0x0000000086000000, 0x0000000086100000|  0%| F|  |TAMS 0x0000000086000000, 0x0000000086000000| Untracked 
|  29|0x0000000086100000, 0x0000000086100000, 0x0000000086200000|  0%| F|  |TAMS 0x0000000086100000, 0x0000000086100000| Untracked 
|  30|0x0000000086200000, 0x0000000086200000, 0x0000000086300000|  0%| F|  |TAMS 0x0000000086200000, 0x0000000086200000| Untracked 
|  31|0x0000000086300000, 0x0000000086300000, 0x0000000086400000|  0%| F|  |TAMS 0x0000000086300000, 0x0000000086300000| Untracked 
|  32|0x0000000086400000, 0x0000000086400000, 0x0000000086500000|  0%| F|  |TAMS 0x0000000086400000, 0x0000000086400000| Untracked 
|  33|0x0000000086500000, 0x0000000086500000, 0x0000000086600000|  0%| F|  |TAMS 0x0000000086500000, 0x0000000086500000| Untracked 
|  34|0x0000000086600000, 0x0000000086600000, 0x0000000086700000|  0%| F|  |TAMS 0x0000000086600000, 0x0000000086600000| Untracked 
|  35|0x0000000086700000, 0x0000000086700000, 0x0000000086800000|  0%| F|  |TAMS 0x0000000086700000, 0x0000000086700000| Untracked 
|  36|0x0000000086800000, 0x0000000086800000, 0x0000000086900000|  0%| F|  |TAMS 0x0000000086800000, 0x0000000086800000| Untracked 
|  37|0x0000000086900000, 0x0000000086900000, 0x0000000086a00000|  0%| F|  |TAMS 0x0000000086900000, 0x0000000086900000| Untracked 
|  38|0x0000000086a00000, 0x0000000086a00000, 0x0000000086b00000|  0%| F|  |TAMS 0x0000000086a00000, 0x0000000086a00000| Untracked 
|  39|0x0000000086b00000, 0x0000000086b00000, 0x0000000086c00000|  0%| F|  |TAMS 0x0000000086b00000, 0x0000000086b00000| Untracked 
|  40|0x0000000086c00000, 0x0000000086c00000, 0x0000000086d00000|  0%| F|  |TAMS 0x0000000086c00000, 0x0000000086c00000| Untracked 
|  41|0x0000000086d00000, 0x0000000086d00000, 0x0000000086e00000|  0%| F|  |TAMS 0x0000000086d00000, 0x0000000086d00000| Untracked 
|  42|0x0000000086e00000, 0x0000000086e00000, 0x0000000086f00000|  0%| F|  |TAMS 0x0000000086e00000, 0x0000000086e00000| Untracked 
|  43|0x0000000086f00000, 0x0000000086f00000, 0x0000000087000000|  0%| F|  |TAMS 0x0000000086f00000, 0x0000000086f00000| Untracked 
|  44|0x0000000087000000, 0x0000000087000000, 0x0000000087100000|  0%| F|  |TAMS 0x0000000087000000, 0x0000000087000000| Untracked 
|  45|0x0000000087100000, 0x0000000087100000, 0x0000000087200000|  0%| F|  |TAMS 0x0000000087100000, 0x0000000087100000| Untracked 
|  46|0x0000000087200000, 0x0000000087200000, 0x0000000087300000|  0%| F|  |TAMS 0x0000000087200000, 0x0000000087200000| Untracked 
|  47|0x0000000087300000, 0x0000000087300000, 0x0000000087400000|  0%| F|  |TAMS 0x0000000087300000, 0x0000000087300000| Untracked 
|  48|0x0000000087400000, 0x0000000087400000, 0x0000000087500000|  0%| F|  |TAMS 0x0000000087400000, 0x0000000087400000| Untracked 
|  49|0x0000000087500000, 0x0000000087500000, 0x0000000087600000|  0%| F|  |TAMS 0x0000000087500000, 0x0000000087500000| Untracked 
|  50|0x0000000087600000, 0x0000000087600000, 0x0000000087700000|  0%| F|  |TAMS 0x0000000087600000, 0x0000000087600000| Untracked 
|  51|0x0000000087700000, 0x0000000087700000, 0x0000000087800000|  0%| F|  |TAMS 0x0000000087700000, 0x0000000087700000| Untracked 
|  52|0x0000000087800000, 0x0000000087800000, 0x0000000087900000|  0%| F|  |TAMS 0x0000000087800000, 0x0000000087800000| Untracked 
|  53|0x0000000087900000, 0x0000000087900000, 0x0000000087a00000|  0%| F|  |TAMS 0x0000000087900000, 0x0000000087900000| Untracked 
|  54|0x0000000087a00000, 0x0000000087a00000, 0x0000000087b00000|  0%| F|  |TAMS 0x0000000087a00000, 0x0000000087a00000| Untracked 
|  55|0x0000000087b00000, 0x0000000087b00000, 0x0000000087c00000|  0%| F|  |TAMS 0x0000000087b00000, 0x0000000087b00000| Untracked 
|  56|0x0000000087c00000, 0x0000000087c00000, 0x0000000087d00000|  0%| F|  |TAMS 0x0000000087c00000, 0x0000000087c00000| Untracked 
|  57|0x0000000087d00000, 0x0000000087d00000, 0x0000000087e00000|  0%| F|  |TAMS 0x0000000087d00000, 0x0000000087d00000| Untracked 
|  58|0x0000000087e00000, 0x0000000087e00000, 0x0000000087f00000|  0%| F|  |TAMS 0x0000000087e00000, 0x0000000087e00000| Untracked 
|  59|0x0000000087f00000, 0x0000000087f00000, 0x0000000088000000|  0%| F|  |TAMS 0x0000000087f00000, 0x0000000087f00000| Untracked 
|  60|0x0000000088000000, 0x0000000088000000, 0x0000000088100000|  0%| F|  |TAMS 0x0000000088000000, 0x0000000088000000| Untracked 
|  61|0x0000000088100000, 0x0000000088100000, 0x0000000088200000|  0%| F|  |TAMS 0x0000000088100000, 0x0000000088100000| Untracked 
|  62|0x0000000088200000, 0x0000000088200000, 0x0000000088300000|  0%| F|  |TAMS 0x0000000088200000, 0x0000000088200000| Untracked 
|  63|0x0000000088300000, 0x0000000088300000, 0x0000000088400000|  0%| F|  |TAMS 0x0000000088300000, 0x0000000088300000| Untracked 
|  64|0x0000000088400000, 0x0000000088400000, 0x0000000088500000|  0%| F|  |TAMS 0x0000000088400000, 0x0000000088400000| Untracked 
|  65|0x0000000088500000, 0x0000000088500000, 0x0000000088600000|  0%| F|  |TAMS 0x0000000088500000, 0x0000000088500000| Untracked 
|  66|0x0000000088600000, 0x0000000088600000, 0x0000000088700000|  0%| F|  |TAMS 0x0000000088600000, 0x0000000088600000| Untracked 
|  67|0x0000000088700000, 0x0000000088700000, 0x0000000088800000|  0%| F|  |TAMS 0x0000000088700000, 0x0000000088700000| Untracked 
|  68|0x0000000088800000, 0x0000000088800000, 0x0000000088900000|  0%| F|  |TAMS 0x0000000088800000, 0x0000000088800000| Untracked 
|  69|0x0000000088900000, 0x0000000088900000, 0x0000000088a00000|  0%| F|  |TAMS 0x0000000088900000, 0x0000000088900000| Untracked 
|  70|0x0000000088a00000, 0x0000000088a00000, 0x0000000088b00000|  0%| F|  |TAMS 0x0000000088a00000, 0x0000000088a00000| Untracked 
|  71|0x0000000088b00000, 0x0000000088b00000, 0x0000000088c00000|  0%| F|  |TAMS 0x0000000088b00000, 0x0000000088b00000| Untracked 
|  72|0x0000000088c00000, 0x0000000088c00000, 0x0000000088d00000|  0%| F|  |TAMS 0x0000000088c00000, 0x0000000088c00000| Untracked 
|  73|0x0000000088d00000, 0x0000000088d00000, 0x0000000088e00000|  0%| F|  |TAMS 0x0000000088d00000, 0x0000000088d00000| Untracked 
|  74|0x0000000088e00000, 0x0000000088e00000, 0x0000000088f00000|  0%| F|  |TAMS 0x0000000088e00000, 0x0000000088e00000| Untracked 
|  75|0x0000000088f00000, 0x0000000088f00000, 0x0000000089000000|  0%| F|  |TAMS 0x0000000088f00000, 0x0000000088f00000| Untracked 
|  76|0x0000000089000000, 0x0000000089000000, 0x0000000089100000|  0%| F|  |TAMS 0x0000000089000000, 0x0000000089000000| Untracked 
|  77|0x0000000089100000, 0x0000000089100000, 0x0000000089200000|  0%| F|  |TAMS 0x0000000089100000, 0x0000000089100000| Untracked 
|  78|0x0000000089200000, 0x0000000089200000, 0x0000000089300000|  0%| F|  |TAMS 0x0000000089200000, 0x0000000089200000| Untracked 
|  79|0x0000000089300000, 0x0000000089300000, 0x0000000089400000|  0%| F|  |TAMS 0x0000000089300000, 0x0000000089300000| Untracked 
|  80|0x0000000089400000, 0x0000000089400000, 0x0000000089500000|  0%| F|  |TAMS 0x0000000089400000, 0x0000000089400000| Untracked 
|  81|0x0000000089500000, 0x0000000089500000, 0x0000000089600000|  0%| F|  |TAMS 0x0000000089500000, 0x0000000089500000| Untracked 
|  82|0x0000000089600000, 0x0000000089600000, 0x0000000089700000|  0%| F|  |TAMS 0x0000000089600000, 0x0000000089600000| Untracked 
|  83|0x0000000089700000, 0x0000000089700000, 0x0000000089800000|  0%| F|  |TAMS 0x0000000089700000, 0x0000000089700000| Untracked 
|  84|0x0000000089800000, 0x0000000089800000, 0x0000000089900000|  0%| F|  |TAMS 0x0000000089800000, 0x0000000089800000| Untracked 
|  85|0x0000000089900000, 0x0000000089900000, 0x0000000089a00000|  0%| F|  |TAMS 0x0000000089900000, 0x0000000089900000| Untracked 
|  86|0x0000000089a00000, 0x0000000089a00000, 0x0000000089b00000|  0%| F|  |TAMS 0x0000000089a00000, 0x0000000089a00000| Untracked 
|  87|0x0000000089b00000, 0x0000000089b00000, 0x0000000089c00000|  0%| F|  |TAMS 0x0000000089b00000, 0x0000000089b00000| Untracked 
|  88|0x0000000089c00000, 0x0000000089c00000, 0x0000000089d00000|  0%| F|  |TAMS 0x0000000089c00000, 0x0000000089c00000| Untracked 
|  89|0x0000000089d00000, 0x0000000089d00000, 0x0000000089e00000|  0%| F|  |TAMS 0x0000000089d00000, 0x0000000089d00000| Untracked 
|  90|0x0000000089e00000, 0x0000000089e00000, 0x0000000089f00000|  0%| F|  |TAMS 0x0000000089e00000, 0x0000000089e00000| Untracked 
|  91|0x0000000089f00000, 0x0000000089f00000, 0x000000008a000000|  0%| F|  |TAMS 0x0000000089f00000, 0x0000000089f00000| Untracked 
|  92|0x000000008a000000, 0x000000008a000000, 0x000000008a100000|  0%| F|  |TAMS 0x000000008a000000, 0x000000008a000000| Untracked 
|  93|0x000000008a100000, 0x000000008a100000, 0x000000008a200000|  0%| F|  |TAMS 0x000000008a100000, 0x000000008a100000| Untracked 
|  94|0x000000008a200000, 0x000000008a200000, 0x000000008a300000|  0%| F|  |TAMS 0x000000008a200000, 0x000000008a200000| Untracked 
|  95|0x000000008a300000, 0x000000008a300000, 0x000000008a400000|  0%| F|  |TAMS 0x000000008a300000, 0x000000008a300000| Untracked 
|  96|0x000000008a400000, 0x000000008a400000, 0x000000008a500000|  0%| F|  |TAMS 0x000000008a400000, 0x000000008a400000| Untracked 
|  97|0x000000008a500000, 0x000000008a500000, 0x000000008a600000|  0%| F|  |TAMS 0x000000008a500000, 0x000000008a500000| Untracked 
|  98|0x000000008a600000, 0x000000008a700000, 0x000000008a700000|100%| S|CS|TAMS 0x000000008a600000, 0x000000008a600000| Complete 
|  99|0x000000008a700000, 0x000000008a800000, 0x000000008a800000|100%| S|CS|TAMS 0x000000008a700000, 0x000000008a700000| Complete 
| 100|0x000000008a800000, 0x000000008a900000, 0x000000008a900000|100%| S|CS|TAMS 0x000000008a800000, 0x000000008a800000| Complete 
| 101|0x000000008a900000, 0x000000008a900000, 0x000000008aa00000|  0%| F|  |TAMS 0x000000008a900000, 0x000000008a900000| Untracked 
| 102|0x000000008aa00000, 0x000000008aa00000, 0x000000008ab00000|  0%| F|  |TAMS 0x000000008aa00000, 0x000000008aa00000| Untracked 
| 103|0x000000008ab00000, 0x000000008ab00000, 0x000000008ac00000|  0%| F|  |TAMS 0x000000008ab00000, 0x000000008ab00000| Untracked 
| 104|0x000000008ac00000, 0x000000008ac00000, 0x000000008ad00000|  0%| F|  |TAMS 0x000000008ac00000, 0x000000008ac00000| Untracked 
| 105|0x000000008ad00000, 0x000000008ad00000, 0x000000008ae00000|  0%| F|  |TAMS 0x000000008ad00000, 0x000000008ad00000| Untracked 
| 106|0x000000008ae00000, 0x000000008ae00000, 0x000000008af00000|  0%| F|  |TAMS 0x000000008ae00000, 0x000000008ae00000| Untracked 
| 107|0x000000008af00000, 0x000000008af00000, 0x000000008b000000|  0%| F|  |TAMS 0x000000008af00000, 0x000000008af00000| Untracked 
| 108|0x000000008b000000, 0x000000008b0f01e0, 0x000000008b100000| 93%| E|  |TAMS 0x000000008b000000, 0x000000008b000000| Complete 
| 109|0x000000008b100000, 0x000000008b200000, 0x000000008b200000|100%| E|CS|TAMS 0x000000008b100000, 0x000000008b100000| Complete 
| 110|0x000000008b200000, 0x000000008b300000, 0x000000008b300000|100%| E|CS|TAMS 0x000000008b200000, 0x000000008b200000| Complete 
| 111|0x000000008b300000, 0x000000008b400000, 0x000000008b400000|100%| E|CS|TAMS 0x000000008b300000, 0x000000008b300000| Complete 
| 112|0x000000008b400000, 0x000000008b500000, 0x000000008b500000|100%| E|CS|TAMS 0x000000008b400000, 0x000000008b400000| Complete 
| 113|0x000000008b500000, 0x000000008b600000, 0x000000008b600000|100%| E|CS|TAMS 0x000000008b500000, 0x000000008b500000| Complete 
| 114|0x000000008b600000, 0x000000008b700000, 0x000000008b700000|100%| E|CS|TAMS 0x000000008b600000, 0x000000008b600000| Complete 
| 115|0x000000008b700000, 0x000000008b800000, 0x000000008b800000|100%| E|CS|TAMS 0x000000008b700000, 0x000000008b700000| Complete 
| 116|0x000000008b800000, 0x000000008b900000, 0x000000008b900000|100%| E|CS|TAMS 0x000000008b800000, 0x000000008b800000| Complete 
| 117|0x000000008b900000, 0x000000008ba00000, 0x000000008ba00000|100%| E|CS|TAMS 0x000000008b900000, 0x000000008b900000| Complete 
| 118|0x000000008ba00000, 0x000000008bb00000, 0x000000008bb00000|100%| E|CS|TAMS 0x000000008ba00000, 0x000000008ba00000| Complete 
| 119|0x000000008bb00000, 0x000000008bc00000, 0x000000008bc00000|100%| E|CS|TAMS 0x000000008bb00000, 0x000000008bb00000| Complete 
| 120|0x000000008bc00000, 0x000000008bd00000, 0x000000008bd00000|100%| E|CS|TAMS 0x000000008bc00000, 0x000000008bc00000| Complete 
| 121|0x000000008bd00000, 0x000000008be00000, 0x000000008be00000|100%| E|CS|TAMS 0x000000008bd00000, 0x000000008bd00000| Complete 
| 122|0x000000008be00000, 0x000000008bf00000, 0x000000008bf00000|100%| E|  |TAMS 0x000000008be00000, 0x000000008be00000| Complete 
| 123|0x000000008bf00000, 0x000000008c000000, 0x000000008c000000|100%| E|CS|TAMS 0x000000008bf00000, 0x000000008bf00000| Complete 

Card table byte_map: [0x000001fdc71a0000,0x000001fdc7580000] _byte_map_base: 0x000001fdc6d7e000

Marking Bits (Prev, Next): (CMBitMap*) 0x000001fdb02bc580, (CMBitMap*) 0x000001fdb02bc5c0
 Prev Bits: [0x000001fdc7960000, 0x000001fdc9850000)
 Next Bits: [0x000001fdc9850000, 0x000001fdcb740000)

Polling page: 0x000001fdae1d0000

Metaspace:

Usage:
  Non-class:     17.86 MB used.
      Class:      2.28 MB used.
       Both:     20.14 MB used.

Virtual space:
  Non-class space:       24.00 MB reserved,      18.00 MB ( 75%) committed,  3 nodes.
      Class space:        1.00 GB reserved,       2.38 MB ( <1%) committed,  1 nodes.
             Both:        1.02 GB reserved,      20.38 MB (  2%) committed. 

Chunk freelists:
   Non-Class:  1.99 MB
       Class:  1.57 MB
        Both:  3.56 MB

MaxMetaspaceSize: unlimited
CompressedClassSpaceSize: 1.00 GB
Initial GC threshold: 21.00 MB
Current GC threshold: 21.00 MB
CDS: on
MetaspaceReclaimPolicy: balanced
 - commit_granule_bytes: 65536.
 - commit_granule_words: 8192.
 - virtual_space_node_default_size: 1048576.
 - enlarge_chunks_in_place: 1.
 - new_chunks_are_fully_committed: 0.
 - uncommit_free_chunks: 1.
 - use_allocation_guard: 0.
 - handle_deallocations: 1.


Internal statistics:

num_allocs_failed_limit: 0.
num_arena_births: 164.
num_arena_deaths: 0.
num_vsnodes_births: 4.
num_vsnodes_deaths: 0.
num_space_committed: 326.
num_space_uncommitted: 0.
num_chunks_returned_to_freelist: 0.
num_chunks_taken_from_freelist: 381.
num_chunk_merges: 0.
num_chunk_splits: 224.
num_chunks_enlarged: 122.
num_purges: 0.
num_inconsistent_stats: 0.

CodeHeap 'non-profiled nmethods': size=120000Kb used=895Kb max_used=895Kb free=119104Kb
 bounds [0x000001fdbf560000, 0x000001fdbf7d0000, 0x000001fdc6a90000]
CodeHeap 'profiled nmethods': size=120000Kb used=4586Kb max_used=4586Kb free=115413Kb
 bounds [0x000001fdb8030000, 0x000001fdb84b0000, 0x000001fdbf560000]
CodeHeap 'non-nmethods': size=5760Kb used=1397Kb max_used=1420Kb free=4362Kb
 bounds [0x000001fdb7a90000, 0x000001fdb7d00000, 0x000001fdb8030000]
 total_blobs=3297 nmethods=2562 adapters=647
 compilation: enabled
              stopped_count=0, restarted_count=0
 full_count=0

Compilation events (20 events):
Event: 6.080 Thread 0x000001fdce15dd30 2554       3       jdk.internal.jimage.BasicImageReader::getLocationIndex (52 bytes)
Event: 6.080 Thread 0x000001fdce15dd30 nmethod 2554 0x000001fdb84a5c90 code [0x000001fdb84a5e80, 0x000001fdb84a6318]
Event: 6.083 Thread 0x000001fdce15dd30 2556       3       com.mysql.cj.conf.StringPropertyDefinition::createRuntimeProperty (9 bytes)
Event: 6.083 Thread 0x000001fdce15dd30 nmethod 2556 0x000001fdb84a6510 code [0x000001fdb84a66c0, 0x000001fdb84a68c8]
Event: 6.083 Thread 0x000001fdce15dd30 2557       3       com.mysql.cj.conf.StringProperty::<init> (6 bytes)
Event: 6.083 Thread 0x000001fdce15dd30 nmethod 2557 0x000001fdb84a6a10 code [0x000001fdb84a6bc0, 0x000001fdb84a7058]
Event: 6.085 Thread 0x000001fdce15dd30 2558       3       java.net.URI$Parser::at (23 bytes)
Event: 6.085 Thread 0x000001fdce15dd30 nmethod 2558 0x000001fdb84a7190 code [0x000001fdb84a73a0, 0x000001fdb84a7a38]
Event: 6.087 Thread 0x000001fdce15dd30 2559       3       java.nio.charset.CoderResult::isUnderflow (13 bytes)
Event: 6.087 Thread 0x000001fdce15dd30 nmethod 2559 0x000001fdb84a7d10 code [0x000001fdb84a7ea0, 0x000001fdb84a8018]
Event: 6.087 Thread 0x000001fdce15dd30 2560       3       java.lang.StringLatin1::getChars (12 bytes)
Event: 6.087 Thread 0x000001fdce15dd30 nmethod 2560 0x000001fdb84a8090 code [0x000001fdb84a8220, 0x000001fdb84a8348]
Event: 6.087 Thread 0x000001fdce15dd30 2562       3       java.nio.CharBuffer::arrayOffset (35 bytes)
Event: 6.087 Thread 0x000001fdce15dd30 nmethod 2562 0x000001fdb84a8410 code [0x000001fdb84a85e0, 0x000001fdb84a88b8]
Event: 6.087 Thread 0x000001fdce15dd30 2563   !   3       java.awt.EventQueue::setCurrentEventAndMostRecentTimeImpl (191 bytes)
Event: 6.088 Thread 0x000001fdce15dd30 nmethod 2563 0x000001fdb84a8a10 code [0x000001fdb84a8cc0, 0x000001fdb84aa2b8]
Event: 6.088 Thread 0x000001fdce15dd30 2564       3       java.awt.Toolkit::enabledOnToolkit (16 bytes)
Event: 6.088 Thread 0x000001fdcfb5c410 nmethod 2546 0x000001fdbf63d810 code [0x000001fdbf63d9c0, 0x000001fdbf63e478]
Event: 6.088 Thread 0x000001fdcfb5c410 2553       4       java.util.StringTokenizer::scanToken (179 bytes)
Event: 6.088 Thread 0x000001fdce15dd30 nmethod 2564 0x000001fdb84aa790 code [0x000001fdb84aa920, 0x000001fdb84aaa98]

GC Heap History (2 events):
Event: 0.554 GC heap before
{Heap before GC invocations=0 (full 0):
 garbage-first heap   total 126976K, used 22528K [0x0000000084400000, 0x0000000100000000)
  region size 1024K, 23 young (23552K), 0 survivors (0K)
 Metaspace       used 15078K, committed 15360K, reserved 1064960K
  class space    used 1719K, committed 1856K, reserved 1048576K
}
Event: 0.561 GC heap after
{Heap after GC invocations=1 (full 0):
 garbage-first heap   total 126976K, used 5242K [0x0000000084400000, 0x0000000100000000)
  region size 1024K, 3 young (3072K), 3 survivors (3072K)
 Metaspace       used 15078K, committed 15360K, reserved 1064960K
  class space    used 1719K, committed 1856K, reserved 1048576K
}

Deoptimization events (20 events):
Event: 6.030 Thread 0x000001fdceff5020 DEOPT PACKING pc=0x000001fdbf5b067c sp=0x000000e5599fdb50
Event: 6.030 Thread 0x000001fdceff5020 DEOPT UNPACKING pc=0x000001fdb7ae5c23 sp=0x000000e5599fdb28 mode 2
Event: 6.034 Thread 0x000001fdceff5020 Uncommon trap: trap_request=0xffffff45 fr.pc=0x000001fdbf5fcc84 relative=0x00000000000009a4
Event: 6.034 Thread 0x000001fdceff5020 Uncommon trap: reason=unstable_if action=reinterpret pc=0x000001fdbf5fcc84 method=java.util.HashMap.resize()[Ljava/util/HashMap$Node; @ 203 c2
Event: 6.034 Thread 0x000001fdceff5020 DEOPT PACKING pc=0x000001fdbf5fcc84 sp=0x000000e5599fcb30
Event: 6.034 Thread 0x000001fdceff5020 DEOPT UNPACKING pc=0x000001fdb7ae5c23 sp=0x000000e5599fcad0 mode 2
Event: 6.080 Thread 0x000001fdceff5020 Uncommon trap: trap_request=0xffffff45 fr.pc=0x000001fdbf5b3b94 relative=0x00000000000003f4
Event: 6.080 Thread 0x000001fdceff5020 Uncommon trap: reason=unstable_if action=reinterpret pc=0x000001fdbf5b3b94 method=java.lang.StringLatin1.canEncode(I)Z @ 4 c2
Event: 6.080 Thread 0x000001fdceff5020 DEOPT PACKING pc=0x000001fdbf5b3b94 sp=0x000000e5599fdf80
Event: 6.080 Thread 0x000001fdceff5020 DEOPT UNPACKING pc=0x000001fdb7ae5c23 sp=0x000000e5599fdea8 mode 2
Event: 6.080 Thread 0x000001fdceff5020 Uncommon trap: trap_request=0xffffff45 fr.pc=0x000001fdbf5b457c relative=0x00000000000003dc
Event: 6.080 Thread 0x000001fdceff5020 Uncommon trap: reason=unstable_if action=reinterpret pc=0x000001fdbf5b457c method=java.lang.AbstractStringBuilder.isLatin1()Z @ 10 c2
Event: 6.080 Thread 0x000001fdceff5020 DEOPT PACKING pc=0x000001fdbf5b457c sp=0x000000e5599fdf80
Event: 6.080 Thread 0x000001fdceff5020 DEOPT UNPACKING pc=0x000001fdb7ae5c23 sp=0x000000e5599fdf10 mode 2
Event: 6.081 Thread 0x000001fdceff5020 Uncommon trap: trap_request=0xffffff45 fr.pc=0x000001fdbf5926c8 relative=0x0000000000000048
Event: 6.081 Thread 0x000001fdceff5020 Uncommon trap: reason=unstable_if action=reinterpret pc=0x000001fdbf5926c8 method=java.lang.CharacterData.of(I)Ljava/lang/CharacterData; @ 4 c2
Event: 6.081 Thread 0x000001fdceff5020 DEOPT PACKING pc=0x000001fdbf5926c8 sp=0x000000e5599fd710
Event: 6.081 Thread 0x000001fdceff5020 DEOPT UNPACKING pc=0x000001fdb7ae5c23 sp=0x000000e5599fd6b0 mode 2
Event: 6.087 Thread 0x000001fdceff5020 DEOPT PACKING pc=0x000001fdb80e25be sp=0x000000e5599feb20
Event: 6.087 Thread 0x000001fdceff5020 DEOPT UNPACKING pc=0x000001fdb7ae6763 sp=0x000000e5599fdfc0 mode 0

Classes unloaded (0 events):
No events

Classes redefined (0 events):
No events

Internal exceptions (20 events):
Event: 0.185 Thread 0x000001fdb027e2a0 Exception <a 'java/lang/ClassNotFoundException'{0x000000008ba0dd00}: TreeCell> (0x000000008ba0dd00) 
thrown [t:\workspace\open\src\hotspot\share\classfile\systemDictionary.cpp, line 256]
Event: 0.185 Thread 0x000001fdb027e2a0 Exception <a 'java/lang/ClassNotFoundException'{0x000000008ba0e4c0}: RootPane> (0x000000008ba0e4c0) 
thrown [t:\workspace\open\src\hotspot\share\classfile\systemDictionary.cpp, line 256]
Event: 0.186 Thread 0x000001fdb027e2a0 Exception <a 'java/lang/ClassNotFoundException'{0x000000008ba11310}: com/sun/swing/internal/plaf/metal/resources/spi/metalProvider> (0x000000008ba11310) 
thrown [t:\workspace\open\src\hotspot\share\classfile\systemDictionary.cpp, line 256]
Event: 0.187 Thread 0x000001fdb027e2a0 Exception <a 'java/lang/ClassNotFoundException'{0x000000008ba14f10}: com/sun/swing/internal/plaf/basic/resources/spi/basicProvider> (0x000000008ba14f10) 
thrown [t:\workspace\open\src\hotspot\share\classfile\systemDictionary.cpp, line 256]
Event: 0.201 Thread 0x000001fdceff5020 Exception <a 'java/lang/ClassNotFoundException'{0x000000008ba8b190}: com/sun/swing/internal/plaf/synth/resources/spi/synthProvider> (0x000000008ba8b190) 
thrown [t:\workspace\open\src\hotspot\share\classfile\systemDictionary.cpp, line 256]
Event: 0.274 Thread 0x000001fdceff5020 Exception <a 'java/lang/NoSuchMethodError'{0x000000008b6156d0}: 'java.lang.Object java.lang.invoke.DirectMethodHandle$Holder.invokeInterface(java.lang.Object, java.lang.Object)'> (0x000000008b6156d0) 
thrown [t:\workspace\open\src\hotspot\share\interpreter\linkResolver.cpp, line 766]
Event: 0.300 Thread 0x000001fdceff5020 Exception <a 'java/lang/NoSuchMethodError'{0x000000008b521030}: 'void java.lang.invoke.DirectMethodHandle$Holder.invokeStatic(java.lang.Object, java.lang.Object, java.lang.Object)'> (0x000000008b521030) 
thrown [t:\workspace\open\src\hotspot\share\interpreter\linkResolver.cpp, line 766]
Event: 0.302 Thread 0x000001fdceff5020 Exception <a 'java/lang/NoSuchMethodError'{0x000000008b540b68}: 'java.lang.Object java.lang.invoke.DirectMethodHandle$Holder.invokeVirtual(java.lang.Object, java.lang.Object, java.lang.Object)'> (0x000000008b540b68) 
thrown [t:\workspace\open\src\hotspot\share\interpreter\linkResolver.cpp, line 766]
Event: 0.349 Thread 0x000001fdceff5020 Exception <a 'java/lang/NoSuchMethodError'{0x000000008b3df468}: 'void java.lang.invoke.DirectMethodHandle$Holder.invokeStatic(java.lang.Object, java.lang.Object)'> (0x000000008b3df468) 
thrown [t:\workspace\open\src\hotspot\share\interpreter\linkResolver.cpp, line 766]
Event: 0.423 Thread 0x000001fdceff5020 Exception <a 'sun/nio/fs/WindowsException'{0x000000008ad611c8}> (0x000000008ad611c8) 
thrown [t:\workspace\open\src\hotspot\share\prims\jni.cpp, line 516]
Event: 0.431 Thread 0x000001fdceff5020 Exception <a 'java/lang/NoSuchMethodError'{0x000000008ad87d38}: 'int java.lang.invoke.DirectMethodHandle$Holder.invokeStaticInit(java.lang.Object, java.lang.Object, java.lang.Object, java.lang.Object)'> (0x000000008ad87d38) 
thrown [t:\workspace\open\src\hotspot\share\interpreter\linkResolver.cpp, line 766]
Event: 0.431 Thread 0x000001fdceff5020 Exception <a 'java/lang/IncompatibleClassChangeError'{0x000000008ad91488}: Found class java.lang.Object, but interface was expected> (0x000000008ad91488) 
thrown [t:\workspace\open\src\hotspot\share\interpreter\linkResolver.cpp, line 833]
Event: 0.432 Thread 0x000001fdceff5020 Exception <a 'java/lang/NoSuchMethodError'{0x000000008ad94780}: 'void java.lang.invoke.DirectMethodHandle$Holder.invokeStaticInit(java.lang.Object, java.lang.Object)'> (0x000000008ad94780) 
thrown [t:\workspace\open\src\hotspot\share\interpreter\linkResolver.cpp, line 766]
Event: 0.432 Thread 0x000001fdceff5020 Exception <a 'java/lang/NoSuchMethodError'{0x000000008ad9a548}: 'int java.lang.invoke.DirectMethodHandle$Holder.invokeStaticInit(java.lang.Object, java.lang.Object)'> (0x000000008ad9a548) 
thrown [t:\workspace\open\src\hotspot\share\interpreter\linkResolver.cpp, line 766]
Event: 0.453 Thread 0x000001fdceff5020 Exception <a 'java/lang/NoSuchMethodError'{0x000000008ab6f810}: 'java.lang.Object java.lang.invoke.DirectMethodHandle$Holder.invokeStaticInit(java.lang.Object, int, int, int, int)'> (0x000000008ab6f810) 
thrown [t:\workspace\open\src\hotspot\share\interpreter\linkResolver.cpp, line 766]
Event: 0.494 Thread 0x000001fdceff5020 Exception <a 'java/lang/NoSuchMethodError'{0x000000008aa16ce0}: 'java.lang.Object java.lang.invoke.DirectMethodHandle$Holder.invokeStaticInit(java.lang.Object, java.lang.Object, int, int, int, int)'> (0x000000008aa16ce0) 
thrown [t:\workspace\open\src\hotspot\share\interpreter\linkResolver.cpp, line 766]
Event: 0.608 Thread 0x000001fdcef428f0 Exception <a 'java/lang/NoSuchMethodError'{0x000000008be083a0}: 'void java.lang.invoke.DirectMethodHandle$Holder.invokeVirtual(java.lang.Object, java.lang.Object)'> (0x000000008be083a0) 
thrown [t:\workspace\open\src\hotspot\share\interpreter\linkResolver.cpp, line 766]
Event: 0.617 Thread 0x000001fdceff5020 Exception <a 'java/lang/NoSuchMethodError'{0x000000008be4d9c8}: 'void java.lang.invoke.DirectMethodHandle$Holder.invokeStaticInit(java.lang.Object)'> (0x000000008be4d9c8) 
thrown [t:\workspace\open\src\hotspot\share\interpreter\linkResolver.cpp, line 766]
Event: 6.024 Thread 0x000001fdceff5020 Implicit null exception at 0x000001fdbf5b0c55 to 0x000001fdbf5b127c
Event: 6.030 Thread 0x000001fdceff5020 Implicit null exception at 0x000001fdbf5b0052 to 0x000001fdbf5b0664

VM Operations (20 events):
Event: 0.428 Executing VM operation: HandshakeAllThreads
Event: 0.428 Executing VM operation: HandshakeAllThreads done
Event: 0.554 Executing VM operation: G1CollectForAllocation
Event: 0.561 Executing VM operation: G1CollectForAllocation done
Event: 0.635 Executing VM operation: HandshakeAllThreads
Event: 0.635 Executing VM operation: HandshakeAllThreads done
Event: 0.709 Executing VM operation: HandshakeAllThreads
Event: 0.709 Executing VM operation: HandshakeAllThreads done
Event: 1.721 Executing VM operation: Cleanup
Event: 1.722 Executing VM operation: Cleanup done
Event: 2.733 Executing VM operation: Cleanup
Event: 2.733 Executing VM operation: Cleanup done
Event: 3.746 Executing VM operation: Cleanup
Event: 3.746 Executing VM operation: Cleanup done
Event: 4.754 Executing VM operation: Cleanup
Event: 4.754 Executing VM operation: Cleanup done
Event: 5.768 Executing VM operation: Cleanup
Event: 5.768 Executing VM operation: Cleanup done
Event: 6.082 Executing VM operation: HandshakeAllThreads
Event: 6.082 Executing VM operation: HandshakeAllThreads done

Events (20 events):
Event: 6.045 loading class javax/swing/JViewport$ViewListener
Event: 6.045 loading class java/awt/event/ComponentAdapter
Event: 6.045 loading class java/awt/event/ComponentAdapter done
Event: 6.045 loading class javax/swing/JViewport$ViewListener done
Event: 6.049 loading class javax/swing/plaf/nimbus/ScrollBarButtonPainter
Event: 6.049 loading class javax/swing/plaf/nimbus/ScrollBarButtonPainter done
Event: 6.079 loading class sun/util/resources/LocaleData$CommonResourceBundleProvider
Event: 6.079 loading class sun/util/resources/LocaleData$LocaleDataResourceBundleProvider
Event: 6.079 loading class java/util/spi/ResourceBundleProvider
Event: 6.079 loading class java/util/spi/ResourceBundleProvider done
Event: 6.079 loading class sun/util/resources/LocaleData$LocaleDataResourceBundleProvider done
Event: 6.079 loading class sun/util/resources/LocaleData$CommonResourceBundleProvider done
Event: 6.079 loading class sun/util/resources/Bundles$2
Event: 6.079 loading class sun/util/resources/Bundles$2 done
Event: 6.086 loading class java/lang/Throwable$WrappedPrintStream
Event: 6.086 loading class java/lang/Throwable$PrintStreamOrWriter
Event: 6.086 loading class java/lang/Throwable$PrintStreamOrWriter done
Event: 6.086 loading class java/lang/Throwable$WrappedPrintStream done
Event: 6.086 loading class java/lang/StackTraceElement$HashedModules
Event: 6.086 loading class java/lang/StackTraceElement$HashedModules done


Dynamic libraries:
0x00007ff611490000 - 0x00007ff6114a0000 	C:\Program Files\Java\jdk-17.0.1\bin\java.exe
0x00007ffb2e8c0000 - 0x00007ffb2eac9000 	C:\WINDOWS\SYSTEM32\ntdll.dll
0x00007ffb2c740000 - 0x00007ffb2c7fe000 	C:\WINDOWS\System32\KERNEL32.DLL
0x00007ffb2beb0000 - 0x00007ffb2c22b000 	C:\WINDOWS\System32\KERNELBASE.dll
0x00007ffb2c490000 - 0x00007ffb2c5a1000 	C:\WINDOWS\System32\ucrtbase.dll
0x00007ffb1a490000 - 0x00007ffb1a4aa000 	C:\Program Files\Java\jdk-17.0.1\bin\VCRUNTIME140.dll
0x00007ffb24b50000 - 0x00007ffb24b68000 	C:\Program Files\Java\jdk-17.0.1\bin\jli.dll
0x00007ffb2c990000 - 0x00007ffb2ca3e000 	C:\WINDOWS\System32\ADVAPI32.dll
0x00007ffb2e220000 - 0x00007ffb2e2c3000 	C:\WINDOWS\System32\msvcrt.dll
0x00007ffb2c870000 - 0x00007ffb2c90e000 	C:\WINDOWS\System32\sechost.dll
0x00007ffb2cc40000 - 0x00007ffb2cd60000 	C:\WINDOWS\System32\RPCRT4.dll
0x00007ffb2ce50000 - 0x00007ffb2cffd000 	C:\WINDOWS\System32\USER32.dll
0x00007ffb2c460000 - 0x00007ffb2c486000 	C:\WINDOWS\System32\win32u.dll
0x00007ffaf9fd0000 - 0x00007ffafa275000 	C:\WINDOWS\WinSxS\amd64_microsoft.windows.common-controls_6595b64144ccf1df_6.0.22000.120_none_9d947278b86cc467\COMCTL32.dll
0x00007ffb2e2d0000 - 0x00007ffb2e2f9000 	C:\WINDOWS\System32\GDI32.dll
0x00007ffb2bd90000 - 0x00007ffb2bea8000 	C:\WINDOWS\System32\gdi32full.dll
0x00007ffb2c5b0000 - 0x00007ffb2c64d000 	C:\WINDOWS\System32\msvcp_win.dll
0x00007ffb1efd0000 - 0x00007ffb1efda000 	C:\WINDOWS\SYSTEM32\VERSION.dll
0x00007ffb2ca40000 - 0x00007ffb2ca72000 	C:\WINDOWS\System32\IMM32.DLL
0x00007ffb27780000 - 0x00007ffb2778c000 	C:\Program Files\Java\jdk-17.0.1\bin\vcruntime140_1.dll
0x00007ffb143a0000 - 0x00007ffb1442d000 	C:\Program Files\Java\jdk-17.0.1\bin\msvcp140.dll
0x00007ffaaca50000 - 0x00007ffaad60e000 	C:\Program Files\Java\jdk-17.0.1\bin\server\jvm.dll
0x00007ffb2e300000 - 0x00007ffb2e308000 	C:\WINDOWS\System32\PSAPI.DLL
0x00007ffb24310000 - 0x00007ffb24343000 	C:\WINDOWS\SYSTEM32\WINMM.dll
0x00007ffb277f0000 - 0x00007ffb277f9000 	C:\WINDOWS\SYSTEM32\WSOCK32.dll
0x00007ffb2d660000 - 0x00007ffb2d6cf000 	C:\WINDOWS\System32\WS2_32.dll
0x00007ffb2ae90000 - 0x00007ffb2aea8000 	C:\WINDOWS\SYSTEM32\kernel.appcore.dll
0x00007ffb27750000 - 0x00007ffb2775a000 	C:\Program Files\Java\jdk-17.0.1\bin\jimage.dll
0x00007ffb29940000 - 0x00007ffb29b61000 	C:\WINDOWS\SYSTEM32\DBGHELP.DLL
0x00007ffb15660000 - 0x00007ffb15691000 	C:\WINDOWS\SYSTEM32\dbgcore.DLL
0x00007ffb2c650000 - 0x00007ffb2c6cf000 	C:\WINDOWS\System32\bcryptPrimitives.dll
0x00007ffb1a460000 - 0x00007ffb1a485000 	C:\Program Files\Java\jdk-17.0.1\bin\java.dll
0x00007ffafe020000 - 0x00007ffafe0f6000 	C:\Program Files\Java\jdk-17.0.1\bin\svml.dll
0x00007ffb2da60000 - 0x00007ffb2e218000 	C:\WINDOWS\System32\SHELL32.dll
0x00007ffb29e80000 - 0x00007ffb2a6e5000 	C:\WINDOWS\SYSTEM32\windows.storage.dll
0x00007ffb2d6d0000 - 0x00007ffb2da48000 	C:\WINDOWS\System32\combase.dll
0x00007ffb29d10000 - 0x00007ffb29e76000 	C:\WINDOWS\SYSTEM32\wintypes.dll
0x00007ffb2d000000 - 0x00007ffb2d0ea000 	C:\WINDOWS\System32\SHCORE.dll
0x00007ffb2d600000 - 0x00007ffb2d65d000 	C:\WINDOWS\System32\shlwapi.dll
0x00007ffb2bcc0000 - 0x00007ffb2bce1000 	C:\WINDOWS\SYSTEM32\profapi.dll
0x00007ffb189f0000 - 0x00007ffb18a09000 	C:\Program Files\Java\jdk-17.0.1\bin\net.dll
0x00007ffb24100000 - 0x00007ffb24214000 	C:\WINDOWS\SYSTEM32\WINHTTP.dll
0x00007ffb2b3a0000 - 0x00007ffb2b407000 	C:\WINDOWS\system32\mswsock.dll
0x00007ffb189d0000 - 0x00007ffb189e5000 	C:\Program Files\Java\jdk-17.0.1\bin\nio.dll
0x00007ffb189b0000 - 0x00007ffb189c8000 	C:\Program Files\Java\jdk-17.0.1\bin\zip.dll
0x00007ffae5940000 - 0x00007ffae5acf000 	C:\Program Files\Java\jdk-17.0.1\bin\awt.dll
0x00007ffb2e430000 - 0x00007ffb2e506000 	C:\WINDOWS\System32\OLEAUT32.dll
0x00007ffb28f60000 - 0x00007ffb28ff2000 	C:\WINDOWS\SYSTEM32\apphelp.dll
0x00007ffb29020000 - 0x00007ffb290cc000 	C:\WINDOWS\system32\uxtheme.dll
0x00007ffb2e310000 - 0x00007ffb2e42d000 	C:\WINDOWS\System32\MSCTF.dll
0x00007ffb2e5f0000 - 0x00007ffb2e78a000 	C:\WINDOWS\System32\ole32.dll
0x00007ffb29360000 - 0x00007ffb2938f000 	C:\WINDOWS\system32\DWMAPI.DLL
0x00007ffae4930000 - 0x00007ffae49b9000 	C:\Program Files\Java\jdk-17.0.1\bin\freetype.dll
0x00007ffae4880000 - 0x00007ffae4928000 	C:\Program Files\Java\jdk-17.0.1\bin\fontmanager.dll
0x00007ffb12650000 - 0x00007ffb12751000 	C:\WINDOWS\system32\opengl32.dll
0x00007ffb18690000 - 0x00007ffb186bd000 	C:\WINDOWS\SYSTEM32\GLU32.dll
0x00007ffb29100000 - 0x00007ffb29138000 	C:\WINDOWS\SYSTEM32\dxcore.dll
0x00007ffb2a960000 - 0x00007ffb2aa48000 	C:\WINDOWS\SYSTEM32\DNSAPI.dll
0x00007ffb2a930000 - 0x00007ffb2a95d000 	C:\WINDOWS\SYSTEM32\IPHLPAPI.DLL
0x00007ffb2d580000 - 0x00007ffb2d589000 	C:\WINDOWS\System32\NSI.dll
0x00007ffb21350000 - 0x00007ffb2135a000 	C:\Windows\System32\rasadhlp.dll
0x00007ffb213a0000 - 0x00007ffb21421000 	C:\WINDOWS\System32\fwpuclnt.dll
0x00007ffb244a0000 - 0x00007ffb244ae000 	C:\Program Files\Java\jdk-17.0.1\bin\sunmscapi.dll
0x00007ffb2c2f0000 - 0x00007ffb2c452000 	C:\WINDOWS\System32\CRYPT32.dll
0x00007ffb2b740000 - 0x00007ffb2b768000 	C:\WINDOWS\SYSTEM32\ncrypt.dll
0x00007ffb2b700000 - 0x00007ffb2b737000 	C:\WINDOWS\SYSTEM32\NTASN1.dll
0x00007ffb2b5e0000 - 0x00007ffb2b5f8000 	C:\WINDOWS\SYSTEM32\CRYPTSP.dll
0x00007ffb2ade0000 - 0x00007ffb2ae15000 	C:\WINDOWS\system32\rsaenh.dll
0x00007ffb2b490000 - 0x00007ffb2b4b9000 	C:\WINDOWS\SYSTEM32\USERENV.dll
0x00007ffb2b770000 - 0x00007ffb2b797000 	C:\WINDOWS\SYSTEM32\bcrypt.dll
0x00007ffb2b600000 - 0x00007ffb2b60c000 	C:\WINDOWS\SYSTEM32\CRYPTBASE.dll
0x00007ffb23c00000 - 0x00007ffb23c19000 	C:\WINDOWS\SYSTEM32\dhcpcsvc6.DLL
0x00007ffb24350000 - 0x00007ffb2436e000 	C:\WINDOWS\SYSTEM32\dhcpcsvc.DLL
0x00007ffb2e530000 - 0x00007ffb2e5e5000 	C:\WINDOWS\System32\clbcatq.dll
0x00007ffb250d0000 - 0x00007ffb2527e000 	C:\WINDOWS\SYSTEM32\WindowsCodecs.dll
0x00007ffb13440000 - 0x00007ffb1349d000 	C:\WINDOWS\system32\dataexchange.dll
0x00007ffb214a0000 - 0x00007ffb21706000 	C:\WINDOWS\system32\twinapi.appcore.dll
0x00007ffb183c0000 - 0x00007ffb184ed000 	C:\WINDOWS\SYSTEM32\textinputframework.dll
0x00007ffb28de0000 - 0x00007ffb28f11000 	C:\WINDOWS\SYSTEM32\CoreMessaging.dll
0x00007ffb26560000 - 0x00007ffb268cd000 	C:\WINDOWS\SYSTEM32\CoreUIComponents.dll

dbghelp: loaded successfully - version: 4.0.5 - missing functions: none
symbol engine: initialized successfully - sym options: 0x614 - pdb path: .;C:\Program Files\Java\jdk-17.0.1\bin;C:\WINDOWS\SYSTEM32;C:\WINDOWS\WinSxS\amd64_microsoft.windows.common-controls_6595b64144ccf1df_6.0.22000.120_none_9d947278b86cc467;C:\Program Files\Java\jdk-17.0.1\bin\server

VM Arguments:
jvm_args: -Dfile.encoding=UTF-8 --module-path=C:\Users\DELL\Documents\ASMALIGE\asm_Duan1\build\classes 
java_command: da1.ui.DangNhap
java_class_path (initial): D:\eage\mysql-connector-java-8.0.13.jar;D:\eage\sqljdbc4-3.0.jar;C:\Users\DELL\Desktop\jcalendar-1.4.jar;C:\Users\DELL\Documents\ASMALIGE\asm_Duan1\build\classes
Launcher Type: SUN_STANDARD

[Global flags]
     intx CICompilerCount                          = 4                                         {product} {ergonomic}
     uint ConcGCThreads                            = 2                                         {product} {ergonomic}
     uint G1ConcRefinementThreads                  = 8                                         {product} {ergonomic}
   size_t G1HeapRegionSize                         = 1048576                                   {product} {ergonomic}
    uintx GCDrainStackTargetSize                   = 64                                        {product} {ergonomic}
   size_t InitialHeapSize                          = 130023424                                 {product} {ergonomic}
   size_t MarkStackSize                            = 4194304                                   {product} {ergonomic}
   size_t MaxHeapSize                              = 2076180480                                {product} {ergonomic}
   size_t MaxNewSize                               = 1245708288                                {product} {ergonomic}
   size_t MinHeapDeltaBytes                        = 1048576                                   {product} {ergonomic}
   size_t MinHeapSize                              = 8388608                                   {product} {ergonomic}
    uintx NonNMethodCodeHeapSize                   = 5839372                                {pd product} {ergonomic}
    uintx NonProfiledCodeHeapSize                  = 122909434                              {pd product} {ergonomic}
    uintx ProfiledCodeHeapSize                     = 122909434                              {pd product} {ergonomic}
    uintx ReservedCodeCacheSize                    = 251658240                              {pd product} {ergonomic}
     bool SegmentedCodeCache                       = true                                      {product} {ergonomic}
   size_t SoftMaxHeapSize                          = 2076180480                             {manageable} {ergonomic}
     bool UseCompressedClassPointers               = true                           {product lp64_product} {ergonomic}
     bool UseCompressedOops                        = true                           {product lp64_product} {ergonomic}
     bool UseG1GC                                  = true                                      {product} {ergonomic}
     bool UseLargePagesIndividualAllocation        = false                                  {pd product} {ergonomic}

Logging:
Log output configuration:
 #0: stdout all=warning uptime,level,tags
 #1: stderr all=off uptime,level,tags

Environment Variables:
PATH=C:\Program Files\Common Files\Oracle\Java\javapath;C:\Program Files (x86)\Common Files\Oracle\Java\javapath;C:\WINDOWS\system32;C:\WINDOWS;C:\WINDOWS\System32\Wbem;C:\WINDOWS\System32\WindowsPowerShell\v1.0\;C:\WINDOWS\System32\OpenSSH\;C:\Program Files\Microsoft SQL Server\Client SDK\ODBC\170\Tools\Binn\;C:\Program Files (x86)\Microsoft SQL Server\150\Tools\Binn\;C:\Program Files\Microsoft SQL Server\150\Tools\Binn\;C:\Program Files\Microsoft SQL Server\150\DTS\Binn\;D:\ducpham\Git\cmd;C:\Program Files\dotnet\;C:\Program Files\Azure Data Studio\bin;C:\Users\DELL\AppData\Local\Microsoft\WindowsApps;C:\Users\DELL\AppData\Local\Programs\Microsoft VS Code\bin;C:\Program Files\Azure Data Studio\bin;
USERNAME=DELL
OS=Windows_NT
PROCESSOR_IDENTIFIER=Intel64 Family 6 Model 140 Stepping 1, GenuineIntel



---------------  S Y S T E M  ---------------

OS:
 Windows 10 , 64 bit Build 22000 (10.0.22000.1219)
OS uptime: 7 days 23:12 hours

CPU: total 8 (initial active 8) (4 cores per cpu, 2 threads per core) family 6 model 140 stepping 1 microcode 0xa4, cx8, cmov, fxsr, ht, mmx, 3dnowpref, sse, sse2, sse3, ssse3, sse4.1, sse4.2, popcnt, lzcnt, tsc, tscinvbit, avx, avx2, aes, erms, clmul, bmi1, bmi2, adx, avx512f, avx512dq, avx512cd, avx512bw, avx512vl, sha, fma, vzeroupper, avx512_vpopcntdq, avx512_vpclmulqdq, avx512_vaes, avx512_vnni, clflush, clflushopt, clwb, avx512_vbmi2, avx512_vbmi

Memory: 4k page, system-wide physical 7914M (460M free)
TotalPageFile size 10914M (AvailPageFile size 4M)
current process WorkingSet (physical memory assigned to process): 114M, peak: 114M
current process commit charge ("private bytes"): 247M, peak: 247M

vm_info: Java HotSpot(TM) 64-Bit Server VM (17.0.1+12-LTS-39) for windows-amd64 JRE (17.0.1+12-LTS-39), built on Sep 27 2021 18:41:35 by "mach5one" with MS VC++ 16.8 (VS2019)

END.
