#
# There is insufficient memory for the Java Runtime Environment to continue.
# Native memory allocation (mmap) failed to map 65536 bytes for Failed to commit metaspace.
# Possible reasons:
#   The system is out of physical RAM or swap space
#   The process is running with CompressedOops enabled, and the Java Heap may be blocking the growth of the native heap
# Possible solutions:
#   Reduce memory load on the system
#   Increase physical memory or swap space
#   Check if swap backing store is full
#   Decrease Java heap size (-Xmx/-Xms)
#   Decrease number of Java threads
#   Decrease Java thread stack sizes (-Xss)
#   Set larger code cache with -XX:ReservedCodeCacheSize=
#
#  
#
# 
V  [jvm.dll+0x615b76]
V  [jvm.dll+0x1be19e]
V  [jvm.dll+0x6184b1]
V  [jvm.dll+0x616516]
V  [jvm.dll+0x627149]
V  [jvm.dll+0x620454]
V  [jvm.dll+0x37b831]
C  0x000002822b50c727

Java frames: (J=compiled Java code, j=interpreted, Vv=VM code)
j  javax.swing.plaf.synth.SynthButtonUI.update(Ljava/awt/Graphics;Ljavax/swing/JComponent;)V+0 java.desktop@17.0.1
j  javax.swing.JComponent.paintComponent(Ljava/awt/Graphics;)V+26 java.desktop@17.0.1
j  javax.swing.JComponent.paint(Ljava/awt/Graphics;)V+286 java.desktop@17.0.1
j  javax.swing.JComponent.paintChildren(Ljava/awt/Graphics;)V+523 java.desktop@17.0.1
j  javax.swing.JComponent.paint(Ljava/awt/Graphics;)V+318 java.desktop@17.0.1
j  javax.swing.JComponent.paintChildren(Ljava/awt/Graphics;)V+523 java.desktop@17.0.1
j  javax.swing.JComponent.paint(Ljava/awt/Graphics;)V+318 java.desktop@17.0.1
j  javax.swing.JLayeredPane.paint(Ljava/awt/Graphics;)V+73 java.desktop@17.0.1
j  javax.swing.JComponent.paintChildren(Ljava/awt/Graphics;)V+523 java.desktop@17.0.1
j  javax.swing.JComponent.paintToOffscreen(Ljava/awt/Graphics;IIIIII)V+72 java.desktop@17.0.1
j  javax.swing.RepaintManager$PaintManager.paintDoubleBufferedImpl(Ljavax/swing/JComponent;Ljava/awt/Image;Ljava/awt/Graphics;IIII)V+163 java.desktop@17.0.1
j  javax.swing.RepaintManager$PaintManager.paintDoubleBuffered(Ljavax/swing/JComponent;Ljava/awt/Image;Ljava/awt/Graphics;IIII)V+46 java.desktop@17.0.1
j  javax.swing.RepaintManager$PaintManager.paint(Ljavax/swing/JComponent;Ljavax/swing/JComponent;Ljava/awt/Graphics;IIII)Z+128 java.desktop@17.0.1
j  javax.swing.RepaintManager.paint(Ljavax/swing/JComponent;Ljavax/swing/JComponent;Ljava/awt/Graphics;IIII)V+52 java.desktop@17.0.1
j  javax.swing.JComponent.paint(Ljava/awt/Graphics;)V+221 java.desktop@17.0.1
j  java.awt.GraphicsCallback$PaintCallback.run(Ljava/awt/Component;Ljava/awt/Graphics;)V+2 java.desktop@17.0.1
j  sun.awt.SunGraphicsCallback.runOneComponent(Ljava/awt/Component;Ljava/awt/Rectangle;Ljava/awt/Graphics;Ljava/awt/Shape;I)V+130 java.desktop@17.0.1
j  sun.awt.SunGraphicsCallback.runComponents([Ljava/awt/Component;Ljava/awt/Graphics;I)V+157 java.desktop@17.0.1
j  java.awt.Container.paint(Ljava/awt/Graphics;)V+58 java.desktop@17.0.1
j  java.awt.Window.paint(Ljava/awt/Graphics;)V+68 java.desktop@17.0.1
j  javax.swing.RepaintManager$4.run()Ljava/lang/Void;+142 java.desktop@17.0.1
j  javax.swing.RepaintManager$4.run()Ljava/lang/Object;+1 java.desktop@17.0.1
J 824 c1 java.security.AccessController.executePrivileged(Ljava/security/PrivilegedAction;Ljava/security/AccessControlContext;Ljava/lang/Class;)Ljava/lang/Object; java.base@17.0.1 (65 bytes) @ 0x000002822bbec2bc [0x000002822bbec160+0x000000000000015c]
j  java.security.AccessController.doPrivileged(Ljava/security/PrivilegedAction;Ljava/security/AccessControlContext;)Ljava/lang/Object;+13 java.base@17.0.1
j  java.security.ProtectionDomain$JavaSecurityAccessImpl.doIntersectionPrivilege(Ljava/security/PrivilegedAction;Ljava/security/AccessControlContext;Ljava/security/AccessControlContext;)Ljava/lang/Object;+18 java.base@17.0.1
j  javax.swing.RepaintManager.paintDirtyRegions(Ljava/util/Map;)V+154 java.desktop@17.0.1
j  javax.swing.RepaintManager.paintDirtyRegions()V+46 java.desktop@17.0.1
j  javax.swing.RepaintManager.prePaintDirtyRegions()V+73 java.desktop@17.0.1
j  javax.swing.RepaintManager$ProcessingRunnable.run()V+37 java.desktop@17.0.1
j  java.awt.event.InvocationEvent.dispatch()V+47 java.desktop@17.0.1
j  java.awt.EventQueue.dispatchEventImpl(Ljava/awt/AWTEvent;Ljava/lang/Object;)V+21 java.desktop@17.0.1
j  java.awt.EventQueue$4.run()Ljava/lang/Void;+32 java.desktop@17.0.1
j  java.awt.EventQueue$4.run()Ljava/lang/Object;+1 java.desktop@17.0.1
J 824 c1 java.security.AccessController.executePrivileged(Ljava/security/PrivilegedAction;Ljava/security/AccessControlContext;Ljava/lang/Class;)Ljava/lang/Object; java.base@17.0.1 (65 bytes) @ 0x000002822bbec2bc [0x000002822bbec160+0x000000000000015c]
j  java.security.AccessController.doPrivileged(Ljava/security/PrivilegedAction;Ljava/security/AccessControlContext;)Ljava/lang/Object;+13 java.base@17.0.1
j  java.security.ProtectionDomain$JavaSecurityAccessImpl.doIntersectionPrivilege(Ljava/security/PrivilegedAction;Ljava/security/AccessControlContext;Ljava/security/AccessControlContext;)Ljava/lang/Object;+18 java.base@17.0.1
j  java.awt.EventQueue.dispatchEvent(Ljava/awt/AWTEvent;)V+46 java.desktop@17.0.1
j  java.awt.EventDispatchThread.pumpOneEventForFilters(I)V+78 java.desktop@17.0.1
j  java.awt.EventDispatchThread.pumpEventsForFilter(ILjava/awt/Conditional;Ljava/awt/EventFilter;)V+35 java.desktop@17.0.1
j  java.awt.EventDispatchThread.pumpEventsForHierarchy(ILjava/awt/Conditional;Ljava/awt/Component;)V+11 java.desktop@17.0.1
j  java.awt.EventDispatchThread.pumpEvents(ILjava/awt/Conditional;)V+4 java.desktop@17.0.1
j  java.awt.EventDispatchThread.pumpEvents(Ljava/awt/Conditional;)V+3 java.desktop@17.0.1
j  java.awt.EventDispatchThread.run()V+9 java.desktop@17.0.1
v  ~StubRoutines::call_stub

---------------  P R O C E S S  ---------------

Threads class SMR info:
_java_thread_list=0x000002824424e2d0, length=21, elements={
0x0000028242337aa0, 0x0000028242338450, 0x000002824234a510, 0x000002824234aec0,
0x000002824234b870, 0x000002824234c220, 0x0000028242352fd0, 0x0000028242354080,
0x00000282423623a0, 0x0000028242322f90, 0x0000028242e10d00, 0x0000028242e1f870,
0x0000028242f63b80, 0x0000028242f37e10, 0x0000028242f382e0, 0x00000282430ba450,
0x0000028243114cd0, 0x0000028243113e60, 0x0000028244220ef0, 0x0000028243114800,
0x0000028243112180
}

Java Threads: ( => current thread )
  0x0000028242337aa0 JavaThread "Reference Handler" daemon [_thread_blocked, id=14880, stack(0x000000a4ad800000,0x000000a4ad900000)]
  0x0000028242338450 JavaThread "Finalizer" daemon [_thread_blocked, id=10200, stack(0x000000a4ad900000,0x000000a4ada00000)]
  0x000002824234a510 JavaThread "Signal Dispatcher" daemon [_thread_blocked, id=13716, stack(0x000000a4ada00000,0x000000a4adb00000)]
  0x000002824234aec0 JavaThread "Attach Listener" daemon [_thread_blocked, id=8096, stack(0x000000a4adb00000,0x000000a4adc00000)]
  0x000002824234b870 JavaThread "Service Thread" daemon [_thread_blocked, id=16216, stack(0x000000a4adc00000,0x000000a4add00000)]
  0x000002824234c220 JavaThread "Monitor Deflation Thread" daemon [_thread_blocked, id=2436, stack(0x000000a4add00000,0x000000a4ade00000)]
  0x0000028242352fd0 JavaThread "C2 CompilerThread0" daemon [_thread_blocked, id=15560, stack(0x000000a4ade00000,0x000000a4adf00000)]
  0x0000028242354080 JavaThread "C1 CompilerThread0" daemon [_thread_blocked, id=15452, stack(0x000000a4adf00000,0x000000a4ae000000)]
  0x00000282423623a0 JavaThread "Sweeper thread" daemon [_thread_blocked, id=13708, stack(0x000000a4ae000000,0x000000a4ae100000)]
  0x0000028242322f90 JavaThread "Common-Cleaner" daemon [_thread_blocked, id=9608, stack(0x000000a4ae100000,0x000000a4ae200000)]
  0x0000028242e10d00 JavaThread "Notification Thread" daemon [_thread_blocked, id=14644, stack(0x000000a4ae200000,0x000000a4ae300000)]
  0x0000028242e1f870 JavaThread "C2 CompilerThread1" daemon [_thread_blocked, id=8732, stack(0x000000a4ae400000,0x000000a4ae500000)]
  0x0000028242f63b80 JavaThread "Java2D Disposer" daemon [_thread_blocked, id=14668, stack(0x000000a4ae500000,0x000000a4ae600000)]
  0x0000028242f37e10 JavaThread "AWT-Shutdown" [_thread_blocked, id=3044, stack(0x000000a4ae600000,0x000000a4ae700000)]
  0x0000028242f382e0 JavaThread "AWT-Windows" daemon [_thread_in_native, id=13656, stack(0x000000a4ae700000,0x000000a4ae800000)]
=>0x00000282430ba450 JavaThread "AWT-EventQueue-0" [_thread_in_vm, id=3524, stack(0x000000a4ae800000,0x000000a4ae900000)]
  0x0000028243114cd0 JavaThread "DestroyJavaVM" [_thread_blocked, id=11064, stack(0x000000a4ad100000,0x000000a4ad200000)]
  0x0000028243113e60 JavaThread "Abandoned connection cleanup thread" daemon [_thread_blocked, id=9884, stack(0x000000a4ae900000,0x000000a4aea00000)]
  0x0000028244220ef0 JavaThread "C2 CompilerThread2" daemon [_thread_blocked, id=924, stack(0x000000a4aea00000,0x000000a4aeb00000)]
  0x0000028243114800 JavaThread "TimerQueue" daemon [_thread_blocked, id=8092, stack(0x000000a4af400000,0x000000a4af500000)]
  0x0000028243112180 JavaThread "Image Fetcher 0" daemon [_thread_blocked, id=8448, stack(0x000000a4af500000,0x000000a4af600000)]

Other Threads:
  0x0000028242334110 VMThread "VM Thread" [stack: 0x000000a4ad700000,0x000000a4ad800000] [id=11212]
  0x0000028242e115d0 WatcherThread [stack: 0x000000a4ae300000,0x000000a4ae400000] [id=14448]
  0x000002822254c9c0 GCTaskThread "GC Thread#0" [stack: 0x000000a4ad200000,0x000000a4ad300000] [id=13728]
  0x00000282440dfd90 GCTaskThread "GC Thread#1" [stack: 0x000000a4aeb00000,0x000000a4aec00000] [id=884]
  0x00000282440de9e0 GCTaskThread "GC Thread#2" [stack: 0x000000a4aec00000,0x000000a4aed00000] [id=11648]
  0x00000282440dec90 GCTaskThread "GC Thread#3" [stack: 0x000000a4aed00000,0x000000a4aee00000] [id=15580]
  0x00000282440df340 GCTaskThread "GC Thread#4" [stack: 0x000000a4aee00000,0x000000a4aef00000] [id=1460]
  0x00000282452150d0 GCTaskThread "GC Thread#5" [stack: 0x000000a4aef00000,0x000000a4af000000] [id=5228]
  0x0000028244398110 GCTaskThread "GC Thread#6" [stack: 0x000000a4af000000,0x000000a4af100000] [id=11876]
  0x00000282442c48e0 GCTaskThread "GC Thread#7" [stack: 0x000000a4af100000,0x000000a4af200000] [id=15064]
  0x000002822255d0e0 ConcurrentGCThread "G1 Main Marker" [stack: 0x000000a4ad300000,0x000000a4ad400000] [id=13688]
  0x000002822255e8a0 ConcurrentGCThread "G1 Conc#0" [stack: 0x000000a4ad400000,0x000000a4ad500000] [id=5160]
  0x00000282225d9de0 ConcurrentGCThread "G1 Refine#0" [stack: 0x000000a4ad500000,0x000000a4ad600000] [id=6848]
  0x00000282442c4f90 ConcurrentGCThread "G1 Refine#1" [stack: 0x000000a4af200000,0x000000a4af300000] [id=10628]
  0x00000282442c5270 ConcurrentGCThread "G1 Refine#2" [stack: 0x000000a4af300000,0x000000a4af400000] [id=1424]
  0x00000282225da5a0 ConcurrentGCThread "G1 Service" [stack: 0x000000a4ad600000,0x000000a4ad700000] [id=14324]

Threads with active compile tasks:

VM state: not at safepoint (normal execution)

VM Mutex/Monitor currently owned by a thread:  ([mutex/lock_event])
[0x0000028222508eb0] Metaspace_lock - owner thread: 0x00000282430ba450

Heap address: 0x0000000084400000, size: 1980 MB, Compressed Oops mode: 32-bit

CDS archive(s) mapped at: [0x0000000800000000-0x0000000800bc0000-0x0000000800bc0000), size 12320768, SharedBaseAddress: 0x0000000800000000, ArchiveRelocationMode: 0.
Compressed class space mapped at: 0x0000000800c00000-0x0000000840c00000, reserved size: 1073741824
Narrow klass base: 0x0000000800000000, Narrow klass shift: 0, Narrow klass range: 0x100000000

GC Precious Log:
 CPUs: 8 total, 8 available
 Memory: 7914M
 Large Page Support: Disabled
 NUMA Support: Disabled
 Compressed Oops: Enabled (32-bit)
 Heap Region Size: 1M
 Heap Min Capacity: 8M
 Heap Initial Capacity: 124M
 Heap Max Capacity: 1980M
 Pre-touch: Disabled
 Parallel Workers: 8
 Concurrent Workers: 2
 Concurrent Refinement Workers: 8
 Periodic GC: Disabled

Heap:
 garbage-first heap   total 126976K, used 13344K [0x0000000084400000, 0x0000000100000000)
  region size 1024K, 10 young (10240K), 3 survivors (3072K)
 Metaspace       used 20322K, committed 20544K, reserved 1073152K
  class space    used 2427K, committed 2560K, reserved 1048576K

Heap Regions: E=young(eden), S=young(survivor), O=old, HS=humongous(starts), HC=humongous(continues), CS=collection set, F=free, OA=open archive, CA=closed archive, TAMS=top-at-mark-start (previous, next)
|   0|0x0000000084400000, 0x0000000084500000, 0x0000000084500000|100%| O|  |TAMS 0x0000000084400000, 0x0000000084400000| Untracked 
|   1|0x0000000084500000, 0x0000000084600000, 0x0000000084600000|100%| O|  |TAMS 0x0000000084500000, 0x0000000084500000| Untracked 
|   2|0x0000000084600000, 0x0000000084608008, 0x0000000084700000|  3%| O|  |TAMS 0x0000000084600000, 0x0000000084600000| Untracked 
|   3|0x0000000084700000, 0x0000000084800000, 0x0000000084800000|100%|HS|  |TAMS 0x0000000084700000, 0x0000000084700000| Complete 
|   4|0x0000000084800000, 0x0000000084900000, 0x0000000084900000|100%|HC|  |TAMS 0x0000000084800000, 0x0000000084800000| Complete 
|   5|0x0000000084900000, 0x0000000084900000, 0x0000000084a00000|  0%| F|  |TAMS 0x0000000084900000, 0x0000000084900000| Untracked 
|   6|0x0000000084a00000, 0x0000000084a00000, 0x0000000084b00000|  0%| F|  |TAMS 0x0000000084a00000, 0x0000000084a00000| Untracked 
|   7|0x0000000084b00000, 0x0000000084b00000, 0x0000000084c00000|  0%| F|  |TAMS 0x0000000084b00000, 0x0000000084b00000| Untracked 
|   8|0x0000000084c00000, 0x0000000084c00000, 0x0000000084d00000|  0%| F|  |TAMS 0x0000000084c00000, 0x0000000084c00000| Untracked 
|   9|0x0000000084d00000, 0x0000000084d00000, 0x0000000084e00000|  0%| F|  |TAMS 0x0000000084d00000, 0x0000000084d00000| Untracked 
|  10|0x0000000084e00000, 0x0000000084e00000, 0x0000000084f00000|  0%| F|  |TAMS 0x0000000084e00000, 0x0000000084e00000| Untracked 
|  11|0x0000000084f00000, 0x0000000084f00000, 0x0000000085000000|  0%| F|  |TAMS 0x0000000084f00000, 0x0000000084f00000| Untracked 
|  12|0x0000000085000000, 0x0000000085000000, 0x0000000085100000|  0%| F|  |TAMS 0x0000000085000000, 0x0000000085000000| Untracked 
|  13|0x0000000085100000, 0x0000000085100000, 0x0000000085200000|  0%| F|  |TAMS 0x0000000085100000, 0x0000000085100000| Untracked 
|  14|0x0000000085200000, 0x0000000085200000, 0x0000000085300000|  0%| F|  |TAMS 0x0000000085200000, 0x0000000085200000| Untracked 
|  15|0x0000000085300000, 0x0000000085300000, 0x0000000085400000|  0%| F|  |TAMS 0x0000000085300000, 0x0000000085300000| Untracked 
|  16|0x0000000085400000, 0x0000000085400000, 0x0000000085500000|  0%| F|  |TAMS 0x0000000085400000, 0x0000000085400000| Untracked 
|  17|0x0000000085500000, 0x0000000085500000, 0x0000000085600000|  0%| F|  |TAMS 0x0000000085500000, 0x0000000085500000| Untracked 
|  18|0x0000000085600000, 0x0000000085600000, 0x0000000085700000|  0%| F|  |TAMS 0x0000000085600000, 0x0000000085600000| Untracked 
|  19|0x0000000085700000, 0x0000000085700000, 0x0000000085800000|  0%| F|  |TAMS 0x0000000085700000, 0x0000000085700000| Untracked 
|  20|0x0000000085800000, 0x0000000085800000, 0x0000000085900000|  0%| F|  |TAMS 0x0000000085800000, 0x0000000085800000| Untracked 
|  21|0x0000000085900000, 0x0000000085900000, 0x0000000085a00000|  0%| F|  |TAMS 0x0000000085900000, 0x0000000085900000| Untracked 
|  22|0x0000000085a00000, 0x0000000085a00000, 0x0000000085b00000|  0%| F|  |TAMS 0x0000000085a00000, 0x0000000085a00000| Untracked 
|  23|0x0000000085b00000, 0x0000000085b00000, 0x0000000085c00000|  0%| F|  |TAMS 0x0000000085b00000, 0x0000000085b00000| Untracked 
|  24|0x0000000085c00000, 0x0000000085c00000, 0x0000000085d00000|  0%| F|  |TAMS 0x0000000085c00000, 0x0000000085c00000| Untracked 
|  25|0x0000000085d00000, 0x0000000085d00000, 0x0000000085e00000|  0%| F|  |TAMS 0x0000000085d00000, 0x0000000085d00000| Untracked 
|  26|0x0000000085e00000, 0x0000000085e00000, 0x0000000085f00000|  0%| F|  |TAMS 0x0000000085e00000, 0x0000000085e00000| Untracked 
|  27|0x0000000085f00000, 0x0000000085f00000, 0x0000000086000000|  0%| F|  |TAMS 0x0000000085f00000, 0x0000000085f00000| Untracked 
|  28|0x0000000086000000, 0x0000000086000000, 0x0000000086100000|  0%| F|  |TAMS 0x0000000086000000, 0x0000000086000000| Untracked 
|  29|0x0000000086100000, 0x0000000086100000, 0x0000000086200000|  0%| F|  |TAMS 0x0000000086100000, 0x0000000086100000| Untracked 
|  30|0x0000000086200000, 0x0000000086200000, 0x0000000086300000|  0%| F|  |TAMS 0x0000000086200000, 0x0000000086200000| Untracked 
|  31|0x0000000086300000, 0x0000000086300000, 0x0000000086400000|  0%| F|  |TAMS 0x0000000086300000, 0x0000000086300000| Untracked 
|  32|0x0000000086400000, 0x0000000086400000, 0x0000000086500000|  0%| F|  |TAMS 0x0000000086400000, 0x0000000086400000| Untracked 
|  33|0x0000000086500000, 0x0000000086500000, 0x0000000086600000|  0%| F|  |TAMS 0x0000000086500000, 0x0000000086500000| Untracked 
|  34|0x0000000086600000, 0x0000000086600000, 0x0000000086700000|  0%| F|  |TAMS 0x0000000086600000, 0x0000000086600000| Untracked 
|  35|0x0000000086700000, 0x0000000086700000, 0x0000000086800000|  0%| F|  |TAMS 0x0000000086700000, 0x0000000086700000| Untracked 
|  36|0x0000000086800000, 0x0000000086800000, 0x0000000086900000|  0%| F|  |TAMS 0x0000000086800000, 0x0000000086800000| Untracked 
|  37|0x0000000086900000, 0x0000000086900000, 0x0000000086a00000|  0%| F|  |TAMS 0x0000000086900000, 0x0000000086900000| Untracked 
|  38|0x0000000086a00000, 0x0000000086a00000, 0x0000000086b00000|  0%| F|  |TAMS 0x0000000086a00000, 0x0000000086a00000| Untracked 
|  39|0x0000000086b00000, 0x0000000086b00000, 0x0000000086c00000|  0%| F|  |TAMS 0x0000000086b00000, 0x0000000086b00000| Untracked 
|  40|0x0000000086c00000, 0x0000000086c00000, 0x0000000086d00000|  0%| F|  |TAMS 0x0000000086c00000, 0x0000000086c00000| Untracked 
|  41|0x0000000086d00000, 0x0000000086d00000, 0x0000000086e00000|  0%| F|  |TAMS 0x0000000086d00000, 0x0000000086d00000| Untracked 
|  42|0x0000000086e00000, 0x0000000086e00000, 0x0000000086f00000|  0%| F|  |TAMS 0x0000000086e00000, 0x0000000086e00000| Untracked 
|  43|0x0000000086f00000, 0x0000000086f00000, 0x0000000087000000|  0%| F|  |TAMS 0x0000000086f00000, 0x0000000086f00000| Untracked 
|  44|0x0000000087000000, 0x0000000087000000, 0x0000000087100000|  0%| F|  |TAMS 0x0000000087000000, 0x0000000087000000| Untracked 
|  45|0x0000000087100000, 0x0000000087100000, 0x0000000087200000|  0%| F|  |TAMS 0x0000000087100000, 0x0000000087100000| Untracked 
|  46|0x0000000087200000, 0x0000000087200000, 0x0000000087300000|  0%| F|  |TAMS 0x0000000087200000, 0x0000000087200000| Untracked 
|  47|0x0000000087300000, 0x0000000087300000, 0x0000000087400000|  0%| F|  |TAMS 0x0000000087300000, 0x0000000087300000| Untracked 
|  48|0x0000000087400000, 0x0000000087400000, 0x0000000087500000|  0%| F|  |TAMS 0x0000000087400000, 0x0000000087400000| Untracked 
|  49|0x0000000087500000, 0x0000000087500000, 0x0000000087600000|  0%| F|  |TAMS 0x0000000087500000, 0x0000000087500000| Untracked 
|  50|0x0000000087600000, 0x0000000087600000, 0x0000000087700000|  0%| F|  |TAMS 0x0000000087600000, 0x0000000087600000| Untracked 
|  51|0x0000000087700000, 0x0000000087700000, 0x0000000087800000|  0%| F|  |TAMS 0x0000000087700000, 0x0000000087700000| Untracked 
|  52|0x0000000087800000, 0x0000000087800000, 0x0000000087900000|  0%| F|  |TAMS 0x0000000087800000, 0x0000000087800000| Untracked 
|  53|0x0000000087900000, 0x0000000087900000, 0x0000000087a00000|  0%| F|  |TAMS 0x0000000087900000, 0x0000000087900000| Untracked 
|  54|0x0000000087a00000, 0x0000000087a00000, 0x0000000087b00000|  0%| F|  |TAMS 0x0000000087a00000, 0x0000000087a00000| Untracked 
|  55|0x0000000087b00000, 0x0000000087b00000, 0x0000000087c00000|  0%| F|  |TAMS 0x0000000087b00000, 0x0000000087b00000| Untracked 
|  56|0x0000000087c00000, 0x0000000087c00000, 0x0000000087d00000|  0%| F|  |TAMS 0x0000000087c00000, 0x0000000087c00000| Untracked 
|  57|0x0000000087d00000, 0x0000000087d00000, 0x0000000087e00000|  0%| F|  |TAMS 0x0000000087d00000, 0x0000000087d00000| Untracked 
|  58|0x0000000087e00000, 0x0000000087e00000, 0x0000000087f00000|  0%| F|  |TAMS 0x0000000087e00000, 0x0000000087e00000| Untracked 
|  59|0x0000000087f00000, 0x0000000087f00000, 0x0000000088000000|  0%| F|  |TAMS 0x0000000087f00000, 0x0000000087f00000| Untracked 
|  60|0x0000000088000000, 0x0000000088000000, 0x0000000088100000|  0%| F|  |TAMS 0x0000000088000000, 0x0000000088000000| Untracked 
|  61|0x0000000088100000, 0x0000000088100000, 0x0000000088200000|  0%| F|  |TAMS 0x0000000088100000, 0x0000000088100000| Untracked 
|  62|0x0000000088200000, 0x0000000088200000, 0x0000000088300000|  0%| F|  |TAMS 0x0000000088200000, 0x0000000088200000| Untracked 
|  63|0x0000000088300000, 0x0000000088300000, 0x0000000088400000|  0%| F|  |TAMS 0x0000000088300000, 0x0000000088300000| Untracked 
|  64|0x0000000088400000, 0x0000000088400000, 0x0000000088500000|  0%| F|  |TAMS 0x0000000088400000, 0x0000000088400000| Untracked 
|  65|0x0000000088500000, 0x0000000088500000, 0x0000000088600000|  0%| F|  |TAMS 0x0000000088500000, 0x0000000088500000| Untracked 
|  66|0x0000000088600000, 0x0000000088600000, 0x0000000088700000|  0%| F|  |TAMS 0x0000000088600000, 0x0000000088600000| Untracked 
|  67|0x0000000088700000, 0x0000000088700000, 0x0000000088800000|  0%| F|  |TAMS 0x0000000088700000, 0x0000000088700000| Untracked 
|  68|0x0000000088800000, 0x0000000088800000, 0x0000000088900000|  0%| F|  |TAMS 0x0000000088800000, 0x0000000088800000| Untracked 
|  69|0x0000000088900000, 0x0000000088900000, 0x0000000088a00000|  0%| F|  |TAMS 0x0000000088900000, 0x0000000088900000| Untracked 
|  70|0x0000000088a00000, 0x0000000088a00000, 0x0000000088b00000|  0%| F|  |TAMS 0x0000000088a00000, 0x0000000088a00000| Untracked 
|  71|0x0000000088b00000, 0x0000000088b00000, 0x0000000088c00000|  0%| F|  |TAMS 0x0000000088b00000, 0x0000000088b00000| Untracked 
|  72|0x0000000088c00000, 0x0000000088c00000, 0x0000000088d00000|  0%| F|  |TAMS 0x0000000088c00000, 0x0000000088c00000| Untracked 
|  73|0x0000000088d00000, 0x0000000088d00000, 0x0000000088e00000|  0%| F|  |TAMS 0x0000000088d00000, 0x0000000088d00000| Untracked 
|  74|0x0000000088e00000, 0x0000000088e00000, 0x0000000088f00000|  0%| F|  |TAMS 0x0000000088e00000, 0x0000000088e00000| Untracked 
|  75|0x0000000088f00000, 0x0000000088f00000, 0x0000000089000000|  0%| F|  |TAMS 0x0000000088f00000, 0x0000000088f00000| Untracked 
|  76|0x0000000089000000, 0x0000000089000000, 0x0000000089100000|  0%| F|  |TAMS 0x0000000089000000, 0x0000000089000000| Untracked 
|  77|0x0000000089100000, 0x0000000089100000, 0x0000000089200000|  0%| F|  |TAMS 0x0000000089100000, 0x0000000089100000| Untracked 
|  78|0x0000000089200000, 0x0000000089200000, 0x0000000089300000|  0%| F|  |TAMS 0x0000000089200000, 0x0000000089200000| Untracked 
|  79|0x0000000089300000, 0x0000000089300000, 0x0000000089400000|  0%| F|  |TAMS 0x0000000089300000, 0x0000000089300000| Untracked 
|  80|0x0000000089400000, 0x0000000089400000, 0x0000000089500000|  0%| F|  |TAMS 0x0000000089400000, 0x0000000089400000| Untracked 
|  81|0x0000000089500000, 0x0000000089500000, 0x0000000089600000|  0%| F|  |TAMS 0x0000000089500000, 0x0000000089500000| Untracked 
|  82|0x0000000089600000, 0x0000000089600000, 0x0000000089700000|  0%| F|  |TAMS 0x0000000089600000, 0x0000000089600000| Untracked 
|  83|0x0000000089700000, 0x0000000089700000, 0x0000000089800000|  0%| F|  |TAMS 0x0000000089700000, 0x0000000089700000| Untracked 
|  84|0x0000000089800000, 0x0000000089800000, 0x0000000089900000|  0%| F|  |TAMS 0x0000000089800000, 0x0000000089800000| Untracked 
|  85|0x0000000089900000, 0x0000000089900000, 0x0000000089a00000|  0%| F|  |TAMS 0x0000000089900000, 0x0000000089900000| Untracked 
|  86|0x0000000089a00000, 0x0000000089a00000, 0x0000000089b00000|  0%| F|  |TAMS 0x0000000089a00000, 0x0000000089a00000| Untracked 
|  87|0x0000000089b00000, 0x0000000089b00000, 0x0000000089c00000|  0%| F|  |TAMS 0x0000000089b00000, 0x0000000089b00000| Untracked 
|  88|0x0000000089c00000, 0x0000000089c00000, 0x0000000089d00000|  0%| F|  |TAMS 0x0000000089c00000, 0x0000000089c00000| Untracked 
|  89|0x0000000089d00000, 0x0000000089d00000, 0x0000000089e00000|  0%| F|  |TAMS 0x0000000089d00000, 0x0000000089d00000| Untracked 
|  90|0x0000000089e00000, 0x0000000089e00000, 0x0000000089f00000|  0%| F|  |TAMS 0x0000000089e00000, 0x0000000089e00000| Untracked 
|  91|0x0000000089f00000, 0x0000000089f00000, 0x000000008a000000|  0%| F|  |TAMS 0x0000000089f00000, 0x0000000089f00000| Untracked 
|  92|0x000000008a000000, 0x000000008a000000, 0x000000008a100000|  0%| F|  |TAMS 0x000000008a000000, 0x000000008a000000| Untracked 
|  93|0x000000008a100000, 0x000000008a100000, 0x000000008a200000|  0%| F|  |TAMS 0x000000008a100000, 0x000000008a100000| Untracked 
|  94|0x000000008a200000, 0x000000008a200000, 0x000000008a300000|  0%| F|  |TAMS 0x000000008a200000, 0x000000008a200000| Untracked 
|  95|0x000000008a300000, 0x000000008a300000, 0x000000008a400000|  0%| F|  |TAMS 0x000000008a300000, 0x000000008a300000| Untracked 
|  96|0x000000008a400000, 0x000000008a400000, 0x000000008a500000|  0%| F|  |TAMS 0x000000008a400000, 0x000000008a400000| Untracked 
|  97|0x000000008a500000, 0x000000008a500000, 0x000000008a600000|  0%| F|  |TAMS 0x000000008a500000, 0x000000008a500000| Untracked 
|  98|0x000000008a600000, 0x000000008a700000, 0x000000008a700000|100%| S|CS|TAMS 0x000000008a600000, 0x000000008a600000| Complete 
|  99|0x000000008a700000, 0x000000008a800000, 0x000000008a800000|100%| S|CS|TAMS 0x000000008a700000, 0x000000008a700000| Complete 
| 100|0x000000008a800000, 0x000000008a900000, 0x000000008a900000|100%| S|CS|TAMS 0x000000008a800000, 0x000000008a800000| Complete 
| 101|0x000000008a900000, 0x000000008a900000, 0x000000008aa00000|  0%| F|  |TAMS 0x000000008a900000, 0x000000008a900000| Untracked 
| 102|0x000000008aa00000, 0x000000008aa00000, 0x000000008ab00000|  0%| F|  |TAMS 0x000000008aa00000, 0x000000008aa00000| Untracked 
| 103|0x000000008ab00000, 0x000000008ab00000, 0x000000008ac00000|  0%| F|  |TAMS 0x000000008ab00000, 0x000000008ab00000| Untracked 
| 104|0x000000008ac00000, 0x000000008ac00000, 0x000000008ad00000|  0%| F|  |TAMS 0x000000008ac00000, 0x000000008ac00000| Untracked 
| 105|0x000000008ad00000, 0x000000008ad00000, 0x000000008ae00000|  0%| F|  |TAMS 0x000000008ad00000, 0x000000008ad00000| Untracked 
| 106|0x000000008ae00000, 0x000000008ae00000, 0x000000008af00000|  0%| F|  |TAMS 0x000000008ae00000, 0x000000008ae00000| Untracked 
| 107|0x000000008af00000, 0x000000008af00000, 0x000000008b000000|  0%| F|  |TAMS 0x000000008af00000, 0x000000008af00000| Untracked 
| 108|0x000000008b000000, 0x000000008b000000, 0x000000008b100000|  0%| F|  |TAMS 0x000000008b000000, 0x000000008b000000| Untracked 
| 109|0x000000008b100000, 0x000000008b100000, 0x000000008b200000|  0%| F|  |TAMS 0x000000008b100000, 0x000000008b100000| Untracked 
| 110|0x000000008b200000, 0x000000008b200000, 0x000000008b300000|  0%| F|  |TAMS 0x000000008b200000, 0x000000008b200000| Untracked 
| 111|0x000000008b300000, 0x000000008b300000, 0x000000008b400000|  0%| F|  |TAMS 0x000000008b300000, 0x000000008b300000| Untracked 
| 112|0x000000008b400000, 0x000000008b400000, 0x000000008b500000|  0%| F|  |TAMS 0x000000008b400000, 0x000000008b400000| Untracked 
| 113|0x000000008b500000, 0x000000008b500000, 0x000000008b600000|  0%| F|  |TAMS 0x000000008b500000, 0x000000008b500000| Untracked 
| 114|0x000000008b600000, 0x000000008b600000, 0x000000008b700000|  0%| F|  |TAMS 0x000000008b600000, 0x000000008b600000| Untracked 
| 115|0x000000008b700000, 0x000000008b700000, 0x000000008b800000|  0%| F|  |TAMS 0x000000008b700000, 0x000000008b700000| Untracked 
| 116|0x000000008b800000, 0x000000008b800000, 0x000000008b900000|  0%| F|  |TAMS 0x000000008b800000, 0x000000008b800000| Untracked 
| 117|0x000000008b900000, 0x000000008b978848, 0x000000008ba00000| 47%| E|  |TAMS 0x000000008b900000, 0x000000008b900000| Complete 
| 118|0x000000008ba00000, 0x000000008bb00000, 0x000000008bb00000|100%| E|CS|TAMS 0x000000008ba00000, 0x000000008ba00000| Complete 
| 119|0x000000008bb00000, 0x000000008bc00000, 0x000000008bc00000|100%| E|CS|TAMS 0x000000008bb00000, 0x000000008bb00000| Complete 
| 120|0x000000008bc00000, 0x000000008bd00000, 0x000000008bd00000|100%| E|CS|TAMS 0x000000008bc00000, 0x000000008bc00000| Complete 
| 121|0x000000008bd00000, 0x000000008be00000, 0x000000008be00000|100%| E|CS|TAMS 0x000000008bd00000, 0x000000008bd00000| Complete 
| 122|0x000000008be00000, 0x000000008bf00000, 0x000000008bf00000|100%| E|CS|TAMS 0x000000008be00000, 0x000000008be00000| Complete 
| 123|0x000000008bf00000, 0x000000008c000000, 0x000000008c000000|100%| E|CS|TAMS 0x000000008bf00000, 0x000000008bf00000| Complete 

Card table byte_map: [0x000002823b350000,0x000002823b730000] _byte_map_base: 0x000002823af2e000

Marking Bits (Prev, Next): (CMBitMap*) 0x000002822254ced0, (CMBitMap*) 0x000002822254cf10
 Prev Bits: [0x000002823bb10000, 0x000002823da00000)
 Next Bits: [0x000002823da00000, 0x000002823f8f0000)

Polling page: 0x00000282225f0000

Metaspace:

Usage:
  Non-class:     17.48 MB used.
      Class:      2.37 MB used.
       Both:     19.85 MB used.

Virtual space:
  Non-class space:       24.00 MB reserved,      17.56 MB ( 73%) committed,  3 nodes.
      Class space:        1.00 GB reserved,       2.50 MB ( <1%) committed,  1 nodes.
             Both:        1.02 GB reserved,      20.06 MB (  2%) committed. 

Chunk freelists:
   Non-Class:  2.22 MB
       Class:  1.55 MB
        Both:  3.77 MB

MaxMetaspaceSize: unlimited
CompressedClassSpaceSize: 1.00 GB
Initial GC threshold: 21.00 MB
Current GC threshold: 21.00 MB
CDS: on
MetaspaceReclaimPolicy: balanced
 - commit_granule_bytes: 65536.
 - commit_granule_words: 8192.
 - virtual_space_node_default_size: 1048576.
 - enlarge_chunks_in_place: 1.
 - new_chunks_are_fully_committed: 0.
 - uncommit_free_chunks: 1.
 - use_allocation_guard: 0.
 - handle_deallocations: 1.


Internal statistics:

num_allocs_failed_limit: 0.
num_arena_births: 164.
num_arena_deaths: 0.
num_vsnodes_births: 4.
num_vsnodes_deaths: 0.
num_space_committed: 321.
num_space_uncommitted: 0.
num_chunks_returned_to_freelist: 0.
num_chunks_taken_from_freelist: 374.
num_chunk_merges: 0.
num_chunk_splits: 218.
num_chunks_enlarged: 116.
num_purges: 0.
num_inconsistent_stats: 0.

CodeHeap 'non-profiled nmethods': size=120000Kb used=722Kb max_used=722Kb free=119277Kb
 bounds [0x0000028232fd0000, 0x0000028233240000, 0x000002823a500000]
CodeHeap 'profiled nmethods': size=120000Kb used=3940Kb max_used=3940Kb free=116059Kb
 bounds [0x000002822baa0000, 0x000002822be80000, 0x0000028232fd0000]
CodeHeap 'non-nmethods': size=5760Kb used=1367Kb max_used=1377Kb free=4392Kb
 bounds [0x000002822b500000, 0x000002822b770000, 0x000002822baa0000]
 total_blobs=2860 nmethods=2160 adapters=612
 compilation: enabled
              stopped_count=0, restarted_count=0
 full_count=0

Compilation events (20 events):
Event: 1.345 Thread 0x0000028242354080 nmethod 2151 0x000002822be71310 code [0x000002822be714c0, 0x000002822be71788]
Event: 1.345 Thread 0x0000028242354080 2150       3       javax.swing.plaf.synth.SynthBorder::getBorderInsets (409 bytes)
Event: 1.345 Thread 0x0000028244220ef0 nmethod 2153 0x0000028233083f90 code [0x0000028233084100, 0x00000282330841f8]
Event: 1.345 Thread 0x0000028242354080 nmethod 2150 0x000002822be71890 code [0x000002822be71bc0, 0x000002822be739a8]
Event: 1.345 Thread 0x0000028242354080 2154       3       java.util.Vector::elementData (7 bytes)
Event: 1.345 Thread 0x0000028242354080 nmethod 2154 0x000002822be73f90 code [0x000002822be74120, 0x000002822be74258]
Event: 1.345 Thread 0x0000028242354080 2155       3       javax.swing.plaf.synth.SynthLookAndFeel::getComponentState (23 bytes)
Event: 1.346 Thread 0x0000028242354080 nmethod 2155 0x000002822be74310 code [0x000002822be74500, 0x000002822be74b38]
Event: 1.346 Thread 0x0000028242354080 2156  s    3       java.util.Vector::elementAt (48 bytes)
Event: 1.346 Thread 0x0000028242352fd0 2157       4       java.awt.Component::getTreeLock (4 bytes)
Event: 1.346 Thread 0x0000028242352fd0 nmethod 2157 0x0000028233084310 code [0x0000028233084480, 0x00000282330844f8]
Event: 1.346 Thread 0x0000028242354080 nmethod 2156 0x000002822be74d10 code [0x000002822be74f60, 0x000002822be757e8]
Event: 1.348 Thread 0x0000028242354080 2158       3       java.awt.Component::updateSelfGraphicsData (38 bytes)
Event: 1.348 Thread 0x0000028242354080 nmethod 2158 0x000002822be75b90 code [0x000002822be75d80, 0x000002822be76288]
Event: 1.363 Thread 0x0000028242354080 2159       3       sun.awt.AWTAccessor::getEventQueueAccessor (15 bytes)
Event: 1.364 Thread 0x0000028242354080 nmethod 2159 0x000002822be76410 code [0x000002822be76600, 0x000002822be769a8]
Event: 1.368 Thread 0x0000028242354080 2160       3       java.security.AccessControlContext::optimize (319 bytes)
Event: 1.370 Thread 0x0000028242354080 nmethod 2160 0x000002822be76b90 code [0x000002822be76f00, 0x000002822be78498]
Event: 1.370 Thread 0x0000028242354080 2161       3       java.security.AccessController::getContext (23 bytes)
Event: 1.370 Thread 0x0000028242354080 nmethod 2161 0x000002822be78b10 code [0x000002822be78ce0, 0x000002822be78fb8]

GC Heap History (2 events):
Event: 1.026 GC heap before
{Heap before GC invocations=0 (full 0):
 garbage-first heap   total 126976K, used 22528K [0x0000000084400000, 0x0000000100000000)
  region size 1024K, 23 young (23552K), 0 survivors (0K)
 Metaspace       used 15112K, committed 15360K, reserved 1064960K
  class space    used 1725K, committed 1856K, reserved 1048576K
}
Event: 1.032 GC heap after
{Heap after GC invocations=1 (full 0):
 garbage-first heap   total 126976K, used 5152K [0x0000000084400000, 0x0000000100000000)
  region size 1024K, 3 young (3072K), 3 survivors (3072K)
 Metaspace       used 15112K, committed 15360K, reserved 1064960K
  class space    used 1725K, committed 1856K, reserved 1048576K
}

Deoptimization events (20 events):
Event: 1.189 Thread 0x00000282430ba450 Uncommon trap: trap_request=0xffffffde fr.pc=0x0000028233069d9c relative=0x000000000000037c
Event: 1.189 Thread 0x00000282430ba450 Uncommon trap: reason=class_check action=maybe_recompile pc=0x0000028233069d9c method=javax.swing.plaf.nimbus.DerivedColor$UIResource.equals(Ljava/lang/Object;)Z @ 1 c2
Event: 1.189 Thread 0x00000282430ba450 DEOPT PACKING pc=0x0000028233069d9c sp=0x000000a4ae8fdef0
Event: 1.189 Thread 0x00000282430ba450 DEOPT UNPACKING pc=0x000002822b555c23 sp=0x000000a4ae8fdea0 mode 2
Event: 1.189 Thread 0x00000282430ba450 Uncommon trap: trap_request=0xffffffde fr.pc=0x0000028233069d9c relative=0x000000000000037c
Event: 1.189 Thread 0x00000282430ba450 Uncommon trap: reason=class_check action=maybe_recompile pc=0x0000028233069d9c method=javax.swing.plaf.nimbus.DerivedColor$UIResource.equals(Ljava/lang/Object;)Z @ 1 c2
Event: 1.189 Thread 0x00000282430ba450 DEOPT PACKING pc=0x0000028233069d9c sp=0x000000a4ae8fe180
Event: 1.189 Thread 0x00000282430ba450 DEOPT UNPACKING pc=0x000002822b555c23 sp=0x000000a4ae8fe130 mode 2
Event: 1.253 Thread 0x00000282430ba450 Uncommon trap: trap_request=0xffffff45 fr.pc=0x0000028233006208 relative=0x00000000000009e8
Event: 1.253 Thread 0x00000282430ba450 Uncommon trap: reason=unstable_if action=reinterpret pc=0x0000028233006208 method=java.util.HashMap.putVal(ILjava/lang/Object;Ljava/lang/Object;ZZ)Ljava/lang/Object; @ 109 c2
Event: 1.253 Thread 0x00000282430ba450 DEOPT PACKING pc=0x0000028233006208 sp=0x000000a4ae8fd430
Event: 1.253 Thread 0x00000282430ba450 DEOPT UNPACKING pc=0x000002822b555c23 sp=0x000000a4ae8fd358 mode 2
Event: 1.259 Thread 0x00000282430ba450 Uncommon trap: trap_request=0xffffff45 fr.pc=0x0000028232fe320c relative=0x000000000000018c
Event: 1.259 Thread 0x00000282430ba450 Uncommon trap: reason=unstable_if action=reinterpret pc=0x0000028232fe320c method=java.lang.String.equals(Ljava/lang/Object;)Z @ 33 c2
Event: 1.259 Thread 0x00000282430ba450 DEOPT PACKING pc=0x0000028232fe320c sp=0x000000a4ae8febb0
Event: 1.259 Thread 0x00000282430ba450 DEOPT UNPACKING pc=0x000002822b555c23 sp=0x000000a4ae8feb40 mode 2
Event: 1.311 Thread 0x00000282430ba450 Uncommon trap: trap_request=0xffffff45 fr.pc=0x000002823306a850 relative=0x00000000000006b0
Event: 1.311 Thread 0x00000282430ba450 Uncommon trap: reason=unstable_if action=reinterpret pc=0x000002823306a850 method=java.util.ArrayList.grow(I)[Ljava/lang/Object; @ 17 c2
Event: 1.311 Thread 0x00000282430ba450 DEOPT PACKING pc=0x000002823306a850 sp=0x000000a4ae8fe390
Event: 1.311 Thread 0x00000282430ba450 DEOPT UNPACKING pc=0x000002822b555c23 sp=0x000000a4ae8fe228 mode 2

Classes unloaded (0 events):
No events

Classes redefined (0 events):
No events

Internal exceptions (20 events):
Event: 0.358 Thread 0x000002822250d7b0 Exception <a 'java/lang/ClassNotFoundException'{0x000000008ba16238}: javax/swing/JTreeCell> (0x000000008ba16238) 
thrown [t:\workspace\open\src\hotspot\share\classfile\systemDictionary.cpp, line 256]
Event: 0.358 Thread 0x000002822250d7b0 Exception <a 'java/lang/ClassNotFoundException'{0x000000008ba16538}: TreeCell> (0x000000008ba16538) 
thrown [t:\workspace\open\src\hotspot\share\classfile\systemDictionary.cpp, line 256]
Event: 0.359 Thread 0x000002822250d7b0 Exception <a 'java/lang/ClassNotFoundException'{0x000000008ba16cf8}: RootPane> (0x000000008ba16cf8) 
thrown [t:\workspace\open\src\hotspot\share\classfile\systemDictionary.cpp, line 256]
Event: 0.360 Thread 0x000002822250d7b0 Exception <a 'java/lang/ClassNotFoundException'{0x000000008ba19b48}: com/sun/swing/internal/plaf/metal/resources/spi/metalProvider> (0x000000008ba19b48) 
thrown [t:\workspace\open\src\hotspot\share\classfile\systemDictionary.cpp, line 256]
Event: 0.361 Thread 0x000002822250d7b0 Exception <a 'java/lang/ClassNotFoundException'{0x000000008ba1d748}: com/sun/swing/internal/plaf/basic/resources/spi/basicProvider> (0x000000008ba1d748) 
thrown [t:\workspace\open\src\hotspot\share\classfile\systemDictionary.cpp, line 256]
Event: 0.387 Thread 0x00000282430ba450 Exception <a 'java/lang/ClassNotFoundException'{0x000000008ba8ae30}: com/sun/swing/internal/plaf/synth/resources/spi/synthProvider> (0x000000008ba8ae30) 
thrown [t:\workspace\open\src\hotspot\share\classfile\systemDictionary.cpp, line 256]
Event: 0.544 Thread 0x00000282430ba450 Exception <a 'java/lang/NoSuchMethodError'{0x000000008b6156d0}: 'java.lang.Object java.lang.invoke.DirectMethodHandle$Holder.invokeInterface(java.lang.Object, java.lang.Object)'> (0x000000008b6156d0) 
thrown [t:\workspace\open\src\hotspot\share\interpreter\linkResolver.cpp, line 766]
Event: 0.602 Thread 0x00000282430ba450 Exception <a 'java/lang/NoSuchMethodError'{0x000000008b520d60}: 'void java.lang.invoke.DirectMethodHandle$Holder.invokeStatic(java.lang.Object, java.lang.Object, java.lang.Object)'> (0x000000008b520d60) 
thrown [t:\workspace\open\src\hotspot\share\interpreter\linkResolver.cpp, line 766]
Event: 0.607 Thread 0x00000282430ba450 Exception <a 'java/lang/NoSuchMethodError'{0x000000008b540898}: 'java.lang.Object java.lang.invoke.DirectMethodHandle$Holder.invokeVirtual(java.lang.Object, java.lang.Object, java.lang.Object)'> (0x000000008b540898) 
thrown [t:\workspace\open\src\hotspot\share\interpreter\linkResolver.cpp, line 766]
Event: 0.712 Thread 0x00000282430ba450 Exception <a 'java/lang/NoSuchMethodError'{0x000000008b3e1720}: 'void java.lang.invoke.DirectMethodHandle$Holder.invokeStatic(java.lang.Object, java.lang.Object)'> (0x000000008b3e1720) 
thrown [t:\workspace\open\src\hotspot\share\interpreter\linkResolver.cpp, line 766]
Event: 0.824 Thread 0x00000282430ba450 Exception <a 'sun/nio/fs/WindowsException'{0x000000008ad41198}> (0x000000008ad41198) 
thrown [t:\workspace\open\src\hotspot\share\prims\jni.cpp, line 516]
Event: 0.835 Thread 0x00000282430ba450 Exception <a 'java/lang/NoSuchMethodError'{0x000000008ad67b28}: 'int java.lang.invoke.DirectMethodHandle$Holder.invokeStaticInit(java.lang.Object, java.lang.Object, java.lang.Object, java.lang.Object)'> (0x000000008ad67b28) 
thrown [t:\workspace\open\src\hotspot\share\interpreter\linkResolver.cpp, line 766]
Event: 0.836 Thread 0x00000282430ba450 Exception <a 'java/lang/IncompatibleClassChangeError'{0x000000008ad71278}: Found class java.lang.Object, but interface was expected> (0x000000008ad71278) 
thrown [t:\workspace\open\src\hotspot\share\interpreter\linkResolver.cpp, line 833]
Event: 0.837 Thread 0x00000282430ba450 Exception <a 'java/lang/NoSuchMethodError'{0x000000008ad745b0}: 'void java.lang.invoke.DirectMethodHandle$Holder.invokeStaticInit(java.lang.Object, java.lang.Object)'> (0x000000008ad745b0) 
thrown [t:\workspace\open\src\hotspot\share\interpreter\linkResolver.cpp, line 766]
Event: 0.837 Thread 0x00000282430ba450 Exception <a 'java/lang/NoSuchMethodError'{0x000000008ad7a7e0}: 'int java.lang.invoke.DirectMethodHandle$Holder.invokeStaticInit(java.lang.Object, java.lang.Object)'> (0x000000008ad7a7e0) 
thrown [t:\workspace\open\src\hotspot\share\interpreter\linkResolver.cpp, line 766]
Event: 0.868 Thread 0x00000282430ba450 Exception <a 'java/lang/NoSuchMethodError'{0x000000008ab4f600}: 'java.lang.Object java.lang.invoke.DirectMethodHandle$Holder.invokeStaticInit(java.lang.Object, int, int, int, int)'> (0x000000008ab4f600) 
thrown [t:\workspace\open\src\hotspot\share\interpreter\linkResolver.cpp, line 766]
Event: 0.924 Thread 0x00000282430ba450 Exception <a 'java/lang/NoSuchMethodError'{0x000000008aa08510}: 'java.lang.Object java.lang.invoke.DirectMethodHandle$Holder.invokeStaticInit(java.lang.Object, java.lang.Object, int, int, int, int)'> (0x000000008aa08510) 
thrown [t:\workspace\open\src\hotspot\share\interpreter\linkResolver.cpp, line 766]
Event: 1.236 Thread 0x0000028243112180 Exception <a 'java/lang/NoSuchMethodError'{0x000000008ba03908}: 'java.lang.Object java.lang.invoke.DirectMethodHandle$Holder.newInvokeSpecial(java.lang.Object, java.lang.Object, java.lang.Object, int, int, int, int, int)'> (0x000000008ba03908) 
thrown [t:\workspace\open\src\hotspot\share\interpreter\linkResolver.cpp, line 766]
Event: 1.271 Thread 0x0000028242f382e0 Exception <a 'java/lang/NoSuchMethodError'{0x000000008baa32e8}: 'void java.lang.invoke.DirectMethodHandle$Holder.invokeVirtual(java.lang.Object, java.lang.Object)'> (0x000000008baa32e8) 
thrown [t:\workspace\open\src\hotspot\share\interpreter\linkResolver.cpp, line 766]
Event: 1.285 Thread 0x00000282430ba450 Exception <a 'java/lang/NoSuchMethodError'{0x000000008ba49110}: 'void java.lang.invoke.DirectMethodHandle$Holder.invokeStaticInit(java.lang.Object)'> (0x000000008ba49110) 
thrown [t:\workspace\open\src\hotspot\share\interpreter\linkResolver.cpp, line 766]

VM Operations (20 events):
Event: 0.691 Executing VM operation: HandshakeAllThreads
Event: 0.691 Executing VM operation: HandshakeAllThreads done
Event: 0.765 Executing VM operation: HandshakeAllThreads
Event: 0.765 Executing VM operation: HandshakeAllThreads done
Event: 0.802 Executing VM operation: ICBufferFull
Event: 0.802 Executing VM operation: ICBufferFull done
Event: 0.829 Executing VM operation: HandshakeAllThreads
Event: 0.829 Executing VM operation: HandshakeAllThreads done
Event: 1.026 Executing VM operation: G1CollectForAllocation
Event: 1.032 Executing VM operation: G1CollectForAllocation done
Event: 1.127 Executing VM operation: HandshakeAllThreads
Event: 1.127 Executing VM operation: HandshakeAllThreads done
Event: 1.152 Executing VM operation: HandshakeAllThreads
Event: 1.152 Executing VM operation: HandshakeAllThreads done
Event: 1.267 Executing VM operation: HandshakeAllThreads
Event: 1.267 Executing VM operation: HandshakeAllThreads done
Event: 1.275 Executing VM operation: HandshakeAllThreads
Event: 1.275 Executing VM operation: HandshakeAllThreads done
Event: 1.309 Executing VM operation: ICBufferFull
Event: 1.309 Executing VM operation: ICBufferFull done

Events (20 events):
Event: 1.372 loading class sun/print/PrinterGraphicsConfig
Event: 1.372 loading class sun/print/PrinterGraphicsConfig done
Event: 1.372 loading class sun/java2d/opengl/WGLGraphicsConfig
Event: 1.373 loading class sun/java2d/opengl/OGLGraphicsConfig
Event: 1.373 loading class sun/java2d/opengl/OGLGraphicsConfig done
Event: 1.373 loading class sun/java2d/opengl/WGLGraphicsConfig done
Event: 1.373 loading class sun/awt/image/BufImgVolatileSurfaceManager
Event: 1.373 loading class sun/awt/image/BufImgVolatileSurfaceManager done
Event: 1.373 loading class java/awt/image/DataBufferInt
Event: 1.373 loading class java/awt/image/DataBufferInt done
Event: 1.374 loading class java/awt/image/SinglePixelPackedSampleModel
Event: 1.374 loading class java/awt/image/SinglePixelPackedSampleModel done
Event: 1.375 loading class sun/awt/image/IntegerInterleavedRaster
Event: 1.375 loading class sun/awt/image/IntegerInterleavedRaster done
Event: 1.375 loading class sun/awt/image/BufImgSurfaceData
Event: 1.375 loading class sun/awt/image/BufImgSurfaceData done
Event: 1.376 loading class sun/awt/image/BufImgSurfaceData$ICMColorData
Event: 1.376 loading class sun/awt/image/BufImgSurfaceData$ICMColorData done
Event: 1.376 loading class sun/awt/image/BufferedImageDevice
Event: 1.376 loading class sun/awt/image/BufferedImageDevice done


Dynamic libraries:
0x00007ff712ac0000 - 0x00007ff712ad0000 	C:\Program Files\Java\jdk-17.0.1\bin\java.exe
0x00007ffb2e8c0000 - 0x00007ffb2eac9000 	C:\WINDOWS\SYSTEM32\ntdll.dll
0x00007ffb2c740000 - 0x00007ffb2c7fe000 	C:\WINDOWS\System32\KERNEL32.DLL
0x00007ffb2beb0000 - 0x00007ffb2c22b000 	C:\WINDOWS\System32\KERNELBASE.dll
0x00007ffb2c490000 - 0x00007ffb2c5a1000 	C:\WINDOWS\System32\ucrtbase.dll
0x00007ffb186b0000 - 0x00007ffb186ca000 	C:\Program Files\Java\jdk-17.0.1\bin\VCRUNTIME140.dll
0x00007ffb1f070000 - 0x00007ffb1f088000 	C:\Program Files\Java\jdk-17.0.1\bin\jli.dll
0x00007ffb2c990000 - 0x00007ffb2ca3e000 	C:\WINDOWS\System32\ADVAPI32.dll
0x00007ffb2e220000 - 0x00007ffb2e2c3000 	C:\WINDOWS\System32\msvcrt.dll
0x00007ffb2c870000 - 0x00007ffb2c90e000 	C:\WINDOWS\System32\sechost.dll
0x00007ffb2cc40000 - 0x00007ffb2cd60000 	C:\WINDOWS\System32\RPCRT4.dll
0x00007ffb2ce50000 - 0x00007ffb2cffd000 	C:\WINDOWS\System32\USER32.dll
0x00007ffb2c460000 - 0x00007ffb2c486000 	C:\WINDOWS\System32\win32u.dll
0x00007ffaf9fd0000 - 0x00007ffafa275000 	C:\WINDOWS\WinSxS\amd64_microsoft.windows.common-controls_6595b64144ccf1df_6.0.22000.120_none_9d947278b86cc467\COMCTL32.dll
0x00007ffb2e2d0000 - 0x00007ffb2e2f9000 	C:\WINDOWS\System32\GDI32.dll
0x00007ffb2bd90000 - 0x00007ffb2bea8000 	C:\WINDOWS\System32\gdi32full.dll
0x00007ffb2c5b0000 - 0x00007ffb2c64d000 	C:\WINDOWS\System32\msvcp_win.dll
0x00007ffb1efd0000 - 0x00007ffb1efda000 	C:\WINDOWS\SYSTEM32\VERSION.dll
0x00007ffb2ca40000 - 0x00007ffb2ca72000 	C:\WINDOWS\System32\IMM32.DLL
0x00007ffb186a0000 - 0x00007ffb186ac000 	C:\Program Files\Java\jdk-17.0.1\bin\vcruntime140_1.dll
0x00007ffafc710000 - 0x00007ffafc79d000 	C:\Program Files\Java\jdk-17.0.1\bin\msvcp140.dll
0x00007ffae4b40000 - 0x00007ffae56fe000 	C:\Program Files\Java\jdk-17.0.1\bin\server\jvm.dll
0x00007ffb2e300000 - 0x00007ffb2e308000 	C:\WINDOWS\System32\PSAPI.DLL
0x00007ffaf5120000 - 0x00007ffaf5129000 	C:\WINDOWS\SYSTEM32\WSOCK32.dll
0x00007ffb24310000 - 0x00007ffb24343000 	C:\WINDOWS\SYSTEM32\WINMM.dll
0x00007ffb2d660000 - 0x00007ffb2d6cf000 	C:\WINDOWS\System32\WS2_32.dll
0x00007ffb2ae90000 - 0x00007ffb2aea8000 	C:\WINDOWS\SYSTEM32\kernel.appcore.dll
0x00007ffb18690000 - 0x00007ffb1869a000 	C:\Program Files\Java\jdk-17.0.1\bin\jimage.dll
0x00007ffb29940000 - 0x00007ffb29b61000 	C:\WINDOWS\SYSTEM32\DBGHELP.DLL
0x00007ffb15660000 - 0x00007ffb15691000 	C:\WINDOWS\SYSTEM32\dbgcore.DLL
0x00007ffb2c650000 - 0x00007ffb2c6cf000 	C:\WINDOWS\System32\bcryptPrimitives.dll
0x00007ffb06fc0000 - 0x00007ffb06fe5000 	C:\Program Files\Java\jdk-17.0.1\bin\java.dll
0x00007ffafcf50000 - 0x00007ffafd026000 	C:\Program Files\Java\jdk-17.0.1\bin\svml.dll
0x00007ffb2da60000 - 0x00007ffb2e218000 	C:\WINDOWS\System32\SHELL32.dll
0x00007ffb29e80000 - 0x00007ffb2a6e5000 	C:\WINDOWS\SYSTEM32\windows.storage.dll
0x00007ffb2d6d0000 - 0x00007ffb2da48000 	C:\WINDOWS\System32\combase.dll
0x00007ffb29d10000 - 0x00007ffb29e76000 	C:\WINDOWS\SYSTEM32\wintypes.dll
0x00007ffb2d000000 - 0x00007ffb2d0ea000 	C:\WINDOWS\System32\SHCORE.dll
0x00007ffb2d600000 - 0x00007ffb2d65d000 	C:\WINDOWS\System32\shlwapi.dll
0x00007ffb2bcc0000 - 0x00007ffb2bce1000 	C:\WINDOWS\SYSTEM32\profapi.dll
0x00007ffb06fa0000 - 0x00007ffb06fb9000 	C:\Program Files\Java\jdk-17.0.1\bin\net.dll
0x00007ffb24100000 - 0x00007ffb24214000 	C:\WINDOWS\SYSTEM32\WINHTTP.dll
0x00007ffb2b3a0000 - 0x00007ffb2b407000 	C:\WINDOWS\system32\mswsock.dll
0x00007ffb06f80000 - 0x00007ffb06f95000 	C:\Program Files\Java\jdk-17.0.1\bin\nio.dll
0x00007ffb06f00000 - 0x00007ffb06f18000 	C:\Program Files\Java\jdk-17.0.1\bin\zip.dll
0x00007ffaf8eb0000 - 0x00007ffaf903f000 	C:\Program Files\Java\jdk-17.0.1\bin\awt.dll
0x00007ffb2e430000 - 0x00007ffb2e506000 	C:\WINDOWS\System32\OLEAUT32.dll
0x00007ffb28f60000 - 0x00007ffb28ff2000 	C:\WINDOWS\SYSTEM32\apphelp.dll
0x00007ffb29020000 - 0x00007ffb290cc000 	C:\WINDOWS\system32\uxtheme.dll
0x00007ffb2e310000 - 0x00007ffb2e42d000 	C:\WINDOWS\System32\MSCTF.dll
0x00007ffb2e5f0000 - 0x00007ffb2e78a000 	C:\WINDOWS\System32\ole32.dll
0x00007ffb29360000 - 0x00007ffb2938f000 	C:\WINDOWS\system32\DWMAPI.DLL
0x00007ffaf97b0000 - 0x00007ffaf9839000 	C:\Program Files\Java\jdk-17.0.1\bin\freetype.dll
0x00007ffaf9510000 - 0x00007ffaf95b8000 	C:\Program Files\Java\jdk-17.0.1\bin\fontmanager.dll
0x00007ffb0bc40000 - 0x00007ffb0bd41000 	C:\WINDOWS\system32\opengl32.dll
0x00007ffb0bbd0000 - 0x00007ffb0bbfd000 	C:\WINDOWS\SYSTEM32\GLU32.dll
0x00007ffb29100000 - 0x00007ffb29138000 	C:\WINDOWS\SYSTEM32\dxcore.dll
0x00007ffb2a960000 - 0x00007ffb2aa48000 	C:\WINDOWS\SYSTEM32\DNSAPI.dll
0x00007ffb2a930000 - 0x00007ffb2a95d000 	C:\WINDOWS\SYSTEM32\IPHLPAPI.DLL
0x00007ffb2d580000 - 0x00007ffb2d589000 	C:\WINDOWS\System32\NSI.dll
0x00007ffb21350000 - 0x00007ffb2135a000 	C:\Windows\System32\rasadhlp.dll
0x00007ffb213a0000 - 0x00007ffb21421000 	C:\WINDOWS\System32\fwpuclnt.dll
0x00007ffb2b5e0000 - 0x00007ffb2b5f8000 	C:\WINDOWS\SYSTEM32\CRYPTSP.dll
0x00007ffb2ade0000 - 0x00007ffb2ae15000 	C:\WINDOWS\system32\rsaenh.dll
0x00007ffb2b490000 - 0x00007ffb2b4b9000 	C:\WINDOWS\SYSTEM32\USERENV.dll
0x00007ffb2b770000 - 0x00007ffb2b797000 	C:\WINDOWS\SYSTEM32\bcrypt.dll
0x00007ffb2b600000 - 0x00007ffb2b60c000 	C:\WINDOWS\SYSTEM32\CRYPTBASE.dll
0x00007ffb23c00000 - 0x00007ffb23c19000 	C:\WINDOWS\SYSTEM32\dhcpcsvc6.DLL
0x00007ffb24350000 - 0x00007ffb2436e000 	C:\WINDOWS\SYSTEM32\dhcpcsvc.DLL
0x00007ffb210b0000 - 0x00007ffb210be000 	C:\Program Files\Java\jdk-17.0.1\bin\sunmscapi.dll
0x00007ffb2c2f0000 - 0x00007ffb2c452000 	C:\WINDOWS\System32\CRYPT32.dll
0x00007ffb2b740000 - 0x00007ffb2b768000 	C:\WINDOWS\SYSTEM32\ncrypt.dll
0x00007ffb2b700000 - 0x00007ffb2b737000 	C:\WINDOWS\SYSTEM32\NTASN1.dll
0x00007ffb0a400000 - 0x00007ffb0a410000 	C:\Program Files\Java\jdk-17.0.1\bin\verify.dll
0x00007ffb2e530000 - 0x00007ffb2e5e5000 	C:\WINDOWS\System32\clbcatq.dll
0x00007ffb250d0000 - 0x00007ffb2527e000 	C:\WINDOWS\SYSTEM32\WindowsCodecs.dll
0x00007ffb0a350000 - 0x00007ffb0a3ad000 	C:\WINDOWS\system32\dataexchange.dll
0x00007ffb214a0000 - 0x00007ffb21706000 	C:\WINDOWS\system32\twinapi.appcore.dll
0x00007ffb16070000 - 0x00007ffb1619d000 	C:\WINDOWS\SYSTEM32\textinputframework.dll

dbghelp: loaded successfully - version: 4.0.5 - missing functions: none
symbol engine: initialized successfully - sym options: 0x614 - pdb path: .;C:\Program Files\Java\jdk-17.0.1\bin;C:\WINDOWS\SYSTEM32;C:\WINDOWS\WinSxS\amd64_microsoft.windows.common-controls_6595b64144ccf1df_6.0.22000.120_none_9d947278b86cc467;C:\Program Files\Java\jdk-17.0.1\bin\server

VM Arguments:
jvm_args: -Dfile.encoding=UTF-8 --module-path=C:\Users\DELL\Documents\ASMALIGE\asm_Duan1\build\classes 
java_command: da1.ui.TimVe1
java_class_path (initial): D:\eage\mysql-connector-java-8.0.13.jar;D:\eage\sqljdbc4-3.0.jar;C:\Users\DELL\Desktop\jcalendar-1.4.jar;C:\Users\DELL\Documents\ASMALIGE\asm_Duan1\build\classes
Launcher Type: SUN_STANDARD

[Global flags]
     intx CICompilerCount                          = 4                                         {product} {ergonomic}
     uint ConcGCThreads                            = 2                                         {product} {ergonomic}
     uint G1ConcRefinementThreads                  = 8                                         {product} {ergonomic}
   size_t G1HeapRegionSize                         = 1048576                                   {product} {ergonomic}
    uintx GCDrainStackTargetSize                   = 64                                        {product} {ergonomic}
   size_t InitialHeapSize                          = 130023424                                 {product} {ergonomic}
   size_t MarkStackSize                            = 4194304                                   {product} {ergonomic}
   size_t MaxHeapSize                              = 2076180480                                {product} {ergonomic}
   size_t MaxNewSize                               = 1245708288                                {product} {ergonomic}
   size_t MinHeapDeltaBytes                        = 1048576                                   {product} {ergonomic}
   size_t MinHeapSize                              = 8388608                                   {product} {ergonomic}
    uintx NonNMethodCodeHeapSize                   = 5839372                                {pd product} {ergonomic}
    uintx NonProfiledCodeHeapSize                  = 122909434                              {pd product} {ergonomic}
    uintx ProfiledCodeHeapSize                     = 122909434                              {pd product} {ergonomic}
    uintx ReservedCodeCacheSize                    = 251658240                              {pd product} {ergonomic}
     bool SegmentedCodeCache                       = true                                      {product} {ergonomic}
   size_t SoftMaxHeapSize                          = 2076180480                             {manageable} {ergonomic}
     bool UseCompressedClassPointers               = true                           {product lp64_product} {ergonomic}
     bool UseCompressedOops                        = true                           {product lp64_product} {ergonomic}
     bool UseG1GC                                  = true                                      {product} {ergonomic}
     bool UseLargePagesIndividualAllocation        = false                                  {pd product} {ergonomic}

Logging:
Log output configuration:
 #0: stdout all=warning uptime,level,tags
 #1: stderr all=off uptime,level,tags

Environment Variables:
PATH=C:\Program Files\Common Files\Oracle\Java\javapath;C:\Program Files (x86)\Common Files\Oracle\Java\javapath;C:\WINDOWS\system32;C:\WINDOWS;C:\WINDOWS\System32\Wbem;C:\WINDOWS\System32\WindowsPowerShell\v1.0\;C:\WINDOWS\System32\OpenSSH\;C:\Program Files\Microsoft SQL Server\Client SDK\ODBC\170\Tools\Binn\;C:\Program Files (x86)\Microsoft SQL Server\150\Tools\Binn\;C:\Program Files\Microsoft SQL Server\150\Tools\Binn\;C:\Program Files\Microsoft SQL Server\150\DTS\Binn\;D:\ducpham\Git\cmd;C:\Program Files\dotnet\;C:\Program Files\Azure Data Studio\bin;C:\Users\DELL\AppData\Local\Microsoft\WindowsApps;C:\Users\DELL\AppData\Local\Programs\Microsoft VS Code\bin;C:\Program Files\Azure Data Studio\bin;
USERNAME=DELL
OS=Windows_NT
PROCESSOR_IDENTIFIER=Intel64 Family 6 Model 140 Stepping 1, GenuineIntel



---------------  S Y S T E M  ---------------

OS:
 Windows 10 , 64 bit Build 22000 (10.0.22000.1219)
OS uptime: 0 days 17:20 hours

CPU: total 8 (initial active 8) (4 cores per cpu, 2 threads per core) family 6 model 140 stepping 1 microcode 0xa4, cx8, cmov, fxsr, ht, mmx, 3dnowpref, sse, sse2, sse3, ssse3, sse4.1, sse4.2, popcnt, lzcnt, tsc, tscinvbit, avx, avx2, aes, erms, clmul, bmi1, bmi2, adx, avx512f, avx512dq, avx512cd, avx512bw, avx512vl, sha, fma, vzeroupper, avx512_vpopcntdq, avx512_vpclmulqdq, avx512_vaes, avx512_vnni, clflush, clflushopt, clwb, avx512_vbmi2, avx512_vbmi

Memory: 4k page, system-wide physical 7914M (947M free)
TotalPageFile size 10914M (AvailPageFile size 0M)
current process WorkingSet (physical memory assigned to process): 110M, peak: 110M
current process commit charge ("private bytes"): 243M, peak: 244M

vm_info: Java HotSpot(TM) 64-Bit Server VM (17.0.1+12-LTS-39) for windows-amd64 JRE (17.0.1+12-LTS-39), built on Sep 27 2021 18:41:35 by "mach5one" with MS VC++ 16.8 (VS2019)

END.
