#
# There is insufficient memory for the Java Runtime Environment to continue.
# Native memory allocation (mmap) failed to map 65536 bytes for Failed to commit metaspace.
# Possible reasons:
#   The system is out of physical RAM or swap space
#   The process is running with CompressedOops enabled, and the Java Heap may be blocking the growth of the native heap
# Possible solutions:
#   Reduce memory load on the system
#   Increase physical memory or swap space
#   Check if swap backing store is full
#   Decrease Java heap size (-Xmx/-Xms)
#   Decrease number of Java threads
#   Decrease Java thread stack sizes (-Xss)
#   Set larger code cache with -XX:ReservedCodeCacheSize=
#   JVM is running with Unscaled Compressed Oops mode in which the Java heap is
#     placed in the first 4GB address space. The Java Heap base address is the
#     maximum limit for the native heap growth. Please use -XX:HeapBaseMinAddress
#     to set the Java Heap base and to place the Java Heap above 4GB virtual address.
# This output file may be truncated or incomplete.
#
#  Out of Memory Error (virtualSpaceNode.cpp:110), pid=19208, tid=7796
#
# JRE version: Java(TM) SE Runtime Environment (17.0.1+12) (build 17.0.1+12-LTS-39)
# Java VM: Java HotSpot(TM) 64-Bit Server VM (17.0.1+12-LTS-39, mixed mode, sharing, tiered, compressed oops, compressed class ptrs, g1 gc, windows-amd64)
# No core dump will be written. Minidumps are not enabled by default on client versions of Windows
#

---------------  S U M M A R Y ------------

Command Line: -Dfile.encoding=UTF-8 --module-path=C:\Users\DELL\Documents\ASMALIGE\asm_Duan1\build\classes da1.ui.TimVe1

Host: 11th Gen Intel(R) Core(TM) i5-1135G7 @ 2.40GHz, 8 cores, 7G,  Windows 10 , 64 bit Build 22000 (10.0.22000.1219)
Time: Tue Nov 29 21:53:35 2022 SE Asia Standard Time elapsed time: 0.784234 seconds (0d 0h 0m 0s)

---------------  T H R E A D  ---------------

Current thread (0x0000021995bb6150):  JavaThread "AWT-EventQueue-0" [_thread_in_vm, id=7796, stack(0x0000001a3f000000,0x0000001a3f100000)]

Stack: [0x0000001a3f000000,0x0000001a3f100000]
Native frames: (J=compiled Java code, j=interpreted, Vv=VM code, C=native code)
V  [jvm.dll+0x66fa1a]
V  [jvm.dll+0x7ce5a4]
V  [jvm.dll+0x7cfd4e]
V  [jvm.dll+0x7d03b3]
V  [jvm.dll+0x242b05]
V  [jvm.dll+0x7ca54b]
V  [jvm.dll+0x615b76]
V  [jvm.dll+0x615bda]
V  [jvm.dll+0x6183ea]
V  [jvm.dll+0x616516]
V  [jvm.dll+0x2370cf]
V  [jvm.dll+0x620145]
V  [jvm.dll+0x1e7dcb]
V  [jvm.dll+0x1e8305]
V  [jvm.dll+0x1e8d3f]
V  [jvm.dll+0x1de1f1]
V  [jvm.dll+0x537690]
V  [jvm.dll+0x1ee9d7]
V  [jvm.dll+0x748afb]
V  [jvm.dll+0x749ea2]
V  [jvm.dll+0x74a639]
V  [jvm.dll+0x1e6576]
V  [jvm.dll+0x1e8c7b]
V  [jvm.dll+0x1de1f1]
V  [jvm.dll+0x537690]
V  [jvm.dll+0x1ee9d7]
V  [jvm.dll+0x748afb]
V  [jvm.dll+0x749ea2]
V  [jvm.dll+0x74a1d8]
V  [jvm.dll+0x23ae5e]
V  [jvm.dll+0x37afce]
C  0x000002198001b80d

Java frames: (J=compiled Java code, j=interpreted, Vv=VM code)
j  javax.swing.text.PlainDocument.insertUpdate(Ljavax/swing/text/AbstractDocument$DefaultDocumentEvent;Ljavax/swing/text/AttributeSet;)V+91 java.desktop@17.0.1
j  javax.swing.text.AbstractDocument.handleInsertString(ILjava/lang/String;Ljavax/swing/text/AttributeSet;)V+139 java.desktop@17.0.1
j  javax.swing.text.AbstractDocument.insertString(ILjava/lang/String;Ljavax/swing/text/AttributeSet;)V+69 java.desktop@17.0.1
j  javax.swing.text.PlainDocument.insertString(ILjava/lang/String;Ljavax/swing/text/AttributeSet;)V+104 java.desktop@17.0.1
j  javax.swing.text.AbstractDocument.replace(IILjava/lang/String;Ljavax/swing/text/AttributeSet;)V+74 java.desktop@17.0.1
j  javax.swing.text.JTextComponent.setText(Ljava/lang/String;)V+25 java.desktop@17.0.1
j  javax.swing.JFormattedTextField$AbstractFormatter.install(Ljavax/swing/JFormattedTextField;)V+29 java.desktop@17.0.1
j  javax.swing.text.DefaultFormatter.install(Ljavax/swing/JFormattedTextField;)V+2 java.desktop@17.0.1
j  javax.swing.text.InternationalFormatter.install(Ljavax/swing/JFormattedTextField;)V+2 java.desktop@17.0.1
j  javax.swing.JFormattedTextField.setFormatter(Ljavax/swing/JFormattedTextField$AbstractFormatter;)V+29 java.desktop@17.0.1
j  javax.swing.JFormattedTextField.setValue(Ljava/lang/Object;ZZ)V+43 java.desktop@17.0.1
j  javax.swing.JFormattedTextField.setValue(Ljava/lang/Object;)V+24 java.desktop@17.0.1
j  javax.swing.JSpinner$DefaultEditor.<init>(Ljavax/swing/JSpinner;)V+24 java.desktop@17.0.1
j  javax.swing.JSpinner$NumberEditor.<init>(Ljavax/swing/JSpinner;Ljava/text/DecimalFormat;)V+2 java.desktop@17.0.1
j  javax.swing.JSpinner$NumberEditor.<init>(Ljavax/swing/JSpinner;Ljava/lang/String;)V+10 java.desktop@17.0.1
j  javax.swing.JSpinner$NumberEditor.<init>(Ljavax/swing/JSpinner;)V+9 java.desktop@17.0.1
j  javax.swing.JSpinner.createEditor(Ljavax/swing/SpinnerModel;)Ljavax/swing/JComponent;+44 java.desktop@17.0.1
j  javax.swing.JSpinner.<init>(Ljavax/swing/SpinnerModel;)V+31 java.desktop@17.0.1
j  javax.swing.JSpinner.<init>()V+8 java.desktop@17.0.1
j  com.toedter.calendar.JMonthChooser.updateUI()V+4
j  javax.swing.JPanel.<init>(Ljava/awt/LayoutManager;Z)V+24 java.desktop@17.0.1
j  javax.swing.JPanel.<init>(Z)V+9 java.desktop@17.0.1
j  javax.swing.JPanel.<init>()V+2 java.desktop@17.0.1
j  com.toedter.calendar.JMonthChooser.<init>(Z)V+1
j  com.toedter.calendar.JCalendar.<init>(Ljava/util/Date;Ljava/util/Locale;ZZ)V+125
j  com.toedter.calendar.JCalendar.<init>(Ljava/util/Date;)V+5
j  com.toedter.calendar.JDateChooser.<init>(Lcom/toedter/calendar/JCalendar;Ljava/util/Date;Ljava/lang/String;Lcom/toedter/calendar/IDateEditor;)V+56
j  com.toedter.calendar.JDateChooser.<init>()V+5
j  da1.ui.TimVe1.initComponents()V+137
j  da1.ui.TimVe1.<init>()V+27
j  da1.ui.TimVe1$2.run()V+4
j  java.awt.event.InvocationEvent.dispatch()V+47 java.desktop@17.0.1
j  java.awt.EventQueue.dispatchEventImpl(Ljava/awt/AWTEvent;Ljava/lang/Object;)V+21 java.desktop@17.0.1
j  java.awt.EventQueue$4.run()Ljava/lang/Void;+32 java.desktop@17.0.1
j  java.awt.EventQueue$4.run()Ljava/lang/Object;+1 java.desktop@17.0.1
j  java.security.AccessController.executePrivileged(Ljava/security/PrivilegedAction;Ljava/security/AccessControlContext;Ljava/lang/Class;)Ljava/lang/Object;+29 java.base@17.0.1
j  java.security.AccessController.doPrivileged(Ljava/security/PrivilegedAction;Ljava/security/AccessControlContext;)Ljava/lang/Object;+13 java.base@17.0.1
j  java.security.ProtectionDomain$JavaSecurityAccessImpl.doIntersectionPrivilege(Ljava/security/PrivilegedAction;Ljava/security/AccessControlContext;Ljava/security/AccessControlContext;)Ljava/lang/Object;+18 java.base@17.0.1
j  java.awt.EventQueue.dispatchEvent(Ljava/awt/AWTEvent;)V+46 java.desktop@17.0.1
j  java.awt.EventDispatchThread.pumpOneEventForFilters(I)V+78 java.desktop@17.0.1
j  java.awt.EventDispatchThread.pumpEventsForFilter(ILjava/awt/Conditional;Ljava/awt/EventFilter;)V+35 java.desktop@17.0.1
j  java.awt.EventDispatchThread.pumpEventsForHierarchy(ILjava/awt/Conditional;Ljava/awt/Component;)V+11 java.desktop@17.0.1
j  java.awt.EventDispatchThread.pumpEvents(ILjava/awt/Conditional;)V+4 java.desktop@17.0.1
j  java.awt.EventDispatchThread.pumpEvents(Ljava/awt/Conditional;)V+3 java.desktop@17.0.1
j  java.awt.EventDispatchThread.run()V+9 java.desktop@17.0.1
v  ~StubRoutines::call_stub

---------------  P R O C E S S  ---------------

Threads class SMR info:
_java_thread_list=0x0000021996899960, length=19, elements={
0x00000219ff7178f0, 0x00000219ff718ab0, 0x00000219ff72e1c0, 0x00000219ff72ea80,
0x00000219ff72f430, 0x00000219ff72fde0, 0x00000219ff733190, 0x00000219ff756060,
0x00000219ff757e70, 0x0000021995895440, 0x00000219958ffc40, 0x0000021995b01f40,
0x0000021995b02410, 0x0000021995b028e0, 0x0000021995bb6150, 0x00000219f467e7a0,
0x0000021995bb6620, 0x00000219969e4e20, 0x00000219969e5c40
}

Java Threads: ( => current thread )
  0x00000219ff7178f0 JavaThread "Reference Handler" daemon [_thread_blocked, id=16944, stack(0x0000001a3e100000,0x0000001a3e200000)]
  0x00000219ff718ab0 JavaThread "Finalizer" daemon [_thread_blocked, id=2336, stack(0x0000001a3e200000,0x0000001a3e300000)]
  0x00000219ff72e1c0 JavaThread "Signal Dispatcher" daemon [_thread_blocked, id=15376, stack(0x0000001a3e300000,0x0000001a3e400000)]
  0x00000219ff72ea80 JavaThread "Attach Listener" daemon [_thread_blocked, id=10804, stack(0x0000001a3e400000,0x0000001a3e500000)]
  0x00000219ff72f430 JavaThread "Service Thread" daemon [_thread_blocked, id=13400, stack(0x0000001a3e500000,0x0000001a3e600000)]
  0x00000219ff72fde0 JavaThread "Monitor Deflation Thread" daemon [_thread_blocked, id=15348, stack(0x0000001a3e600000,0x0000001a3e700000)]
  0x00000219ff733190 JavaThread "C2 CompilerThread0" daemon [_thread_blocked, id=14020, stack(0x0000001a3e700000,0x0000001a3e800000)]
  0x00000219ff756060 JavaThread "C1 CompilerThread0" daemon [_thread_blocked, id=12276, stack(0x0000001a3e800000,0x0000001a3e900000)]
  0x00000219ff757e70 JavaThread "Sweeper thread" daemon [_thread_blocked, id=4732, stack(0x0000001a3e900000,0x0000001a3ea00000)]
  0x0000021995895440 JavaThread "Common-Cleaner" daemon [_thread_blocked, id=752, stack(0x0000001a3ea00000,0x0000001a3eb00000)]
  0x00000219958ffc40 JavaThread "Notification Thread" daemon [_thread_blocked, id=18488, stack(0x0000001a3eb00000,0x0000001a3ec00000)]
  0x0000021995b01f40 JavaThread "Java2D Disposer" daemon [_thread_blocked, id=3332, stack(0x0000001a3ed00000,0x0000001a3ee00000)]
  0x0000021995b02410 JavaThread "AWT-Shutdown" [_thread_blocked, id=12332, stack(0x0000001a3ee00000,0x0000001a3ef00000)]
  0x0000021995b028e0 JavaThread "AWT-Windows" daemon [_thread_in_native, id=15580, stack(0x0000001a3ef00000,0x0000001a3f000000)]
=>0x0000021995bb6150 JavaThread "AWT-EventQueue-0" [_thread_in_vm, id=7796, stack(0x0000001a3f000000,0x0000001a3f100000)]
  0x00000219f467e7a0 JavaThread "DestroyJavaVM" [_thread_blocked, id=11216, stack(0x0000001a3da00000,0x0000001a3db00000)]
  0x0000021995bb6620 JavaThread "Abandoned connection cleanup thread" daemon [_thread_blocked, id=18976, stack(0x0000001a3f100000,0x0000001a3f200000)]
  0x00000219969e4e20 JavaThread "C2 CompilerThread1" daemon [_thread_in_native, id=8892, stack(0x0000001a3f200000,0x0000001a3f300000)]
  0x00000219969e5c40 JavaThread "C2 CompilerThread2" daemon [_thread_blocked, id=2156, stack(0x0000001a3f300000,0x0000001a3f400000)]

Other Threads:
  0x00000219ff711f50 VMThread "VM Thread" [stack: 0x0000001a3e000000,0x0000001a3e100000] [id=10968]
  0x00000219f4734940 WatcherThread [stack: 0x0000001a3ec00000,0x0000001a3ed00000] [id=11908]
  0x00000219f471aae0 GCTaskThread "GC Thread#0" [stack: 0x0000001a3db00000,0x0000001a3dc00000] [id=11664]
  0x0000021996b83240 GCTaskThread "GC Thread#1" [stack: 0x0000001a3f400000,0x0000001a3f500000] [id=7104]
  0x0000021996df4390 GCTaskThread "GC Thread#2" [stack: 0x0000001a3f500000,0x0000001a3f600000] [id=11180]
  0x0000021996df4640 GCTaskThread "GC Thread#3" [stack: 0x0000001a3f600000,0x0000001a3f700000] [id=1536]
  0x0000021996caf060 GCTaskThread "GC Thread#4" [stack: 0x0000001a3f700000,0x0000001a3f800000] [id=12468]
  0x0000021997c73840 GCTaskThread "GC Thread#5" [stack: 0x0000001a3f800000,0x0000001a3f900000] [id=12364]
  0x0000021996e0cf00 GCTaskThread "GC Thread#6" [stack: 0x0000001a3f900000,0x0000001a3fa00000] [id=18596]
  0x0000021996e0bee0 GCTaskThread "GC Thread#7" [stack: 0x0000001a3fa00000,0x0000001a3fb00000] [id=19396]
  0x00000219f472b1a0 ConcurrentGCThread "G1 Main Marker" [stack: 0x0000001a3dc00000,0x0000001a3dd00000] [id=16348]
  0x00000219f472bd10 ConcurrentGCThread "G1 Conc#0" [stack: 0x0000001a3dd00000,0x0000001a3de00000] [id=8976]
  0x00000219f47a8c20 ConcurrentGCThread "G1 Refine#0" [stack: 0x0000001a3de00000,0x0000001a3df00000] [id=13632]
  0x0000021996eeaaf0 ConcurrentGCThread "G1 Refine#1" [stack: 0x0000001a3fb00000,0x0000001a3fc00000] [id=15188]
  0x00000219f47ab3f0 ConcurrentGCThread "G1 Service" [stack: 0x0000001a3df00000,0x0000001a3e000000] [id=17212]

Threads with active compile tasks:
C2 CompilerThread1      797 1698       4       sun.util.locale.BaseLocale::getInstance (149 bytes)

VM state: not at safepoint (normal execution)

VM Mutex/Monitor currently owned by a thread:  ([mutex/lock_event])
[0x00000219f46dc3e0] Metaspace_lock - owner thread: 0x0000021995bb6150

Heap address: 0x0000000084400000, size: 1980 MB, Compressed Oops mode: 32-bit

CDS archive(s) mapped at: [0x0000000800000000-0x0000000800bc0000-0x0000000800bc0000), size 12320768, SharedBaseAddress: 0x0000000800000000, ArchiveRelocationMode: 0.
Compressed class space mapped at: 0x0000000800c00000-0x0000000840c00000, reserved size: 1073741824
Narrow klass base: 0x0000000800000000, Narrow klass shift: 0, Narrow klass range: 0x100000000

GC Precious Log:
 CPUs: 8 total, 8 available
 Memory: 7914M
 Large Page Support: Disabled
 NUMA Support: Disabled
 Compressed Oops: Enabled (32-bit)
 Heap Region Size: 1M
 Heap Min Capacity: 8M
 Heap Initial Capacity: 124M
 Heap Max Capacity: 1980M
 Pre-touch: Disabled
 Parallel Workers: 8
 Concurrent Workers: 2
 Concurrent Refinement Workers: 8
 Periodic GC: Disabled

Heap:
 garbage-first heap   total 126976K, used 8192K [0x0000000084400000, 0x0000000100000000)
  region size 1024K, 7 young (7168K), 3 survivors (3072K)
 Metaspace       used 17650K, committed 17792K, reserved 1064960K
  class space    used 2085K, committed 2176K, reserved 1048576K

Heap Regions: E=young(eden), S=young(survivor), O=old, HS=humongous(starts), HC=humongous(continues), CS=collection set, F=free, OA=open archive, CA=closed archive, TAMS=top-at-mark-start (previous, next)
|   0|0x0000000084400000, 0x0000000084500000, 0x0000000084500000|100%| O|  |TAMS 0x0000000084400000, 0x0000000084400000| Untracked 
|   1|0x0000000084500000, 0x0000000084600000, 0x0000000084600000|100%| O|  |TAMS 0x0000000084500000, 0x0000000084500000| Untracked 
|   2|0x0000000084600000, 0x0000000084600000, 0x0000000084700000|  0%| F|  |TAMS 0x0000000084600000, 0x0000000084600000| Untracked 
|   3|0x0000000084700000, 0x0000000084700000, 0x0000000084800000|  0%| F|  |TAMS 0x0000000084700000, 0x0000000084700000| Untracked 
|   4|0x0000000084800000, 0x0000000084800000, 0x0000000084900000|  0%| F|  |TAMS 0x0000000084800000, 0x0000000084800000| Untracked 
|   5|0x0000000084900000, 0x0000000084900000, 0x0000000084a00000|  0%| F|  |TAMS 0x0000000084900000, 0x0000000084900000| Untracked 
|   6|0x0000000084a00000, 0x0000000084a00000, 0x0000000084b00000|  0%| F|  |TAMS 0x0000000084a00000, 0x0000000084a00000| Untracked 
|   7|0x0000000084b00000, 0x0000000084b00000, 0x0000000084c00000|  0%| F|  |TAMS 0x0000000084b00000, 0x0000000084b00000| Untracked 
|   8|0x0000000084c00000, 0x0000000084c00000, 0x0000000084d00000|  0%| F|  |TAMS 0x0000000084c00000, 0x0000000084c00000| Untracked 
|   9|0x0000000084d00000, 0x0000000084d00000, 0x0000000084e00000|  0%| F|  |TAMS 0x0000000084d00000, 0x0000000084d00000| Untracked 
|  10|0x0000000084e00000, 0x0000000084e00000, 0x0000000084f00000|  0%| F|  |TAMS 0x0000000084e00000, 0x0000000084e00000| Untracked 
|  11|0x0000000084f00000, 0x0000000084f00000, 0x0000000085000000|  0%| F|  |TAMS 0x0000000084f00000, 0x0000000084f00000| Untracked 
|  12|0x0000000085000000, 0x0000000085000000, 0x0000000085100000|  0%| F|  |TAMS 0x0000000085000000, 0x0000000085000000| Untracked 
|  13|0x0000000085100000, 0x0000000085100000, 0x0000000085200000|  0%| F|  |TAMS 0x0000000085100000, 0x0000000085100000| Untracked 
|  14|0x0000000085200000, 0x0000000085200000, 0x0000000085300000|  0%| F|  |TAMS 0x0000000085200000, 0x0000000085200000| Untracked 
|  15|0x0000000085300000, 0x0000000085300000, 0x0000000085400000|  0%| F|  |TAMS 0x0000000085300000, 0x0000000085300000| Untracked 
|  16|0x0000000085400000, 0x0000000085400000, 0x0000000085500000|  0%| F|  |TAMS 0x0000000085400000, 0x0000000085400000| Untracked 
|  17|0x0000000085500000, 0x0000000085500000, 0x0000000085600000|  0%| F|  |TAMS 0x0000000085500000, 0x0000000085500000| Untracked 
|  18|0x0000000085600000, 0x0000000085600000, 0x0000000085700000|  0%| F|  |TAMS 0x0000000085600000, 0x0000000085600000| Untracked 
|  19|0x0000000085700000, 0x0000000085700000, 0x0000000085800000|  0%| F|  |TAMS 0x0000000085700000, 0x0000000085700000| Untracked 
|  20|0x0000000085800000, 0x0000000085800000, 0x0000000085900000|  0%| F|  |TAMS 0x0000000085800000, 0x0000000085800000| Untracked 
|  21|0x0000000085900000, 0x0000000085900000, 0x0000000085a00000|  0%| F|  |TAMS 0x0000000085900000, 0x0000000085900000| Untracked 
|  22|0x0000000085a00000, 0x0000000085a00000, 0x0000000085b00000|  0%| F|  |TAMS 0x0000000085a00000, 0x0000000085a00000| Untracked 
|  23|0x0000000085b00000, 0x0000000085b00000, 0x0000000085c00000|  0%| F|  |TAMS 0x0000000085b00000, 0x0000000085b00000| Untracked 
|  24|0x0000000085c00000, 0x0000000085c00000, 0x0000000085d00000|  0%| F|  |TAMS 0x0000000085c00000, 0x0000000085c00000| Untracked 
|  25|0x0000000085d00000, 0x0000000085d00000, 0x0000000085e00000|  0%| F|  |TAMS 0x0000000085d00000, 0x0000000085d00000| Untracked 
|  26|0x0000000085e00000, 0x0000000085e00000, 0x0000000085f00000|  0%| F|  |TAMS 0x0000000085e00000, 0x0000000085e00000| Untracked 
|  27|0x0000000085f00000, 0x0000000085f00000, 0x0000000086000000|  0%| F|  |TAMS 0x0000000085f00000, 0x0000000085f00000| Untracked 
|  28|0x0000000086000000, 0x0000000086000000, 0x0000000086100000|  0%| F|  |TAMS 0x0000000086000000, 0x0000000086000000| Untracked 
|  29|0x0000000086100000, 0x0000000086100000, 0x0000000086200000|  0%| F|  |TAMS 0x0000000086100000, 0x0000000086100000| Untracked 
|  30|0x0000000086200000, 0x0000000086200000, 0x0000000086300000|  0%| F|  |TAMS 0x0000000086200000, 0x0000000086200000| Untracked 
|  31|0x0000000086300000, 0x0000000086300000, 0x0000000086400000|  0%| F|  |TAMS 0x0000000086300000, 0x0000000086300000| Untracked 
|  32|0x0000000086400000, 0x0000000086400000, 0x0000000086500000|  0%| F|  |TAMS 0x0000000086400000, 0x0000000086400000| Untracked 
|  33|0x0000000086500000, 0x0000000086500000, 0x0000000086600000|  0%| F|  |TAMS 0x0000000086500000, 0x0000000086500000| Untracked 
|  34|0x0000000086600000, 0x0000000086600000, 0x0000000086700000|  0%| F|  |TAMS 0x0000000086600000, 0x0000000086600000| Untracked 
|  35|0x0000000086700000, 0x0000000086700000, 0x0000000086800000|  0%| F|  |TAMS 0x0000000086700000, 0x0000000086700000| Untracked 
|  36|0x0000000086800000, 0x0000000086800000, 0x0000000086900000|  0%| F|  |TAMS 0x0000000086800000, 0x0000000086800000| Untracked 
|  37|0x0000000086900000, 0x0000000086900000, 0x0000000086a00000|  0%| F|  |TAMS 0x0000000086900000, 0x0000000086900000| Untracked 
|  38|0x0000000086a00000, 0x0000000086a00000, 0x0000000086b00000|  0%| F|  |TAMS 0x0000000086a00000, 0x0000000086a00000| Untracked 
|  39|0x0000000086b00000, 0x0000000086b00000, 0x0000000086c00000|  0%| F|  |TAMS 0x0000000086b00000, 0x0000000086b00000| Untracked 
|  40|0x0000000086c00000, 0x0000000086c00000, 0x0000000086d00000|  0%| F|  |TAMS 0x0000000086c00000, 0x0000000086c00000| Untracked 
|  41|0x0000000086d00000, 0x0000000086d00000, 0x0000000086e00000|  0%| F|  |TAMS 0x0000000086d00000, 0x0000000086d00000| Untracked 
|  42|0x0000000086e00000, 0x0000000086e00000, 0x0000000086f00000|  0%| F|  |TAMS 0x0000000086e00000, 0x0000000086e00000| Untracked 
|  43|0x0000000086f00000, 0x0000000086f00000, 0x0000000087000000|  0%| F|  |TAMS 0x0000000086f00000, 0x0000000086f00000| Untracked 
|  44|0x0000000087000000, 0x0000000087000000, 0x0000000087100000|  0%| F|  |TAMS 0x0000000087000000, 0x0000000087000000| Untracked 
|  45|0x0000000087100000, 0x0000000087100000, 0x0000000087200000|  0%| F|  |TAMS 0x0000000087100000, 0x0000000087100000| Untracked 
|  46|0x0000000087200000, 0x0000000087200000, 0x0000000087300000|  0%| F|  |TAMS 0x0000000087200000, 0x0000000087200000| Untracked 
|  47|0x0000000087300000, 0x0000000087300000, 0x0000000087400000|  0%| F|  |TAMS 0x0000000087300000, 0x0000000087300000| Untracked 
|  48|0x0000000087400000, 0x0000000087400000, 0x0000000087500000|  0%| F|  |TAMS 0x0000000087400000, 0x0000000087400000| Untracked 
|  49|0x0000000087500000, 0x0000000087500000, 0x0000000087600000|  0%| F|  |TAMS 0x0000000087500000, 0x0000000087500000| Untracked 
|  50|0x0000000087600000, 0x0000000087600000, 0x0000000087700000|  0%| F|  |TAMS 0x0000000087600000, 0x0000000087600000| Untracked 
|  51|0x0000000087700000, 0x0000000087700000, 0x0000000087800000|  0%| F|  |TAMS 0x0000000087700000, 0x0000000087700000| Untracked 
|  52|0x0000000087800000, 0x0000000087800000, 0x0000000087900000|  0%| F|  |TAMS 0x0000000087800000, 0x0000000087800000| Untracked 
|  53|0x0000000087900000, 0x0000000087900000, 0x0000000087a00000|  0%| F|  |TAMS 0x0000000087900000, 0x0000000087900000| Untracked 
|  54|0x0000000087a00000, 0x0000000087a00000, 0x0000000087b00000|  0%| F|  |TAMS 0x0000000087a00000, 0x0000000087a00000| Untracked 
|  55|0x0000000087b00000, 0x0000000087b00000, 0x0000000087c00000|  0%| F|  |TAMS 0x0000000087b00000, 0x0000000087b00000| Untracked 
|  56|0x0000000087c00000, 0x0000000087c00000, 0x0000000087d00000|  0%| F|  |TAMS 0x0000000087c00000, 0x0000000087c00000| Untracked 
|  57|0x0000000087d00000, 0x0000000087d00000, 0x0000000087e00000|  0%| F|  |TAMS 0x0000000087d00000, 0x0000000087d00000| Untracked 
|  58|0x0000000087e00000, 0x0000000087e00000, 0x0000000087f00000|  0%| F|  |TAMS 0x0000000087e00000, 0x0000000087e00000| Untracked 
|  59|0x0000000087f00000, 0x0000000087f00000, 0x0000000088000000|  0%| F|  |TAMS 0x0000000087f00000, 0x0000000087f00000| Untracked 
|  60|0x0000000088000000, 0x0000000088000000, 0x0000000088100000|  0%| F|  |TAMS 0x0000000088000000, 0x0000000088000000| Untracked 
|  61|0x0000000088100000, 0x0000000088100000, 0x0000000088200000|  0%| F|  |TAMS 0x0000000088100000, 0x0000000088100000| Untracked 
|  62|0x0000000088200000, 0x0000000088200000, 0x0000000088300000|  0%| F|  |TAMS 0x0000000088200000, 0x0000000088200000| Untracked 
|  63|0x0000000088300000, 0x0000000088300000, 0x0000000088400000|  0%| F|  |TAMS 0x0000000088300000, 0x0000000088300000| Untracked 
|  64|0x0000000088400000, 0x0000000088400000, 0x0000000088500000|  0%| F|  |TAMS 0x0000000088400000, 0x0000000088400000| Untracked 
|  65|0x0000000088500000, 0x0000000088500000, 0x0000000088600000|  0%| F|  |TAMS 0x0000000088500000, 0x0000000088500000| Untracked 
|  66|0x0000000088600000, 0x0000000088600000, 0x0000000088700000|  0%| F|  |TAMS 0x0000000088600000, 0x0000000088600000| Untracked 
|  67|0x0000000088700000, 0x0000000088700000, 0x0000000088800000|  0%| F|  |TAMS 0x0000000088700000, 0x0000000088700000| Untracked 
|  68|0x0000000088800000, 0x0000000088800000, 0x0000000088900000|  0%| F|  |TAMS 0x0000000088800000, 0x0000000088800000| Untracked 
|  69|0x0000000088900000, 0x0000000088900000, 0x0000000088a00000|  0%| F|  |TAMS 0x0000000088900000, 0x0000000088900000| Untracked 
|  70|0x0000000088a00000, 0x0000000088a00000, 0x0000000088b00000|  0%| F|  |TAMS 0x0000000088a00000, 0x0000000088a00000| Untracked 
|  71|0x0000000088b00000, 0x0000000088b00000, 0x0000000088c00000|  0%| F|  |TAMS 0x0000000088b00000, 0x0000000088b00000| Untracked 
|  72|0x0000000088c00000, 0x0000000088c00000, 0x0000000088d00000|  0%| F|  |TAMS 0x0000000088c00000, 0x0000000088c00000| Untracked 
|  73|0x0000000088d00000, 0x0000000088d00000, 0x0000000088e00000|  0%| F|  |TAMS 0x0000000088d00000, 0x0000000088d00000| Untracked 
|  74|0x0000000088e00000, 0x0000000088e00000, 0x0000000088f00000|  0%| F|  |TAMS 0x0000000088e00000, 0x0000000088e00000| Untracked 
|  75|0x0000000088f00000, 0x0000000088f00000, 0x0000000089000000|  0%| F|  |TAMS 0x0000000088f00000, 0x0000000088f00000| Untracked 
|  76|0x0000000089000000, 0x0000000089000000, 0x0000000089100000|  0%| F|  |TAMS 0x0000000089000000, 0x0000000089000000| Untracked 
|  77|0x0000000089100000, 0x0000000089100000, 0x0000000089200000|  0%| F|  |TAMS 0x0000000089100000, 0x0000000089100000| Untracked 
|  78|0x0000000089200000, 0x0000000089200000, 0x0000000089300000|  0%| F|  |TAMS 0x0000000089200000, 0x0000000089200000| Untracked 
|  79|0x0000000089300000, 0x0000000089300000, 0x0000000089400000|  0%| F|  |TAMS 0x0000000089300000, 0x0000000089300000| Untracked 
|  80|0x0000000089400000, 0x0000000089400000, 0x0000000089500000|  0%| F|  |TAMS 0x0000000089400000, 0x0000000089400000| Untracked 
|  81|0x0000000089500000, 0x0000000089500000, 0x0000000089600000|  0%| F|  |TAMS 0x0000000089500000, 0x0000000089500000| Untracked 
|  82|0x0000000089600000, 0x0000000089600000, 0x0000000089700000|  0%| F|  |TAMS 0x0000000089600000, 0x0000000089600000| Untracked 
|  83|0x0000000089700000, 0x0000000089700000, 0x0000000089800000|  0%| F|  |TAMS 0x0000000089700000, 0x0000000089700000| Untracked 
|  84|0x0000000089800000, 0x0000000089800000, 0x0000000089900000|  0%| F|  |TAMS 0x0000000089800000, 0x0000000089800000| Untracked 
|  85|0x0000000089900000, 0x0000000089900000, 0x0000000089a00000|  0%| F|  |TAMS 0x0000000089900000, 0x0000000089900000| Untracked 
|  86|0x0000000089a00000, 0x0000000089a00000, 0x0000000089b00000|  0%| F|  |TAMS 0x0000000089a00000, 0x0000000089a00000| Untracked 
|  87|0x0000000089b00000, 0x0000000089b00000, 0x0000000089c00000|  0%| F|  |TAMS 0x0000000089b00000, 0x0000000089b00000| Untracked 
|  88|0x0000000089c00000, 0x0000000089c00000, 0x0000000089d00000|  0%| F|  |TAMS 0x0000000089c00000, 0x0000000089c00000| Untracked 
|  89|0x0000000089d00000, 0x0000000089d00000, 0x0000000089e00000|  0%| F|  |TAMS 0x0000000089d00000, 0x0000000089d00000| Untracked 
|  90|0x0000000089e00000, 0x0000000089e00000, 0x0000000089f00000|  0%| F|  |TAMS 0x0000000089e00000, 0x0000000089e00000| Untracked 
|  91|0x0000000089f00000, 0x0000000089f00000, 0x000000008a000000|  0%| F|  |TAMS 0x0000000089f00000, 0x0000000089f00000| Untracked 
|  92|0x000000008a000000, 0x000000008a000000, 0x000000008a100000|  0%| F|  |TAMS 0x000000008a000000, 0x000000008a000000| Untracked 
|  93|0x000000008a100000, 0x000000008a100000, 0x000000008a200000|  0%| F|  |TAMS 0x000000008a100000, 0x000000008a100000| Untracked 
|  94|0x000000008a200000, 0x000000008a200000, 0x000000008a300000|  0%| F|  |TAMS 0x000000008a200000, 0x000000008a200000| Untracked 
|  95|0x000000008a300000, 0x000000008a300000, 0x000000008a400000|  0%| F|  |TAMS 0x000000008a300000, 0x000000008a300000| Untracked 
|  96|0x000000008a400000, 0x000000008a400000, 0x000000008a500000|  0%| F|  |TAMS 0x000000008a400000, 0x000000008a400000| Untracked 
|  97|0x000000008a500000, 0x000000008a500000, 0x000000008a600000|  0%| F|  |TAMS 0x000000008a500000, 0x000000008a500000| Untracked 
|  98|0x000000008a600000, 0x000000008a700000, 0x000000008a700000|100%| S|CS|TAMS 0x000000008a600000, 0x000000008a600000| Complete 
|  99|0x000000008a700000, 0x000000008a800000, 0x000000008a800000|100%| S|CS|TAMS 0x000000008a700000, 0x000000008a700000| Complete 
| 100|0x000000008a800000, 0x000000008a900000, 0x000000008a900000|100%| S|CS|TAMS 0x000000008a800000, 0x000000008a800000| Complete 
| 101|0x000000008a900000, 0x000000008a900000, 0x000000008aa00000|  0%| F|  |TAMS 0x000000008a900000, 0x000000008a900000| Untracked 
| 102|0x000000008aa00000, 0x000000008aa00000, 0x000000008ab00000|  0%| F|  |TAMS 0x000000008aa00000, 0x000000008aa00000| Untracked 
| 103|0x000000008ab00000, 0x000000008ab00000, 0x000000008ac00000|  0%| F|  |TAMS 0x000000008ab00000, 0x000000008ab00000| Untracked 
| 104|0x000000008ac00000, 0x000000008ac00000, 0x000000008ad00000|  0%| F|  |TAMS 0x000000008ac00000, 0x000000008ac00000| Untracked 
| 105|0x000000008ad00000, 0x000000008ad00000, 0x000000008ae00000|  0%| F|  |TAMS 0x000000008ad00000, 0x000000008ad00000| Untracked 
| 106|0x000000008ae00000, 0x000000008ae00000, 0x000000008af00000|  0%| F|  |TAMS 0x000000008ae00000, 0x000000008ae00000| Untracked 
| 107|0x000000008af00000, 0x000000008af00000, 0x000000008b000000|  0%| F|  |TAMS 0x000000008af00000, 0x000000008af00000| Untracked 
| 108|0x000000008b000000, 0x000000008b000000, 0x000000008b100000|  0%| F|  |TAMS 0x000000008b000000, 0x000000008b000000| Untracked 
| 109|0x000000008b100000, 0x000000008b100000, 0x000000008b200000|  0%| F|  |TAMS 0x000000008b100000, 0x000000008b100000| Untracked 
| 110|0x000000008b200000, 0x000000008b200000, 0x000000008b300000|  0%| F|  |TAMS 0x000000008b200000, 0x000000008b200000| Untracked 
| 111|0x000000008b300000, 0x000000008b300000, 0x000000008b400000|  0%| F|  |TAMS 0x000000008b300000, 0x000000008b300000| Untracked 
| 112|0x000000008b400000, 0x000000008b400000, 0x000000008b500000|  0%| F|  |TAMS 0x000000008b400000, 0x000000008b400000| Untracked 
| 113|0x000000008b500000, 0x000000008b500000, 0x000000008b600000|  0%| F|  |TAMS 0x000000008b500000, 0x000000008b500000| Untracked 
| 114|0x000000008b600000, 0x000000008b600000, 0x000000008b700000|  0%| F|  |TAMS 0x000000008b600000, 0x000000008b600000| Untracked 
| 115|0x000000008b700000, 0x000000008b700000, 0x000000008b800000|  0%| F|  |TAMS 0x000000008b700000, 0x000000008b700000| Untracked 
| 116|0x000000008b800000, 0x000000008b800000, 0x000000008b900000|  0%| F|  |TAMS 0x000000008b800000, 0x000000008b800000| Untracked 
| 117|0x000000008b900000, 0x000000008b900000, 0x000000008ba00000|  0%| F|  |TAMS 0x000000008b900000, 0x000000008b900000| Untracked 
| 118|0x000000008ba00000, 0x000000008ba00000, 0x000000008bb00000|  0%| F|  |TAMS 0x000000008ba00000, 0x000000008ba00000| Untracked 
| 119|0x000000008bb00000, 0x000000008bb00000, 0x000000008bc00000|  0%| F|  |TAMS 0x000000008bb00000, 0x000000008bb00000| Untracked 
| 120|0x000000008bc00000, 0x000000008bcefe28, 0x000000008bd00000| 93%| E|  |TAMS 0x000000008bc00000, 0x000000008bc00000| Complete 
| 121|0x000000008bd00000, 0x000000008be00000, 0x000000008be00000|100%| E|CS|TAMS 0x000000008bd00000, 0x000000008bd00000| Complete 
| 122|0x000000008be00000, 0x000000008bf00000, 0x000000008bf00000|100%| E|CS|TAMS 0x000000008be00000, 0x000000008be00000| Complete 
| 123|0x000000008bf00000, 0x000000008c000000, 0x000000008c000000|100%| E|CS|TAMS 0x000000008bf00000, 0x000000008bf00000| Complete 

Card table byte_map: [0x00000219fe510000,0x00000219fe8f0000] _byte_map_base: 0x00000219fe0ee000

Marking Bits (Prev, Next): (CMBitMap*) 0x00000219f471b0f0, (CMBitMap*) 0x00000219f471b130
 Prev Bits: [0x000002198f000000, 0x0000021990ef0000)
 Next Bits: [0x0000021990ef0000, 0x0000021992de0000)

Polling page: 0x00000219f47c0000

Metaspace:

Usage:
  Non-class:     15.20 MB used.
      Class:      2.04 MB used.
       Both:     17.24 MB used.

Virtual space:
  Non-class space:       16.00 MB reserved,      15.25 MB ( 95%) committed,  2 nodes.
      Class space:        1.00 GB reserved,       2.12 MB ( <1%) committed,  1 nodes.
             Both:        1.02 GB reserved,      17.38 MB (  2%) committed. 

Chunk freelists:
   Non-Class:  384.00 KB
       Class:  1.72 MB
        Both:  2.10 MB

MaxMetaspaceSize: unlimited
CompressedClassSpaceSize: 1.00 GB
Initial GC threshold: 21.00 MB
Current GC threshold: 21.00 MB
CDS: on
MetaspaceReclaimPolicy: balanced
 - commit_granule_bytes: 65536.
 - commit_granule_words: 8192.
 - virtual_space_node_default_size: 1048576.
 - enlarge_chunks_in_place: 1.
 - new_chunks_are_fully_committed: 0.
 - uncommit_free_chunks: 1.
 - use_allocation_guard: 0.
 - handle_deallocations: 1.


Internal statistics:

num_allocs_failed_limit: 0.
num_arena_births: 138.
num_arena_deaths: 0.
num_vsnodes_births: 3.
num_vsnodes_deaths: 0.
num_space_committed: 278.
num_space_uncommitted: 0.
num_chunks_returned_to_freelist: 0.
num_chunks_taken_from_freelist: 330.
num_chunk_merges: 0.
num_chunk_splits: 194.
num_chunks_enlarged: 104.
num_purges: 0.
num_inconsistent_stats: 0.

CodeHeap 'non-profiled nmethods': size=120000Kb used=606Kb max_used=606Kb free=119393Kb
 bounds [0x0000021987ad0000, 0x0000021987d40000, 0x000002198f000000]
CodeHeap 'profiled nmethods': size=120000Kb used=3073Kb max_used=3073Kb free=116926Kb
 bounds [0x00000219805a0000, 0x00000219808b0000, 0x0000021987ad0000]
CodeHeap 'non-nmethods': size=5760Kb used=1310Kb max_used=1330Kb free=4450Kb
 bounds [0x0000021980000000, 0x0000021980270000, 0x00000219805a0000]
 total_blobs=2327 nmethods=1701 adapters=538
 compilation: enabled
              stopped_count=0, restarted_count=0
 full_count=0

Compilation events (20 events):
Event: 0.777 Thread 0x00000219ff756060 1692       3       sun.util.locale.LanguageTag::parsePrivateuse (144 bytes)
Event: 0.777 Thread 0x00000219ff756060 nmethod 1692 0x0000021980897290 code [0x0000021980897580, 0x0000021980898548]
Event: 0.777 Thread 0x00000219ff756060 1699       3       java.util.Locale::equals (75 bytes)
Event: 0.777 Thread 0x00000219ff756060 nmethod 1699 0x0000021980898a90 code [0x0000021980898ca0, 0x0000021980899418]
Event: 0.777 Thread 0x00000219ff756060 1694       3       sun.util.locale.InternalLocaleBuilder::getBaseLocale (187 bytes)
Event: 0.778 Thread 0x00000219ff733190 1703       4       sun.util.locale.BaseLocale::hashCode (67 bytes)
Event: 0.778 Thread 0x00000219ff756060 nmethod 1694 0x0000021980899590 code [0x00000219808998a0, 0x000002198089a8d8]
Event: 0.778 Thread 0x00000219ff756060 1695       3       sun.util.locale.InternalLocaleBuilder::getLocaleExtensions (65 bytes)
Event: 0.778 Thread 0x00000219ff756060 nmethod 1695 0x000002198089af10 code [0x000002198089b140, 0x000002198089b9a8]
Event: 0.778 Thread 0x00000219ff756060 1693       3       sun.util.locale.InternalLocaleBuilder::setLanguageTag (173 bytes)
Event: 0.779 Thread 0x00000219ff756060 nmethod 1693 0x000002198089bb90 code [0x000002198089bf80, 0x000002198089db78]
Event: 0.779 Thread 0x00000219ff756060 1697       3       sun.util.locale.BaseLocale$Key::equals (109 bytes)
Event: 0.780 Thread 0x00000219ff756060 nmethod 1697 0x000002198089e290 code [0x000002198089e500, 0x000002198089f258]
Event: 0.780 Thread 0x00000219ff756060 1701       3       java.util.Locale::hasExtensions (13 bytes)
Event: 0.780 Thread 0x00000219ff756060 nmethod 1701 0x000002198089f510 code [0x000002198089f6a0, 0x000002198089f818]
Event: 0.780 Thread 0x00000219ff756060 1702       3       java.util.Locale::stripExtensions (20 bytes)
Event: 0.780 Thread 0x00000219ff756060 nmethod 1702 0x000002198089f890 code [0x000002198089fa40, 0x000002198089fcc8]
Event: 0.780 Thread 0x00000219ff756060 1700       3       sun.util.locale.BaseLocale::equals (71 bytes)
Event: 0.780 Thread 0x00000219ff756060 nmethod 1700 0x000002198089fd90 code [0x000002198089ff60, 0x00000219808a0458]
Event: 0.781 Thread 0x00000219969e5c40 nmethod 1687 0x0000021987b65c10 code [0x0000021987b65de0, 0x0000021987b666d8]

GC Heap History (2 events):
Event: 0.656 GC heap before
{Heap before GC invocations=0 (full 0):
 garbage-first heap   total 126976K, used 22528K [0x0000000084400000, 0x0000000100000000)
  region size 1024K, 23 young (23552K), 0 survivors (0K)
 Metaspace       used 14687K, committed 14912K, reserved 1064960K
  class space    used 1669K, committed 1792K, reserved 1048576K
}
Event: 0.663 GC heap after
{Heap after GC invocations=1 (full 0):
 garbage-first heap   total 126976K, used 5120K [0x0000000084400000, 0x0000000100000000)
  region size 1024K, 3 young (3072K), 3 survivors (3072K)
 Metaspace       used 14687K, committed 14912K, reserved 1064960K
  class space    used 1669K, committed 1792K, reserved 1048576K
}

Deoptimization events (20 events):
Event: 0.765 Thread 0x0000021995bb6150 Uncommon trap: trap_request=0xffffff45 fr.pc=0x0000021987af6638 relative=0x0000000000000038
Event: 0.765 Thread 0x0000021995bb6150 Uncommon trap: reason=unstable_if action=reinterpret pc=0x0000021987af6638 method=java.lang.StringLatin1.canEncode(I)Z @ 4 c2
Event: 0.765 Thread 0x0000021995bb6150 DEOPT PACKING pc=0x0000021987af6638 sp=0x0000001a3f0fe4c0
Event: 0.765 Thread 0x0000021995bb6150 DEOPT UNPACKING pc=0x0000021980055c23 sp=0x0000001a3f0fe450 mode 2
Event: 0.780 Thread 0x0000021995bb6150 Uncommon trap: trap_request=0xffffff45 fr.pc=0x0000021987b1939c relative=0x00000000000004fc
Event: 0.780 Thread 0x0000021995bb6150 Uncommon trap: reason=unstable_if action=reinterpret pc=0x0000021987b1939c method=java.lang.AbstractStringBuilder.putStringAt(ILjava/lang/String;II)V @ 8 c2
Event: 0.780 Thread 0x0000021995bb6150 DEOPT PACKING pc=0x0000021987b1939c sp=0x0000001a3f0fe220
Event: 0.780 Thread 0x0000021995bb6150 DEOPT UNPACKING pc=0x0000021980055c23 sp=0x0000001a3f0fe0b8 mode 2
Event: 0.780 Thread 0x0000021995bb6150 Uncommon trap: trap_request=0xffffff45 fr.pc=0x0000021987b18288 relative=0x00000000000004e8
Event: 0.780 Thread 0x0000021995bb6150 Uncommon trap: reason=unstable_if action=reinterpret pc=0x0000021987b18288 method=java.lang.AbstractStringBuilder.putStringAt(ILjava/lang/String;II)V @ 8 c2
Event: 0.780 Thread 0x0000021995bb6150 DEOPT PACKING pc=0x0000021987b18288 sp=0x0000001a3f0fe1c0
Event: 0.780 Thread 0x0000021995bb6150 DEOPT UNPACKING pc=0x0000021980055c23 sp=0x0000001a3f0fe0b0 mode 2
Event: 0.780 Thread 0x0000021995bb6150 Uncommon trap: trap_request=0xffffff45 fr.pc=0x0000021987b18af4 relative=0x0000000000000154
Event: 0.780 Thread 0x0000021995bb6150 Uncommon trap: reason=unstable_if action=reinterpret pc=0x0000021987b18af4 method=java.lang.AbstractStringBuilder.putStringAt(ILjava/lang/String;II)V @ 8 c2
Event: 0.780 Thread 0x0000021995bb6150 DEOPT PACKING pc=0x0000021987b18af4 sp=0x0000001a3f0fe170
Event: 0.780 Thread 0x0000021995bb6150 DEOPT UNPACKING pc=0x0000021980055c23 sp=0x0000001a3f0fe0b8 mode 2
Event: 0.780 Thread 0x0000021995bb6150 Uncommon trap: trap_request=0xffffff45 fr.pc=0x0000021987b41cb8 relative=0x0000000000000418
Event: 0.780 Thread 0x0000021995bb6150 Uncommon trap: reason=unstable_if action=reinterpret pc=0x0000021987b41cb8 method=java.lang.AbstractStringBuilder.isLatin1()Z @ 10 c2
Event: 0.780 Thread 0x0000021995bb6150 DEOPT PACKING pc=0x0000021987b41cb8 sp=0x0000001a3f0fe240
Event: 0.780 Thread 0x0000021995bb6150 DEOPT UNPACKING pc=0x0000021980055c23 sp=0x0000001a3f0fe1c0 mode 2

Classes unloaded (0 events):
No events

Classes redefined (0 events):
No events

Internal exceptions (20 events):
Event: 0.209 Thread 0x00000219f467e7a0 Exception <a 'java/lang/ClassNotFoundException'{0x000000008ba15f80}: Tree> (0x000000008ba15f80) 
thrown [t:\workspace\open\src\hotspot\share\classfile\systemDictionary.cpp, line 256]
Event: 0.209 Thread 0x00000219f467e7a0 Exception <a 'java/lang/ClassNotFoundException'{0x000000008ba16478}: Tree> (0x000000008ba16478) 
thrown [t:\workspace\open\src\hotspot\share\classfile\systemDictionary.cpp, line 256]
Event: 0.209 Thread 0x00000219f467e7a0 Exception <a 'java/lang/ClassNotFoundException'{0x000000008ba167e8}: javax/swing/JTreeCell> (0x000000008ba167e8) 
thrown [t:\workspace\open\src\hotspot\share\classfile\systemDictionary.cpp, line 256]
Event: 0.209 Thread 0x00000219f467e7a0 Exception <a 'java/lang/ClassNotFoundException'{0x000000008ba16ae8}: TreeCell> (0x000000008ba16ae8) 
thrown [t:\workspace\open\src\hotspot\share\classfile\systemDictionary.cpp, line 256]
Event: 0.209 Thread 0x00000219f467e7a0 Exception <a 'java/lang/ClassNotFoundException'{0x000000008ba172a8}: RootPane> (0x000000008ba172a8) 
thrown [t:\workspace\open\src\hotspot\share\classfile\systemDictionary.cpp, line 256]
Event: 0.210 Thread 0x00000219f467e7a0 Exception <a 'java/lang/ClassNotFoundException'{0x000000008ba1a0f8}: com/sun/swing/internal/plaf/metal/resources/spi/metalProvider> (0x000000008ba1a0f8) 
thrown [t:\workspace\open\src\hotspot\share\classfile\systemDictionary.cpp, line 256]
Event: 0.211 Thread 0x00000219f467e7a0 Exception <a 'java/lang/ClassNotFoundException'{0x000000008ba1dcf8}: com/sun/swing/internal/plaf/basic/resources/spi/basicProvider> (0x000000008ba1dcf8) 
thrown [t:\workspace\open\src\hotspot\share\classfile\systemDictionary.cpp, line 256]
Event: 0.224 Thread 0x0000021995bb6150 Exception <a 'java/lang/ClassNotFoundException'{0x000000008b900fe0}: com/sun/swing/internal/plaf/synth/resources/spi/synthProvider> (0x000000008b900fe0) 
thrown [t:\workspace\open\src\hotspot\share\classfile\systemDictionary.cpp, line 256]
Event: 0.303 Thread 0x0000021995bb6150 Exception <a 'java/lang/NoSuchMethodError'{0x000000008b6156d0}: 'java.lang.Object java.lang.invoke.DirectMethodHandle$Holder.invokeInterface(java.lang.Object, java.lang.Object)'> (0x000000008b6156d0) 
thrown [t:\workspace\open\src\hotspot\share\interpreter\linkResolver.cpp, line 766]
Event: 0.334 Thread 0x0000021995bb6150 Exception <a 'java/lang/NoSuchMethodError'{0x000000008b520fc0}: 'void java.lang.invoke.DirectMethodHandle$Holder.invokeStatic(java.lang.Object, java.lang.Object, java.lang.Object)'> (0x000000008b520fc0) 
thrown [t:\workspace\open\src\hotspot\share\interpreter\linkResolver.cpp, line 766]
Event: 0.336 Thread 0x0000021995bb6150 Exception <a 'java/lang/NoSuchMethodError'{0x000000008b540af8}: 'java.lang.Object java.lang.invoke.DirectMethodHandle$Holder.invokeVirtual(java.lang.Object, java.lang.Object, java.lang.Object)'> (0x000000008b540af8) 
thrown [t:\workspace\open\src\hotspot\share\interpreter\linkResolver.cpp, line 766]
Event: 0.385 Thread 0x0000021995bb6150 Exception <a 'java/lang/NoSuchMethodError'{0x000000008b3df430}: 'void java.lang.invoke.DirectMethodHandle$Holder.invokeStatic(java.lang.Object, java.lang.Object)'> (0x000000008b3df430) 
thrown [t:\workspace\open\src\hotspot\share\interpreter\linkResolver.cpp, line 766]
Event: 0.476 Thread 0x0000021995bb6150 Exception <a 'sun/nio/fs/WindowsException'{0x000000008ad51ee0}> (0x000000008ad51ee0) 
thrown [t:\workspace\open\src\hotspot\share\prims\jni.cpp, line 516]
Event: 0.487 Thread 0x0000021995bb6150 Exception <a 'java/lang/NoSuchMethodError'{0x000000008ad78b30}: 'int java.lang.invoke.DirectMethodHandle$Holder.invokeStaticInit(java.lang.Object, java.lang.Object, java.lang.Object, java.lang.Object)'> (0x000000008ad78b30) 
thrown [t:\workspace\open\src\hotspot\share\interpreter\linkResolver.cpp, line 766]
Event: 0.488 Thread 0x0000021995bb6150 Exception <a 'java/lang/IncompatibleClassChangeError'{0x000000008ad82280}: Found class java.lang.Object, but interface was expected> (0x000000008ad82280) 
thrown [t:\workspace\open\src\hotspot\share\interpreter\linkResolver.cpp, line 833]
Event: 0.488 Thread 0x0000021995bb6150 Exception <a 'java/lang/NoSuchMethodError'{0x000000008ad85538}: 'void java.lang.invoke.DirectMethodHandle$Holder.invokeStaticInit(java.lang.Object, java.lang.Object)'> (0x000000008ad85538) 
thrown [t:\workspace\open\src\hotspot\share\interpreter\linkResolver.cpp, line 766]
Event: 0.488 Thread 0x0000021995bb6150 Exception <a 'java/lang/NoSuchMethodError'{0x000000008ad8b320}: 'int java.lang.invoke.DirectMethodHandle$Holder.invokeStaticInit(java.lang.Object, java.lang.Object)'> (0x000000008ad8b320) 
thrown [t:\workspace\open\src\hotspot\share\interpreter\linkResolver.cpp, line 766]
Event: 0.511 Thread 0x0000021995bb6150 Exception <a 'java/lang/NoSuchMethodError'{0x000000008ab604e0}: 'java.lang.Object java.lang.invoke.DirectMethodHandle$Holder.invokeStaticInit(java.lang.Object, int, int, int, int)'> (0x000000008ab604e0) 
thrown [t:\workspace\open\src\hotspot\share\interpreter\linkResolver.cpp, line 766]
Event: 0.593 Thread 0x0000021995bb6150 Exception <a 'java/lang/NoSuchMethodError'{0x000000008aa0cbf0}: 'java.lang.Object java.lang.invoke.DirectMethodHandle$Holder.invokeStaticInit(java.lang.Object, java.lang.Object, int, int, int, int)'> (0x000000008aa0cbf0) 
thrown [t:\workspace\open\src\hotspot\share\interpreter\linkResolver.cpp, line 766]
Event: 0.643 Thread 0x0000021995bb6150 Implicit null exception at 0x0000021987b42ee8 to 0x0000021987b43068

VM Operations (20 events):
Event: 0.058 Executing VM operation: HandshakeAllThreads
Event: 0.058 Executing VM operation: HandshakeAllThreads done
Event: 0.196 Executing VM operation: HandshakeAllThreads
Event: 0.196 Executing VM operation: HandshakeAllThreads done
Event: 0.243 Executing VM operation: HandshakeAllThreads
Event: 0.243 Executing VM operation: HandshakeAllThreads done
Event: 0.314 Executing VM operation: HandshakeAllThreads
Event: 0.314 Executing VM operation: HandshakeAllThreads done
Event: 0.375 Executing VM operation: HandshakeAllThreads
Event: 0.375 Executing VM operation: HandshakeAllThreads done
Event: 0.424 Executing VM operation: HandshakeAllThreads
Event: 0.424 Executing VM operation: HandshakeAllThreads done
Event: 0.479 Executing VM operation: ICBufferFull
Event: 0.479 Executing VM operation: ICBufferFull done
Event: 0.482 Executing VM operation: HandshakeAllThreads
Event: 0.482 Executing VM operation: HandshakeAllThreads done
Event: 0.655 Executing VM operation: G1CollectForAllocation
Event: 0.663 Executing VM operation: G1CollectForAllocation done
Event: 0.764 Executing VM operation: HandshakeAllThreads
Event: 0.764 Executing VM operation: HandshakeAllThreads done

Events (20 events):
Event: 0.781 loading class javax/swing/text/NavigationFilter$FilterBypass done
Event: 0.781 loading class javax/swing/text/DefaultCaret$DefaultFilterBypass done
Event: 0.781 loading class java/text/FieldPosition$Delegate
Event: 0.781 loading class java/text/FieldPosition$Delegate done
Event: 0.781 loading class javax/swing/text/GapContent$InsertUndo
Event: 0.781 loading class javax/swing/undo/AbstractUndoableEdit
Event: 0.781 loading class javax/swing/undo/UndoableEdit
Event: 0.781 loading class javax/swing/undo/UndoableEdit done
Event: 0.781 loading class javax/swing/undo/AbstractUndoableEdit done
Event: 0.781 loading class javax/swing/text/GapContent$InsertUndo done
Event: 0.781 loading class javax/swing/text/AbstractDocument$DefaultDocumentEvent
Event: 0.781 loading class javax/swing/event/DocumentEvent
Event: 0.781 loading class javax/swing/event/DocumentEvent done
Event: 0.781 loading class javax/swing/undo/CompoundEdit
Event: 0.781 loading class javax/swing/undo/CompoundEdit done
Event: 0.781 loading class javax/swing/text/AbstractDocument$DefaultDocumentEvent done
Event: 0.781 loading class javax/swing/event/DocumentEvent$EventType
Event: 0.781 loading class javax/swing/event/DocumentEvent$EventType done
Event: 0.781 loading class javax/swing/text/Segment
Event: 0.781 loading class java/text/CharacterIterator


Dynamic libraries:
0x00007ff641e40000 - 0x00007ff641e50000 	C:\Program Files\Java\jdk-17.0.1\bin\java.exe
0x00007ffb2e8c0000 - 0x00007ffb2eac9000 	C:\WINDOWS\SYSTEM32\ntdll.dll
0x00007ffb2c740000 - 0x00007ffb2c7fe000 	C:\WINDOWS\System32\KERNEL32.DLL
0x00007ffb2beb0000 - 0x00007ffb2c22b000 	C:\WINDOWS\System32\KERNELBASE.dll
0x00007ffb2c490000 - 0x00007ffb2c5a1000 	C:\WINDOWS\System32\ucrtbase.dll
0x00007ffb24c80000 - 0x00007ffb24c9a000 	C:\Program Files\Java\jdk-17.0.1\bin\VCRUNTIME140.dll
0x00007ffb24910000 - 0x00007ffb24928000 	C:\Program Files\Java\jdk-17.0.1\bin\jli.dll
0x00007ffb2c990000 - 0x00007ffb2ca3e000 	C:\WINDOWS\System32\ADVAPI32.dll
0x00007ffb2e220000 - 0x00007ffb2e2c3000 	C:\WINDOWS\System32\msvcrt.dll
0x00007ffb2c870000 - 0x00007ffb2c90e000 	C:\WINDOWS\System32\sechost.dll
0x00007ffb2cc40000 - 0x00007ffb2cd60000 	C:\WINDOWS\System32\RPCRT4.dll
0x00007ffb2ce50000 - 0x00007ffb2cffd000 	C:\WINDOWS\System32\USER32.dll
0x00007ffaf9fd0000 - 0x00007ffafa275000 	C:\WINDOWS\WinSxS\amd64_microsoft.windows.common-controls_6595b64144ccf1df_6.0.22000.120_none_9d947278b86cc467\COMCTL32.dll
0x00007ffb2c460000 - 0x00007ffb2c486000 	C:\WINDOWS\System32\win32u.dll
0x00007ffb2e2d0000 - 0x00007ffb2e2f9000 	C:\WINDOWS\System32\GDI32.dll
0x00007ffb2bd90000 - 0x00007ffb2bea8000 	C:\WINDOWS\System32\gdi32full.dll
0x00007ffb2c5b0000 - 0x00007ffb2c64d000 	C:\WINDOWS\System32\msvcp_win.dll
0x00007ffb1efd0000 - 0x00007ffb1efda000 	C:\WINDOWS\SYSTEM32\VERSION.dll
0x00007ffb2ca40000 - 0x00007ffb2ca72000 	C:\WINDOWS\System32\IMM32.DLL
0x00007ffb276c0000 - 0x00007ffb276cc000 	C:\Program Files\Java\jdk-17.0.1\bin\vcruntime140_1.dll
0x00007ffb16ed0000 - 0x00007ffb16f5d000 	C:\Program Files\Java\jdk-17.0.1\bin\msvcp140.dll
0x00007ffab1b50000 - 0x00007ffab270e000 	C:\Program Files\Java\jdk-17.0.1\bin\server\jvm.dll
0x00007ffb2e300000 - 0x00007ffb2e308000 	C:\WINDOWS\System32\PSAPI.DLL
0x00007ffb1f070000 - 0x00007ffb1f079000 	C:\WINDOWS\SYSTEM32\WSOCK32.dll
0x00007ffb24310000 - 0x00007ffb24343000 	C:\WINDOWS\SYSTEM32\WINMM.dll
0x00007ffb2d660000 - 0x00007ffb2d6cf000 	C:\WINDOWS\System32\WS2_32.dll
0x00007ffb2ae90000 - 0x00007ffb2aea8000 	C:\WINDOWS\SYSTEM32\kernel.appcore.dll
0x00007ffb1df30000 - 0x00007ffb1df3a000 	C:\Program Files\Java\jdk-17.0.1\bin\jimage.dll
0x00007ffb29940000 - 0x00007ffb29b61000 	C:\WINDOWS\SYSTEM32\DBGHELP.DLL
0x00007ffb15660000 - 0x00007ffb15691000 	C:\WINDOWS\SYSTEM32\dbgcore.DLL
0x00007ffb2c650000 - 0x00007ffb2c6cf000 	C:\WINDOWS\System32\bcryptPrimitives.dll
0x00007ffb1a560000 - 0x00007ffb1a585000 	C:\Program Files\Java\jdk-17.0.1\bin\java.dll
0x00007ffb025e0000 - 0x00007ffb026b6000 	C:\Program Files\Java\jdk-17.0.1\bin\svml.dll
0x00007ffb2da60000 - 0x00007ffb2e218000 	C:\WINDOWS\System32\SHELL32.dll
0x00007ffb29e80000 - 0x00007ffb2a6e5000 	C:\WINDOWS\SYSTEM32\windows.storage.dll
0x00007ffb2d6d0000 - 0x00007ffb2da48000 	C:\WINDOWS\System32\combase.dll
0x00007ffb29d10000 - 0x00007ffb29e76000 	C:\WINDOWS\SYSTEM32\wintypes.dll
0x00007ffb2d000000 - 0x00007ffb2d0ea000 	C:\WINDOWS\System32\SHCORE.dll
0x00007ffb2d600000 - 0x00007ffb2d65d000 	C:\WINDOWS\System32\shlwapi.dll
0x00007ffb2bcc0000 - 0x00007ffb2bce1000 	C:\WINDOWS\SYSTEM32\profapi.dll
0x00007ffb1a460000 - 0x00007ffb1a479000 	C:\Program Files\Java\jdk-17.0.1\bin\net.dll
0x00007ffb24100000 - 0x00007ffb24214000 	C:\WINDOWS\SYSTEM32\WINHTTP.dll
0x00007ffb2b3a0000 - 0x00007ffb2b407000 	C:\WINDOWS\system32\mswsock.dll
0x00007ffb183a0000 - 0x00007ffb183b5000 	C:\Program Files\Java\jdk-17.0.1\bin\nio.dll
0x00007ffb17f30000 - 0x00007ffb17f48000 	C:\Program Files\Java\jdk-17.0.1\bin\zip.dll
0x00007ffb002b0000 - 0x00007ffb0043f000 	C:\Program Files\Java\jdk-17.0.1\bin\awt.dll
0x00007ffb2e430000 - 0x00007ffb2e506000 	C:\WINDOWS\System32\OLEAUT32.dll
0x00007ffb28f60000 - 0x00007ffb28ff2000 	C:\WINDOWS\SYSTEM32\apphelp.dll
0x00007ffb29020000 - 0x00007ffb290cc000 	C:\WINDOWS\system32\uxtheme.dll
0x00007ffb2e310000 - 0x00007ffb2e42d000 	C:\WINDOWS\System32\MSCTF.dll
0x00007ffb2e5f0000 - 0x00007ffb2e78a000 	C:\WINDOWS\System32\ole32.dll
0x00007ffb29360000 - 0x00007ffb2938f000 	C:\WINDOWS\system32\DWMAPI.DLL
0x00007ffb16160000 - 0x00007ffb161e9000 	C:\Program Files\Java\jdk-17.0.1\bin\freetype.dll
0x00007ffb00700000 - 0x00007ffb007a8000 	C:\Program Files\Java\jdk-17.0.1\bin\fontmanager.dll
0x00007ffb11d00000 - 0x00007ffb11e01000 	C:\WINDOWS\system32\opengl32.dll
0x00007ffb12d10000 - 0x00007ffb12d3d000 	C:\WINDOWS\SYSTEM32\GLU32.dll
0x00007ffb29100000 - 0x00007ffb29138000 	C:\WINDOWS\SYSTEM32\dxcore.dll
0x00007ffb2a960000 - 0x00007ffb2aa48000 	C:\WINDOWS\SYSTEM32\DNSAPI.dll
0x00007ffb2a930000 - 0x00007ffb2a95d000 	C:\WINDOWS\SYSTEM32\IPHLPAPI.DLL
0x00007ffb2d580000 - 0x00007ffb2d589000 	C:\WINDOWS\System32\NSI.dll
0x00007ffb21350000 - 0x00007ffb2135a000 	C:\Windows\System32\rasadhlp.dll
0x00007ffb213a0000 - 0x00007ffb21421000 	C:\WINDOWS\System32\fwpuclnt.dll
0x00007ffb2b5e0000 - 0x00007ffb2b5f8000 	C:\WINDOWS\SYSTEM32\CRYPTSP.dll
0x00007ffb2ade0000 - 0x00007ffb2ae15000 	C:\WINDOWS\system32\rsaenh.dll
0x00007ffb2b490000 - 0x00007ffb2b4b9000 	C:\WINDOWS\SYSTEM32\USERENV.dll
0x00007ffb2b770000 - 0x00007ffb2b797000 	C:\WINDOWS\SYSTEM32\bcrypt.dll
0x00007ffb2b600000 - 0x00007ffb2b60c000 	C:\WINDOWS\SYSTEM32\CRYPTBASE.dll
0x00007ffb23c00000 - 0x00007ffb23c19000 	C:\WINDOWS\SYSTEM32\dhcpcsvc6.DLL
0x00007ffb24350000 - 0x00007ffb2436e000 	C:\WINDOWS\SYSTEM32\dhcpcsvc.DLL
0x00007ffb1df60000 - 0x00007ffb1df6e000 	C:\Program Files\Java\jdk-17.0.1\bin\sunmscapi.dll
0x00007ffb2c2f0000 - 0x00007ffb2c452000 	C:\WINDOWS\System32\CRYPT32.dll
0x00007ffb2b740000 - 0x00007ffb2b768000 	C:\WINDOWS\SYSTEM32\ncrypt.dll
0x00007ffb2b700000 - 0x00007ffb2b737000 	C:\WINDOWS\SYSTEM32\NTASN1.dll
0x00007ffb1dcc0000 - 0x00007ffb1dcd0000 	C:\Program Files\Java\jdk-17.0.1\bin\verify.dll

dbghelp: loaded successfully - version: 4.0.5 - missing functions: none
symbol engine: initialized successfully - sym options: 0x614 - pdb path: .;C:\Program Files\Java\jdk-17.0.1\bin;C:\WINDOWS\SYSTEM32;C:\WINDOWS\WinSxS\amd64_microsoft.windows.common-controls_6595b64144ccf1df_6.0.22000.120_none_9d947278b86cc467;C:\Program Files\Java\jdk-17.0.1\bin\server

VM Arguments:
jvm_args: -Dfile.encoding=UTF-8 --module-path=C:\Users\DELL\Documents\ASMALIGE\asm_Duan1\build\classes 
java_command: da1.ui.TimVe1
java_class_path (initial): D:\eage\mysql-connector-java-8.0.13.jar;D:\eage\sqljdbc4-3.0.jar;C:\Users\DELL\Desktop\jcalendar-1.4.jar;C:\Users\DELL\Documents\ASMALIGE\asm_Duan1\build\classes
Launcher Type: SUN_STANDARD

[Global flags]
     intx CICompilerCount                          = 4                                         {product} {ergonomic}
     uint ConcGCThreads                            = 2                                         {product} {ergonomic}
     uint G1ConcRefinementThreads                  = 8                                         {product} {ergonomic}
   size_t G1HeapRegionSize                         = 1048576                                   {product} {ergonomic}
    uintx GCDrainStackTargetSize                   = 64                                        {product} {ergonomic}
   size_t InitialHeapSize                          = 130023424                                 {product} {ergonomic}
   size_t MarkStackSize                            = 4194304                                   {product} {ergonomic}
   size_t MaxHeapSize                              = 2076180480                                {product} {ergonomic}
   size_t MaxNewSize                               = 1245708288                                {product} {ergonomic}
   size_t MinHeapDeltaBytes                        = 1048576                                   {product} {ergonomic}
   size_t MinHeapSize                              = 8388608                                   {product} {ergonomic}
    uintx NonNMethodCodeHeapSize                   = 5839372                                {pd product} {ergonomic}
    uintx NonProfiledCodeHeapSize                  = 122909434                              {pd product} {ergonomic}
    uintx ProfiledCodeHeapSize                     = 122909434                              {pd product} {ergonomic}
    uintx ReservedCodeCacheSize                    = 251658240                              {pd product} {ergonomic}
     bool SegmentedCodeCache                       = true                                      {product} {ergonomic}
   size_t SoftMaxHeapSize                          = 2076180480                             {manageable} {ergonomic}
     bool UseCompressedClassPointers               = true                           {product lp64_product} {ergonomic}
     bool UseCompressedOops                        = true                           {product lp64_product} {ergonomic}
     bool UseG1GC                                  = true                                      {product} {ergonomic}
     bool UseLargePagesIndividualAllocation        = false                                  {pd product} {ergonomic}

Logging:
Log output configuration:
 #0: stdout all=warning uptime,level,tags
 #1: stderr all=off uptime,level,tags

Environment Variables:
PATH=C:\Program Files\Common Files\Oracle\Java\javapath;C:\Program Files (x86)\Common Files\Oracle\Java\javapath;C:\WINDOWS\system32;C:\WINDOWS;C:\WINDOWS\System32\Wbem;C:\WINDOWS\System32\WindowsPowerShell\v1.0\;C:\WINDOWS\System32\OpenSSH\;C:\Program Files\Microsoft SQL Server\Client SDK\ODBC\170\Tools\Binn\;C:\Program Files (x86)\Microsoft SQL Server\150\Tools\Binn\;C:\Program Files\Microsoft SQL Server\150\Tools\Binn\;C:\Program Files\Microsoft SQL Server\150\DTS\Binn\;D:\ducpham\Git\cmd;C:\Program Files\dotnet\;C:\Program Files\Azure Data Studio\bin;C:\Users\DELL\AppData\Local\Microsoft\WindowsApps;C:\Users\DELL\AppData\Local\Programs\Microsoft VS Code\bin;C:\Program Files\Azure Data Studio\bin;
USERNAME=DELL
OS=Windows_NT
PROCESSOR_IDENTIFIER=Intel64 Family 6 Model 140 Stepping 1, GenuineIntel



---------------  S Y S T E M  ---------------

OS:
 Windows 10 , 64 bit Build 22000 (10.0.22000.1219)
OS uptime: 6 days 22:07 hours

CPU: total 8 (initial active 8) (4 cores per cpu, 2 threads per core) family 6 model 140 stepping 1 microcode 0xa4, cx8, cmov, fxsr, ht, mmx, 3dnowpref, sse, sse2, sse3, ssse3, sse4.1, sse4.2, popcnt, lzcnt, tsc, tscinvbit, avx, avx2, aes, erms, clmul, bmi1, bmi2, adx, avx512f, avx512dq, avx512cd, avx512bw, avx512vl, sha, fma, vzeroupper, avx512_vpopcntdq, avx512_vpclmulqdq, avx512_vaes, avx512_vnni, clflush, clflushopt, clwb, avx512_vbmi2, avx512_vbmi

Memory: 4k page, system-wide physical 7914M (956M free)
TotalPageFile size 10914M (AvailPageFile size 4M)
current process WorkingSet (physical memory assigned to process): 101M, peak: 101M
current process commit charge ("private bytes"): 240M, peak: 240M

vm_info: Java HotSpot(TM) 64-Bit Server VM (17.0.1+12-LTS-39) for windows-amd64 JRE (17.0.1+12-LTS-39), built on Sep 27 2021 18:41:35 by "mach5one" with MS VC++ 16.8 (VS2019)

END.
