#
# There is insufficient memory for the Java Runtime Environment to continue.
# Native memory allocation (malloc) failed to allocate 335216 bytes for Chunk::new
# Possible reasons:
#   The system is out of physical RAM or swap space
#   The process is running with CompressedOops enabled, and the Java Heap may be blocking the growth of the native heap
# Possible solutions:
#   Reduce memory load on the system
#   Increase physical memory or swap space
#   Check if swap backing store is full
#   Decrease Java heap size (-Xmx/-Xms)
#   Decrease number of Java threads
#   Decrease Java thread stack sizes (-Xss)
#   Set larger code cache with -XX:ReservedCodeCacheSize=
#   JVM is running with Unscaled Compressed Oops mode in which the Java heap is
#     placed in the first 4GB address space. The Java Heap base address is the
#     maximum limit for the native heap growth. Please use -XX:HeapBaseMinAddress
#     to set the Java Heap base and to place the Java Heap above 4GB virtual address.
# This output file may be truncated or incomplete.
#
#  Out of Memory Error (arena.cpp:189), pid=4608, tid=3568
#
# JRE version: Java(TM) SE Runtime Environment (17.0.1+12) (build 17.0.1+12-LTS-39)
# Java VM: Java HotSpot(TM) 64-Bit Server VM (17.0.1+12-LTS-39, mixed mode, sharing, tiered, compressed oops, compressed class ptrs, g1 gc, windows-amd64)
# No core dump will be written. Minidumps are not enabled by default on client versions of Windows
#

---------------  S U M M A R Y ------------

Command Line: -Dfile.encoding=UTF-8 --module-path=C:\Users\DELL\Documents\ASMALIGE\asm_Duan1\build\classes da1.ui.TrangChu

Host: 11th Gen Intel(R) Core(TM) i5-1135G7 @ 2.40GHz, 8 cores, 7G,  Windows 10 , 64 bit Build 22000 (10.0.22000.1219)
Time: Mon Nov 21 20:18:46 2022 SE Asia Standard Time elapsed time: 31.664075 seconds (0d 0h 0m 31s)

---------------  T H R E A D  ---------------

Current thread (0x000001a26ee64690):  JavaThread "C2 CompilerThread0" daemon [_thread_in_native, id=3568, stack(0x000000539f500000,0x000000539f600000)]


Current CompileTask:
C2:  31664 4334       4       javax.swing.GroupLayout$Group::calculateSize (107 bytes)

Stack: [0x000000539f500000,0x000000539f600000]
Native frames: (J=compiled Java code, j=interpreted, Vv=VM code, C=native code)
V  [jvm.dll+0x66fa1a]
V  [jvm.dll+0x7ce5a4]
V  [jvm.dll+0x7cfd4e]
V  [jvm.dll+0x7d03b3]
V  [jvm.dll+0x242b05]
V  [jvm.dll+0xaa05b]
V  [jvm.dll+0xaa5ec]
V  [jvm.dll+0x2a953f]
V  [jvm.dll+0x5785a9]
V  [jvm.dll+0x21dd7d]
V  [jvm.dll+0x21e15f]
V  [jvm.dll+0x217a2a]
V  [jvm.dll+0x214f05]
V  [jvm.dll+0x1a168d]
V  [jvm.dll+0x224848]
V  [jvm.dll+0x2229ac]
V  [jvm.dll+0x78435b]
V  [jvm.dll+0x77e91a]
V  [jvm.dll+0x66e845]
C  [ucrtbase.dll+0x26c0c]
C  [KERNEL32.DLL+0x15550]
C  [ntdll.dll+0x485b]


---------------  P R O C E S S  ---------------

Threads class SMR info:
_java_thread_list=0x000001a272267aa0, length=18, elements={
0x000001a26ee491b0, 0x000001a26ee49b60, 0x000001a26ee5dc90, 0x000001a26ee5e640,
0x000001a26ee5eff0, 0x000001a26ee5f9a0, 0x000001a26ee64690, 0x000001a26ee67090,
0x000001a26ee7a800, 0x000001a26ee35f00, 0x000001a26f929550, 0x000001a26faf39c0,
0x000001a26faf3e90, 0x000001a26faf4360, 0x000001a26fb71a60, 0x000001a24f0306e0,
0x000001a2709d9490, 0x000001a270e33530
}

Java Threads: ( => current thread )
  0x000001a26ee491b0 JavaThread "Reference Handler" daemon [_thread_blocked, id=6344, stack(0x000000539ef00000,0x000000539f000000)]
  0x000001a26ee49b60 JavaThread "Finalizer" daemon [_thread_blocked, id=2680, stack(0x000000539f000000,0x000000539f100000)]
  0x000001a26ee5dc90 JavaThread "Signal Dispatcher" daemon [_thread_blocked, id=13900, stack(0x000000539f100000,0x000000539f200000)]
  0x000001a26ee5e640 JavaThread "Attach Listener" daemon [_thread_blocked, id=16856, stack(0x000000539f200000,0x000000539f300000)]
  0x000001a26ee5eff0 JavaThread "Service Thread" daemon [_thread_blocked, id=16020, stack(0x000000539f300000,0x000000539f400000)]
  0x000001a26ee5f9a0 JavaThread "Monitor Deflation Thread" daemon [_thread_blocked, id=8380, stack(0x000000539f400000,0x000000539f500000)]
=>0x000001a26ee64690 JavaThread "C2 CompilerThread0" daemon [_thread_in_native, id=3568, stack(0x000000539f500000,0x000000539f600000)]
  0x000001a26ee67090 JavaThread "C1 CompilerThread0" daemon [_thread_blocked, id=12280, stack(0x000000539f600000,0x000000539f700000)]
  0x000001a26ee7a800 JavaThread "Sweeper thread" daemon [_thread_blocked, id=14592, stack(0x000000539f700000,0x000000539f800000)]
  0x000001a26ee35f00 JavaThread "Common-Cleaner" daemon [_thread_blocked, id=8348, stack(0x000000539f800000,0x000000539f900000)]
  0x000001a26f929550 JavaThread "Notification Thread" daemon [_thread_blocked, id=5620, stack(0x000000539f900000,0x000000539fa00000)]
  0x000001a26faf39c0 JavaThread "Java2D Disposer" daemon [_thread_blocked, id=13480, stack(0x000000539fc00000,0x000000539fd00000)]
  0x000001a26faf3e90 JavaThread "AWT-Shutdown" [_thread_blocked, id=8168, stack(0x000000539fd00000,0x000000539fe00000)]
  0x000001a26faf4360 JavaThread "AWT-Windows" daemon [_thread_in_native, id=3576, stack(0x000000539fe00000,0x000000539ff00000)]
  0x000001a26fb71a60 JavaThread "AWT-EventQueue-0" [_thread_blocked, id=8164, stack(0x000000539ff00000,0x00000053a0000000)]
  0x000001a24f0306e0 JavaThread "DestroyJavaVM" [_thread_blocked, id=16664, stack(0x000000539e800000,0x000000539e900000)]
  0x000001a2709d9490 JavaThread "Abandoned connection cleanup thread" daemon [_thread_blocked, id=8968, stack(0x00000053a0000000,0x00000053a0100000)]
  0x000001a270e33530 JavaThread "TimerQueue" daemon [_thread_blocked, id=2176, stack(0x00000053a0d00000,0x00000053a0e00000)]

Other Threads:
  0x000001a26ee45820 VMThread "VM Thread" [stack: 0x000000539ee00000,0x000000539ef00000] [id=11308]
  0x000001a24f0872e0 WatcherThread [stack: 0x000000539fa00000,0x000000539fb00000] [id=14736]
  0x000001a24f06e650 GCTaskThread "GC Thread#0" [stack: 0x000000539e900000,0x000000539ea00000] [id=10956]
  0x000001a270db5760 GCTaskThread "GC Thread#1" [stack: 0x00000053a0200000,0x00000053a0300000] [id=5616]
  0x000001a270db5a10 GCTaskThread "GC Thread#2" [stack: 0x00000053a0300000,0x00000053a0400000] [id=3248]
  0x000001a270db5cc0 GCTaskThread "GC Thread#3" [stack: 0x00000053a0400000,0x00000053a0500000] [id=1148]
  0x000001a270db5f70 GCTaskThread "GC Thread#4" [stack: 0x00000053a0500000,0x00000053a0600000] [id=11780]
  0x000001a270db6220 GCTaskThread "GC Thread#5" [stack: 0x00000053a0600000,0x00000053a0700000] [id=4308]
  0x000001a271b5b770 GCTaskThread "GC Thread#6" [stack: 0x00000053a0700000,0x00000053a0800000] [id=14684]
  0x000001a270cc98c0 GCTaskThread "GC Thread#7" [stack: 0x00000053a0800000,0x00000053a0900000] [id=15740]
  0x000001a24f07ec10 ConcurrentGCThread "G1 Main Marker" [stack: 0x000000539ea00000,0x000000539eb00000] [id=6636]
  0x000001a24f07f520 ConcurrentGCThread "G1 Conc#0" [stack: 0x000000539eb00000,0x000000539ec00000] [id=6856]
  0x000001a24f0ff990 ConcurrentGCThread "G1 Refine#0" [stack: 0x000000539ec00000,0x000000539ed00000] [id=12064]
  0x000001a270e10bf0 ConcurrentGCThread "G1 Refine#1" [stack: 0x00000053a0900000,0x00000053a0a00000] [id=14508]
  0x000001a24f101160 ConcurrentGCThread "G1 Service" [stack: 0x000000539ed00000,0x000000539ee00000] [id=17280]

Threads with active compile tasks:
C2 CompilerThread0    31726 4334       4       javax.swing.GroupLayout$Group::calculateSize (107 bytes)

VM state: not at safepoint (normal execution)

VM Mutex/Monitor currently owned by a thread: None

Heap address: 0x0000000084400000, size: 1980 MB, Compressed Oops mode: 32-bit

CDS archive(s) mapped at: [0x0000000800000000-0x0000000800bc0000-0x0000000800bc0000), size 12320768, SharedBaseAddress: 0x0000000800000000, ArchiveRelocationMode: 0.
Compressed class space mapped at: 0x0000000800c00000-0x0000000840c00000, reserved size: 1073741824
Narrow klass base: 0x0000000800000000, Narrow klass shift: 0, Narrow klass range: 0x100000000

GC Precious Log:
 CPUs: 8 total, 8 available
 Memory: 7914M
 Large Page Support: Disabled
 NUMA Support: Disabled
 Compressed Oops: Enabled (32-bit)
 Heap Region Size: 1M
 Heap Min Capacity: 8M
 Heap Initial Capacity: 124M
 Heap Max Capacity: 1980M
 Pre-touch: Disabled
 Parallel Workers: 8
 Concurrent Workers: 2
 Concurrent Refinement Workers: 8
 Periodic GC: Disabled

Heap:
 garbage-first heap   total 126976K, used 18756K [0x0000000084400000, 0x0000000100000000)
  region size 1024K, 14 young (14336K), 5 survivors (5120K)
 Metaspace       used 21164K, committed 21440K, reserved 1073152K
  class space    used 2244K, committed 2368K, reserved 1048576K

Heap Regions: E=young(eden), S=young(survivor), O=old, HS=humongous(starts), HC=humongous(continues), CS=collection set, F=free, OA=open archive, CA=closed archive, TAMS=top-at-mark-start (previous, next)
|   0|0x0000000084400000, 0x0000000084500000, 0x0000000084500000|100%| O|  |TAMS 0x0000000084400000, 0x0000000084400000| Untracked 
|   1|0x0000000084500000, 0x0000000084600000, 0x0000000084600000|100%| O|  |TAMS 0x0000000084500000, 0x0000000084500000| Untracked 
|   2|0x0000000084600000, 0x0000000084700000, 0x0000000084700000|100%| O|  |TAMS 0x0000000084600000, 0x0000000084600000| Untracked 
|   3|0x0000000084700000, 0x0000000084800000, 0x0000000084800000|100%|HS|  |TAMS 0x0000000084700000, 0x0000000084700000| Complete 
|   4|0x0000000084800000, 0x0000000084900000, 0x0000000084900000|100%| O|  |TAMS 0x0000000084800000, 0x0000000084800000| Untracked 
|   5|0x0000000084900000, 0x0000000084a00000, 0x0000000084a00000|100%| O|  |TAMS 0x0000000084900000, 0x0000000084900000| Untracked 
|   6|0x0000000084a00000, 0x0000000084a0ec00, 0x0000000084b00000|  5%| O|  |TAMS 0x0000000084a00000, 0x0000000084a00000| Untracked 
|   7|0x0000000084b00000, 0x0000000084b00000, 0x0000000084c00000|  0%| F|  |TAMS 0x0000000084b00000, 0x0000000084b00000| Untracked 
|   8|0x0000000084c00000, 0x0000000084c00000, 0x0000000084d00000|  0%| F|  |TAMS 0x0000000084c00000, 0x0000000084c00000| Untracked 
|   9|0x0000000084d00000, 0x0000000084d00000, 0x0000000084e00000|  0%| F|  |TAMS 0x0000000084d00000, 0x0000000084d00000| Untracked 
|  10|0x0000000084e00000, 0x0000000084e00000, 0x0000000084f00000|  0%| F|  |TAMS 0x0000000084e00000, 0x0000000084e00000| Untracked 
|  11|0x0000000084f00000, 0x0000000084f00000, 0x0000000085000000|  0%| F|  |TAMS 0x0000000084f00000, 0x0000000084f00000| Untracked 
|  12|0x0000000085000000, 0x0000000085000000, 0x0000000085100000|  0%| F|  |TAMS 0x0000000085000000, 0x0000000085000000| Untracked 
|  13|0x0000000085100000, 0x0000000085100000, 0x0000000085200000|  0%| F|  |TAMS 0x0000000085100000, 0x0000000085100000| Untracked 
|  14|0x0000000085200000, 0x0000000085200000, 0x0000000085300000|  0%| F|  |TAMS 0x0000000085200000, 0x0000000085200000| Untracked 
|  15|0x0000000085300000, 0x0000000085300000, 0x0000000085400000|  0%| F|  |TAMS 0x0000000085300000, 0x0000000085300000| Untracked 
|  16|0x0000000085400000, 0x0000000085400000, 0x0000000085500000|  0%| F|  |TAMS 0x0000000085400000, 0x0000000085400000| Untracked 
|  17|0x0000000085500000, 0x0000000085500000, 0x0000000085600000|  0%| F|  |TAMS 0x0000000085500000, 0x0000000085500000| Untracked 
|  18|0x0000000085600000, 0x0000000085600000, 0x0000000085700000|  0%| F|  |TAMS 0x0000000085600000, 0x0000000085600000| Untracked 
|  19|0x0000000085700000, 0x0000000085700000, 0x0000000085800000|  0%| F|  |TAMS 0x0000000085700000, 0x0000000085700000| Untracked 
|  20|0x0000000085800000, 0x0000000085800000, 0x0000000085900000|  0%| F|  |TAMS 0x0000000085800000, 0x0000000085800000| Untracked 
|  21|0x0000000085900000, 0x0000000085900000, 0x0000000085a00000|  0%| F|  |TAMS 0x0000000085900000, 0x0000000085900000| Untracked 
|  22|0x0000000085a00000, 0x0000000085a00000, 0x0000000085b00000|  0%| F|  |TAMS 0x0000000085a00000, 0x0000000085a00000| Untracked 
|  23|0x0000000085b00000, 0x0000000085b00000, 0x0000000085c00000|  0%| F|  |TAMS 0x0000000085b00000, 0x0000000085b00000| Untracked 
|  24|0x0000000085c00000, 0x0000000085c00000, 0x0000000085d00000|  0%| F|  |TAMS 0x0000000085c00000, 0x0000000085c00000| Untracked 
|  25|0x0000000085d00000, 0x0000000085d00000, 0x0000000085e00000|  0%| F|  |TAMS 0x0000000085d00000, 0x0000000085d00000| Untracked 
|  26|0x0000000085e00000, 0x0000000085e00000, 0x0000000085f00000|  0%| F|  |TAMS 0x0000000085e00000, 0x0000000085e00000| Untracked 
|  27|0x0000000085f00000, 0x0000000085f00000, 0x0000000086000000|  0%| F|  |TAMS 0x0000000085f00000, 0x0000000085f00000| Untracked 
|  28|0x0000000086000000, 0x0000000086000000, 0x0000000086100000|  0%| F|  |TAMS 0x0000000086000000, 0x0000000086000000| Untracked 
|  29|0x0000000086100000, 0x0000000086100000, 0x0000000086200000|  0%| F|  |TAMS 0x0000000086100000, 0x0000000086100000| Untracked 
|  30|0x0000000086200000, 0x0000000086200000, 0x0000000086300000|  0%| F|  |TAMS 0x0000000086200000, 0x0000000086200000| Untracked 
|  31|0x0000000086300000, 0x0000000086300000, 0x0000000086400000|  0%| F|  |TAMS 0x0000000086300000, 0x0000000086300000| Untracked 
|  32|0x0000000086400000, 0x0000000086400000, 0x0000000086500000|  0%| F|  |TAMS 0x0000000086400000, 0x0000000086400000| Untracked 
|  33|0x0000000086500000, 0x0000000086500000, 0x0000000086600000|  0%| F|  |TAMS 0x0000000086500000, 0x0000000086500000| Untracked 
|  34|0x0000000086600000, 0x0000000086600000, 0x0000000086700000|  0%| F|  |TAMS 0x0000000086600000, 0x0000000086600000| Untracked 
|  35|0x0000000086700000, 0x0000000086700000, 0x0000000086800000|  0%| F|  |TAMS 0x0000000086700000, 0x0000000086700000| Untracked 
|  36|0x0000000086800000, 0x0000000086800000, 0x0000000086900000|  0%| F|  |TAMS 0x0000000086800000, 0x0000000086800000| Untracked 
|  37|0x0000000086900000, 0x0000000086900000, 0x0000000086a00000|  0%| F|  |TAMS 0x0000000086900000, 0x0000000086900000| Untracked 
|  38|0x0000000086a00000, 0x0000000086a00000, 0x0000000086b00000|  0%| F|  |TAMS 0x0000000086a00000, 0x0000000086a00000| Untracked 
|  39|0x0000000086b00000, 0x0000000086b00000, 0x0000000086c00000|  0%| F|  |TAMS 0x0000000086b00000, 0x0000000086b00000| Untracked 
|  40|0x0000000086c00000, 0x0000000086c00000, 0x0000000086d00000|  0%| F|  |TAMS 0x0000000086c00000, 0x0000000086c00000| Untracked 
|  41|0x0000000086d00000, 0x0000000086d00000, 0x0000000086e00000|  0%| F|  |TAMS 0x0000000086d00000, 0x0000000086d00000| Untracked 
|  42|0x0000000086e00000, 0x0000000086e00000, 0x0000000086f00000|  0%| F|  |TAMS 0x0000000086e00000, 0x0000000086e00000| Untracked 
|  43|0x0000000086f00000, 0x0000000086f00000, 0x0000000087000000|  0%| F|  |TAMS 0x0000000086f00000, 0x0000000086f00000| Untracked 
|  44|0x0000000087000000, 0x0000000087000000, 0x0000000087100000|  0%| F|  |TAMS 0x0000000087000000, 0x0000000087000000| Untracked 
|  45|0x0000000087100000, 0x00000000871425a0, 0x0000000087200000| 25%| S|CS|TAMS 0x0000000087100000, 0x0000000087100000| Complete 
|  46|0x0000000087200000, 0x0000000087300000, 0x0000000087300000|100%| S|CS|TAMS 0x0000000087200000, 0x0000000087200000| Complete 
|  47|0x0000000087300000, 0x0000000087400000, 0x0000000087400000|100%| S|CS|TAMS 0x0000000087300000, 0x0000000087300000| Complete 
|  48|0x0000000087400000, 0x0000000087500000, 0x0000000087500000|100%| S|CS|TAMS 0x0000000087400000, 0x0000000087400000| Complete 
|  49|0x0000000087500000, 0x0000000087600000, 0x0000000087600000|100%| S|CS|TAMS 0x0000000087500000, 0x0000000087500000| Complete 
|  50|0x0000000087600000, 0x0000000087600000, 0x0000000087700000|  0%| F|  |TAMS 0x0000000087600000, 0x0000000087600000| Untracked 
|  51|0x0000000087700000, 0x0000000087700000, 0x0000000087800000|  0%| F|  |TAMS 0x0000000087700000, 0x0000000087700000| Untracked 
|  52|0x0000000087800000, 0x0000000087800000, 0x0000000087900000|  0%| F|  |TAMS 0x0000000087800000, 0x0000000087800000| Untracked 
|  53|0x0000000087900000, 0x0000000087900000, 0x0000000087a00000|  0%| F|  |TAMS 0x0000000087900000, 0x0000000087900000| Untracked 
|  54|0x0000000087a00000, 0x0000000087a00000, 0x0000000087b00000|  0%| F|  |TAMS 0x0000000087a00000, 0x0000000087a00000| Untracked 
|  55|0x0000000087b00000, 0x0000000087b00000, 0x0000000087c00000|  0%| F|  |TAMS 0x0000000087b00000, 0x0000000087b00000| Untracked 
|  56|0x0000000087c00000, 0x0000000087c00000, 0x0000000087d00000|  0%| F|  |TAMS 0x0000000087c00000, 0x0000000087c00000| Untracked 
|  57|0x0000000087d00000, 0x0000000087d00000, 0x0000000087e00000|  0%| F|  |TAMS 0x0000000087d00000, 0x0000000087d00000| Untracked 
|  58|0x0000000087e00000, 0x0000000087e00000, 0x0000000087f00000|  0%| F|  |TAMS 0x0000000087e00000, 0x0000000087e00000| Untracked 
|  59|0x0000000087f00000, 0x0000000087f00000, 0x0000000088000000|  0%| F|  |TAMS 0x0000000087f00000, 0x0000000087f00000| Untracked 
|  60|0x0000000088000000, 0x0000000088000000, 0x0000000088100000|  0%| F|  |TAMS 0x0000000088000000, 0x0000000088000000| Untracked 
|  61|0x0000000088100000, 0x0000000088100000, 0x0000000088200000|  0%| F|  |TAMS 0x0000000088100000, 0x0000000088100000| Untracked 
|  62|0x0000000088200000, 0x0000000088200000, 0x0000000088300000|  0%| F|  |TAMS 0x0000000088200000, 0x0000000088200000| Untracked 
|  63|0x0000000088300000, 0x0000000088300000, 0x0000000088400000|  0%| F|  |TAMS 0x0000000088300000, 0x0000000088300000| Untracked 
|  64|0x0000000088400000, 0x0000000088400000, 0x0000000088500000|  0%| F|  |TAMS 0x0000000088400000, 0x0000000088400000| Untracked 
|  65|0x0000000088500000, 0x0000000088500000, 0x0000000088600000|  0%| F|  |TAMS 0x0000000088500000, 0x0000000088500000| Untracked 
|  66|0x0000000088600000, 0x0000000088600000, 0x0000000088700000|  0%| F|  |TAMS 0x0000000088600000, 0x0000000088600000| Untracked 
|  67|0x0000000088700000, 0x0000000088700000, 0x0000000088800000|  0%| F|  |TAMS 0x0000000088700000, 0x0000000088700000| Untracked 
|  68|0x0000000088800000, 0x0000000088800000, 0x0000000088900000|  0%| F|  |TAMS 0x0000000088800000, 0x0000000088800000| Untracked 
|  69|0x0000000088900000, 0x0000000088900000, 0x0000000088a00000|  0%| F|  |TAMS 0x0000000088900000, 0x0000000088900000| Untracked 
|  70|0x0000000088a00000, 0x0000000088a00000, 0x0000000088b00000|  0%| F|  |TAMS 0x0000000088a00000, 0x0000000088a00000| Untracked 
|  71|0x0000000088b00000, 0x0000000088b00000, 0x0000000088c00000|  0%| F|  |TAMS 0x0000000088b00000, 0x0000000088b00000| Untracked 
|  72|0x0000000088c00000, 0x0000000088c00000, 0x0000000088d00000|  0%| F|  |TAMS 0x0000000088c00000, 0x0000000088c00000| Untracked 
|  73|0x0000000088d00000, 0x0000000088d00000, 0x0000000088e00000|  0%| F|  |TAMS 0x0000000088d00000, 0x0000000088d00000| Untracked 
|  74|0x0000000088e00000, 0x0000000088e00000, 0x0000000088f00000|  0%| F|  |TAMS 0x0000000088e00000, 0x0000000088e00000| Untracked 
|  75|0x0000000088f00000, 0x0000000088f00000, 0x0000000089000000|  0%| F|  |TAMS 0x0000000088f00000, 0x0000000088f00000| Untracked 
|  76|0x0000000089000000, 0x0000000089000000, 0x0000000089100000|  0%| F|  |TAMS 0x0000000089000000, 0x0000000089000000| Untracked 
|  77|0x0000000089100000, 0x0000000089100000, 0x0000000089200000|  0%| F|  |TAMS 0x0000000089100000, 0x0000000089100000| Untracked 
|  78|0x0000000089200000, 0x0000000089200000, 0x0000000089300000|  0%| F|  |TAMS 0x0000000089200000, 0x0000000089200000| Untracked 
|  79|0x0000000089300000, 0x0000000089300000, 0x0000000089400000|  0%| F|  |TAMS 0x0000000089300000, 0x0000000089300000| Untracked 
|  80|0x0000000089400000, 0x0000000089400000, 0x0000000089500000|  0%| F|  |TAMS 0x0000000089400000, 0x0000000089400000| Untracked 
|  81|0x0000000089500000, 0x0000000089500000, 0x0000000089600000|  0%| F|  |TAMS 0x0000000089500000, 0x0000000089500000| Untracked 
|  82|0x0000000089600000, 0x0000000089600000, 0x0000000089700000|  0%| F|  |TAMS 0x0000000089600000, 0x0000000089600000| Untracked 
|  83|0x0000000089700000, 0x0000000089700000, 0x0000000089800000|  0%| F|  |TAMS 0x0000000089700000, 0x0000000089700000| Untracked 
|  84|0x0000000089800000, 0x0000000089800000, 0x0000000089900000|  0%| F|  |TAMS 0x0000000089800000, 0x0000000089800000| Untracked 
|  85|0x0000000089900000, 0x0000000089900000, 0x0000000089a00000|  0%| F|  |TAMS 0x0000000089900000, 0x0000000089900000| Untracked 
|  86|0x0000000089a00000, 0x0000000089a00000, 0x0000000089b00000|  0%| F|  |TAMS 0x0000000089a00000, 0x0000000089a00000| Untracked 
|  87|0x0000000089b00000, 0x0000000089b00000, 0x0000000089c00000|  0%| F|  |TAMS 0x0000000089b00000, 0x0000000089b00000| Untracked 
|  88|0x0000000089c00000, 0x0000000089c00000, 0x0000000089d00000|  0%| F|  |TAMS 0x0000000089c00000, 0x0000000089c00000| Untracked 
|  89|0x0000000089d00000, 0x0000000089d00000, 0x0000000089e00000|  0%| F|  |TAMS 0x0000000089d00000, 0x0000000089d00000| Untracked 
|  90|0x0000000089e00000, 0x0000000089e00000, 0x0000000089f00000|  0%| F|  |TAMS 0x0000000089e00000, 0x0000000089e00000| Untracked 
|  91|0x0000000089f00000, 0x0000000089f00000, 0x000000008a000000|  0%| F|  |TAMS 0x0000000089f00000, 0x0000000089f00000| Untracked 
|  92|0x000000008a000000, 0x000000008a000000, 0x000000008a100000|  0%| F|  |TAMS 0x000000008a000000, 0x000000008a000000| Untracked 
|  93|0x000000008a100000, 0x000000008a100000, 0x000000008a200000|  0%| F|  |TAMS 0x000000008a100000, 0x000000008a100000| Untracked 
|  94|0x000000008a200000, 0x000000008a200000, 0x000000008a300000|  0%| F|  |TAMS 0x000000008a200000, 0x000000008a200000| Untracked 
|  95|0x000000008a300000, 0x000000008a300000, 0x000000008a400000|  0%| F|  |TAMS 0x000000008a300000, 0x000000008a300000| Untracked 
|  96|0x000000008a400000, 0x000000008a400000, 0x000000008a500000|  0%| F|  |TAMS 0x000000008a400000, 0x000000008a400000| Untracked 
|  97|0x000000008a500000, 0x000000008a500000, 0x000000008a600000|  0%| F|  |TAMS 0x000000008a500000, 0x000000008a500000| Untracked 
|  98|0x000000008a600000, 0x000000008a600000, 0x000000008a700000|  0%| F|  |TAMS 0x000000008a600000, 0x000000008a600000| Untracked 
|  99|0x000000008a700000, 0x000000008a700000, 0x000000008a800000|  0%| F|  |TAMS 0x000000008a700000, 0x000000008a700000| Untracked 
| 100|0x000000008a800000, 0x000000008a800000, 0x000000008a900000|  0%| F|  |TAMS 0x000000008a800000, 0x000000008a800000| Untracked 
| 101|0x000000008a900000, 0x000000008a900000, 0x000000008aa00000|  0%| F|  |TAMS 0x000000008a900000, 0x000000008a900000| Untracked 
| 102|0x000000008aa00000, 0x000000008aa00000, 0x000000008ab00000|  0%| F|  |TAMS 0x000000008aa00000, 0x000000008aa00000| Untracked 
| 103|0x000000008ab00000, 0x000000008ab00000, 0x000000008ac00000|  0%| F|  |TAMS 0x000000008ab00000, 0x000000008ab00000| Untracked 
| 104|0x000000008ac00000, 0x000000008ac00000, 0x000000008ad00000|  0%| F|  |TAMS 0x000000008ac00000, 0x000000008ac00000| Untracked 
| 105|0x000000008ad00000, 0x000000008ad00000, 0x000000008ae00000|  0%| F|  |TAMS 0x000000008ad00000, 0x000000008ad00000| Untracked 
| 106|0x000000008ae00000, 0x000000008ae00000, 0x000000008af00000|  0%| F|  |TAMS 0x000000008ae00000, 0x000000008ae00000| Untracked 
| 107|0x000000008af00000, 0x000000008af00000, 0x000000008b000000|  0%| F|  |TAMS 0x000000008af00000, 0x000000008af00000| Untracked 
| 108|0x000000008b000000, 0x000000008b000000, 0x000000008b100000|  0%| F|  |TAMS 0x000000008b000000, 0x000000008b000000| Untracked 
| 109|0x000000008b100000, 0x000000008b100000, 0x000000008b200000|  0%| F|  |TAMS 0x000000008b100000, 0x000000008b100000| Untracked 
| 110|0x000000008b200000, 0x000000008b200000, 0x000000008b300000|  0%| F|  |TAMS 0x000000008b200000, 0x000000008b200000| Untracked 
| 111|0x000000008b300000, 0x000000008b300000, 0x000000008b400000|  0%| F|  |TAMS 0x000000008b300000, 0x000000008b300000| Untracked 
| 112|0x000000008b400000, 0x000000008b400000, 0x000000008b500000|  0%| F|  |TAMS 0x000000008b400000, 0x000000008b400000| Untracked 
| 113|0x000000008b500000, 0x000000008b500000, 0x000000008b600000|  0%| F|  |TAMS 0x000000008b500000, 0x000000008b500000| Untracked 
| 114|0x000000008b600000, 0x000000008b600000, 0x000000008b700000|  0%| F|  |TAMS 0x000000008b600000, 0x000000008b600000| Untracked 
| 115|0x000000008b700000, 0x000000008b800000, 0x000000008b800000|100%| E|  |TAMS 0x000000008b700000, 0x000000008b700000| Complete 
| 116|0x000000008b800000, 0x000000008b900000, 0x000000008b900000|100%| E|CS|TAMS 0x000000008b800000, 0x000000008b800000| Complete 
| 117|0x000000008b900000, 0x000000008ba00000, 0x000000008ba00000|100%| E|CS|TAMS 0x000000008b900000, 0x000000008b900000| Complete 
| 118|0x000000008ba00000, 0x000000008bb00000, 0x000000008bb00000|100%| E|CS|TAMS 0x000000008ba00000, 0x000000008ba00000| Complete 
| 119|0x000000008bb00000, 0x000000008bc00000, 0x000000008bc00000|100%| E|CS|TAMS 0x000000008bb00000, 0x000000008bb00000| Complete 
| 120|0x000000008bc00000, 0x000000008bd00000, 0x000000008bd00000|100%| E|CS|TAMS 0x000000008bc00000, 0x000000008bc00000| Complete 
| 121|0x000000008bd00000, 0x000000008be00000, 0x000000008be00000|100%| E|CS|TAMS 0x000000008bd00000, 0x000000008bd00000| Complete 
| 122|0x000000008be00000, 0x000000008bf00000, 0x000000008bf00000|100%| E|CS|TAMS 0x000000008be00000, 0x000000008be00000| Complete 
| 123|0x000000008bf00000, 0x000000008c000000, 0x000000008c000000|100%| E|CS|TAMS 0x000000008bf00000, 0x000000008bf00000| Complete 

Card table byte_map: [0x000001a267e60000,0x000001a268240000] _byte_map_base: 0x000001a267a3e000

Marking Bits (Prev, Next): (CMBitMap*) 0x000001a24f06eb60, (CMBitMap*) 0x000001a24f06eba0
 Prev Bits: [0x000001a268620000, 0x000001a26a510000)
 Next Bits: [0x000001a26a510000, 0x000001a26c400000)

Polling page: 0x000001a24f110000

Metaspace:

Usage:
  Non-class:     18.48 MB used.
      Class:      2.19 MB used.
       Both:     20.67 MB used.

Virtual space:
  Non-class space:       24.00 MB reserved,      18.62 MB ( 78%) committed,  3 nodes.
      Class space:        1.00 GB reserved,       2.31 MB ( <1%) committed,  1 nodes.
             Both:        1.02 GB reserved,      20.94 MB (  2%) committed. 

Chunk freelists:
   Non-Class:  928.00 KB
       Class:  1.68 MB
        Both:  2.58 MB

MaxMetaspaceSize: unlimited
CompressedClassSpaceSize: 1.00 GB
Initial GC threshold: 21.00 MB
Current GC threshold: 21.00 MB
CDS: on
MetaspaceReclaimPolicy: balanced
 - commit_granule_bytes: 65536.
 - commit_granule_words: 8192.
 - virtual_space_node_default_size: 1048576.
 - enlarge_chunks_in_place: 1.
 - new_chunks_are_fully_committed: 0.
 - uncommit_free_chunks: 1.
 - use_allocation_guard: 0.
 - handle_deallocations: 1.


Internal statistics:

num_allocs_failed_limit: 0.
num_arena_births: 212.
num_arena_deaths: 0.
num_vsnodes_births: 4.
num_vsnodes_deaths: 0.
num_space_committed: 335.
num_space_uncommitted: 0.
num_chunks_returned_to_freelist: 0.
num_chunks_taken_from_freelist: 481.
num_chunk_merges: 0.
num_chunk_splits: 267.
num_chunks_enlarged: 119.
num_purges: 0.
num_inconsistent_stats: 0.

CodeHeap 'non-profiled nmethods': size=120000Kb used=1730Kb max_used=1730Kb free=118269Kb
 bounds [0x000001a25fae0000, 0x000001a25fd50000, 0x000001a267010000]
CodeHeap 'profiled nmethods': size=120000Kb used=8674Kb max_used=8674Kb free=111325Kb
 bounds [0x000001a2585b0000, 0x000001a258e30000, 0x000001a25fae0000]
CodeHeap 'non-nmethods': size=5760Kb used=1398Kb max_used=1438Kb free=4361Kb
 bounds [0x000001a258010000, 0x000001a258280000, 0x000001a2585b0000]
 total_blobs=5062 nmethods=4328 adapters=645
 compilation: enabled
              stopped_count=0, restarted_count=0
 full_count=0

Compilation events (20 events):
Event: 31.611 Thread 0x000001a26ee67090 4325   !   3       java.lang.Class::newInstance (134 bytes)
Event: 31.614 Thread 0x000001a26ee64690 nmethod 4322 0x000001a25fc8f810 code [0x000001a25fc8f9c0, 0x000001a25fc8fd18]
Event: 31.614 Thread 0x000001a26ee64690 4323       4       java.lang.invoke.Invokers$Holder::linkToTargetMethod (9 bytes)
Event: 31.615 Thread 0x000001a26ee67090 nmethod 4325 0x000001a258e1b510 code [0x000001a258e1b9c0, 0x000001a258e1dab8]
Event: 31.615 Thread 0x000001a26ee67090 4326       3       jdk.internal.reflect.ReflectionFactory::newInstance (13 bytes)
Event: 31.615 Thread 0x000001a26ee64690 nmethod 4323 0x000001a25fc90210 code [0x000001a25fc903a0, 0x000001a25fc90478]
Event: 31.616 Thread 0x000001a26ee67090 nmethod 4326 0x000001a258e1e990 code [0x000001a258e1eb40, 0x000001a258e1ed48]
Event: 31.622 Thread 0x000001a26ee67090 4327   !   3       javax.crypto.Cipher::chooseProvider (355 bytes)
Event: 31.625 Thread 0x000001a26ee64690 4329       4       java.nio.ByteBuffer::allocate (20 bytes)
Event: 31.626 Thread 0x000001a26ee67090 nmethod 4327 0x000001a258e1ee90 code [0x000001a258e1f2e0, 0x000001a258e217b8]
Event: 31.626 Thread 0x000001a26ee67090 4332       3       java.lang.Long::parseLong (272 bytes)
Event: 31.630 Thread 0x000001a26ee67090 nmethod 4332 0x000001a258e22790 code [0x000001a258e22c20, 0x000001a258e24c18]
Event: 31.630 Thread 0x000001a26ee67090 4331       3       java.text.DigitList::getStringBuffer (36 bytes)
Event: 31.631 Thread 0x000001a26ee64690 nmethod 4329 0x000001a25fc90590 code [0x000001a25fc90720, 0x000001a25fc909d8]
Event: 31.631 Thread 0x000001a26ee67090 nmethod 4331 0x000001a258e25890 code [0x000001a258e25a60, 0x000001a258e25ed8]
Event: 31.631 Thread 0x000001a26ee67090 4333       3       javax.swing.plaf.synth.SynthLabelUI::getPreferredSize (90 bytes)
Event: 31.631 Thread 0x000001a26ee64690 4334       4       javax.swing.GroupLayout$Group::calculateSize (107 bytes)
Event: 31.632 Thread 0x000001a26ee67090 nmethod 4333 0x000001a258e26090 code [0x000001a258e26400, 0x000001a258e27b48]
Event: 31.633 Thread 0x000001a26ee67090 4328       3       com.mysql.cj.result.DefaultColumnDefinition::<init> (41 bytes)
Event: 31.633 Thread 0x000001a26ee67090 nmethod 4328 0x000001a258e28290 code [0x000001a258e28460, 0x000001a258e28898]

GC Heap History (8 events):
Event: 0.917 GC heap before
{Heap before GC invocations=0 (full 0):
 garbage-first heap   total 126976K, used 22528K [0x0000000084400000, 0x0000000100000000)
  region size 1024K, 23 young (23552K), 0 survivors (0K)
 Metaspace       used 14678K, committed 14912K, reserved 1064960K
  class space    used 1666K, committed 1792K, reserved 1048576K
}
Event: 0.924 GC heap after
{Heap after GC invocations=1 (full 0):
 garbage-first heap   total 126976K, used 5152K [0x0000000084400000, 0x0000000100000000)
  region size 1024K, 3 young (3072K), 3 survivors (3072K)
 Metaspace       used 14678K, committed 14912K, reserved 1064960K
  class space    used 1666K, committed 1792K, reserved 1048576K
}
Event: 2.255 GC heap before
{Heap before GC invocations=1 (full 0):
 garbage-first heap   total 126976K, used 29728K [0x0000000084400000, 0x0000000100000000)
  region size 1024K, 26 young (26624K), 3 survivors (3072K)
 Metaspace       used 19778K, committed 19968K, reserved 1073152K
  class space    used 2222K, committed 2304K, reserved 1048576K
}
Event: 2.264 GC heap after
{Heap after GC invocations=2 (full 0):
 garbage-first heap   total 126976K, used 8948K [0x0000000084400000, 0x0000000100000000)
  region size 1024K, 3 young (3072K), 3 survivors (3072K)
 Metaspace       used 19778K, committed 19968K, reserved 1073152K
  class space    used 2222K, committed 2304K, reserved 1048576K
}
Event: 13.392 GC heap before
{Heap before GC invocations=2 (full 0):
 garbage-first heap   total 126976K, used 58100K [0x0000000084400000, 0x0000000100000000)
  region size 1024K, 51 young (52224K), 3 survivors (3072K)
 Metaspace       used 20774K, committed 21056K, reserved 1073152K
  class space    used 2244K, committed 2368K, reserved 1048576K
}
Event: 13.401 GC heap after
{Heap after GC invocations=3 (full 0):
 garbage-first heap   total 126976K, used 9784K [0x0000000084400000, 0x0000000100000000)
  region size 1024K, 4 young (4096K), 4 survivors (4096K)
 Metaspace       used 20774K, committed 21056K, reserved 1073152K
  class space    used 2244K, committed 2368K, reserved 1048576K
}
Event: 29.683 GC heap before
{Heap before GC invocations=3 (full 0):
 garbage-first heap   total 126976K, used 81464K [0x0000000084400000, 0x0000000100000000)
  region size 1024K, 74 young (75776K), 4 survivors (4096K)
 Metaspace       used 21078K, committed 21312K, reserved 1073152K
  class space    used 2244K, committed 2368K, reserved 1048576K
}
Event: 29.695 GC heap after
{Heap after GC invocations=4 (full 0):
 garbage-first heap   total 126976K, used 10564K [0x0000000084400000, 0x0000000100000000)
  region size 1024K, 5 young (5120K), 5 survivors (5120K)
 Metaspace       used 21078K, committed 21312K, reserved 1073152K
  class space    used 2244K, committed 2368K, reserved 1048576K
}

Deoptimization events (20 events):
Event: 21.477 Thread 0x000001a26fb71a60 DEOPT PACKING pc=0x000001a25fc63d6c sp=0x000000539fffde90
Event: 21.478 Thread 0x000001a26fb71a60 DEOPT UNPACKING pc=0x000001a258065c23 sp=0x000000539fffde20 mode 2
Event: 23.561 Thread 0x000001a26fb71a60 Uncommon trap: trap_request=0xffffffbe fr.pc=0x000001a25fc77f88 relative=0x0000000000000ea8
Event: 23.561 Thread 0x000001a26fb71a60 Uncommon trap: reason=profile_predicate action=maybe_recompile pc=0x000001a25fc77f88 method=javax.swing.GroupLayout$Group.calculateSize(II)I @ 71 c2
Event: 23.561 Thread 0x000001a26fb71a60 DEOPT PACKING pc=0x000001a25fc77f88 sp=0x000000539fffe1c0
Event: 23.561 Thread 0x000001a26fb71a60 DEOPT UNPACKING pc=0x000001a258065c23 sp=0x000000539fffe168 mode 2
Event: 23.561 Thread 0x000001a26fb71a60 Uncommon trap: trap_request=0xffffffbe fr.pc=0x000001a25fc77f88 relative=0x0000000000000ea8
Event: 23.561 Thread 0x000001a26fb71a60 Uncommon trap: reason=profile_predicate action=maybe_recompile pc=0x000001a25fc77f88 method=javax.swing.GroupLayout$Group.calculateSize(II)I @ 71 c2
Event: 23.561 Thread 0x000001a26fb71a60 DEOPT PACKING pc=0x000001a25fc77f88 sp=0x000000539fffe270
Event: 23.561 Thread 0x000001a26fb71a60 DEOPT UNPACKING pc=0x000001a258065c23 sp=0x000000539fffe218 mode 2
Event: 23.562 Thread 0x000001a26fb71a60 Uncommon trap: trap_request=0xffffffbe fr.pc=0x000001a25fc77f88 relative=0x0000000000000ea8
Event: 23.562 Thread 0x000001a26fb71a60 Uncommon trap: reason=profile_predicate action=maybe_recompile pc=0x000001a25fc77f88 method=javax.swing.GroupLayout$Group.calculateSize(II)I @ 71 c2
Event: 23.562 Thread 0x000001a26fb71a60 DEOPT PACKING pc=0x000001a25fc77f88 sp=0x000000539fffe130
Event: 23.562 Thread 0x000001a26fb71a60 DEOPT UNPACKING pc=0x000001a258065c23 sp=0x000000539fffe0d8 mode 2
Event: 23.562 Thread 0x000001a26fb71a60 Uncommon trap: trap_request=0xffffffbe fr.pc=0x000001a25fc77f88 relative=0x0000000000000ea8
Event: 23.562 Thread 0x000001a26fb71a60 Uncommon trap: reason=profile_predicate action=maybe_recompile pc=0x000001a25fc77f88 method=javax.swing.GroupLayout$Group.calculateSize(II)I @ 71 c2
Event: 23.562 Thread 0x000001a26fb71a60 DEOPT PACKING pc=0x000001a25fc77f88 sp=0x000000539fffdfd0
Event: 23.562 Thread 0x000001a26fb71a60 DEOPT UNPACKING pc=0x000001a258065c23 sp=0x000000539fffdf78 mode 2
Event: 26.553 Thread 0x000001a26fb71a60 DEOPT PACKING pc=0x000001a258665cbe sp=0x000000539fffdf80
Event: 26.553 Thread 0x000001a26fb71a60 DEOPT UNPACKING pc=0x000001a258066763 sp=0x000000539fffd420 mode 0

Classes unloaded (0 events):
No events

Classes redefined (0 events):
No events

Internal exceptions (20 events):
Event: 0.307 Thread 0x000001a24f0306e0 Exception <a 'java/lang/ClassNotFoundException'{0x000000008ba13f80}: javax/swing/JTreeCell> (0x000000008ba13f80) 
thrown [t:\workspace\open\src\hotspot\share\classfile\systemDictionary.cpp, line 256]
Event: 0.307 Thread 0x000001a24f0306e0 Exception <a 'java/lang/ClassNotFoundException'{0x000000008ba14280}: TreeCell> (0x000000008ba14280) 
thrown [t:\workspace\open\src\hotspot\share\classfile\systemDictionary.cpp, line 256]
Event: 0.307 Thread 0x000001a24f0306e0 Exception <a 'java/lang/ClassNotFoundException'{0x000000008ba14a40}: RootPane> (0x000000008ba14a40) 
thrown [t:\workspace\open\src\hotspot\share\classfile\systemDictionary.cpp, line 256]
Event: 0.309 Thread 0x000001a24f0306e0 Exception <a 'java/lang/ClassNotFoundException'{0x000000008ba17890}: com/sun/swing/internal/plaf/metal/resources/spi/metalProvider> (0x000000008ba17890) 
thrown [t:\workspace\open\src\hotspot\share\classfile\systemDictionary.cpp, line 256]
Event: 0.310 Thread 0x000001a24f0306e0 Exception <a 'java/lang/ClassNotFoundException'{0x000000008ba1b490}: com/sun/swing/internal/plaf/basic/resources/spi/basicProvider> (0x000000008ba1b490) 
thrown [t:\workspace\open\src\hotspot\share\classfile\systemDictionary.cpp, line 256]
Event: 0.332 Thread 0x000001a26fb71a60 Exception <a 'java/lang/ClassNotFoundException'{0x000000008ba8b650}: com/sun/swing/internal/plaf/synth/resources/spi/synthProvider> (0x000000008ba8b650) 
thrown [t:\workspace\open\src\hotspot\share\classfile\systemDictionary.cpp, line 256]
Event: 0.491 Thread 0x000001a26fb71a60 Exception <a 'java/lang/NoSuchMethodError'{0x000000008b615738}: 'java.lang.Object java.lang.invoke.DirectMethodHandle$Holder.invokeInterface(java.lang.Object, java.lang.Object)'> (0x000000008b615738) 
thrown [t:\workspace\open\src\hotspot\share\interpreter\linkResolver.cpp, line 766]
Event: 0.548 Thread 0x000001a26fb71a60 Exception <a 'java/lang/NoSuchMethodError'{0x000000008b520fc0}: 'void java.lang.invoke.DirectMethodHandle$Holder.invokeStatic(java.lang.Object, java.lang.Object, java.lang.Object)'> (0x000000008b520fc0) 
thrown [t:\workspace\open\src\hotspot\share\interpreter\linkResolver.cpp, line 766]
Event: 0.552 Thread 0x000001a26fb71a60 Exception <a 'java/lang/NoSuchMethodError'{0x000000008b540af8}: 'java.lang.Object java.lang.invoke.DirectMethodHandle$Holder.invokeVirtual(java.lang.Object, java.lang.Object, java.lang.Object)'> (0x000000008b540af8) 
thrown [t:\workspace\open\src\hotspot\share\interpreter\linkResolver.cpp, line 766]
Event: 0.625 Thread 0x000001a26fb71a60 Exception <a 'java/lang/NoSuchMethodError'{0x000000008b3e1a88}: 'void java.lang.invoke.DirectMethodHandle$Holder.invokeStatic(java.lang.Object, java.lang.Object)'> (0x000000008b3e1a88) 
thrown [t:\workspace\open\src\hotspot\share\interpreter\linkResolver.cpp, line 766]
Event: 0.727 Thread 0x000001a26fb71a60 Exception <a 'sun/nio/fs/WindowsException'{0x000000008ad3ea78}> (0x000000008ad3ea78) 
thrown [t:\workspace\open\src\hotspot\share\prims\jni.cpp, line 516]
Event: 0.736 Thread 0x000001a26fb71a60 Exception <a 'java/lang/NoSuchMethodError'{0x000000008ad65408}: 'int java.lang.invoke.DirectMethodHandle$Holder.invokeStaticInit(java.lang.Object, java.lang.Object, java.lang.Object, java.lang.Object)'> (0x000000008ad65408) 
thrown [t:\workspace\open\src\hotspot\share\interpreter\linkResolver.cpp, line 766]
Event: 0.737 Thread 0x000001a26fb71a60 Exception <a 'java/lang/IncompatibleClassChangeError'{0x000000008ad6eb58}: Found class java.lang.Object, but interface was expected> (0x000000008ad6eb58) 
thrown [t:\workspace\open\src\hotspot\share\interpreter\linkResolver.cpp, line 833]
Event: 0.737 Thread 0x000001a26fb71a60 Exception <a 'java/lang/NoSuchMethodError'{0x000000008ad71e70}: 'void java.lang.invoke.DirectMethodHandle$Holder.invokeStaticInit(java.lang.Object, java.lang.Object)'> (0x000000008ad71e70) 
thrown [t:\workspace\open\src\hotspot\share\interpreter\linkResolver.cpp, line 766]
Event: 0.737 Thread 0x000001a26fb71a60 Exception <a 'java/lang/NoSuchMethodError'{0x000000008ad77e90}: 'int java.lang.invoke.DirectMethodHandle$Holder.invokeStaticInit(java.lang.Object, java.lang.Object)'> (0x000000008ad77e90) 
thrown [t:\workspace\open\src\hotspot\share\interpreter\linkResolver.cpp, line 766]
Event: 0.775 Thread 0x000001a26fb71a60 Exception <a 'java/lang/NoSuchMethodError'{0x000000008ab4ce18}: 'java.lang.Object java.lang.invoke.DirectMethodHandle$Holder.invokeStaticInit(java.lang.Object, int, int, int, int)'> (0x000000008ab4ce18) 
thrown [t:\workspace\open\src\hotspot\share\interpreter\linkResolver.cpp, line 766]
Event: 0.848 Thread 0x000001a26fb71a60 Exception <a 'java/lang/NoSuchMethodError'{0x000000008abfa370}: 'java.lang.Object java.lang.invoke.DirectMethodHandle$Holder.invokeStaticInit(java.lang.Object, java.lang.Object, int, int, int, int)'> (0x000000008abfa370) 
thrown [t:\workspace\open\src\hotspot\share\interpreter\linkResolver.cpp, line 766]
Event: 1.024 Thread 0x000001a26fb71a60 Implicit null exception at 0x000001a25fb00f0f to 0x000001a25fb00f89
Event: 1.068 Thread 0x000001a26faf4360 Exception <a 'java/lang/NoSuchMethodError'{0x000000008bc7f3d0}: 'void java.lang.invoke.DirectMethodHandle$Holder.invokeVirtual(java.lang.Object, java.lang.Object)'> (0x000000008bc7f3d0) 
thrown [t:\workspace\open\src\hotspot\share\interpreter\linkResolver.cpp, line 766]
Event: 1.082 Thread 0x000001a26fb71a60 Exception <a 'java/lang/NoSuchMethodError'{0x000000008bc3cbc0}: 'void java.lang.invoke.DirectMethodHandle$Holder.invokeStaticInit(java.lang.Object)'> (0x000000008bc3cbc0) 
thrown [t:\workspace\open\src\hotspot\share\interpreter\linkResolver.cpp, line 766]

VM Operations (20 events):
Event: 22.488 Executing VM operation: Cleanup
Event: 22.488 Executing VM operation: Cleanup done
Event: 23.497 Executing VM operation: Cleanup
Event: 23.497 Executing VM operation: Cleanup done
Event: 24.507 Executing VM operation: Cleanup
Event: 24.508 Executing VM operation: Cleanup done
Event: 25.511 Executing VM operation: Cleanup
Event: 25.511 Executing VM operation: Cleanup done
Event: 26.518 Executing VM operation: Cleanup
Event: 26.518 Executing VM operation: Cleanup done
Event: 27.528 Executing VM operation: Cleanup
Event: 27.529 Executing VM operation: Cleanup done
Event: 28.529 Executing VM operation: Cleanup
Event: 28.530 Executing VM operation: Cleanup done
Event: 29.541 Executing VM operation: Cleanup
Event: 29.544 Executing VM operation: Cleanup done
Event: 29.683 Executing VM operation: G1CollectForAllocation
Event: 29.695 Executing VM operation: G1CollectForAllocation done
Event: 30.696 Executing VM operation: Cleanup
Event: 30.696 Executing VM operation: Cleanup done

Events (20 events):
Event: 6.669 loading class java/awt/Container$EventTargetFilter done
Event: 6.669 loading class java/awt/Container$MouseEventTargetFilter done
Event: 6.669 loading class java/awt/LightweightDispatcher$1
Event: 6.669 loading class java/awt/LightweightDispatcher$1 done
Event: 6.669 loading class java/awt/event/AWTEventListenerProxy
Event: 6.669 loading class java/awt/event/AWTEventListenerProxy done
Event: 6.669 loading class java/awt/Toolkit$SelectiveAWTEventListener
Event: 6.669 loading class java/awt/Toolkit$SelectiveAWTEventListener done
Event: 6.669 loading class java/awt/Toolkit$ToolkitEventMulticaster
Event: 6.669 loading class java/awt/Toolkit$ToolkitEventMulticaster done
Event: 9.365 loading class jdk/internal/access/foreign/MemorySegmentProxy
Event: 9.365 loading class jdk/internal/access/foreign/MemorySegmentProxy done
Event: 11.571 loading class java/awt/event/MouseWheelEvent
Event: 11.571 loading class java/awt/event/MouseWheelEvent done
Event: 11.571 loading class java/awt/LightweightDispatcher$2
Event: 11.571 loading class java/awt/LightweightDispatcher$2 done
Event: 14.443 Thread 0x000001a270872580 Thread added: 0x000001a270872580
Event: 15.369 Thread 0x000001a270872580 Thread exited: 0x000001a270872580
Event: 15.416 Thread 0x000001a271bdb3c0 Thread added: 0x000001a271bdb3c0
Event: 16.383 Thread 0x000001a271bdb3c0 Thread exited: 0x000001a271bdb3c0


Dynamic libraries:
0x00007ff7674e0000 - 0x00007ff7674f0000 	C:\Program Files\Java\jdk-17.0.1\bin\java.exe
0x00007ffd0a2e0000 - 0x00007ffd0a4e9000 	C:\WINDOWS\SYSTEM32\ntdll.dll
0x00007ffd088e0000 - 0x00007ffd0899e000 	C:\WINDOWS\System32\KERNEL32.DLL
0x00007ffd07bd0000 - 0x00007ffd07f4b000 	C:\WINDOWS\System32\KERNELBASE.dll
0x00007ffd077b0000 - 0x00007ffd078c1000 	C:\WINDOWS\System32\ucrtbase.dll
0x00007ffd031a0000 - 0x00007ffd031b8000 	C:\Program Files\Java\jdk-17.0.1\bin\jli.dll
0x00007ffce9290000 - 0x00007ffce92aa000 	C:\Program Files\Java\jdk-17.0.1\bin\VCRUNTIME140.dll
0x00007ffd08610000 - 0x00007ffd086be000 	C:\WINDOWS\System32\ADVAPI32.dll
0x00007ffd08410000 - 0x00007ffd084b3000 	C:\WINDOWS\System32\msvcrt.dll
0x00007ffd098d0000 - 0x00007ffd0996e000 	C:\WINDOWS\System32\sechost.dll
0x00007ffd08280000 - 0x00007ffd083a0000 	C:\WINDOWS\System32\RPCRT4.dll
0x00007ffd0a000000 - 0x00007ffd0a1ad000 	C:\WINDOWS\System32\USER32.dll
0x00007ffcce5b0000 - 0x00007ffcce855000 	C:\WINDOWS\WinSxS\amd64_microsoft.windows.common-controls_6595b64144ccf1df_6.0.22000.120_none_9d947278b86cc467\COMCTL32.dll
0x00007ffd07f50000 - 0x00007ffd07f76000 	C:\WINDOWS\System32\win32u.dll
0x00007ffd085e0000 - 0x00007ffd08609000 	C:\WINDOWS\System32\GDI32.dll
0x00007ffd07950000 - 0x00007ffd07a68000 	C:\WINDOWS\System32\gdi32full.dll
0x00007ffd07b30000 - 0x00007ffd07bcd000 	C:\WINDOWS\System32\msvcp_win.dll
0x00007ffcfab00000 - 0x00007ffcfab0a000 	C:\WINDOWS\SYSTEM32\VERSION.dll
0x00007ffd089a0000 - 0x00007ffd089d2000 	C:\WINDOWS\System32\IMM32.DLL
0x00007ffce03c0000 - 0x00007ffce03cc000 	C:\Program Files\Java\jdk-17.0.1\bin\vcruntime140_1.dll
0x00007ffc8eb50000 - 0x00007ffc8ebdd000 	C:\Program Files\Java\jdk-17.0.1\bin\msvcp140.dll
0x00007ffc90fb0000 - 0x00007ffc91b6e000 	C:\Program Files\Java\jdk-17.0.1\bin\server\jvm.dll
0x00007ffd08b00000 - 0x00007ffd08b08000 	C:\WINDOWS\System32\PSAPI.DLL
0x00007ffcd45b0000 - 0x00007ffcd45b9000 	C:\WINDOWS\SYSTEM32\WSOCK32.dll
0x00007ffcff9f0000 - 0x00007ffcffa23000 	C:\WINDOWS\SYSTEM32\WINMM.dll
0x00007ffd083a0000 - 0x00007ffd0840f000 	C:\WINDOWS\System32\WS2_32.dll
0x00007ffd068a0000 - 0x00007ffd068b8000 	C:\WINDOWS\SYSTEM32\kernel.appcore.dll
0x00007ffcd26d0000 - 0x00007ffcd26da000 	C:\Program Files\Java\jdk-17.0.1\bin\jimage.dll
0x00007ffd05130000 - 0x00007ffd05351000 	C:\WINDOWS\SYSTEM32\DBGHELP.DLL
0x00007ffcf2310000 - 0x00007ffcf2341000 	C:\WINDOWS\SYSTEM32\dbgcore.DLL
0x00007ffd078d0000 - 0x00007ffd0794f000 	C:\WINDOWS\System32\bcryptPrimitives.dll
0x00007ffc90f40000 - 0x00007ffc90f65000 	C:\Program Files\Java\jdk-17.0.1\bin\java.dll
0x00007ffc90e60000 - 0x00007ffc90f36000 	C:\Program Files\Java\jdk-17.0.1\bin\svml.dll
0x00007ffd08c40000 - 0x00007ffd093f8000 	C:\WINDOWS\System32\SHELL32.dll
0x00007ffd05740000 - 0x00007ffd05fa5000 	C:\WINDOWS\SYSTEM32\windows.storage.dll
0x00007ffd09bf0000 - 0x00007ffd09f68000 	C:\WINDOWS\System32\combase.dll
0x00007ffd055d0000 - 0x00007ffd05736000 	C:\WINDOWS\SYSTEM32\wintypes.dll
0x00007ffd0a1b0000 - 0x00007ffd0a29a000 	C:\WINDOWS\System32\SHCORE.dll
0x00007ffd08880000 - 0x00007ffd088dd000 	C:\WINDOWS\System32\shlwapi.dll
0x00007ffd076e0000 - 0x00007ffd07701000 	C:\WINDOWS\SYSTEM32\profapi.dll
0x00007ffc90e40000 - 0x00007ffc90e59000 	C:\Program Files\Java\jdk-17.0.1\bin\net.dll
0x00007ffd00010000 - 0x00007ffd00124000 	C:\WINDOWS\SYSTEM32\WINHTTP.dll
0x00007ffd06dc0000 - 0x00007ffd06e27000 	C:\WINDOWS\system32\mswsock.dll
0x00007ffc90e20000 - 0x00007ffc90e35000 	C:\Program Files\Java\jdk-17.0.1\bin\nio.dll
0x00007ffc90e00000 - 0x00007ffc90e18000 	C:\Program Files\Java\jdk-17.0.1\bin\zip.dll
0x00007ffc8ebe0000 - 0x00007ffc8ed6f000 	C:\Program Files\Java\jdk-17.0.1\bin\awt.dll
0x00007ffd09b10000 - 0x00007ffd09be6000 	C:\WINDOWS\System32\OLEAUT32.dll
0x00007ffd04980000 - 0x00007ffd04a12000 	C:\WINDOWS\SYSTEM32\apphelp.dll
0x00007ffd04a40000 - 0x00007ffd04aec000 	C:\WINDOWS\system32\uxtheme.dll
0x00007ffd089e0000 - 0x00007ffd08afd000 	C:\WINDOWS\System32\MSCTF.dll
0x00007ffd09970000 - 0x00007ffd09b0a000 	C:\WINDOWS\System32\ole32.dll
0x00007ffd04d60000 - 0x00007ffd04d8f000 	C:\WINDOWS\system32\DWMAPI.DLL
0x00007ffc8df70000 - 0x00007ffc8dff9000 	C:\Program Files\Java\jdk-17.0.1\bin\freetype.dll
0x00007ffc8dec0000 - 0x00007ffc8df68000 	C:\Program Files\Java\jdk-17.0.1\bin\fontmanager.dll
0x00007ffcc8f60000 - 0x00007ffcc9061000 	C:\WINDOWS\system32\opengl32.dll
0x00007ffcc8f30000 - 0x00007ffcc8f5d000 	C:\WINDOWS\SYSTEM32\GLU32.dll
0x00007ffd04b20000 - 0x00007ffd04b58000 	C:\WINDOWS\SYSTEM32\dxcore.dll
0x00007ffd06380000 - 0x00007ffd06468000 	C:\WINDOWS\SYSTEM32\DNSAPI.dll
0x00007ffd06350000 - 0x00007ffd0637d000 	C:\WINDOWS\SYSTEM32\IPHLPAPI.DLL
0x00007ffd08c30000 - 0x00007ffd08c39000 	C:\WINDOWS\System32\NSI.dll
0x00007ffd001b0000 - 0x00007ffd001ba000 	C:\Windows\System32\rasadhlp.dll
0x00007ffcf88f0000 - 0x00007ffcf8971000 	C:\WINDOWS\System32\fwpuclnt.dll
0x00007ffd07010000 - 0x00007ffd07028000 	C:\WINDOWS\SYSTEM32\CRYPTSP.dll
0x00007ffd06800000 - 0x00007ffd06835000 	C:\WINDOWS\system32\rsaenh.dll
0x00007ffd06eb0000 - 0x00007ffd06ed9000 	C:\WINDOWS\SYSTEM32\USERENV.dll
0x00007ffd07190000 - 0x00007ffd071b7000 	C:\WINDOWS\SYSTEM32\bcrypt.dll
0x00007ffd07000000 - 0x00007ffd0700c000 	C:\WINDOWS\SYSTEM32\CRYPTBASE.dll
0x00007ffcffde0000 - 0x00007ffcffdf9000 	C:\WINDOWS\SYSTEM32\dhcpcsvc6.DLL
0x00007ffd007a0000 - 0x00007ffd007be000 	C:\WINDOWS\SYSTEM32\dhcpcsvc.DLL
0x00007ffd04610000 - 0x00007ffd0461e000 	C:\Program Files\Java\jdk-17.0.1\bin\sunmscapi.dll
0x00007ffd07ff0000 - 0x00007ffd08152000 	C:\WINDOWS\System32\CRYPT32.dll
0x00007ffd07160000 - 0x00007ffd07188000 	C:\WINDOWS\SYSTEM32\ncrypt.dll
0x00007ffd07120000 - 0x00007ffd07157000 	C:\WINDOWS\SYSTEM32\NTASN1.dll
0x00007ffd08b70000 - 0x00007ffd08c25000 	C:\WINDOWS\System32\clbcatq.dll
0x00007ffd00a50000 - 0x00007ffd00bfe000 	C:\WINDOWS\SYSTEM32\WindowsCodecs.dll
0x00007ffcbffc0000 - 0x00007ffcc001d000 	C:\WINDOWS\system32\dataexchange.dll
0x00007ffcff1a0000 - 0x00007ffcff406000 	C:\WINDOWS\system32\twinapi.appcore.dll
0x00007ffccaaa0000 - 0x00007ffccabcd000 	C:\WINDOWS\SYSTEM32\textinputframework.dll
0x00007ffd04800000 - 0x00007ffd04931000 	C:\WINDOWS\SYSTEM32\CoreMessaging.dll
0x00007ffd01af0000 - 0x00007ffd01e5d000 	C:\WINDOWS\SYSTEM32\CoreUIComponents.dll

dbghelp: loaded successfully - version: 4.0.5 - missing functions: none
symbol engine: initialized successfully - sym options: 0x614 - pdb path: .;C:\Program Files\Java\jdk-17.0.1\bin;C:\WINDOWS\SYSTEM32;C:\WINDOWS\WinSxS\amd64_microsoft.windows.common-controls_6595b64144ccf1df_6.0.22000.120_none_9d947278b86cc467;C:\Program Files\Java\jdk-17.0.1\bin\server

VM Arguments:
jvm_args: -Dfile.encoding=UTF-8 --module-path=C:\Users\DELL\Documents\ASMALIGE\asm_Duan1\build\classes 
java_command: da1.ui.TrangChu
java_class_path (initial): D:\eage\mysql-connector-java-8.0.13.jar;D:\eage\sqljdbc4-3.0.jar;C:\Users\DELL\Desktop\jcalendar-1.4.jar;C:\Users\DELL\Documents\ASMALIGE\asm_Duan1\build\classes
Launcher Type: SUN_STANDARD

[Global flags]
     intx CICompilerCount                          = 4                                         {product} {ergonomic}
     uint ConcGCThreads                            = 2                                         {product} {ergonomic}
     uint G1ConcRefinementThreads                  = 8                                         {product} {ergonomic}
   size_t G1HeapRegionSize                         = 1048576                                   {product} {ergonomic}
    uintx GCDrainStackTargetSize                   = 64                                        {product} {ergonomic}
   size_t InitialHeapSize                          = 130023424                                 {product} {ergonomic}
   size_t MarkStackSize                            = 4194304                                   {product} {ergonomic}
   size_t MaxHeapSize                              = 2076180480                                {product} {ergonomic}
   size_t MaxNewSize                               = 1245708288                                {product} {ergonomic}
   size_t MinHeapDeltaBytes                        = 1048576                                   {product} {ergonomic}
   size_t MinHeapSize                              = 8388608                                   {product} {ergonomic}
    uintx NonNMethodCodeHeapSize                   = 5839372                                {pd product} {ergonomic}
    uintx NonProfiledCodeHeapSize                  = 122909434                              {pd product} {ergonomic}
    uintx ProfiledCodeHeapSize                     = 122909434                              {pd product} {ergonomic}
    uintx ReservedCodeCacheSize                    = 251658240                              {pd product} {ergonomic}
     bool SegmentedCodeCache                       = true                                      {product} {ergonomic}
   size_t SoftMaxHeapSize                          = 2076180480                             {manageable} {ergonomic}
     bool UseCompressedClassPointers               = true                           {product lp64_product} {ergonomic}
     bool UseCompressedOops                        = true                           {product lp64_product} {ergonomic}
     bool UseG1GC                                  = true                                      {product} {ergonomic}
     bool UseLargePagesIndividualAllocation        = false                                  {pd product} {ergonomic}

Logging:
Log output configuration:
 #0: stdout all=warning uptime,level,tags
 #1: stderr all=off uptime,level,tags

Environment Variables:
PATH=C:\Program Files\Common Files\Oracle\Java\javapath;C:\Program Files (x86)\Common Files\Oracle\Java\javapath;C:\WINDOWS\system32;C:\WINDOWS;C:\WINDOWS\System32\Wbem;C:\WINDOWS\System32\WindowsPowerShell\v1.0\;C:\WINDOWS\System32\OpenSSH\;C:\Program Files\Microsoft SQL Server\Client SDK\ODBC\170\Tools\Binn\;C:\Program Files (x86)\Microsoft SQL Server\150\Tools\Binn\;C:\Program Files\Microsoft SQL Server\150\Tools\Binn\;C:\Program Files\Microsoft SQL Server\150\DTS\Binn\;D:\ducpham\Git\cmd;C:\Program Files\dotnet\;C:\Program Files\Azure Data Studio\bin;C:\Users\DELL\AppData\Local\Microsoft\WindowsApps;C:\Users\DELL\AppData\Local\Programs\Microsoft VS Code\bin;C:\Program Files\Azure Data Studio\bin;
USERNAME=DELL
OS=Windows_NT
PROCESSOR_IDENTIFIER=Intel64 Family 6 Model 140 Stepping 1, GenuineIntel



---------------  S Y S T E M  ---------------

OS:
 Windows 10 , 64 bit Build 22000 (10.0.22000.1219)
OS uptime: 0 days 1:19 hours

CPU: total 8 (initial active 8) (4 cores per cpu, 2 threads per core) family 6 model 140 stepping 1 microcode 0xa4, cx8, cmov, fxsr, ht, mmx, 3dnowpref, sse, sse2, sse3, ssse3, sse4.1, sse4.2, popcnt, lzcnt, tsc, tscinvbit, avx, avx2, aes, erms, clmul, bmi1, bmi2, adx, avx512f, avx512dq, avx512cd, avx512bw, avx512vl, sha, fma, vzeroupper, avx512_vpopcntdq, avx512_vpclmulqdq, avx512_vaes, avx512_vnni, clflush, clflushopt, clwb, avx512_vbmi2, avx512_vbmi

Memory: 4k page, system-wide physical 7914M (443M free)
TotalPageFile size 10914M (AvailPageFile size 2M)
current process WorkingSet (physical memory assigned to process): 172M, peak: 172M
current process commit charge ("private bytes"): 249M, peak: 260M

vm_info: Java HotSpot(TM) 64-Bit Server VM (17.0.1+12-LTS-39) for windows-amd64 JRE (17.0.1+12-LTS-39), built on Sep 27 2021 18:41:35 by "mach5one" with MS VC++ 16.8 (VS2019)

END.
