#
# There is insufficient memory for the Java Runtime Environment to continue.
# Native memory allocation (malloc) failed to allocate 242656 bytes for Chunk::new
# Possible reasons:
#   The system is out of physical RAM or swap space
#   The process is running with CompressedOops enabled, and the Java Heap may be blocking the growth of the native heap
# Possible solutions:
#   Reduce memory load on the system
#   Increase physical memory or swap space
#   Check if swap backing store is full
#   Decrease Java heap size (-Xmx/-Xms)
#   Decrease number of Java threads
#   Decrease Java thread stack sizes (-Xss)
#   Set larger code cache with -XX:ReservedCodeCacheSize=
#   JVM is running with Unscaled Compressed Oops mode in which the Java heap is
#     placed in the first 4GB address space. The Java Heap base address is the
#     maximum limit for the native heap growth. Please use -XX:HeapBaseMinAddress
#     to set the Java Heap base and to place the Java Heap above 4GB virtual address.
# This output file may be truncated or incomplete.
#
#  Out of Memory Error (arena.cpp:189), pid=9640, tid=2440
#
# JRE version: Java(TM) SE Runtime Environment (17.0.1+12) (build 17.0.1+12-LTS-39)
# Java VM: Java HotSpot(TM) 64-Bit Server VM (17.0.1+12-LTS-39, mixed mode, sharing, tiered, compressed oops, compressed class ptrs, g1 gc, windows-amd64)
# No core dump will be written. Minidumps are not enabled by default on client versions of Windows
#

---------------  S U M M A R Y ------------

Command Line: -Dfile.encoding=UTF-8 --module-path=C:\Users\DELL\Documents\ASMALIGE\asm_Duan1\build\classes ui.Thongke

Host: 11th Gen Intel(R) Core(TM) i5-1135G7 @ 2.40GHz, 8 cores, 7G,  Windows 10 , 64 bit Build 22000 (10.0.22000.1219)
Time: Tue Dec  6 23:51:50 2022 SE Asia Standard Time elapsed time: 0.894445 seconds (0d 0h 0m 0s)

---------------  T H R E A D  ---------------

Current thread (0x000001f92dace790):  JavaThread "C2 CompilerThread2" daemon [_thread_in_native, id=2440, stack(0x0000007c6cf00000,0x0000007c6d000000)]


Current CompileTask:
C2:    894 2039       4       sun.security.util.AbstractAlgorithmConstraints::checkAlgorithm (87 bytes)

Stack: [0x0000007c6cf00000,0x0000007c6d000000]
Native frames: (J=compiled Java code, j=interpreted, Vv=VM code, C=native code)
V  [jvm.dll+0x66fa1a]
V  [jvm.dll+0x7ce5a4]
V  [jvm.dll+0x7cfd4e]
V  [jvm.dll+0x7d03b3]
V  [jvm.dll+0x242b05]
V  [jvm.dll+0xaa05b]
V  [jvm.dll+0xaa5ec]
V  [jvm.dll+0x2a953f]
V  [jvm.dll+0x5785a9]
V  [jvm.dll+0x21dd7d]
V  [jvm.dll+0x2177c5]
V  [jvm.dll+0x214f05]
V  [jvm.dll+0x1a168d]
V  [jvm.dll+0x224848]
V  [jvm.dll+0x2229ac]
V  [jvm.dll+0x78435b]
V  [jvm.dll+0x77e91a]
V  [jvm.dll+0x66e845]
C  [ucrtbase.dll+0x26c0c]
C  [KERNEL32.DLL+0x15550]
C  [ntdll.dll+0x485b]


---------------  P R O C E S S  ---------------

Threads class SMR info:
_java_thread_list=0x000001f92da19ab0, length=19, elements={
0x000001f92b989ab0, 0x000001f92b98c570, 0x000001f92b99fa40, 0x000001f92b9a03f0,
0x000001f92b9a0da0, 0x000001f92b9a1750, 0x000001f92b9aa4f0, 0x000001f92b9b0310,
0x000001f92b9b6450, 0x000001f92b9339b0, 0x000001f92c531750, 0x000001f92c7244b0,
0x000001f92c763820, 0x000001f92c769d10, 0x000001f92c7fe120, 0x000001f90dabcec0,
0x000001f92c7fb0c0, 0x000001f92d5cceb0, 0x000001f92dace790
}

Java Threads: ( => current thread )
  0x000001f92b989ab0 JavaThread "Reference Handler" daemon [_thread_blocked, id=18368, stack(0x0000007c6bd00000,0x0000007c6be00000)]
  0x000001f92b98c570 JavaThread "Finalizer" daemon [_thread_blocked, id=17536, stack(0x0000007c6be00000,0x0000007c6bf00000)]
  0x000001f92b99fa40 JavaThread "Signal Dispatcher" daemon [_thread_blocked, id=2720, stack(0x0000007c6bf00000,0x0000007c6c000000)]
  0x000001f92b9a03f0 JavaThread "Attach Listener" daemon [_thread_blocked, id=14596, stack(0x0000007c6c000000,0x0000007c6c100000)]
  0x000001f92b9a0da0 JavaThread "Service Thread" daemon [_thread_blocked, id=15524, stack(0x0000007c6c100000,0x0000007c6c200000)]
  0x000001f92b9a1750 JavaThread "Monitor Deflation Thread" daemon [_thread_blocked, id=13264, stack(0x0000007c6c200000,0x0000007c6c300000)]
  0x000001f92b9aa4f0 JavaThread "C2 CompilerThread0" daemon [_thread_in_native, id=7804, stack(0x0000007c6c300000,0x0000007c6c400000)]
  0x000001f92b9b0310 JavaThread "C1 CompilerThread0" daemon [_thread_blocked, id=18764, stack(0x0000007c6c400000,0x0000007c6c500000)]
  0x000001f92b9b6450 JavaThread "Sweeper thread" daemon [_thread_blocked, id=14624, stack(0x0000007c6c500000,0x0000007c6c600000)]
  0x000001f92b9339b0 JavaThread "Common-Cleaner" daemon [_thread_blocked, id=16748, stack(0x0000007c6c600000,0x0000007c6c700000)]
  0x000001f92c531750 JavaThread "Notification Thread" daemon [_thread_blocked, id=10744, stack(0x0000007c6c700000,0x0000007c6c800000)]
  0x000001f92c7244b0 JavaThread "Java2D Disposer" daemon [_thread_blocked, id=8744, stack(0x0000007c6c900000,0x0000007c6ca00000)]
  0x000001f92c763820 JavaThread "AWT-Shutdown" [_thread_blocked, id=6252, stack(0x0000007c6ca00000,0x0000007c6cb00000)]
  0x000001f92c769d10 JavaThread "AWT-Windows" daemon [_thread_in_native, id=2768, stack(0x0000007c6cb00000,0x0000007c6cc00000)]
  0x000001f92c7fe120 JavaThread "AWT-EventQueue-0" [_thread_in_Java, id=14424, stack(0x0000007c6cc00000,0x0000007c6cd00000)]
  0x000001f90dabcec0 JavaThread "DestroyJavaVM" [_thread_blocked, id=11472, stack(0x0000007c6b600000,0x0000007c6b700000)]
  0x000001f92c7fb0c0 JavaThread "Abandoned connection cleanup thread" daemon [_thread_blocked, id=15556, stack(0x0000007c6cd00000,0x0000007c6ce00000)]
  0x000001f92d5cceb0 JavaThread "C2 CompilerThread1" daemon [_thread_in_native, id=9872, stack(0x0000007c6ce00000,0x0000007c6cf00000)]
=>0x000001f92dace790 JavaThread "C2 CompilerThread2" daemon [_thread_in_native, id=2440, stack(0x0000007c6cf00000,0x0000007c6d000000)]

Other Threads:
  0x000001f92b984010 VMThread "VM Thread" [stack: 0x0000007c6bc00000,0x0000007c6bd00000] [id=17108]
  0x000001f90db256b0 WatcherThread [stack: 0x0000007c6c800000,0x0000007c6c900000] [id=17572]
  0x000001f90dafb640 GCTaskThread "GC Thread#0" [stack: 0x0000007c6b700000,0x0000007c6b800000] [id=3012]
  0x000001f92d95ba70 GCTaskThread "GC Thread#1" [stack: 0x0000007c6d000000,0x0000007c6d100000] [id=4504]
  0x000001f92d948f40 GCTaskThread "GC Thread#2" [stack: 0x0000007c6d100000,0x0000007c6d200000] [id=14716]
  0x000001f92d9491f0 GCTaskThread "GC Thread#3" [stack: 0x0000007c6d200000,0x0000007c6d300000] [id=19160]
  0x000001f92d949cc0 GCTaskThread "GC Thread#4" [stack: 0x0000007c6d300000,0x0000007c6d400000] [id=16884]
  0x000001f92d99fa00 GCTaskThread "GC Thread#5" [stack: 0x0000007c6d400000,0x0000007c6d500000] [id=7584]
  0x000001f92da27d00 GCTaskThread "GC Thread#6" [stack: 0x0000007c6d500000,0x0000007c6d600000] [id=15244]
  0x000001f92da283c0 GCTaskThread "GC Thread#7" [stack: 0x0000007c6d600000,0x0000007c6d700000] [id=5416]
  0x000001f90db0bd00 ConcurrentGCThread "G1 Main Marker" [stack: 0x0000007c6b800000,0x0000007c6b900000] [id=6592]
  0x000001f90db0c710 ConcurrentGCThread "G1 Conc#0" [stack: 0x0000007c6b900000,0x0000007c6ba00000] [id=18240]
  0x000001f90db8cf30 ConcurrentGCThread "G1 Refine#0" [stack: 0x0000007c6ba00000,0x0000007c6bb00000] [id=9220]
  0x000001f92d8fa430 ConcurrentGCThread "G1 Refine#1" [stack: 0x0000007c6d700000,0x0000007c6d800000] [id=13200]
  0x000001f92da29ab0 ConcurrentGCThread "G1 Refine#2" [stack: 0x0000007c6d800000,0x0000007c6d900000] [id=7248]
  0x000001f90db8e800 ConcurrentGCThread "G1 Service" [stack: 0x0000007c6bb00000,0x0000007c6bc00000] [id=4168]

Threads with active compile tasks:
C2 CompilerThread0      925 2040       4       sun.security.util.DisabledAlgorithmConstraints::permits (56 bytes)
C1 CompilerThread0      925 2152       3       sun.security.ssl.HandshakeOutStream::checkOverflow (42 bytes)
C2 CompilerThread1      925 2042       4       java.util.regex.Pattern::split (288 bytes)
C2 CompilerThread2      925 2039       4       sun.security.util.AbstractAlgorithmConstraints::checkAlgorithm (87 bytes)

VM state: not at safepoint (normal execution)

VM Mutex/Monitor currently owned by a thread: None

Heap address: 0x0000000084400000, size: 1980 MB, Compressed Oops mode: 32-bit

CDS archive(s) mapped at: [0x0000000800000000-0x0000000800bc0000-0x0000000800bc0000), size 12320768, SharedBaseAddress: 0x0000000800000000, ArchiveRelocationMode: 0.
Compressed class space mapped at: 0x0000000800c00000-0x0000000840c00000, reserved size: 1073741824
Narrow klass base: 0x0000000800000000, Narrow klass shift: 0, Narrow klass range: 0x100000000

GC Precious Log:
 CPUs: 8 total, 8 available
 Memory: 7914M
 Large Page Support: Disabled
 NUMA Support: Disabled
 Compressed Oops: Enabled (32-bit)
 Heap Region Size: 1M
 Heap Min Capacity: 8M
 Heap Initial Capacity: 124M
 Heap Max Capacity: 1980M
 Pre-touch: Disabled
 Parallel Workers: 8
 Concurrent Workers: 2
 Concurrent Refinement Workers: 8
 Periodic GC: Disabled

Heap:
 garbage-first heap   total 126976K, used 18631K [0x0000000084400000, 0x0000000100000000)
  region size 1024K, 17 young (17408K), 3 survivors (3072K)
 Metaspace       used 19247K, committed 19456K, reserved 1073152K
  class space    used 2255K, committed 2368K, reserved 1048576K

Heap Regions: E=young(eden), S=young(survivor), O=old, HS=humongous(starts), HC=humongous(continues), CS=collection set, F=free, OA=open archive, CA=closed archive, TAMS=top-at-mark-start (previous, next)
|   0|0x0000000084400000, 0x0000000084500000, 0x0000000084500000|100%| O|  |TAMS 0x0000000084400000, 0x0000000084400000| Untracked 
|   1|0x0000000084500000, 0x0000000084600000, 0x0000000084600000|100%| O|  |TAMS 0x0000000084500000, 0x0000000084500000| Untracked 
|   2|0x0000000084600000, 0x0000000084631e08, 0x0000000084700000| 19%| O|  |TAMS 0x0000000084600000, 0x0000000084600000| Untracked 
|   3|0x0000000084700000, 0x0000000084700000, 0x0000000084800000|  0%| F|  |TAMS 0x0000000084700000, 0x0000000084700000| Untracked 
|   4|0x0000000084800000, 0x0000000084800000, 0x0000000084900000|  0%| F|  |TAMS 0x0000000084800000, 0x0000000084800000| Untracked 
|   5|0x0000000084900000, 0x0000000084900000, 0x0000000084a00000|  0%| F|  |TAMS 0x0000000084900000, 0x0000000084900000| Untracked 
|   6|0x0000000084a00000, 0x0000000084a00000, 0x0000000084b00000|  0%| F|  |TAMS 0x0000000084a00000, 0x0000000084a00000| Untracked 
|   7|0x0000000084b00000, 0x0000000084b00000, 0x0000000084c00000|  0%| F|  |TAMS 0x0000000084b00000, 0x0000000084b00000| Untracked 
|   8|0x0000000084c00000, 0x0000000084c00000, 0x0000000084d00000|  0%| F|  |TAMS 0x0000000084c00000, 0x0000000084c00000| Untracked 
|   9|0x0000000084d00000, 0x0000000084d00000, 0x0000000084e00000|  0%| F|  |TAMS 0x0000000084d00000, 0x0000000084d00000| Untracked 
|  10|0x0000000084e00000, 0x0000000084e00000, 0x0000000084f00000|  0%| F|  |TAMS 0x0000000084e00000, 0x0000000084e00000| Untracked 
|  11|0x0000000084f00000, 0x0000000084f00000, 0x0000000085000000|  0%| F|  |TAMS 0x0000000084f00000, 0x0000000084f00000| Untracked 
|  12|0x0000000085000000, 0x0000000085000000, 0x0000000085100000|  0%| F|  |TAMS 0x0000000085000000, 0x0000000085000000| Untracked 
|  13|0x0000000085100000, 0x0000000085100000, 0x0000000085200000|  0%| F|  |TAMS 0x0000000085100000, 0x0000000085100000| Untracked 
|  14|0x0000000085200000, 0x0000000085200000, 0x0000000085300000|  0%| F|  |TAMS 0x0000000085200000, 0x0000000085200000| Untracked 
|  15|0x0000000085300000, 0x0000000085300000, 0x0000000085400000|  0%| F|  |TAMS 0x0000000085300000, 0x0000000085300000| Untracked 
|  16|0x0000000085400000, 0x0000000085400000, 0x0000000085500000|  0%| F|  |TAMS 0x0000000085400000, 0x0000000085400000| Untracked 
|  17|0x0000000085500000, 0x0000000085500000, 0x0000000085600000|  0%| F|  |TAMS 0x0000000085500000, 0x0000000085500000| Untracked 
|  18|0x0000000085600000, 0x0000000085600000, 0x0000000085700000|  0%| F|  |TAMS 0x0000000085600000, 0x0000000085600000| Untracked 
|  19|0x0000000085700000, 0x0000000085700000, 0x0000000085800000|  0%| F|  |TAMS 0x0000000085700000, 0x0000000085700000| Untracked 
|  20|0x0000000085800000, 0x0000000085800000, 0x0000000085900000|  0%| F|  |TAMS 0x0000000085800000, 0x0000000085800000| Untracked 
|  21|0x0000000085900000, 0x0000000085900000, 0x0000000085a00000|  0%| F|  |TAMS 0x0000000085900000, 0x0000000085900000| Untracked 
|  22|0x0000000085a00000, 0x0000000085a00000, 0x0000000085b00000|  0%| F|  |TAMS 0x0000000085a00000, 0x0000000085a00000| Untracked 
|  23|0x0000000085b00000, 0x0000000085b00000, 0x0000000085c00000|  0%| F|  |TAMS 0x0000000085b00000, 0x0000000085b00000| Untracked 
|  24|0x0000000085c00000, 0x0000000085c00000, 0x0000000085d00000|  0%| F|  |TAMS 0x0000000085c00000, 0x0000000085c00000| Untracked 
|  25|0x0000000085d00000, 0x0000000085d00000, 0x0000000085e00000|  0%| F|  |TAMS 0x0000000085d00000, 0x0000000085d00000| Untracked 
|  26|0x0000000085e00000, 0x0000000085e00000, 0x0000000085f00000|  0%| F|  |TAMS 0x0000000085e00000, 0x0000000085e00000| Untracked 
|  27|0x0000000085f00000, 0x0000000085f00000, 0x0000000086000000|  0%| F|  |TAMS 0x0000000085f00000, 0x0000000085f00000| Untracked 
|  28|0x0000000086000000, 0x0000000086000000, 0x0000000086100000|  0%| F|  |TAMS 0x0000000086000000, 0x0000000086000000| Untracked 
|  29|0x0000000086100000, 0x0000000086100000, 0x0000000086200000|  0%| F|  |TAMS 0x0000000086100000, 0x0000000086100000| Untracked 
|  30|0x0000000086200000, 0x0000000086200000, 0x0000000086300000|  0%| F|  |TAMS 0x0000000086200000, 0x0000000086200000| Untracked 
|  31|0x0000000086300000, 0x0000000086300000, 0x0000000086400000|  0%| F|  |TAMS 0x0000000086300000, 0x0000000086300000| Untracked 
|  32|0x0000000086400000, 0x0000000086400000, 0x0000000086500000|  0%| F|  |TAMS 0x0000000086400000, 0x0000000086400000| Untracked 
|  33|0x0000000086500000, 0x0000000086500000, 0x0000000086600000|  0%| F|  |TAMS 0x0000000086500000, 0x0000000086500000| Untracked 
|  34|0x0000000086600000, 0x0000000086600000, 0x0000000086700000|  0%| F|  |TAMS 0x0000000086600000, 0x0000000086600000| Untracked 
|  35|0x0000000086700000, 0x0000000086700000, 0x0000000086800000|  0%| F|  |TAMS 0x0000000086700000, 0x0000000086700000| Untracked 
|  36|0x0000000086800000, 0x0000000086800000, 0x0000000086900000|  0%| F|  |TAMS 0x0000000086800000, 0x0000000086800000| Untracked 
|  37|0x0000000086900000, 0x0000000086900000, 0x0000000086a00000|  0%| F|  |TAMS 0x0000000086900000, 0x0000000086900000| Untracked 
|  38|0x0000000086a00000, 0x0000000086a00000, 0x0000000086b00000|  0%| F|  |TAMS 0x0000000086a00000, 0x0000000086a00000| Untracked 
|  39|0x0000000086b00000, 0x0000000086b00000, 0x0000000086c00000|  0%| F|  |TAMS 0x0000000086b00000, 0x0000000086b00000| Untracked 
|  40|0x0000000086c00000, 0x0000000086c00000, 0x0000000086d00000|  0%| F|  |TAMS 0x0000000086c00000, 0x0000000086c00000| Untracked 
|  41|0x0000000086d00000, 0x0000000086d00000, 0x0000000086e00000|  0%| F|  |TAMS 0x0000000086d00000, 0x0000000086d00000| Untracked 
|  42|0x0000000086e00000, 0x0000000086e00000, 0x0000000086f00000|  0%| F|  |TAMS 0x0000000086e00000, 0x0000000086e00000| Untracked 
|  43|0x0000000086f00000, 0x0000000086f00000, 0x0000000087000000|  0%| F|  |TAMS 0x0000000086f00000, 0x0000000086f00000| Untracked 
|  44|0x0000000087000000, 0x0000000087000000, 0x0000000087100000|  0%| F|  |TAMS 0x0000000087000000, 0x0000000087000000| Untracked 
|  45|0x0000000087100000, 0x0000000087100000, 0x0000000087200000|  0%| F|  |TAMS 0x0000000087100000, 0x0000000087100000| Untracked 
|  46|0x0000000087200000, 0x0000000087200000, 0x0000000087300000|  0%| F|  |TAMS 0x0000000087200000, 0x0000000087200000| Untracked 
|  47|0x0000000087300000, 0x0000000087300000, 0x0000000087400000|  0%| F|  |TAMS 0x0000000087300000, 0x0000000087300000| Untracked 
|  48|0x0000000087400000, 0x0000000087400000, 0x0000000087500000|  0%| F|  |TAMS 0x0000000087400000, 0x0000000087400000| Untracked 
|  49|0x0000000087500000, 0x0000000087500000, 0x0000000087600000|  0%| F|  |TAMS 0x0000000087500000, 0x0000000087500000| Untracked 
|  50|0x0000000087600000, 0x0000000087600000, 0x0000000087700000|  0%| F|  |TAMS 0x0000000087600000, 0x0000000087600000| Untracked 
|  51|0x0000000087700000, 0x0000000087700000, 0x0000000087800000|  0%| F|  |TAMS 0x0000000087700000, 0x0000000087700000| Untracked 
|  52|0x0000000087800000, 0x0000000087800000, 0x0000000087900000|  0%| F|  |TAMS 0x0000000087800000, 0x0000000087800000| Untracked 
|  53|0x0000000087900000, 0x0000000087900000, 0x0000000087a00000|  0%| F|  |TAMS 0x0000000087900000, 0x0000000087900000| Untracked 
|  54|0x0000000087a00000, 0x0000000087a00000, 0x0000000087b00000|  0%| F|  |TAMS 0x0000000087a00000, 0x0000000087a00000| Untracked 
|  55|0x0000000087b00000, 0x0000000087b00000, 0x0000000087c00000|  0%| F|  |TAMS 0x0000000087b00000, 0x0000000087b00000| Untracked 
|  56|0x0000000087c00000, 0x0000000087c00000, 0x0000000087d00000|  0%| F|  |TAMS 0x0000000087c00000, 0x0000000087c00000| Untracked 
|  57|0x0000000087d00000, 0x0000000087d00000, 0x0000000087e00000|  0%| F|  |TAMS 0x0000000087d00000, 0x0000000087d00000| Untracked 
|  58|0x0000000087e00000, 0x0000000087e00000, 0x0000000087f00000|  0%| F|  |TAMS 0x0000000087e00000, 0x0000000087e00000| Untracked 
|  59|0x0000000087f00000, 0x0000000087f00000, 0x0000000088000000|  0%| F|  |TAMS 0x0000000087f00000, 0x0000000087f00000| Untracked 
|  60|0x0000000088000000, 0x0000000088000000, 0x0000000088100000|  0%| F|  |TAMS 0x0000000088000000, 0x0000000088000000| Untracked 
|  61|0x0000000088100000, 0x0000000088100000, 0x0000000088200000|  0%| F|  |TAMS 0x0000000088100000, 0x0000000088100000| Untracked 
|  62|0x0000000088200000, 0x0000000088200000, 0x0000000088300000|  0%| F|  |TAMS 0x0000000088200000, 0x0000000088200000| Untracked 
|  63|0x0000000088300000, 0x0000000088300000, 0x0000000088400000|  0%| F|  |TAMS 0x0000000088300000, 0x0000000088300000| Untracked 
|  64|0x0000000088400000, 0x0000000088400000, 0x0000000088500000|  0%| F|  |TAMS 0x0000000088400000, 0x0000000088400000| Untracked 
|  65|0x0000000088500000, 0x0000000088500000, 0x0000000088600000|  0%| F|  |TAMS 0x0000000088500000, 0x0000000088500000| Untracked 
|  66|0x0000000088600000, 0x0000000088600000, 0x0000000088700000|  0%| F|  |TAMS 0x0000000088600000, 0x0000000088600000| Untracked 
|  67|0x0000000088700000, 0x0000000088700000, 0x0000000088800000|  0%| F|  |TAMS 0x0000000088700000, 0x0000000088700000| Untracked 
|  68|0x0000000088800000, 0x0000000088800000, 0x0000000088900000|  0%| F|  |TAMS 0x0000000088800000, 0x0000000088800000| Untracked 
|  69|0x0000000088900000, 0x0000000088900000, 0x0000000088a00000|  0%| F|  |TAMS 0x0000000088900000, 0x0000000088900000| Untracked 
|  70|0x0000000088a00000, 0x0000000088a00000, 0x0000000088b00000|  0%| F|  |TAMS 0x0000000088a00000, 0x0000000088a00000| Untracked 
|  71|0x0000000088b00000, 0x0000000088b00000, 0x0000000088c00000|  0%| F|  |TAMS 0x0000000088b00000, 0x0000000088b00000| Untracked 
|  72|0x0000000088c00000, 0x0000000088c00000, 0x0000000088d00000|  0%| F|  |TAMS 0x0000000088c00000, 0x0000000088c00000| Untracked 
|  73|0x0000000088d00000, 0x0000000088d00000, 0x0000000088e00000|  0%| F|  |TAMS 0x0000000088d00000, 0x0000000088d00000| Untracked 
|  74|0x0000000088e00000, 0x0000000088e00000, 0x0000000088f00000|  0%| F|  |TAMS 0x0000000088e00000, 0x0000000088e00000| Untracked 
|  75|0x0000000088f00000, 0x0000000088f00000, 0x0000000089000000|  0%| F|  |TAMS 0x0000000088f00000, 0x0000000088f00000| Untracked 
|  76|0x0000000089000000, 0x0000000089000000, 0x0000000089100000|  0%| F|  |TAMS 0x0000000089000000, 0x0000000089000000| Untracked 
|  77|0x0000000089100000, 0x0000000089100000, 0x0000000089200000|  0%| F|  |TAMS 0x0000000089100000, 0x0000000089100000| Untracked 
|  78|0x0000000089200000, 0x0000000089200000, 0x0000000089300000|  0%| F|  |TAMS 0x0000000089200000, 0x0000000089200000| Untracked 
|  79|0x0000000089300000, 0x0000000089300000, 0x0000000089400000|  0%| F|  |TAMS 0x0000000089300000, 0x0000000089300000| Untracked 
|  80|0x0000000089400000, 0x0000000089400000, 0x0000000089500000|  0%| F|  |TAMS 0x0000000089400000, 0x0000000089400000| Untracked 
|  81|0x0000000089500000, 0x0000000089500000, 0x0000000089600000|  0%| F|  |TAMS 0x0000000089500000, 0x0000000089500000| Untracked 
|  82|0x0000000089600000, 0x0000000089600000, 0x0000000089700000|  0%| F|  |TAMS 0x0000000089600000, 0x0000000089600000| Untracked 
|  83|0x0000000089700000, 0x0000000089700000, 0x0000000089800000|  0%| F|  |TAMS 0x0000000089700000, 0x0000000089700000| Untracked 
|  84|0x0000000089800000, 0x0000000089800000, 0x0000000089900000|  0%| F|  |TAMS 0x0000000089800000, 0x0000000089800000| Untracked 
|  85|0x0000000089900000, 0x0000000089900000, 0x0000000089a00000|  0%| F|  |TAMS 0x0000000089900000, 0x0000000089900000| Untracked 
|  86|0x0000000089a00000, 0x0000000089a00000, 0x0000000089b00000|  0%| F|  |TAMS 0x0000000089a00000, 0x0000000089a00000| Untracked 
|  87|0x0000000089b00000, 0x0000000089b00000, 0x0000000089c00000|  0%| F|  |TAMS 0x0000000089b00000, 0x0000000089b00000| Untracked 
|  88|0x0000000089c00000, 0x0000000089c00000, 0x0000000089d00000|  0%| F|  |TAMS 0x0000000089c00000, 0x0000000089c00000| Untracked 
|  89|0x0000000089d00000, 0x0000000089d00000, 0x0000000089e00000|  0%| F|  |TAMS 0x0000000089d00000, 0x0000000089d00000| Untracked 
|  90|0x0000000089e00000, 0x0000000089e00000, 0x0000000089f00000|  0%| F|  |TAMS 0x0000000089e00000, 0x0000000089e00000| Untracked 
|  91|0x0000000089f00000, 0x0000000089f00000, 0x000000008a000000|  0%| F|  |TAMS 0x0000000089f00000, 0x0000000089f00000| Untracked 
|  92|0x000000008a000000, 0x000000008a000000, 0x000000008a100000|  0%| F|  |TAMS 0x000000008a000000, 0x000000008a000000| Untracked 
|  93|0x000000008a100000, 0x000000008a100000, 0x000000008a200000|  0%| F|  |TAMS 0x000000008a100000, 0x000000008a100000| Untracked 
|  94|0x000000008a200000, 0x000000008a200000, 0x000000008a300000|  0%| F|  |TAMS 0x000000008a200000, 0x000000008a200000| Untracked 
|  95|0x000000008a300000, 0x000000008a300000, 0x000000008a400000|  0%| F|  |TAMS 0x000000008a300000, 0x000000008a300000| Untracked 
|  96|0x000000008a400000, 0x000000008a400000, 0x000000008a500000|  0%| F|  |TAMS 0x000000008a400000, 0x000000008a400000| Untracked 
|  97|0x000000008a500000, 0x000000008a500000, 0x000000008a600000|  0%| F|  |TAMS 0x000000008a500000, 0x000000008a500000| Untracked 
|  98|0x000000008a600000, 0x000000008a700000, 0x000000008a700000|100%| S|CS|TAMS 0x000000008a600000, 0x000000008a600000| Complete 
|  99|0x000000008a700000, 0x000000008a800000, 0x000000008a800000|100%| S|CS|TAMS 0x000000008a700000, 0x000000008a700000| Complete 
| 100|0x000000008a800000, 0x000000008a900000, 0x000000008a900000|100%| S|CS|TAMS 0x000000008a800000, 0x000000008a800000| Complete 
| 101|0x000000008a900000, 0x000000008a900000, 0x000000008aa00000|  0%| F|  |TAMS 0x000000008a900000, 0x000000008a900000| Untracked 
| 102|0x000000008aa00000, 0x000000008aa00000, 0x000000008ab00000|  0%| F|  |TAMS 0x000000008aa00000, 0x000000008aa00000| Untracked 
| 103|0x000000008ab00000, 0x000000008ab00000, 0x000000008ac00000|  0%| F|  |TAMS 0x000000008ab00000, 0x000000008ab00000| Untracked 
| 104|0x000000008ac00000, 0x000000008ac00000, 0x000000008ad00000|  0%| F|  |TAMS 0x000000008ac00000, 0x000000008ac00000| Untracked 
| 105|0x000000008ad00000, 0x000000008ad00000, 0x000000008ae00000|  0%| F|  |TAMS 0x000000008ad00000, 0x000000008ad00000| Untracked 
| 106|0x000000008ae00000, 0x000000008ae00000, 0x000000008af00000|  0%| F|  |TAMS 0x000000008ae00000, 0x000000008ae00000| Untracked 
| 107|0x000000008af00000, 0x000000008af00000, 0x000000008b000000|  0%| F|  |TAMS 0x000000008af00000, 0x000000008af00000| Untracked 
| 108|0x000000008b000000, 0x000000008b000000, 0x000000008b100000|  0%| F|  |TAMS 0x000000008b000000, 0x000000008b000000| Untracked 
| 109|0x000000008b100000, 0x000000008b100000, 0x000000008b200000|  0%| F|  |TAMS 0x000000008b100000, 0x000000008b100000| Untracked 
| 110|0x000000008b200000, 0x000000008b2788e0, 0x000000008b300000| 47%| E|  |TAMS 0x000000008b200000, 0x000000008b200000| Complete 
| 111|0x000000008b300000, 0x000000008b400000, 0x000000008b400000|100%| E|CS|TAMS 0x000000008b300000, 0x000000008b300000| Complete 
| 112|0x000000008b400000, 0x000000008b500000, 0x000000008b500000|100%| E|CS|TAMS 0x000000008b400000, 0x000000008b400000| Complete 
| 113|0x000000008b500000, 0x000000008b600000, 0x000000008b600000|100%| E|CS|TAMS 0x000000008b500000, 0x000000008b500000| Complete 
| 114|0x000000008b600000, 0x000000008b700000, 0x000000008b700000|100%| E|CS|TAMS 0x000000008b600000, 0x000000008b600000| Complete 
| 115|0x000000008b700000, 0x000000008b800000, 0x000000008b800000|100%| E|CS|TAMS 0x000000008b700000, 0x000000008b700000| Complete 
| 116|0x000000008b800000, 0x000000008b900000, 0x000000008b900000|100%| E|CS|TAMS 0x000000008b800000, 0x000000008b800000| Complete 
| 117|0x000000008b900000, 0x000000008ba00000, 0x000000008ba00000|100%| E|CS|TAMS 0x000000008b900000, 0x000000008b900000| Complete 
| 118|0x000000008ba00000, 0x000000008bb00000, 0x000000008bb00000|100%| E|CS|TAMS 0x000000008ba00000, 0x000000008ba00000| Complete 
| 119|0x000000008bb00000, 0x000000008bc00000, 0x000000008bc00000|100%| E|CS|TAMS 0x000000008bb00000, 0x000000008bb00000| Complete 
| 120|0x000000008bc00000, 0x000000008bd00000, 0x000000008bd00000|100%| E|CS|TAMS 0x000000008bc00000, 0x000000008bc00000| Complete 
| 121|0x000000008bd00000, 0x000000008be00000, 0x000000008be00000|100%| E|CS|TAMS 0x000000008bd00000, 0x000000008bd00000| Complete 
| 122|0x000000008be00000, 0x000000008bf00000, 0x000000008bf00000|100%| E|CS|TAMS 0x000000008be00000, 0x000000008be00000| Complete 
| 123|0x000000008bf00000, 0x000000008c000000, 0x000000008c000000|100%| E|CS|TAMS 0x000000008bf00000, 0x000000008bf00000| Complete 

Card table byte_map: [0x000001f9249e0000,0x000001f924dc0000] _byte_map_base: 0x000001f9245be000

Marking Bits (Prev, Next): (CMBitMap*) 0x000001f90dafbc50, (CMBitMap*) 0x000001f90dafbc90
 Prev Bits: [0x000001f9251a0000, 0x000001f927090000)
 Next Bits: [0x000001f927090000, 0x000001f928f80000)

Polling page: 0x000001f90ba00000

Metaspace:

Usage:
  Non-class:     16.60 MB used.
      Class:      2.20 MB used.
       Both:     18.80 MB used.

Virtual space:
  Non-class space:       24.00 MB reserved,      16.69 MB ( 70%) committed,  3 nodes.
      Class space:        1.00 GB reserved,       2.31 MB ( <1%) committed,  1 nodes.
             Both:        1.02 GB reserved,      19.00 MB (  2%) committed. 

Chunk freelists:
   Non-Class:  2.71 MB
       Class:  1.70 MB
        Both:  4.41 MB

MaxMetaspaceSize: unlimited
CompressedClassSpaceSize: 1.00 GB
Initial GC threshold: 21.00 MB
Current GC threshold: 21.00 MB
CDS: on
MetaspaceReclaimPolicy: balanced
 - commit_granule_bytes: 65536.
 - commit_granule_words: 8192.
 - virtual_space_node_default_size: 1048576.
 - enlarge_chunks_in_place: 1.
 - new_chunks_are_fully_committed: 0.
 - uncommit_free_chunks: 1.
 - use_allocation_guard: 0.
 - handle_deallocations: 1.


Internal statistics:

num_allocs_failed_limit: 0.
num_arena_births: 166.
num_arena_deaths: 0.
num_vsnodes_births: 4.
num_vsnodes_deaths: 0.
num_space_committed: 304.
num_space_uncommitted: 0.
num_chunks_returned_to_freelist: 0.
num_chunks_taken_from_freelist: 395.
num_chunk_merges: 0.
num_chunk_splits: 222.
num_chunks_enlarged: 112.
num_purges: 0.
num_inconsistent_stats: 0.

CodeHeap 'non-profiled nmethods': size=120000Kb used=739Kb max_used=739Kb free=119260Kb
 bounds [0x000001f91cda0000, 0x000001f91d010000, 0x000001f9242d0000]
CodeHeap 'profiled nmethods': size=120000Kb used=3925Kb max_used=3925Kb free=116074Kb
 bounds [0x000001f915870000, 0x000001f915c50000, 0x000001f91cda0000]
CodeHeap 'non-nmethods': size=5760Kb used=1333Kb max_used=1362Kb free=4426Kb
 bounds [0x000001f9152d0000, 0x000001f915540000, 0x000001f915870000]
 total_blobs=2811 nmethods=2154 adapters=569
 compilation: enabled
              stopped_count=0, restarted_count=0
 full_count=0

Compilation events (20 events):
Event: 0.886 Thread 0x000001f92b9b0310 2063       1       com.mysql.cj.CoreSession::getPropertySet (5 bytes)
Event: 0.886 Thread 0x000001f92b9b0310 nmethod 2063 0x000001f91ce54310 code [0x000001f91ce544a0, 0x000001f91ce54578]
Event: 0.886 Thread 0x000001f92b9b0310 2064   !   3       sun.security.ssl.SSLSocketImpl$AppInputStream::read (645 bytes)
Event: 0.889 Thread 0x000001f92b9b0310 nmethod 2064 0x000001f915c0a210 code [0x000001f915c0a960, 0x000001f915c0eea8]
Event: 0.889 Thread 0x000001f92b9b0310 2071       3       com.mysql.cj.protocol.a.NativePacketPayload::readBytes (68 bytes)
Event: 0.890 Thread 0x000001f92b9b0310 nmethod 2071 0x000001f915c10890 code [0x000001f915c10a40, 0x000001f915c10da8]
Event: 0.890 Thread 0x000001f92b9b0310 2067       3       com.mysql.cj.jdbc.ConnectionImpl::getProxy (16 bytes)
Event: 0.890 Thread 0x000001f92b9b0310 nmethod 2067 0x000001f915c10f10 code [0x000001f915c110a0, 0x000001f915c11218]
Event: 0.890 Thread 0x000001f92b9b0310 2066       3       java.lang.String::<init> (13 bytes)
Event: 0.890 Thread 0x000001f92b9b0310 nmethod 2066 0x000001f915c11290 code [0x000001f915c114a0, 0x000001f915c11b08]
Event: 0.890 Thread 0x000001f92b9b0310 2069   !   3       com.mysql.cj.util.StringUtils::toString (62 bytes)
Event: 0.891 Thread 0x000001f92b9b0310 nmethod 2069 0x000001f915c11e10 code [0x000001f915c12040, 0x000001f915c12908]
Event: 0.891 Thread 0x000001f92b9b0310 2070       3       com.mysql.cj.protocol.a.NativePacketHeader::getMessageSequence (10 bytes)
Event: 0.891 Thread 0x000001f92b9b0310 nmethod 2070 0x000001f915c12c10 code [0x000001f915c12de0, 0x000001f915c13158]
Event: 0.891 Thread 0x000001f92b9b0310 2072       3       com.mysql.cj.jdbc.ConnectionImpl::getConnectionMutex (19 bytes)
Event: 0.891 Thread 0x000001f92b9b0310 nmethod 2072 0x000001f915c13310 code [0x000001f915c134c0, 0x000001f915c13718]
Event: 0.891 Thread 0x000001f92b9b0310 2065       1       com.mysql.cj.protocol.a.NativeProtocol::getPacketReader (5 bytes)
Event: 0.891 Thread 0x000001f92b9b0310 nmethod 2065 0x000001f91ce54610 code [0x000001f91ce547a0, 0x000001f91ce54878]
Event: 0.891 Thread 0x000001f92b9b0310 2068       1       java.nio.ByteBuffer::base (5 bytes)
Event: 0.891 Thread 0x000001f92b9b0310 nmethod 2068 0x000001f91ce54910 code [0x000001f91ce54aa0, 0x000001f91ce54b78]

GC Heap History (2 events):
Event: 0.638 GC heap before
{Heap before GC invocations=0 (full 0):
 garbage-first heap   total 126976K, used 22528K [0x0000000084400000, 0x0000000100000000)
  region size 1024K, 23 young (23552K), 0 survivors (0K)
 Metaspace       used 15073K, committed 15296K, reserved 1064960K
  class space    used 1720K, committed 1792K, reserved 1048576K
}
Event: 0.645 GC heap after
{Heap after GC invocations=1 (full 0):
 garbage-first heap   total 126976K, used 5319K [0x0000000084400000, 0x0000000100000000)
  region size 1024K, 3 young (3072K), 3 survivors (3072K)
 Metaspace       used 15073K, committed 15296K, reserved 1064960K
  class space    used 1720K, committed 1792K, reserved 1048576K
}

Deoptimization events (20 events):
Event: 0.734 Thread 0x000001f92c7fe120 DEOPT PACKING pc=0x000001f91cdb360c sp=0x0000007c6ccfeb50
Event: 0.734 Thread 0x000001f92c7fe120 DEOPT UNPACKING pc=0x000001f915325c23 sp=0x0000007c6ccfeae0 mode 2
Event: 0.767 Thread 0x000001f92c7fe120 Uncommon trap: trap_request=0xffffff45 fr.pc=0x000001f91ce15fd4 relative=0x00000000000006b4
Event: 0.767 Thread 0x000001f92c7fe120 Uncommon trap: reason=unstable_if action=reinterpret pc=0x000001f91ce15fd4 method=java.util.ArrayList.grow(I)[Ljava/lang/Object; @ 17 c2
Event: 0.767 Thread 0x000001f92c7fe120 DEOPT PACKING pc=0x000001f91ce15fd4 sp=0x0000007c6ccfe330
Event: 0.767 Thread 0x000001f92c7fe120 DEOPT UNPACKING pc=0x000001f915325c23 sp=0x0000007c6ccfe1c8 mode 2
Event: 0.799 Thread 0x000001f92c7fe120 Uncommon trap: trap_request=0xffffff45 fr.pc=0x000001f91cdd2ec8 relative=0x00000000000000a8
Event: 0.799 Thread 0x000001f92c7fe120 Uncommon trap: reason=unstable_if action=reinterpret pc=0x000001f91cdd2ec8 method=java.lang.CharacterDataLatin1.digit(II)I @ 12 c2
Event: 0.799 Thread 0x000001f92c7fe120 DEOPT PACKING pc=0x000001f91cdd2ec8 sp=0x0000007c6ccfe3c0
Event: 0.799 Thread 0x000001f92c7fe120 DEOPT UNPACKING pc=0x000001f915325c23 sp=0x0000007c6ccfe338 mode 2
Event: 0.841 Thread 0x000001f92c7fe120 Uncommon trap: trap_request=0xffffff45 fr.pc=0x000001f91cdce174 relative=0x0000000000000174
Event: 0.841 Thread 0x000001f92c7fe120 Uncommon trap: reason=unstable_if action=reinterpret pc=0x000001f91cdce174 method=java.lang.StringCoding.hasNegatives([BII)Z @ 12 c2
Event: 0.841 Thread 0x000001f92c7fe120 DEOPT PACKING pc=0x000001f91cdce174 sp=0x0000007c6ccfe580
Event: 0.841 Thread 0x000001f92c7fe120 DEOPT UNPACKING pc=0x000001f915325c23 sp=0x0000007c6ccfe510 mode 2
Event: 0.854 Thread 0x000001f92c7fe120 DEOPT PACKING pc=0x000001f915ad98be sp=0x0000007c6ccfd7b0
Event: 0.854 Thread 0x000001f92c7fe120 DEOPT UNPACKING pc=0x000001f915326763 sp=0x0000007c6ccfcbe0 mode 0
Event: 0.857 Thread 0x000001f92c7fe120 DEOPT PACKING pc=0x000001f915ad98be sp=0x0000007c6ccfd610
Event: 0.857 Thread 0x000001f92c7fe120 DEOPT UNPACKING pc=0x000001f915326763 sp=0x0000007c6ccfca40 mode 0
Event: 0.858 Thread 0x000001f92c7fe120 DEOPT PACKING pc=0x000001f915ad98be sp=0x0000007c6ccfd610
Event: 0.858 Thread 0x000001f92c7fe120 DEOPT UNPACKING pc=0x000001f915326763 sp=0x0000007c6ccfca40 mode 0

Classes unloaded (0 events):
No events

Classes redefined (0 events):
No events

Internal exceptions (20 events):
Event: 0.182 Thread 0x000001f90dabcec0 Exception <a 'java/lang/ClassNotFoundException'{0x000000008ba262f0}: Tree> (0x000000008ba262f0) 
thrown [t:\workspace\open\src\hotspot\share\classfile\systemDictionary.cpp, line 256]
Event: 0.182 Thread 0x000001f90dabcec0 Exception <a 'java/lang/ClassNotFoundException'{0x000000008ba26660}: javax/swing/JTreeCell> (0x000000008ba26660) 
thrown [t:\workspace\open\src\hotspot\share\classfile\systemDictionary.cpp, line 256]
Event: 0.182 Thread 0x000001f90dabcec0 Exception <a 'java/lang/ClassNotFoundException'{0x000000008ba26960}: TreeCell> (0x000000008ba26960) 
thrown [t:\workspace\open\src\hotspot\share\classfile\systemDictionary.cpp, line 256]
Event: 0.182 Thread 0x000001f90dabcec0 Exception <a 'java/lang/ClassNotFoundException'{0x000000008ba27120}: RootPane> (0x000000008ba27120) 
thrown [t:\workspace\open\src\hotspot\share\classfile\systemDictionary.cpp, line 256]
Event: 0.183 Thread 0x000001f90dabcec0 Exception <a 'java/lang/ClassNotFoundException'{0x000000008ba29f70}: com/sun/swing/internal/plaf/metal/resources/spi/metalProvider> (0x000000008ba29f70) 
thrown [t:\workspace\open\src\hotspot\share\classfile\systemDictionary.cpp, line 256]
Event: 0.184 Thread 0x000001f90dabcec0 Exception <a 'java/lang/ClassNotFoundException'{0x000000008ba2db70}: com/sun/swing/internal/plaf/basic/resources/spi/basicProvider> (0x000000008ba2db70) 
thrown [t:\workspace\open\src\hotspot\share\classfile\systemDictionary.cpp, line 256]
Event: 0.198 Thread 0x000001f92c7fe120 Exception <a 'java/lang/ClassNotFoundException'{0x000000008b900fe0}: com/sun/swing/internal/plaf/synth/resources/spi/synthProvider> (0x000000008b900fe0) 
thrown [t:\workspace\open\src\hotspot\share\classfile\systemDictionary.cpp, line 256]
Event: 0.281 Thread 0x000001f92c7fe120 Exception <a 'java/lang/NoSuchMethodError'{0x000000008b618390}: 'java.lang.Object java.lang.invoke.DirectMethodHandle$Holder.invokeInterface(java.lang.Object, java.lang.Object)'> (0x000000008b618390) 
thrown [t:\workspace\open\src\hotspot\share\interpreter\linkResolver.cpp, line 766]
Event: 0.313 Thread 0x000001f92c7fe120 Exception <a 'java/lang/NoSuchMethodError'{0x000000008b523b80}: 'void java.lang.invoke.DirectMethodHandle$Holder.invokeStatic(java.lang.Object, java.lang.Object, java.lang.Object)'> (0x000000008b523b80) 
thrown [t:\workspace\open\src\hotspot\share\interpreter\linkResolver.cpp, line 766]
Event: 0.318 Thread 0x000001f92c7fe120 Exception <a 'java/lang/NoSuchMethodError'{0x000000008b5436b8}: 'java.lang.Object java.lang.invoke.DirectMethodHandle$Holder.invokeVirtual(java.lang.Object, java.lang.Object, java.lang.Object)'> (0x000000008b5436b8) 
thrown [t:\workspace\open\src\hotspot\share\interpreter\linkResolver.cpp, line 766]
Event: 0.378 Thread 0x000001f92c7fe120 Exception <a 'java/lang/NoSuchMethodError'{0x000000008b3e2ba0}: 'void java.lang.invoke.DirectMethodHandle$Holder.invokeStatic(java.lang.Object, java.lang.Object)'> (0x000000008b3e2ba0) 
thrown [t:\workspace\open\src\hotspot\share\interpreter\linkResolver.cpp, line 766]
Event: 0.449 Thread 0x000001f92c7fe120 Exception <a 'sun/nio/fs/WindowsException'{0x000000008ad40a40}> (0x000000008ad40a40) 
thrown [t:\workspace\open\src\hotspot\share\prims\jni.cpp, line 516]
Event: 0.457 Thread 0x000001f92c7fe120 Exception <a 'java/lang/NoSuchMethodError'{0x000000008ad673d0}: 'int java.lang.invoke.DirectMethodHandle$Holder.invokeStaticInit(java.lang.Object, java.lang.Object, java.lang.Object, java.lang.Object)'> (0x000000008ad673d0) 
thrown [t:\workspace\open\src\hotspot\share\interpreter\linkResolver.cpp, line 766]
Event: 0.457 Thread 0x000001f92c7fe120 Exception <a 'java/lang/IncompatibleClassChangeError'{0x000000008ad70b20}: Found class java.lang.Object, but interface was expected> (0x000000008ad70b20) 
thrown [t:\workspace\open\src\hotspot\share\interpreter\linkResolver.cpp, line 833]
Event: 0.458 Thread 0x000001f92c7fe120 Exception <a 'java/lang/NoSuchMethodError'{0x000000008ad73df8}: 'void java.lang.invoke.DirectMethodHandle$Holder.invokeStaticInit(java.lang.Object, java.lang.Object)'> (0x000000008ad73df8) 
thrown [t:\workspace\open\src\hotspot\share\interpreter\linkResolver.cpp, line 766]
Event: 0.458 Thread 0x000001f92c7fe120 Exception <a 'java/lang/NoSuchMethodError'{0x000000008ad79e30}: 'int java.lang.invoke.DirectMethodHandle$Holder.invokeStaticInit(java.lang.Object, java.lang.Object)'> (0x000000008ad79e30) 
thrown [t:\workspace\open\src\hotspot\share\interpreter\linkResolver.cpp, line 766]
Event: 0.481 Thread 0x000001f92c7fe120 Exception <a 'java/lang/NoSuchMethodError'{0x000000008ab4f600}: 'java.lang.Object java.lang.invoke.DirectMethodHandle$Holder.invokeStaticInit(java.lang.Object, int, int, int, int)'> (0x000000008ab4f600) 
thrown [t:\workspace\open\src\hotspot\share\interpreter\linkResolver.cpp, line 766]
Event: 0.533 Thread 0x000001f92c7fe120 Exception <a 'java/lang/NoSuchMethodError'{0x000000008aa0a4f0}: 'java.lang.Object java.lang.invoke.DirectMethodHandle$Holder.invokeStaticInit(java.lang.Object, java.lang.Object, int, int, int, int)'> (0x000000008aa0a4f0) 
thrown [t:\workspace\open\src\hotspot\share\interpreter\linkResolver.cpp, line 766]
Event: 0.741 Thread 0x000001f92c769d10 Exception <a 'java/lang/NoSuchMethodError'{0x000000008bef8ab8}: 'void java.lang.invoke.DirectMethodHandle$Holder.invokeVirtual(java.lang.Object, java.lang.Object)'> (0x000000008bef8ab8) 
thrown [t:\workspace\open\src\hotspot\share\interpreter\linkResolver.cpp, line 766]
Event: 0.754 Thread 0x000001f92c7fe120 Exception <a 'java/lang/NoSuchMethodError'{0x000000008bea3830}: 'void java.lang.invoke.DirectMethodHandle$Holder.invokeStaticInit(java.lang.Object)'> (0x000000008bea3830) 
thrown [t:\workspace\open\src\hotspot\share\interpreter\linkResolver.cpp, line 766]

VM Operations (20 events):
Event: 0.045 Executing VM operation: HandshakeAllThreads
Event: 0.045 Executing VM operation: HandshakeAllThreads done
Event: 0.166 Executing VM operation: HandshakeAllThreads
Event: 0.166 Executing VM operation: HandshakeAllThreads done
Event: 0.221 Executing VM operation: HandshakeAllThreads
Event: 0.221 Executing VM operation: HandshakeAllThreads done
Event: 0.291 Executing VM operation: HandshakeAllThreads
Event: 0.291 Executing VM operation: HandshakeAllThreads done
Event: 0.370 Executing VM operation: HandshakeAllThreads
Event: 0.370 Executing VM operation: HandshakeAllThreads done
Event: 0.404 Executing VM operation: HandshakeAllThreads
Event: 0.404 Executing VM operation: HandshakeAllThreads done
Event: 0.454 Executing VM operation: ICBufferFull
Event: 0.454 Executing VM operation: ICBufferFull done
Event: 0.638 Executing VM operation: G1CollectForAllocation
Event: 0.645 Executing VM operation: G1CollectForAllocation done
Event: 0.769 Executing VM operation: HandshakeAllThreads
Event: 0.769 Executing VM operation: HandshakeAllThreads done
Event: 0.838 Executing VM operation: ICBufferFull
Event: 0.839 Executing VM operation: ICBufferFull done

Events (20 events):
Event: 0.795 loading class sun/awt/GlobalCursorManager done
Event: 0.795 loading class sun/awt/windows/WGlobalCursorManager done
Event: 0.795 loading class sun/awt/GlobalCursorManager$NativeUpdater
Event: 0.795 loading class sun/awt/GlobalCursorManager$NativeUpdater done
Event: 0.796 loading class javax/swing/JTable$2
Event: 0.796 loading class javax/swing/JTable$Resizable3
Event: 0.796 loading class javax/swing/JTable$Resizable2
Event: 0.796 loading class javax/swing/JTable$Resizable2 done
Event: 0.796 loading class javax/swing/JTable$Resizable3 done
Event: 0.796 loading class javax/swing/JTable$2 done
Event: 0.796 loading class javax/swing/JTable$5
Event: 0.796 loading class javax/swing/JTable$5 done
Event: 0.797 loading class javax/swing/plaf/basic/BasicGraphicsUtils
Event: 0.797 loading class javax/swing/plaf/basic/BasicGraphicsUtils done
Event: 0.814 loading class java/util/NoSuchElementException
Event: 0.814 loading class java/util/NoSuchElementException done
Event: 0.820 loading class java/util/TimerTask
Event: 0.820 loading class java/util/TimerTask done
Event: 0.821 loading class java/lang/StringIndexOutOfBoundsException
Event: 0.821 loading class java/lang/StringIndexOutOfBoundsException done


Dynamic libraries:
0x00007ff674af0000 - 0x00007ff674b00000 	C:\Program Files\Java\jdk-17.0.1\bin\java.exe
0x00007ffb2e8c0000 - 0x00007ffb2eac9000 	C:\WINDOWS\SYSTEM32\ntdll.dll
0x00007ffb2c740000 - 0x00007ffb2c7fe000 	C:\WINDOWS\System32\KERNEL32.DLL
0x00007ffb2beb0000 - 0x00007ffb2c22b000 	C:\WINDOWS\System32\KERNELBASE.dll
0x00007ffb2c490000 - 0x00007ffb2c5a1000 	C:\WINDOWS\System32\ucrtbase.dll
0x00007ffb1a0f0000 - 0x00007ffb1a10a000 	C:\Program Files\Java\jdk-17.0.1\bin\VCRUNTIME140.dll
0x00007ffb23da0000 - 0x00007ffb23db8000 	C:\Program Files\Java\jdk-17.0.1\bin\jli.dll
0x00007ffb2c990000 - 0x00007ffb2ca3e000 	C:\WINDOWS\System32\ADVAPI32.dll
0x00007ffb2e220000 - 0x00007ffb2e2c3000 	C:\WINDOWS\System32\msvcrt.dll
0x00007ffb2c870000 - 0x00007ffb2c90e000 	C:\WINDOWS\System32\sechost.dll
0x00007ffb2cc40000 - 0x00007ffb2cd60000 	C:\WINDOWS\System32\RPCRT4.dll
0x00007ffb2ce50000 - 0x00007ffb2cffd000 	C:\WINDOWS\System32\USER32.dll
0x00007ffb2c460000 - 0x00007ffb2c486000 	C:\WINDOWS\System32\win32u.dll
0x00007ffaf9fd0000 - 0x00007ffafa275000 	C:\WINDOWS\WinSxS\amd64_microsoft.windows.common-controls_6595b64144ccf1df_6.0.22000.120_none_9d947278b86cc467\COMCTL32.dll
0x00007ffb2e2d0000 - 0x00007ffb2e2f9000 	C:\WINDOWS\System32\GDI32.dll
0x00007ffb2bd90000 - 0x00007ffb2bea8000 	C:\WINDOWS\System32\gdi32full.dll
0x00007ffb2c5b0000 - 0x00007ffb2c64d000 	C:\WINDOWS\System32\msvcp_win.dll
0x00007ffb1efd0000 - 0x00007ffb1efda000 	C:\WINDOWS\SYSTEM32\VERSION.dll
0x00007ffb2ca40000 - 0x00007ffb2ca72000 	C:\WINDOWS\System32\IMM32.DLL
0x00007ffb287e0000 - 0x00007ffb287ec000 	C:\Program Files\Java\jdk-17.0.1\bin\vcruntime140_1.dll
0x00007ffb19050000 - 0x00007ffb190dd000 	C:\Program Files\Java\jdk-17.0.1\bin\msvcp140.dll
0x00007ffab2680000 - 0x00007ffab323e000 	C:\Program Files\Java\jdk-17.0.1\bin\server\jvm.dll
0x00007ffb2e300000 - 0x00007ffb2e308000 	C:\WINDOWS\System32\PSAPI.DLL
0x00007ffb24310000 - 0x00007ffb24343000 	C:\WINDOWS\SYSTEM32\WINMM.dll
0x00007ffb1a410000 - 0x00007ffb1a419000 	C:\WINDOWS\SYSTEM32\WSOCK32.dll
0x00007ffb2d660000 - 0x00007ffb2d6cf000 	C:\WINDOWS\System32\WS2_32.dll
0x00007ffb2ae90000 - 0x00007ffb2aea8000 	C:\WINDOWS\SYSTEM32\kernel.appcore.dll
0x00007ffb1a0e0000 - 0x00007ffb1a0ea000 	C:\Program Files\Java\jdk-17.0.1\bin\jimage.dll
0x00007ffb29940000 - 0x00007ffb29b61000 	C:\WINDOWS\SYSTEM32\DBGHELP.DLL
0x00007ffb15660000 - 0x00007ffb15691000 	C:\WINDOWS\SYSTEM32\dbgcore.DLL
0x00007ffb2c650000 - 0x00007ffb2c6cf000 	C:\WINDOWS\System32\bcryptPrimitives.dll
0x00007ffb19af0000 - 0x00007ffb19b15000 	C:\Program Files\Java\jdk-17.0.1\bin\java.dll
0x00007ffb19150000 - 0x00007ffb19226000 	C:\Program Files\Java\jdk-17.0.1\bin\svml.dll
0x00007ffb2da60000 - 0x00007ffb2e218000 	C:\WINDOWS\System32\SHELL32.dll
0x00007ffb29e80000 - 0x00007ffb2a6e5000 	C:\WINDOWS\SYSTEM32\windows.storage.dll
0x00007ffb2d6d0000 - 0x00007ffb2da48000 	C:\WINDOWS\System32\combase.dll
0x00007ffb29d10000 - 0x00007ffb29e76000 	C:\WINDOWS\SYSTEM32\wintypes.dll
0x00007ffb2d000000 - 0x00007ffb2d0ea000 	C:\WINDOWS\System32\SHCORE.dll
0x00007ffb2d600000 - 0x00007ffb2d65d000 	C:\WINDOWS\System32\shlwapi.dll
0x00007ffb2bcc0000 - 0x00007ffb2bce1000 	C:\WINDOWS\SYSTEM32\profapi.dll
0x00007ffb19130000 - 0x00007ffb19149000 	C:\Program Files\Java\jdk-17.0.1\bin\net.dll
0x00007ffb24100000 - 0x00007ffb24214000 	C:\WINDOWS\SYSTEM32\WINHTTP.dll
0x00007ffb2b3a0000 - 0x00007ffb2b407000 	C:\WINDOWS\system32\mswsock.dll
0x00007ffb19110000 - 0x00007ffb19125000 	C:\Program Files\Java\jdk-17.0.1\bin\nio.dll
0x00007ffb190f0000 - 0x00007ffb19108000 	C:\Program Files\Java\jdk-17.0.1\bin\zip.dll
0x00007ffafee90000 - 0x00007ffaff01f000 	C:\Program Files\Java\jdk-17.0.1\bin\awt.dll
0x00007ffb2e430000 - 0x00007ffb2e506000 	C:\WINDOWS\System32\OLEAUT32.dll
0x00007ffb28f60000 - 0x00007ffb28ff2000 	C:\WINDOWS\SYSTEM32\apphelp.dll
0x00007ffb29020000 - 0x00007ffb290cc000 	C:\WINDOWS\system32\uxtheme.dll
0x00007ffb2e310000 - 0x00007ffb2e42d000 	C:\WINDOWS\System32\MSCTF.dll
0x00007ffb2e5f0000 - 0x00007ffb2e78a000 	C:\WINDOWS\System32\ole32.dll
0x00007ffb29360000 - 0x00007ffb2938f000 	C:\WINDOWS\system32\DWMAPI.DLL
0x00007ffb126d0000 - 0x00007ffb12759000 	C:\Program Files\Java\jdk-17.0.1\bin\freetype.dll
0x00007ffb0c560000 - 0x00007ffb0c608000 	C:\Program Files\Java\jdk-17.0.1\bin\fontmanager.dll
0x00007ffb16810000 - 0x00007ffb16911000 	C:\WINDOWS\system32\opengl32.dll
0x00007ffb21890000 - 0x00007ffb218bd000 	C:\WINDOWS\SYSTEM32\GLU32.dll
0x00007ffb29100000 - 0x00007ffb29138000 	C:\WINDOWS\SYSTEM32\dxcore.dll
0x00007ffb2a960000 - 0x00007ffb2aa48000 	C:\WINDOWS\SYSTEM32\DNSAPI.dll
0x00007ffb2a930000 - 0x00007ffb2a95d000 	C:\WINDOWS\SYSTEM32\IPHLPAPI.DLL
0x00007ffb2d580000 - 0x00007ffb2d589000 	C:\WINDOWS\System32\NSI.dll
0x00007ffb21350000 - 0x00007ffb2135a000 	C:\Windows\System32\rasadhlp.dll
0x00007ffb213a0000 - 0x00007ffb21421000 	C:\WINDOWS\System32\fwpuclnt.dll
0x00007ffb2b5e0000 - 0x00007ffb2b5f8000 	C:\WINDOWS\SYSTEM32\CRYPTSP.dll
0x00007ffb2ade0000 - 0x00007ffb2ae15000 	C:\WINDOWS\system32\rsaenh.dll
0x00007ffb2b490000 - 0x00007ffb2b4b9000 	C:\WINDOWS\SYSTEM32\USERENV.dll
0x00007ffb2b770000 - 0x00007ffb2b797000 	C:\WINDOWS\SYSTEM32\bcrypt.dll
0x00007ffb2b600000 - 0x00007ffb2b60c000 	C:\WINDOWS\SYSTEM32\CRYPTBASE.dll
0x00007ffb23c00000 - 0x00007ffb23c19000 	C:\WINDOWS\SYSTEM32\dhcpcsvc6.DLL
0x00007ffb24350000 - 0x00007ffb2436e000 	C:\WINDOWS\SYSTEM32\dhcpcsvc.DLL
0x00007ffb28810000 - 0x00007ffb2881e000 	C:\Program Files\Java\jdk-17.0.1\bin\sunmscapi.dll
0x00007ffb2c2f0000 - 0x00007ffb2c452000 	C:\WINDOWS\System32\CRYPT32.dll
0x00007ffb2b740000 - 0x00007ffb2b768000 	C:\WINDOWS\SYSTEM32\ncrypt.dll
0x00007ffb2b700000 - 0x00007ffb2b737000 	C:\WINDOWS\SYSTEM32\NTASN1.dll

dbghelp: loaded successfully - version: 4.0.5 - missing functions: none
symbol engine: initialized successfully - sym options: 0x614 - pdb path: .;C:\Program Files\Java\jdk-17.0.1\bin;C:\WINDOWS\SYSTEM32;C:\WINDOWS\WinSxS\amd64_microsoft.windows.common-controls_6595b64144ccf1df_6.0.22000.120_none_9d947278b86cc467;C:\Program Files\Java\jdk-17.0.1\bin\server

VM Arguments:
jvm_args: -Dfile.encoding=UTF-8 --module-path=C:\Users\DELL\Documents\ASMALIGE\asm_Duan1\build\classes 
java_command: ui.Thongke
java_class_path (initial): D:\eage\mysql-connector-java-8.0.13.jar;D:\eage\sqljdbc4-3.0.jar;C:\Users\DELL\Desktop\jcalendar-1.4.jar;C:\Users\DELL\Desktop\javax.mail.jar;C:\Users\DELL\Desktop\activation-1.1.jar;C:\Users\DELL\Desktop\javax.mail-1.6.2.jar;C:\Users\DELL\Documents\ASMALIGE\asm_Duan1\build\classes
Launcher Type: SUN_STANDARD

[Global flags]
     intx CICompilerCount                          = 4                                         {product} {ergonomic}
     uint ConcGCThreads                            = 2                                         {product} {ergonomic}
     uint G1ConcRefinementThreads                  = 8                                         {product} {ergonomic}
   size_t G1HeapRegionSize                         = 1048576                                   {product} {ergonomic}
    uintx GCDrainStackTargetSize                   = 64                                        {product} {ergonomic}
   size_t InitialHeapSize                          = 130023424                                 {product} {ergonomic}
   size_t MarkStackSize                            = 4194304                                   {product} {ergonomic}
   size_t MaxHeapSize                              = 2076180480                                {product} {ergonomic}
   size_t MaxNewSize                               = 1245708288                                {product} {ergonomic}
   size_t MinHeapDeltaBytes                        = 1048576                                   {product} {ergonomic}
   size_t MinHeapSize                              = 8388608                                   {product} {ergonomic}
    uintx NonNMethodCodeHeapSize                   = 5839372                                {pd product} {ergonomic}
    uintx NonProfiledCodeHeapSize                  = 122909434                              {pd product} {ergonomic}
    uintx ProfiledCodeHeapSize                     = 122909434                              {pd product} {ergonomic}
    uintx ReservedCodeCacheSize                    = 251658240                              {pd product} {ergonomic}
     bool SegmentedCodeCache                       = true                                      {product} {ergonomic}
   size_t SoftMaxHeapSize                          = 2076180480                             {manageable} {ergonomic}
     bool UseCompressedClassPointers               = true                           {product lp64_product} {ergonomic}
     bool UseCompressedOops                        = true                           {product lp64_product} {ergonomic}
     bool UseG1GC                                  = true                                      {product} {ergonomic}
     bool UseLargePagesIndividualAllocation        = false                                  {pd product} {ergonomic}

Logging:
Log output configuration:
 #0: stdout all=warning uptime,level,tags
 #1: stderr all=off uptime,level,tags

Environment Variables:
PATH=C:\Program Files\Common Files\Oracle\Java\javapath;C:\Program Files (x86)\Common Files\Oracle\Java\javapath;C:\WINDOWS\system32;C:\WINDOWS;C:\WINDOWS\System32\Wbem;C:\WINDOWS\System32\WindowsPowerShell\v1.0\;C:\WINDOWS\System32\OpenSSH\;C:\Program Files\Microsoft SQL Server\Client SDK\ODBC\170\Tools\Binn\;C:\Program Files (x86)\Microsoft SQL Server\150\Tools\Binn\;C:\Program Files\Microsoft SQL Server\150\Tools\Binn\;C:\Program Files\Microsoft SQL Server\150\DTS\Binn\;D:\ducpham\Git\cmd;C:\Program Files\dotnet\;C:\Program Files\Azure Data Studio\bin;C:\Users\DELL\AppData\Local\Microsoft\WindowsApps;C:\Users\DELL\AppData\Local\Programs\Microsoft VS Code\bin;C:\Program Files\Azure Data Studio\bin;
USERNAME=DELL
OS=Windows_NT
PROCESSOR_IDENTIFIER=Intel64 Family 6 Model 140 Stepping 1, GenuineIntel



---------------  S Y S T E M  ---------------

OS:
 Windows 10 , 64 bit Build 22000 (10.0.22000.1219)
OS uptime: 14 days 0:05 hours

CPU: total 8 (initial active 8) (4 cores per cpu, 2 threads per core) family 6 model 140 stepping 1 microcode 0xa4, cx8, cmov, fxsr, ht, mmx, 3dnowpref, sse, sse2, sse3, ssse3, sse4.1, sse4.2, popcnt, lzcnt, tsc, tscinvbit, avx, avx2, aes, erms, clmul, bmi1, bmi2, adx, avx512f, avx512dq, avx512cd, avx512bw, avx512vl, sha, fma, vzeroupper, avx512_vpopcntdq, avx512_vpclmulqdq, avx512_vaes, avx512_vnni, clflush, clflushopt, clwb, avx512_vbmi2, avx512_vbmi

Memory: 4k page, system-wide physical 7914M (717M free)
TotalPageFile size 10914M (AvailPageFile size 3M)
current process WorkingSet (physical memory assigned to process): 109M, peak: 109M
current process commit charge ("private bytes"): 245M, peak: 246M

vm_info: Java HotSpot(TM) 64-Bit Server VM (17.0.1+12-LTS-39) for windows-amd64 JRE (17.0.1+12-LTS-39), built on Sep 27 2021 18:41:35 by "mach5one" with MS VC++ 16.8 (VS2019)

END.
