#
# There is insufficient memory for the Java Runtime Environment to continue.
# Native memory allocation (malloc) failed to allocate 113376 bytes for Chunk::new
# Possible reasons:
#   The system is out of physical RAM or swap space
#   The process is running with CompressedOops enabled, and the Java Heap may be blocking the growth of the native heap
# Possible solutions:
#   Reduce memory load on the system
#   Increase physical memory or swap space
#   Check if swap backing store is full
#   Decrease Java heap size (-Xmx/-Xms)
#   Decrease number of Java threads
#   Decrease Java thread stack sizes (-Xss)
#   Set larger code cache with -XX:ReservedCodeCacheSize=
#   JVM is running with Unscaled Compressed Oops mode in which the Java heap is
#     placed in the first 4GB address space. The Java Heap base address is the
#     maximum limit for the native heap growth. Please use -XX:HeapBaseMinAddress
#     to set the Java Heap base and to place the Java Heap above 4GB virtual address.
# This output file may be truncated or incomplete.
#
#  Out of Memory Error (arena.cpp:189), pid=9884, tid=10504
#
# JRE version: Java(TM) SE Runtime Environment (17.0.1+12) (build 17.0.1+12-LTS-39)
# Java VM: Java HotSpot(TM) 64-Bit Server VM (17.0.1+12-LTS-39, mixed mode, sharing, tiered, compressed oops, compressed class ptrs, g1 gc, windows-amd64)
# No core dump will be written. Minidumps are not enabled by default on client versions of Windows
#

---------------  S U M M A R Y ------------

Command Line: -Dfile.encoding=UTF-8 --module-path=C:\Users\DELL\Documents\ASMALIGE\asm_Duan1\build\classes da1.ui.QuanLyNhanVien

Host: 11th Gen Intel(R) Core(TM) i5-1135G7 @ 2.40GHz, 8 cores, 7G,  Windows 10 , 64 bit Build 22000 (10.0.22000.1219)
Time: Mon Dec  5 16:36:57 2022 SE Asia Standard Time elapsed time: 0.097428 seconds (0d 0h 0m 0s)

---------------  T H R E A D  ---------------

Current thread (0x0000019cce102700):  JavaThread "C2 CompilerThread0" daemon [_thread_in_native, id=10504, stack(0x0000007cf9d00000,0x0000007cf9e00000)]


Current CompileTask:
C2:     97  163       4       java.util.HashMap::putVal (300 bytes)

Stack: [0x0000007cf9d00000,0x0000007cf9e00000]
Native frames: (J=compiled Java code, j=interpreted, Vv=VM code, C=native code)
V  [jvm.dll+0x66fa1a]
V  [jvm.dll+0x7ce5a4]
V  [jvm.dll+0x7cfd4e]
V  [jvm.dll+0x7d03b3]
V  [jvm.dll+0x242b05]
V  [jvm.dll+0xaa05b]
V  [jvm.dll+0xaa5ec]
V  [jvm.dll+0x2a953f]
V  [jvm.dll+0x5785a9]
V  [jvm.dll+0x21dd7d]
V  [jvm.dll+0x2172d1]
V  [jvm.dll+0x214f05]
V  [jvm.dll+0x1a168d]
V  [jvm.dll+0x224848]
V  [jvm.dll+0x2229ac]
V  [jvm.dll+0x78435b]
V  [jvm.dll+0x77e91a]
V  [jvm.dll+0x66e845]
C  [ucrtbase.dll+0x26c0c]
C  [KERNEL32.DLL+0x15550]
C  [ntdll.dll+0x485b]


---------------  P R O C E S S  ---------------

Threads class SMR info:
_java_thread_list=0x0000019cceda7280, length=13, elements={
0x0000019cb024cf40, 0x0000019cce0ec910, 0x0000019cce0edad0, 0x0000019cce0ffd10,
0x0000019cce1006c0, 0x0000019cce101070, 0x0000019cce101a20, 0x0000019cce102700,
0x0000019cce10e600, 0x0000019cce114020, 0x0000019cce0d5d10, 0x0000019ccece7120,
0x0000019cceddc010
}

Java Threads: ( => current thread )
  0x0000019cb024cf40 JavaThread "main" [_thread_in_vm, id=10812, stack(0x0000007cf9000000,0x0000007cf9100000)]
  0x0000019cce0ec910 JavaThread "Reference Handler" daemon [_thread_blocked, id=17988, stack(0x0000007cf9700000,0x0000007cf9800000)]
  0x0000019cce0edad0 JavaThread "Finalizer" daemon [_thread_blocked, id=15216, stack(0x0000007cf9800000,0x0000007cf9900000)]
  0x0000019cce0ffd10 JavaThread "Signal Dispatcher" daemon [_thread_blocked, id=18700, stack(0x0000007cf9900000,0x0000007cf9a00000)]
  0x0000019cce1006c0 JavaThread "Attach Listener" daemon [_thread_blocked, id=788, stack(0x0000007cf9a00000,0x0000007cf9b00000)]
  0x0000019cce101070 JavaThread "Service Thread" daemon [_thread_blocked, id=18772, stack(0x0000007cf9b00000,0x0000007cf9c00000)]
  0x0000019cce101a20 JavaThread "Monitor Deflation Thread" daemon [_thread_blocked, id=2960, stack(0x0000007cf9c00000,0x0000007cf9d00000)]
=>0x0000019cce102700 JavaThread "C2 CompilerThread0" daemon [_thread_in_native, id=10504, stack(0x0000007cf9d00000,0x0000007cf9e00000)]
  0x0000019cce10e600 JavaThread "C1 CompilerThread0" daemon [_thread_blocked, id=8488, stack(0x0000007cf9e00000,0x0000007cf9f00000)]
  0x0000019cce114020 JavaThread "Sweeper thread" daemon [_thread_blocked, id=17392, stack(0x0000007cf9f00000,0x0000007cfa000000)]
  0x0000019cce0d5d10 JavaThread "Common-Cleaner" daemon [_thread_blocked, id=18316, stack(0x0000007cfa000000,0x0000007cfa100000)]
  0x0000019ccece7120 JavaThread "Notification Thread" daemon [_thread_blocked, id=18704, stack(0x0000007cfa100000,0x0000007cfa200000)]
  0x0000019cceddc010 JavaThread "C2 CompilerThread1" daemon [_thread_blocked, id=15400, stack(0x0000007cfa300000,0x0000007cfa400000)]

Other Threads:
  0x0000019cce0e8f70 VMThread "VM Thread" [stack: 0x0000007cf9600000,0x0000007cf9700000] [id=9828]
  0x0000019cb02bb320 WatcherThread [stack: 0x0000007cfa200000,0x0000007cfa300000] [id=2892]
  0x0000019cb028b860 GCTaskThread "GC Thread#0" [stack: 0x0000007cf9100000,0x0000007cf9200000] [id=5020]
  0x0000019cb029bf20 ConcurrentGCThread "G1 Main Marker" [stack: 0x0000007cf9200000,0x0000007cf9300000] [id=16348]
  0x0000019cb029ca90 ConcurrentGCThread "G1 Conc#0" [stack: 0x0000007cf9300000,0x0000007cf9400000] [id=9948]
  0x0000019cb031d3e0 ConcurrentGCThread "G1 Refine#0" [stack: 0x0000007cf9400000,0x0000007cf9500000] [id=7024]
  0x0000019cb0320bc0 ConcurrentGCThread "G1 Service" [stack: 0x0000007cf9500000,0x0000007cf9600000] [id=13756]

Threads with active compile tasks:
C2 CompilerThread0      138  163       4       java.util.HashMap::putVal (300 bytes)

VM state: not at safepoint (normal execution)

VM Mutex/Monitor currently owned by a thread:  ([mutex/lock_event])
[0x0000019cb0248340] Metaspace_lock - owner thread: 0x0000019cb024cf40

Heap address: 0x0000000084400000, size: 1980 MB, Compressed Oops mode: 32-bit

CDS archive(s) mapped at: [0x0000000800000000-0x0000000800bc0000-0x0000000800bc0000), size 12320768, SharedBaseAddress: 0x0000000800000000, ArchiveRelocationMode: 0.
Compressed class space mapped at: 0x0000000800c00000-0x0000000840c00000, reserved size: 1073741824
Narrow klass base: 0x0000000800000000, Narrow klass shift: 0, Narrow klass range: 0x100000000

GC Precious Log:
 CPUs: 8 total, 8 available
 Memory: 7914M
 Large Page Support: Disabled
 NUMA Support: Disabled
 Compressed Oops: Enabled (32-bit)
 Heap Region Size: 1M
 Heap Min Capacity: 8M
 Heap Initial Capacity: 124M
 Heap Max Capacity: 1980M
 Pre-touch: Disabled
 Parallel Workers: 8
 Concurrent Workers: 2
 Concurrent Refinement Workers: 8
 Periodic GC: Disabled

Heap:
 garbage-first heap   total 126976K, used 1024K [0x0000000084400000, 0x0000000100000000)
  region size 1024K, 3 young (3072K), 0 survivors (0K)
 Metaspace       used 1330K, committed 1408K, reserved 1056768K
  class space    used 138K, committed 192K, reserved 1048576K

Heap Regions: E=young(eden), S=young(survivor), O=old, HS=humongous(starts), HC=humongous(continues), CS=collection set, F=free, OA=open archive, CA=closed archive, TAMS=top-at-mark-start (previous, next)
|   0|0x0000000084400000, 0x0000000084400000, 0x0000000084500000|  0%| F|  |TAMS 0x0000000084400000, 0x0000000084400000| Untracked 
|   1|0x0000000084500000, 0x0000000084500000, 0x0000000084600000|  0%| F|  |TAMS 0x0000000084500000, 0x0000000084500000| Untracked 
|   2|0x0000000084600000, 0x0000000084600000, 0x0000000084700000|  0%| F|  |TAMS 0x0000000084600000, 0x0000000084600000| Untracked 
|   3|0x0000000084700000, 0x0000000084700000, 0x0000000084800000|  0%| F|  |TAMS 0x0000000084700000, 0x0000000084700000| Untracked 
|   4|0x0000000084800000, 0x0000000084800000, 0x0000000084900000|  0%| F|  |TAMS 0x0000000084800000, 0x0000000084800000| Untracked 
|   5|0x0000000084900000, 0x0000000084900000, 0x0000000084a00000|  0%| F|  |TAMS 0x0000000084900000, 0x0000000084900000| Untracked 
|   6|0x0000000084a00000, 0x0000000084a00000, 0x0000000084b00000|  0%| F|  |TAMS 0x0000000084a00000, 0x0000000084a00000| Untracked 
|   7|0x0000000084b00000, 0x0000000084b00000, 0x0000000084c00000|  0%| F|  |TAMS 0x0000000084b00000, 0x0000000084b00000| Untracked 
|   8|0x0000000084c00000, 0x0000000084c00000, 0x0000000084d00000|  0%| F|  |TAMS 0x0000000084c00000, 0x0000000084c00000| Untracked 
|   9|0x0000000084d00000, 0x0000000084d00000, 0x0000000084e00000|  0%| F|  |TAMS 0x0000000084d00000, 0x0000000084d00000| Untracked 
|  10|0x0000000084e00000, 0x0000000084e00000, 0x0000000084f00000|  0%| F|  |TAMS 0x0000000084e00000, 0x0000000084e00000| Untracked 
|  11|0x0000000084f00000, 0x0000000084f00000, 0x0000000085000000|  0%| F|  |TAMS 0x0000000084f00000, 0x0000000084f00000| Untracked 
|  12|0x0000000085000000, 0x0000000085000000, 0x0000000085100000|  0%| F|  |TAMS 0x0000000085000000, 0x0000000085000000| Untracked 
|  13|0x0000000085100000, 0x0000000085100000, 0x0000000085200000|  0%| F|  |TAMS 0x0000000085100000, 0x0000000085100000| Untracked 
|  14|0x0000000085200000, 0x0000000085200000, 0x0000000085300000|  0%| F|  |TAMS 0x0000000085200000, 0x0000000085200000| Untracked 
|  15|0x0000000085300000, 0x0000000085300000, 0x0000000085400000|  0%| F|  |TAMS 0x0000000085300000, 0x0000000085300000| Untracked 
|  16|0x0000000085400000, 0x0000000085400000, 0x0000000085500000|  0%| F|  |TAMS 0x0000000085400000, 0x0000000085400000| Untracked 
|  17|0x0000000085500000, 0x0000000085500000, 0x0000000085600000|  0%| F|  |TAMS 0x0000000085500000, 0x0000000085500000| Untracked 
|  18|0x0000000085600000, 0x0000000085600000, 0x0000000085700000|  0%| F|  |TAMS 0x0000000085600000, 0x0000000085600000| Untracked 
|  19|0x0000000085700000, 0x0000000085700000, 0x0000000085800000|  0%| F|  |TAMS 0x0000000085700000, 0x0000000085700000| Untracked 
|  20|0x0000000085800000, 0x0000000085800000, 0x0000000085900000|  0%| F|  |TAMS 0x0000000085800000, 0x0000000085800000| Untracked 
|  21|0x0000000085900000, 0x0000000085900000, 0x0000000085a00000|  0%| F|  |TAMS 0x0000000085900000, 0x0000000085900000| Untracked 
|  22|0x0000000085a00000, 0x0000000085a00000, 0x0000000085b00000|  0%| F|  |TAMS 0x0000000085a00000, 0x0000000085a00000| Untracked 
|  23|0x0000000085b00000, 0x0000000085b00000, 0x0000000085c00000|  0%| F|  |TAMS 0x0000000085b00000, 0x0000000085b00000| Untracked 
|  24|0x0000000085c00000, 0x0000000085c00000, 0x0000000085d00000|  0%| F|  |TAMS 0x0000000085c00000, 0x0000000085c00000| Untracked 
|  25|0x0000000085d00000, 0x0000000085d00000, 0x0000000085e00000|  0%| F|  |TAMS 0x0000000085d00000, 0x0000000085d00000| Untracked 
|  26|0x0000000085e00000, 0x0000000085e00000, 0x0000000085f00000|  0%| F|  |TAMS 0x0000000085e00000, 0x0000000085e00000| Untracked 
|  27|0x0000000085f00000, 0x0000000085f00000, 0x0000000086000000|  0%| F|  |TAMS 0x0000000085f00000, 0x0000000085f00000| Untracked 
|  28|0x0000000086000000, 0x0000000086000000, 0x0000000086100000|  0%| F|  |TAMS 0x0000000086000000, 0x0000000086000000| Untracked 
|  29|0x0000000086100000, 0x0000000086100000, 0x0000000086200000|  0%| F|  |TAMS 0x0000000086100000, 0x0000000086100000| Untracked 
|  30|0x0000000086200000, 0x0000000086200000, 0x0000000086300000|  0%| F|  |TAMS 0x0000000086200000, 0x0000000086200000| Untracked 
|  31|0x0000000086300000, 0x0000000086300000, 0x0000000086400000|  0%| F|  |TAMS 0x0000000086300000, 0x0000000086300000| Untracked 
|  32|0x0000000086400000, 0x0000000086400000, 0x0000000086500000|  0%| F|  |TAMS 0x0000000086400000, 0x0000000086400000| Untracked 
|  33|0x0000000086500000, 0x0000000086500000, 0x0000000086600000|  0%| F|  |TAMS 0x0000000086500000, 0x0000000086500000| Untracked 
|  34|0x0000000086600000, 0x0000000086600000, 0x0000000086700000|  0%| F|  |TAMS 0x0000000086600000, 0x0000000086600000| Untracked 
|  35|0x0000000086700000, 0x0000000086700000, 0x0000000086800000|  0%| F|  |TAMS 0x0000000086700000, 0x0000000086700000| Untracked 
|  36|0x0000000086800000, 0x0000000086800000, 0x0000000086900000|  0%| F|  |TAMS 0x0000000086800000, 0x0000000086800000| Untracked 
|  37|0x0000000086900000, 0x0000000086900000, 0x0000000086a00000|  0%| F|  |TAMS 0x0000000086900000, 0x0000000086900000| Untracked 
|  38|0x0000000086a00000, 0x0000000086a00000, 0x0000000086b00000|  0%| F|  |TAMS 0x0000000086a00000, 0x0000000086a00000| Untracked 
|  39|0x0000000086b00000, 0x0000000086b00000, 0x0000000086c00000|  0%| F|  |TAMS 0x0000000086b00000, 0x0000000086b00000| Untracked 
|  40|0x0000000086c00000, 0x0000000086c00000, 0x0000000086d00000|  0%| F|  |TAMS 0x0000000086c00000, 0x0000000086c00000| Untracked 
|  41|0x0000000086d00000, 0x0000000086d00000, 0x0000000086e00000|  0%| F|  |TAMS 0x0000000086d00000, 0x0000000086d00000| Untracked 
|  42|0x0000000086e00000, 0x0000000086e00000, 0x0000000086f00000|  0%| F|  |TAMS 0x0000000086e00000, 0x0000000086e00000| Untracked 
|  43|0x0000000086f00000, 0x0000000086f00000, 0x0000000087000000|  0%| F|  |TAMS 0x0000000086f00000, 0x0000000086f00000| Untracked 
|  44|0x0000000087000000, 0x0000000087000000, 0x0000000087100000|  0%| F|  |TAMS 0x0000000087000000, 0x0000000087000000| Untracked 
|  45|0x0000000087100000, 0x0000000087100000, 0x0000000087200000|  0%| F|  |TAMS 0x0000000087100000, 0x0000000087100000| Untracked 
|  46|0x0000000087200000, 0x0000000087200000, 0x0000000087300000|  0%| F|  |TAMS 0x0000000087200000, 0x0000000087200000| Untracked 
|  47|0x0000000087300000, 0x0000000087300000, 0x0000000087400000|  0%| F|  |TAMS 0x0000000087300000, 0x0000000087300000| Untracked 
|  48|0x0000000087400000, 0x0000000087400000, 0x0000000087500000|  0%| F|  |TAMS 0x0000000087400000, 0x0000000087400000| Untracked 
|  49|0x0000000087500000, 0x0000000087500000, 0x0000000087600000|  0%| F|  |TAMS 0x0000000087500000, 0x0000000087500000| Untracked 
|  50|0x0000000087600000, 0x0000000087600000, 0x0000000087700000|  0%| F|  |TAMS 0x0000000087600000, 0x0000000087600000| Untracked 
|  51|0x0000000087700000, 0x0000000087700000, 0x0000000087800000|  0%| F|  |TAMS 0x0000000087700000, 0x0000000087700000| Untracked 
|  52|0x0000000087800000, 0x0000000087800000, 0x0000000087900000|  0%| F|  |TAMS 0x0000000087800000, 0x0000000087800000| Untracked 
|  53|0x0000000087900000, 0x0000000087900000, 0x0000000087a00000|  0%| F|  |TAMS 0x0000000087900000, 0x0000000087900000| Untracked 
|  54|0x0000000087a00000, 0x0000000087a00000, 0x0000000087b00000|  0%| F|  |TAMS 0x0000000087a00000, 0x0000000087a00000| Untracked 
|  55|0x0000000087b00000, 0x0000000087b00000, 0x0000000087c00000|  0%| F|  |TAMS 0x0000000087b00000, 0x0000000087b00000| Untracked 
|  56|0x0000000087c00000, 0x0000000087c00000, 0x0000000087d00000|  0%| F|  |TAMS 0x0000000087c00000, 0x0000000087c00000| Untracked 
|  57|0x0000000087d00000, 0x0000000087d00000, 0x0000000087e00000|  0%| F|  |TAMS 0x0000000087d00000, 0x0000000087d00000| Untracked 
|  58|0x0000000087e00000, 0x0000000087e00000, 0x0000000087f00000|  0%| F|  |TAMS 0x0000000087e00000, 0x0000000087e00000| Untracked 
|  59|0x0000000087f00000, 0x0000000087f00000, 0x0000000088000000|  0%| F|  |TAMS 0x0000000087f00000, 0x0000000087f00000| Untracked 
|  60|0x0000000088000000, 0x0000000088000000, 0x0000000088100000|  0%| F|  |TAMS 0x0000000088000000, 0x0000000088000000| Untracked 
|  61|0x0000000088100000, 0x0000000088100000, 0x0000000088200000|  0%| F|  |TAMS 0x0000000088100000, 0x0000000088100000| Untracked 
|  62|0x0000000088200000, 0x0000000088200000, 0x0000000088300000|  0%| F|  |TAMS 0x0000000088200000, 0x0000000088200000| Untracked 
|  63|0x0000000088300000, 0x0000000088300000, 0x0000000088400000|  0%| F|  |TAMS 0x0000000088300000, 0x0000000088300000| Untracked 
|  64|0x0000000088400000, 0x0000000088400000, 0x0000000088500000|  0%| F|  |TAMS 0x0000000088400000, 0x0000000088400000| Untracked 
|  65|0x0000000088500000, 0x0000000088500000, 0x0000000088600000|  0%| F|  |TAMS 0x0000000088500000, 0x0000000088500000| Untracked 
|  66|0x0000000088600000, 0x0000000088600000, 0x0000000088700000|  0%| F|  |TAMS 0x0000000088600000, 0x0000000088600000| Untracked 
|  67|0x0000000088700000, 0x0000000088700000, 0x0000000088800000|  0%| F|  |TAMS 0x0000000088700000, 0x0000000088700000| Untracked 
|  68|0x0000000088800000, 0x0000000088800000, 0x0000000088900000|  0%| F|  |TAMS 0x0000000088800000, 0x0000000088800000| Untracked 
|  69|0x0000000088900000, 0x0000000088900000, 0x0000000088a00000|  0%| F|  |TAMS 0x0000000088900000, 0x0000000088900000| Untracked 
|  70|0x0000000088a00000, 0x0000000088a00000, 0x0000000088b00000|  0%| F|  |TAMS 0x0000000088a00000, 0x0000000088a00000| Untracked 
|  71|0x0000000088b00000, 0x0000000088b00000, 0x0000000088c00000|  0%| F|  |TAMS 0x0000000088b00000, 0x0000000088b00000| Untracked 
|  72|0x0000000088c00000, 0x0000000088c00000, 0x0000000088d00000|  0%| F|  |TAMS 0x0000000088c00000, 0x0000000088c00000| Untracked 
|  73|0x0000000088d00000, 0x0000000088d00000, 0x0000000088e00000|  0%| F|  |TAMS 0x0000000088d00000, 0x0000000088d00000| Untracked 
|  74|0x0000000088e00000, 0x0000000088e00000, 0x0000000088f00000|  0%| F|  |TAMS 0x0000000088e00000, 0x0000000088e00000| Untracked 
|  75|0x0000000088f00000, 0x0000000088f00000, 0x0000000089000000|  0%| F|  |TAMS 0x0000000088f00000, 0x0000000088f00000| Untracked 
|  76|0x0000000089000000, 0x0000000089000000, 0x0000000089100000|  0%| F|  |TAMS 0x0000000089000000, 0x0000000089000000| Untracked 
|  77|0x0000000089100000, 0x0000000089100000, 0x0000000089200000|  0%| F|  |TAMS 0x0000000089100000, 0x0000000089100000| Untracked 
|  78|0x0000000089200000, 0x0000000089200000, 0x0000000089300000|  0%| F|  |TAMS 0x0000000089200000, 0x0000000089200000| Untracked 
|  79|0x0000000089300000, 0x0000000089300000, 0x0000000089400000|  0%| F|  |TAMS 0x0000000089300000, 0x0000000089300000| Untracked 
|  80|0x0000000089400000, 0x0000000089400000, 0x0000000089500000|  0%| F|  |TAMS 0x0000000089400000, 0x0000000089400000| Untracked 
|  81|0x0000000089500000, 0x0000000089500000, 0x0000000089600000|  0%| F|  |TAMS 0x0000000089500000, 0x0000000089500000| Untracked 
|  82|0x0000000089600000, 0x0000000089600000, 0x0000000089700000|  0%| F|  |TAMS 0x0000000089600000, 0x0000000089600000| Untracked 
|  83|0x0000000089700000, 0x0000000089700000, 0x0000000089800000|  0%| F|  |TAMS 0x0000000089700000, 0x0000000089700000| Untracked 
|  84|0x0000000089800000, 0x0000000089800000, 0x0000000089900000|  0%| F|  |TAMS 0x0000000089800000, 0x0000000089800000| Untracked 
|  85|0x0000000089900000, 0x0000000089900000, 0x0000000089a00000|  0%| F|  |TAMS 0x0000000089900000, 0x0000000089900000| Untracked 
|  86|0x0000000089a00000, 0x0000000089a00000, 0x0000000089b00000|  0%| F|  |TAMS 0x0000000089a00000, 0x0000000089a00000| Untracked 
|  87|0x0000000089b00000, 0x0000000089b00000, 0x0000000089c00000|  0%| F|  |TAMS 0x0000000089b00000, 0x0000000089b00000| Untracked 
|  88|0x0000000089c00000, 0x0000000089c00000, 0x0000000089d00000|  0%| F|  |TAMS 0x0000000089c00000, 0x0000000089c00000| Untracked 
|  89|0x0000000089d00000, 0x0000000089d00000, 0x0000000089e00000|  0%| F|  |TAMS 0x0000000089d00000, 0x0000000089d00000| Untracked 
|  90|0x0000000089e00000, 0x0000000089e00000, 0x0000000089f00000|  0%| F|  |TAMS 0x0000000089e00000, 0x0000000089e00000| Untracked 
|  91|0x0000000089f00000, 0x0000000089f00000, 0x000000008a000000|  0%| F|  |TAMS 0x0000000089f00000, 0x0000000089f00000| Untracked 
|  92|0x000000008a000000, 0x000000008a000000, 0x000000008a100000|  0%| F|  |TAMS 0x000000008a000000, 0x000000008a000000| Untracked 
|  93|0x000000008a100000, 0x000000008a100000, 0x000000008a200000|  0%| F|  |TAMS 0x000000008a100000, 0x000000008a100000| Untracked 
|  94|0x000000008a200000, 0x000000008a200000, 0x000000008a300000|  0%| F|  |TAMS 0x000000008a200000, 0x000000008a200000| Untracked 
|  95|0x000000008a300000, 0x000000008a300000, 0x000000008a400000|  0%| F|  |TAMS 0x000000008a300000, 0x000000008a300000| Untracked 
|  96|0x000000008a400000, 0x000000008a400000, 0x000000008a500000|  0%| F|  |TAMS 0x000000008a400000, 0x000000008a400000| Untracked 
|  97|0x000000008a500000, 0x000000008a500000, 0x000000008a600000|  0%| F|  |TAMS 0x000000008a500000, 0x000000008a500000| Untracked 
|  98|0x000000008a600000, 0x000000008a600000, 0x000000008a700000|  0%| F|  |TAMS 0x000000008a600000, 0x000000008a600000| Untracked 
|  99|0x000000008a700000, 0x000000008a700000, 0x000000008a800000|  0%| F|  |TAMS 0x000000008a700000, 0x000000008a700000| Untracked 
| 100|0x000000008a800000, 0x000000008a800000, 0x000000008a900000|  0%| F|  |TAMS 0x000000008a800000, 0x000000008a800000| Untracked 
| 101|0x000000008a900000, 0x000000008a900000, 0x000000008aa00000|  0%| F|  |TAMS 0x000000008a900000, 0x000000008a900000| Untracked 
| 102|0x000000008aa00000, 0x000000008aa00000, 0x000000008ab00000|  0%| F|  |TAMS 0x000000008aa00000, 0x000000008aa00000| Untracked 
| 103|0x000000008ab00000, 0x000000008ab00000, 0x000000008ac00000|  0%| F|  |TAMS 0x000000008ab00000, 0x000000008ab00000| Untracked 
| 104|0x000000008ac00000, 0x000000008ac00000, 0x000000008ad00000|  0%| F|  |TAMS 0x000000008ac00000, 0x000000008ac00000| Untracked 
| 105|0x000000008ad00000, 0x000000008ad00000, 0x000000008ae00000|  0%| F|  |TAMS 0x000000008ad00000, 0x000000008ad00000| Untracked 
| 106|0x000000008ae00000, 0x000000008ae00000, 0x000000008af00000|  0%| F|  |TAMS 0x000000008ae00000, 0x000000008ae00000| Untracked 
| 107|0x000000008af00000, 0x000000008af00000, 0x000000008b000000|  0%| F|  |TAMS 0x000000008af00000, 0x000000008af00000| Untracked 
| 108|0x000000008b000000, 0x000000008b000000, 0x000000008b100000|  0%| F|  |TAMS 0x000000008b000000, 0x000000008b000000| Untracked 
| 109|0x000000008b100000, 0x000000008b100000, 0x000000008b200000|  0%| F|  |TAMS 0x000000008b100000, 0x000000008b100000| Untracked 
| 110|0x000000008b200000, 0x000000008b200000, 0x000000008b300000|  0%| F|  |TAMS 0x000000008b200000, 0x000000008b200000| Untracked 
| 111|0x000000008b300000, 0x000000008b300000, 0x000000008b400000|  0%| F|  |TAMS 0x000000008b300000, 0x000000008b300000| Untracked 
| 112|0x000000008b400000, 0x000000008b400000, 0x000000008b500000|  0%| F|  |TAMS 0x000000008b400000, 0x000000008b400000| Untracked 
| 113|0x000000008b500000, 0x000000008b500000, 0x000000008b600000|  0%| F|  |TAMS 0x000000008b500000, 0x000000008b500000| Untracked 
| 114|0x000000008b600000, 0x000000008b600000, 0x000000008b700000|  0%| F|  |TAMS 0x000000008b600000, 0x000000008b600000| Untracked 
| 115|0x000000008b700000, 0x000000008b700000, 0x000000008b800000|  0%| F|  |TAMS 0x000000008b700000, 0x000000008b700000| Untracked 
| 116|0x000000008b800000, 0x000000008b800000, 0x000000008b900000|  0%| F|  |TAMS 0x000000008b800000, 0x000000008b800000| Untracked 
| 117|0x000000008b900000, 0x000000008b900000, 0x000000008ba00000|  0%| F|  |TAMS 0x000000008b900000, 0x000000008b900000| Untracked 
| 118|0x000000008ba00000, 0x000000008ba00000, 0x000000008bb00000|  0%| F|  |TAMS 0x000000008ba00000, 0x000000008ba00000| Untracked 
| 119|0x000000008bb00000, 0x000000008bb00000, 0x000000008bc00000|  0%| F|  |TAMS 0x000000008bb00000, 0x000000008bb00000| Untracked 
| 120|0x000000008bc00000, 0x000000008bc00000, 0x000000008bd00000|  0%| F|  |TAMS 0x000000008bc00000, 0x000000008bc00000| Untracked 
| 121|0x000000008bd00000, 0x000000008bd93ab8, 0x000000008be00000| 57%| E|  |TAMS 0x000000008bd00000, 0x000000008bd00000| Complete 
| 122|0x000000008be00000, 0x000000008bf00000, 0x000000008bf00000|100%| E|  |TAMS 0x000000008be00000, 0x000000008be00000| Complete 
| 123|0x000000008bf00000, 0x000000008c000000, 0x000000008c000000|100%| E|CS|TAMS 0x000000008bf00000, 0x000000008bf00000| Complete 

Card table byte_map: [0x0000019cc7170000,0x0000019cc7550000] _byte_map_base: 0x0000019cc6d4e000

Marking Bits (Prev, Next): (CMBitMap*) 0x0000019cb028be70, (CMBitMap*) 0x0000019cb028beb0
 Prev Bits: [0x0000019cc7930000, 0x0000019cc9820000)
 Next Bits: [0x0000019cc9820000, 0x0000019ccb710000)

Polling page: 0x0000019cae270000

Metaspace:

Usage:
  Non-class:      1.16 MB used.
      Class:    138.05 KB used.
       Both:      1.30 MB used.

Virtual space:
  Non-class space:        8.00 MB reserved,       1.19 MB ( 15%) committed,  1 nodes.
      Class space:        1.00 GB reserved,     192.00 KB ( <1%) committed,  1 nodes.
             Both:        1.01 GB reserved,       1.38 MB ( <1%) committed. 

Chunk freelists:
   Non-Class:  3.95 MB
       Class:  3.73 MB
        Both:  7.68 MB

MaxMetaspaceSize: unlimited
CompressedClassSpaceSize: 1.00 GB
Initial GC threshold: 21.00 MB
Current GC threshold: 21.00 MB
CDS: on
MetaspaceReclaimPolicy: balanced
 - commit_granule_bytes: 65536.
 - commit_granule_words: 8192.
 - virtual_space_node_default_size: 1048576.
 - enlarge_chunks_in_place: 1.
 - new_chunks_are_fully_committed: 0.
 - uncommit_free_chunks: 1.
 - use_allocation_guard: 0.
 - handle_deallocations: 1.


Internal statistics:

num_allocs_failed_limit: 0.
num_arena_births: 8.
num_arena_deaths: 0.
num_vsnodes_births: 2.
num_vsnodes_deaths: 0.
num_space_committed: 22.
num_space_uncommitted: 0.
num_chunks_returned_to_freelist: 0.
num_chunks_taken_from_freelist: 15.
num_chunk_merges: 0.
num_chunk_splits: 6.
num_chunks_enlarged: 2.
num_purges: 0.
num_inconsistent_stats: 0.

CodeHeap 'non-profiled nmethods': size=120000Kb used=66Kb max_used=66Kb free=119933Kb
 bounds [0x0000019cbf530000, 0x0000019cbf7a0000, 0x0000019cc6a60000]
CodeHeap 'profiled nmethods': size=120000Kb used=236Kb max_used=236Kb free=119763Kb
 bounds [0x0000019cb8000000, 0x0000019cb8270000, 0x0000019cbf530000]
CodeHeap 'non-nmethods': size=5760Kb used=1112Kb max_used=1126Kb free=4647Kb
 bounds [0x0000019cb7a60000, 0x0000019cb7cd0000, 0x0000019cb8000000]
 total_blobs=595 nmethods=220 adapters=288
 compilation: enabled
              stopped_count=0, restarted_count=0
 full_count=0

Compilation events (20 events):
Event: 0.091 Thread 0x0000019cce10e600 nmethod 166 0x0000019cb802a390 code [0x0000019cb802a560, 0x0000019cb802a978]
Event: 0.091 Thread 0x0000019cce10e600  167       3       java.util.ImmutableCollections$SetN$SetNIterator::<init> (36 bytes)
Event: 0.091 Thread 0x0000019cce10e600 nmethod 167 0x0000019cb802ab10 code [0x0000019cb802acc0, 0x0000019cb802aeb8]
Event: 0.091 Thread 0x0000019cce10e600  168       3       java.lang.Math::max (11 bytes)
Event: 0.092 Thread 0x0000019cce10e600 nmethod 168 0x0000019cb802af90 code [0x0000019cb802b120, 0x0000019cb802b258]
Event: 0.092 Thread 0x0000019cce10e600  171       3       java.lang.module.ResolvedModule::name (11 bytes)
Event: 0.092 Thread 0x0000019cce10e600 nmethod 171 0x0000019cb802b310 code [0x0000019cb802b4a0, 0x0000019cb802b5f8]
Event: 0.092 Thread 0x0000019cce10e600  170       1       java.lang.module.ResolvedModule::configuration (5 bytes)
Event: 0.092 Thread 0x0000019cce10e600 nmethod 170 0x0000019cbf53d490 code [0x0000019cbf53d620, 0x0000019cbf53d6f8]
Event: 0.092 Thread 0x0000019cce10e600  169       1       java.lang.module.ModuleDescriptor::isOpen (5 bytes)
Event: 0.092 Thread 0x0000019cce10e600 nmethod 169 0x0000019cbf53d790 code [0x0000019cbf53d920, 0x0000019cbf53d9f8]
Event: 0.092 Thread 0x0000019cce10e600  172       1       java.util.HashMap::size (5 bytes)
Event: 0.092 Thread 0x0000019cce10e600 nmethod 172 0x0000019cbf53da90 code [0x0000019cbf53dc20, 0x0000019cbf53dcf8]
Event: 0.092 Thread 0x0000019cce10e600  173       1       java.lang.module.ModuleDescriptor$Provides::service (5 bytes)
Event: 0.092 Thread 0x0000019cce10e600 nmethod 173 0x0000019cbf53dd90 code [0x0000019cbf53df20, 0x0000019cbf53dff8]
Event: 0.092 Thread 0x0000019cce10e600  174       3       java.lang.AbstractStringBuilder::isLatin1 (19 bytes)
Event: 0.092 Thread 0x0000019cce10e600 nmethod 174 0x0000019cb802b710 code [0x0000019cb802b8a0, 0x0000019cb802ba18]
Event: 0.092 Thread 0x0000019cce10e600  175       3       java.lang.StringBuilder::append (8 bytes)
Event: 0.093 Thread 0x0000019cce10e600 nmethod 175 0x0000019cb802ba90 code [0x0000019cb802bc20, 0x0000019cb802bd68]
Event: 0.093 Thread 0x0000019cce10e600  176       3       java.lang.AbstractStringBuilder::append (45 bytes)

GC Heap History (0 events):
No events

Deoptimization events (0 events):
No events

Classes unloaded (0 events):
No events

Classes redefined (0 events):
No events

Internal exceptions (10 events):
Event: 0.075 Thread 0x0000019cb024cf40 Exception <a 'sun/nio/fs/WindowsException'{0x000000008be40900}> (0x000000008be40900) 
thrown [t:\workspace\open\src\hotspot\share\prims\jni.cpp, line 516]
Event: 0.076 Thread 0x0000019cb024cf40 Exception <a 'sun/nio/fs/WindowsException'{0x000000008be40df0}> (0x000000008be40df0) 
thrown [t:\workspace\open\src\hotspot\share\prims\jni.cpp, line 516]
Event: 0.077 Thread 0x0000019cb024cf40 Exception <a 'sun/nio/fs/WindowsException'{0x000000008be42f80}> (0x000000008be42f80) 
thrown [t:\workspace\open\src\hotspot\share\prims\jni.cpp, line 516]
Event: 0.077 Thread 0x0000019cb024cf40 Exception <a 'sun/nio/fs/WindowsException'{0x000000008be43d90}> (0x000000008be43d90) 
thrown [t:\workspace\open\src\hotspot\share\prims\jni.cpp, line 516]
Event: 0.077 Thread 0x0000019cb024cf40 Exception <a 'sun/nio/fs/WindowsException'{0x000000008be44780}> (0x000000008be44780) 
thrown [t:\workspace\open\src\hotspot\share\prims\jni.cpp, line 516]
Event: 0.077 Thread 0x0000019cb024cf40 Exception <a 'sun/nio/fs/WindowsException'{0x000000008be45170}> (0x000000008be45170) 
thrown [t:\workspace\open\src\hotspot\share\prims\jni.cpp, line 516]
Event: 0.077 Thread 0x0000019cb024cf40 Exception <a 'sun/nio/fs/WindowsException'{0x000000008be47798}> (0x000000008be47798) 
thrown [t:\workspace\open\src\hotspot\share\prims\jni.cpp, line 516]
Event: 0.078 Thread 0x0000019cb024cf40 Exception <a 'sun/nio/fs/WindowsException'{0x000000008be48578}> (0x000000008be48578) 
thrown [t:\workspace\open\src\hotspot\share\prims\jni.cpp, line 516]
Event: 0.078 Thread 0x0000019cb024cf40 Exception <a 'sun/nio/fs/WindowsException'{0x000000008be48f60}> (0x000000008be48f60) 
thrown [t:\workspace\open\src\hotspot\share\prims\jni.cpp, line 516]
Event: 0.078 Thread 0x0000019cb024cf40 Exception <a 'sun/nio/fs/WindowsException'{0x000000008be49958}> (0x000000008be49958) 
thrown [t:\workspace\open\src\hotspot\share\prims\jni.cpp, line 516]

VM Operations (2 events):
Event: 0.079 Executing VM operation: HandshakeAllThreads
Event: 0.079 Executing VM operation: HandshakeAllThreads done

Events (20 events):
Event: 0.076 loading class java/nio/file/FileSystemException
Event: 0.076 loading class java/io/IOException
Event: 0.076 loading class java/io/IOException done
Event: 0.076 loading class java/nio/file/FileSystemException done
Event: 0.076 loading class java/nio/file/NoSuchFileException done
Event: 0.076 loading class java/nio/file/Files$AcceptAllFilter
Event: 0.076 loading class java/nio/file/DirectoryStream$Filter
Event: 0.076 loading class java/nio/file/DirectoryStream$Filter done
Event: 0.076 loading class java/nio/file/Files$AcceptAllFilter done
Event: 0.076 loading class sun/nio/fs/WindowsDirectoryStream$WindowsDirectoryIterator
Event: 0.076 loading class sun/nio/fs/WindowsDirectoryStream$WindowsDirectoryIterator done
Event: 0.076 loading class sun/nio/fs/WindowsPath$WindowsPathWithAttributes
Event: 0.076 loading class sun/nio/fs/BasicFileAttributesHolder
Event: 0.076 loading class sun/nio/fs/BasicFileAttributesHolder done
Event: 0.076 loading class sun/nio/fs/WindowsPath$WindowsPathWithAttributes done
Event: 0.076 loading class java/nio/file/attribute/FileAttribute
Event: 0.076 loading class java/nio/file/attribute/FileAttribute done
Event: 0.076 loading class sun/nio/fs/WindowsSecurityDescriptor
Event: 0.076 loading class sun/nio/fs/WindowsSecurityDescriptor done
Event: 0.093 Thread 0x0000019ccece7120 Thread added: 0x0000019ccece7120


Dynamic libraries:
0x00007ff788e10000 - 0x00007ff788e20000 	C:\Program Files\Java\jdk-17.0.1\bin\java.exe
0x00007ffb2e8c0000 - 0x00007ffb2eac9000 	C:\WINDOWS\SYSTEM32\ntdll.dll
0x00007ffb2c740000 - 0x00007ffb2c7fe000 	C:\WINDOWS\System32\KERNEL32.DLL
0x00007ffb2beb0000 - 0x00007ffb2c22b000 	C:\WINDOWS\System32\KERNELBASE.dll
0x00007ffb2c490000 - 0x00007ffb2c5a1000 	C:\WINDOWS\System32\ucrtbase.dll
0x00007ffb21880000 - 0x00007ffb2189a000 	C:\Program Files\Java\jdk-17.0.1\bin\VCRUNTIME140.dll
0x00007ffb19380000 - 0x00007ffb19398000 	C:\Program Files\Java\jdk-17.0.1\bin\jli.dll
0x00007ffb2c990000 - 0x00007ffb2ca3e000 	C:\WINDOWS\System32\ADVAPI32.dll
0x00007ffb2e220000 - 0x00007ffb2e2c3000 	C:\WINDOWS\System32\msvcrt.dll
0x00007ffb2c870000 - 0x00007ffb2c90e000 	C:\WINDOWS\System32\sechost.dll
0x00007ffb2cc40000 - 0x00007ffb2cd60000 	C:\WINDOWS\System32\RPCRT4.dll
0x00007ffb2ce50000 - 0x00007ffb2cffd000 	C:\WINDOWS\System32\USER32.dll
0x00007ffaf9fd0000 - 0x00007ffafa275000 	C:\WINDOWS\WinSxS\amd64_microsoft.windows.common-controls_6595b64144ccf1df_6.0.22000.120_none_9d947278b86cc467\COMCTL32.dll
0x00007ffb2c460000 - 0x00007ffb2c486000 	C:\WINDOWS\System32\win32u.dll
0x00007ffb2e2d0000 - 0x00007ffb2e2f9000 	C:\WINDOWS\System32\GDI32.dll
0x00007ffb2bd90000 - 0x00007ffb2bea8000 	C:\WINDOWS\System32\gdi32full.dll
0x00007ffb2c5b0000 - 0x00007ffb2c64d000 	C:\WINDOWS\System32\msvcp_win.dll
0x00007ffb1efd0000 - 0x00007ffb1efda000 	C:\WINDOWS\SYSTEM32\VERSION.dll
0x00007ffb2ca40000 - 0x00007ffb2ca72000 	C:\WINDOWS\System32\IMM32.DLL
0x00007ffb21390000 - 0x00007ffb2139c000 	C:\Program Files\Java\jdk-17.0.1\bin\vcruntime140_1.dll
0x00007ffafcb60000 - 0x00007ffafcbed000 	C:\Program Files\Java\jdk-17.0.1\bin\msvcp140.dll
0x00007ffade660000 - 0x00007ffadf21e000 	C:\Program Files\Java\jdk-17.0.1\bin\server\jvm.dll
0x00007ffb2e300000 - 0x00007ffb2e308000 	C:\WINDOWS\System32\PSAPI.DLL
0x00007ffb24310000 - 0x00007ffb24343000 	C:\WINDOWS\SYSTEM32\WINMM.dll
0x00007ffb247e0000 - 0x00007ffb247e9000 	C:\WINDOWS\SYSTEM32\WSOCK32.dll
0x00007ffb2d660000 - 0x00007ffb2d6cf000 	C:\WINDOWS\System32\WS2_32.dll
0x00007ffb2ae90000 - 0x00007ffb2aea8000 	C:\WINDOWS\SYSTEM32\kernel.appcore.dll
0x00007ffb21380000 - 0x00007ffb2138a000 	C:\Program Files\Java\jdk-17.0.1\bin\jimage.dll
0x00007ffb29940000 - 0x00007ffb29b61000 	C:\WINDOWS\SYSTEM32\DBGHELP.DLL
0x00007ffb15660000 - 0x00007ffb15691000 	C:\WINDOWS\SYSTEM32\dbgcore.DLL
0x00007ffb2c650000 - 0x00007ffb2c6cf000 	C:\WINDOWS\System32\bcryptPrimitives.dll
0x00007ffb18440000 - 0x00007ffb18465000 	C:\Program Files\Java\jdk-17.0.1\bin\java.dll
0x00007ffafbe80000 - 0x00007ffafbf56000 	C:\Program Files\Java\jdk-17.0.1\bin\svml.dll
0x00007ffb2da60000 - 0x00007ffb2e218000 	C:\WINDOWS\System32\SHELL32.dll
0x00007ffb29e80000 - 0x00007ffb2a6e5000 	C:\WINDOWS\SYSTEM32\windows.storage.dll
0x00007ffb2d6d0000 - 0x00007ffb2da48000 	C:\WINDOWS\System32\combase.dll
0x00007ffb29d10000 - 0x00007ffb29e76000 	C:\WINDOWS\SYSTEM32\wintypes.dll
0x00007ffb2d000000 - 0x00007ffb2d0ea000 	C:\WINDOWS\System32\SHCORE.dll
0x00007ffb2d600000 - 0x00007ffb2d65d000 	C:\WINDOWS\System32\shlwapi.dll
0x00007ffb2bcc0000 - 0x00007ffb2bce1000 	C:\WINDOWS\SYSTEM32\profapi.dll
0x00007ffb1e230000 - 0x00007ffb1e249000 	C:\Program Files\Java\jdk-17.0.1\bin\net.dll
0x00007ffb24100000 - 0x00007ffb24214000 	C:\WINDOWS\SYSTEM32\WINHTTP.dll
0x00007ffb2b3a0000 - 0x00007ffb2b407000 	C:\WINDOWS\system32\mswsock.dll
0x00007ffb0da90000 - 0x00007ffb0daa5000 	C:\Program Files\Java\jdk-17.0.1\bin\nio.dll
0x00007ffb0da70000 - 0x00007ffb0da88000 	C:\Program Files\Java\jdk-17.0.1\bin\zip.dll

dbghelp: loaded successfully - version: 4.0.5 - missing functions: none
symbol engine: initialized successfully - sym options: 0x614 - pdb path: .;C:\Program Files\Java\jdk-17.0.1\bin;C:\WINDOWS\SYSTEM32;C:\WINDOWS\WinSxS\amd64_microsoft.windows.common-controls_6595b64144ccf1df_6.0.22000.120_none_9d947278b86cc467;C:\Program Files\Java\jdk-17.0.1\bin\server

VM Arguments:
jvm_args: -Dfile.encoding=UTF-8 --module-path=C:\Users\DELL\Documents\ASMALIGE\asm_Duan1\build\classes 
java_command: da1.ui.QuanLyNhanVien
java_class_path (initial): D:\eage\mysql-connector-java-8.0.13.jar;D:\eage\sqljdbc4-3.0.jar;C:\Users\DELL\Desktop\jcalendar-1.4.jar;C:\Users\DELL\Desktop\javax.mail.jar;C:\Users\DELL\Desktop\activation-1.1.jar;C:\Users\DELL\Desktop\javax.mail-1.6.2.jar;C:\Users\DELL\Documents\ASMALIGE\asm_Duan1\build\classes
Launcher Type: SUN_STANDARD

[Global flags]
     intx CICompilerCount                          = 4                                         {product} {ergonomic}
     uint ConcGCThreads                            = 2                                         {product} {ergonomic}
     uint G1ConcRefinementThreads                  = 8                                         {product} {ergonomic}
   size_t G1HeapRegionSize                         = 1048576                                   {product} {ergonomic}
    uintx GCDrainStackTargetSize                   = 64                                        {product} {ergonomic}
   size_t InitialHeapSize                          = 130023424                                 {product} {ergonomic}
   size_t MarkStackSize                            = 4194304                                   {product} {ergonomic}
   size_t MaxHeapSize                              = 2076180480                                {product} {ergonomic}
   size_t MaxNewSize                               = 1245708288                                {product} {ergonomic}
   size_t MinHeapDeltaBytes                        = 1048576                                   {product} {ergonomic}
   size_t MinHeapSize                              = 8388608                                   {product} {ergonomic}
    uintx NonNMethodCodeHeapSize                   = 5839372                                {pd product} {ergonomic}
    uintx NonProfiledCodeHeapSize                  = 122909434                              {pd product} {ergonomic}
    uintx ProfiledCodeHeapSize                     = 122909434                              {pd product} {ergonomic}
    uintx ReservedCodeCacheSize                    = 251658240                              {pd product} {ergonomic}
     bool SegmentedCodeCache                       = true                                      {product} {ergonomic}
   size_t SoftMaxHeapSize                          = 2076180480                             {manageable} {ergonomic}
     bool UseCompressedClassPointers               = true                           {product lp64_product} {ergonomic}
     bool UseCompressedOops                        = true                           {product lp64_product} {ergonomic}
     bool UseG1GC                                  = true                                      {product} {ergonomic}
     bool UseLargePagesIndividualAllocation        = false                                  {pd product} {ergonomic}

Logging:
Log output configuration:
 #0: stdout all=warning uptime,level,tags
 #1: stderr all=off uptime,level,tags

Environment Variables:
PATH=C:\Program Files\Common Files\Oracle\Java\javapath;C:\Program Files (x86)\Common Files\Oracle\Java\javapath;C:\WINDOWS\system32;C:\WINDOWS;C:\WINDOWS\System32\Wbem;C:\WINDOWS\System32\WindowsPowerShell\v1.0\;C:\WINDOWS\System32\OpenSSH\;C:\Program Files\Microsoft SQL Server\Client SDK\ODBC\170\Tools\Binn\;C:\Program Files (x86)\Microsoft SQL Server\150\Tools\Binn\;C:\Program Files\Microsoft SQL Server\150\Tools\Binn\;C:\Program Files\Microsoft SQL Server\150\DTS\Binn\;D:\ducpham\Git\cmd;C:\Program Files\dotnet\;C:\Program Files\Azure Data Studio\bin;C:\Users\DELL\AppData\Local\Microsoft\WindowsApps;C:\Users\DELL\AppData\Local\Programs\Microsoft VS Code\bin;C:\Program Files\Azure Data Studio\bin;
USERNAME=DELL
OS=Windows_NT
PROCESSOR_IDENTIFIER=Intel64 Family 6 Model 140 Stepping 1, GenuineIntel



---------------  S Y S T E M  ---------------

OS:
 Windows 10 , 64 bit Build 22000 (10.0.22000.1219)
OS uptime: 12 days 16:50 hours

CPU: total 8 (initial active 8) (4 cores per cpu, 2 threads per core) family 6 model 140 stepping 1 microcode 0xa4, cx8, cmov, fxsr, ht, mmx, 3dnowpref, sse, sse2, sse3, ssse3, sse4.1, sse4.2, popcnt, lzcnt, tsc, tscinvbit, avx, avx2, aes, erms, clmul, bmi1, bmi2, adx, avx512f, avx512dq, avx512cd, avx512bw, avx512vl, sha, fma, vzeroupper, avx512_vpopcntdq, avx512_vpclmulqdq, avx512_vaes, avx512_vnni, clflush, clflushopt, clwb, avx512_vbmi2, avx512_vbmi

Memory: 4k page, system-wide physical 7914M (706M free)
TotalPageFile size 10914M (AvailPageFile size 3M)
current process WorkingSet (physical memory assigned to process): 35M, peak: 35M
current process commit charge ("private bytes"): 207M, peak: 207M

vm_info: Java HotSpot(TM) 64-Bit Server VM (17.0.1+12-LTS-39) for windows-amd64 JRE (17.0.1+12-LTS-39), built on Sep 27 2021 18:41:35 by "mach5one" with MS VC++ 16.8 (VS2019)

END.
