#
# There is insufficient memory for the Java Runtime Environment to continue.
# Native memory allocation (mmap) failed to map 65536 bytes for Failed to commit metaspace.
# Possible reasons:
#   The system is out of physical RAM or swap space
#   The process is running with CompressedOops enabled, and the Java Heap may be blocking the growth of the native heap
# Possible solutions:
#   Reduce memory load on the system
#   Increase physical memory or swap space
#   Check if swap backing store is full
#   Decrease Java heap size (-Xmx/-Xms)
#   Decrease number of Java threads
#   Decrease Java thread stack sizes (-Xss)
#   Set larger code cache with -XX:ReservedCodeCacheSize=
#   JVM is running with Unscaled Compressed Oops mode in which the Java heap is
#     placed in the first 4GB address space. The Java Heap base address is the
#     maximum limit for the native heap growth. Please use -XX:HeapBaseMinAddress
#     to set the Java Heap base and to place the Java Heap above 4GB virtual address.
# This output file may be truncated or incomplete.
#
#  Out of Memory Error (virtualSpaceNode.cpp:110), pid=14052, tid=4048
#
# JRE version: Java(TM) SE Runtime Environment (17.0.1+12) (build 17.0.1+12-LTS-39)
# Java VM: Java HotSpot(TM) 64-Bit Server VM (17.0.1+12-LTS-39, mixed mode, sharing, tiered, compressed oops, compressed class ptrs, g1 gc, windows-amd64)
# No core dump will be written. Minidumps are not enabled by default on client versions of Windows
#

---------------  S U M M A R Y ------------

Command Line: -Dfile.encoding=UTF-8 --module-path=C:\Users\DELL\Documents\ASMALIGE\asm_Duan1\build\classes da1.ui.DangNhap

Host: 11th Gen Intel(R) Core(TM) i5-1135G7 @ 2.40GHz, 8 cores, 7G,  Windows 10 , 64 bit Build 22000 (10.0.22000.1219)
Time: Wed Nov 30 23:09:24 2022 SE Asia Standard Time elapsed time: 1.585000 seconds (0d 0h 0m 1s)

---------------  T H R E A D  ---------------

Current thread (0x000001ec7f7916a0):  JavaThread "AWT-EventQueue-0" [_thread_in_vm, id=4048, stack(0x000000e3a1c00000,0x000000e3a1d00000)]

Stack: [0x000000e3a1c00000,0x000000e3a1d00000]
Native frames: (J=compiled Java code, j=interpreted, Vv=VM code, C=native code)
V  [jvm.dll+0x66fa1a]
V  [jvm.dll+0x7ce5a4]
V  [jvm.dll+0x7cfd4e]
V  [jvm.dll+0x7d03b3]
V  [jvm.dll+0x242b05]
V  [jvm.dll+0x7ca54b]
V  [jvm.dll+0x615b76]
V  [jvm.dll+0x615bda]
V  [jvm.dll+0x6183ea]
V  [jvm.dll+0x616516]
V  [jvm.dll+0x2370cf]
V  [jvm.dll+0x620145]
V  [jvm.dll+0x1e7dcb]
V  [jvm.dll+0x1e8305]
V  [jvm.dll+0x1e8d3f]
V  [jvm.dll+0x1de1f1]
V  [jvm.dll+0x537690]
V  [jvm.dll+0x1ee9d7]
V  [jvm.dll+0x748afb]
V  [jvm.dll+0x749ea2]
V  [jvm.dll+0x74a1d8]
V  [jvm.dll+0x23ae5e]
V  [jvm.dll+0x23b0af]
V  [jvm.dll+0x5554e8]
V  [jvm.dll+0x558350]
V  [jvm.dll+0x37f027]
V  [jvm.dll+0x37e67f]
C  0x000001ec67a4a5ec

Java frames: (J=compiled Java code, j=interpreted, Vv=VM code)
j  java.text.Bidi.requiresBidi([CII)Z+3 java.base@17.0.1
j  java.awt.font.TextLine.fastCreateTextLine(Ljava/awt/font/FontRenderContext;[CLjava/awt/Font;Lsun/font/CoreMetrics;Ljava/util/Map;)Ljava/awt/font/TextLine;+130 java.desktop@17.0.1
j  java.awt.font.TextLayout.fastInit([CLjava/awt/Font;Ljava/util/Map;Ljava/awt/font/FontRenderContext;)V+83 java.desktop@17.0.1
j  java.awt.font.TextLayout.<init>(Ljava/text/AttributedCharacterIterator;Ljava/awt/font/FontRenderContext;)V+188 java.desktop@17.0.1
j  sun.swing.SwingUtilities2.drawStringImpl(Ljavax/swing/JComponent;Ljava/awt/Graphics;Ljava/text/AttributedCharacterIterator;FF)F+225 java.desktop@17.0.1
j  sun.swing.SwingUtilities2.drawString(Ljavax/swing/JComponent;Ljava/awt/Graphics;Ljava/text/AttributedCharacterIterator;FF)F+6 java.desktop@17.0.1
j  javax.swing.text.Utilities.drawComposedText(Ljavax/swing/text/View;Ljavax/swing/text/AttributeSet;Ljava/awt/Graphics;FFIIZ)F+65 java.desktop@17.0.1
j  javax.swing.text.Utilities.drawComposedText(Ljavax/swing/text/View;Ljavax/swing/text/AttributeSet;Ljava/awt/Graphics;FFII)F+11 java.desktop@17.0.1
j  javax.swing.text.PlainView.drawElement(ILjavax/swing/text/Element;Ljava/awt/Graphics;FF)F+96 java.desktop@17.0.1
j  javax.swing.text.PlainView.drawLineImpl(ILjava/awt/Graphics;FF)V+75 java.desktop@17.0.1
j  javax.swing.text.PlainView.drawLine(ILjava/awt/Graphics2D;FF)V+6 java.desktop@17.0.1
j  javax.swing.text.PlainView.paint(Ljava/awt/Graphics;Ljava/awt/Shape;)V+443 java.desktop@17.0.1
j  javax.swing.text.FieldView.paint(Ljava/awt/Graphics;Ljava/awt/Shape;)V+28 java.desktop@17.0.1
j  javax.swing.plaf.basic.BasicTextUI$RootView.paint(Ljava/awt/Graphics;Ljava/awt/Shape;)V+48 java.desktop@17.0.1
j  javax.swing.plaf.basic.BasicTextUI.paintSafely(Ljava/awt/Graphics;)V+65 java.desktop@17.0.1
j  javax.swing.plaf.basic.BasicTextUI.paint(Ljava/awt/Graphics;Ljavax/swing/JComponent;)V+45 java.desktop@17.0.1
j  javax.swing.plaf.synth.SynthTextFieldUI.paint(Ljavax/swing/plaf/synth/SynthContext;Ljava/awt/Graphics;)V+6 java.desktop@17.0.1
j  javax.swing.plaf.synth.SynthTextFieldUI.update(Ljava/awt/Graphics;Ljavax/swing/JComponent;)V+21 java.desktop@17.0.1
j  javax.swing.JComponent.paintComponent(Ljava/awt/Graphics;)V+26 java.desktop@17.0.1
j  javax.swing.JComponent.paint(Ljava/awt/Graphics;)V+286 java.desktop@17.0.1
j  javax.swing.JComponent.paintChildren(Ljava/awt/Graphics;)V+523 java.desktop@17.0.1
j  javax.swing.JComponent.paint(Ljava/awt/Graphics;)V+318 java.desktop@17.0.1
j  javax.swing.JComponent.paintToOffscreen(Ljava/awt/Graphics;IIIIII)V+41 java.desktop@17.0.1
j  javax.swing.RepaintManager$PaintManager.paintDoubleBufferedImpl(Ljavax/swing/JComponent;Ljava/awt/Image;Ljava/awt/Graphics;IIII)V+163 java.desktop@17.0.1
j  javax.swing.RepaintManager$PaintManager.paintDoubleBuffered(Ljavax/swing/JComponent;Ljava/awt/Image;Ljava/awt/Graphics;IIII)V+46 java.desktop@17.0.1
j  javax.swing.RepaintManager$PaintManager.paint(Ljavax/swing/JComponent;Ljavax/swing/JComponent;Ljava/awt/Graphics;IIII)Z+128 java.desktop@17.0.1
j  javax.swing.RepaintManager.paint(Ljavax/swing/JComponent;Ljavax/swing/JComponent;Ljava/awt/Graphics;IIII)V+52 java.desktop@17.0.1
j  javax.swing.JComponent._paintImmediately(IIII)V+683 java.desktop@17.0.1
j  javax.swing.JComponent.paintImmediately(IIII)V+138 java.desktop@17.0.1
j  javax.swing.RepaintManager$4.run()Ljava/lang/Void;+81 java.desktop@17.0.1
j  javax.swing.RepaintManager$4.run()Ljava/lang/Object;+1 java.desktop@17.0.1
J 804 c1 java.security.AccessController.executePrivileged(Ljava/security/PrivilegedAction;Ljava/security/AccessControlContext;Ljava/lang/Class;)Ljava/lang/Object; java.base@17.0.1 (65 bytes) @ 0x000001ec68116a3c [0x000001ec681168e0+0x000000000000015c]
j  java.security.AccessController.doPrivileged(Ljava/security/PrivilegedAction;Ljava/security/AccessControlContext;)Ljava/lang/Object;+13 java.base@17.0.1
j  java.security.ProtectionDomain$JavaSecurityAccessImpl.doIntersectionPrivilege(Ljava/security/PrivilegedAction;Ljava/security/AccessControlContext;Ljava/security/AccessControlContext;)Ljava/lang/Object;+18 java.base@17.0.1
j  javax.swing.RepaintManager.paintDirtyRegions(Ljava/util/Map;)V+154 java.desktop@17.0.1
j  javax.swing.RepaintManager.paintDirtyRegions()V+46 java.desktop@17.0.1
j  javax.swing.RepaintManager.prePaintDirtyRegions()V+73 java.desktop@17.0.1
j  javax.swing.RepaintManager$ProcessingRunnable.run()V+37 java.desktop@17.0.1
j  java.awt.event.InvocationEvent.dispatch()V+47 java.desktop@17.0.1
j  java.awt.EventQueue.dispatchEventImpl(Ljava/awt/AWTEvent;Ljava/lang/Object;)V+21 java.desktop@17.0.1
j  java.awt.EventQueue$4.run()Ljava/lang/Void;+32 java.desktop@17.0.1
j  java.awt.EventQueue$4.run()Ljava/lang/Object;+1 java.desktop@17.0.1
J 804 c1 java.security.AccessController.executePrivileged(Ljava/security/PrivilegedAction;Ljava/security/AccessControlContext;Ljava/lang/Class;)Ljava/lang/Object; java.base@17.0.1 (65 bytes) @ 0x000001ec68116a3c [0x000001ec681168e0+0x000000000000015c]
j  java.security.AccessController.doPrivileged(Ljava/security/PrivilegedAction;Ljava/security/AccessControlContext;)Ljava/lang/Object;+13 java.base@17.0.1
j  java.security.ProtectionDomain$JavaSecurityAccessImpl.doIntersectionPrivilege(Ljava/security/PrivilegedAction;Ljava/security/AccessControlContext;Ljava/security/AccessControlContext;)Ljava/lang/Object;+18 java.base@17.0.1
j  java.awt.EventQueue.dispatchEvent(Ljava/awt/AWTEvent;)V+46 java.desktop@17.0.1
j  java.awt.EventDispatchThread.pumpOneEventForFilters(I)V+78 java.desktop@17.0.1
j  java.awt.EventDispatchThread.pumpEventsForFilter(ILjava/awt/Conditional;Ljava/awt/EventFilter;)V+35 java.desktop@17.0.1
j  java.awt.EventDispatchThread.pumpEventsForHierarchy(ILjava/awt/Conditional;Ljava/awt/Component;)V+11 java.desktop@17.0.1
j  java.awt.EventDispatchThread.pumpEvents(ILjava/awt/Conditional;)V+4 java.desktop@17.0.1
j  java.awt.EventDispatchThread.pumpEvents(Ljava/awt/Conditional;)V+3 java.desktop@17.0.1
j  java.awt.EventDispatchThread.run()V+9 java.desktop@17.0.1
v  ~StubRoutines::call_stub

---------------  P R O C E S S  ---------------

Threads class SMR info:
_java_thread_list=0x000001ec00bb3750, length=18, elements={
0x000001ec7e87c9e0, 0x000001ec7e87d2a0, 0x000001ec7e892050, 0x000001ec7e892910,
0x000001ec7e8931d0, 0x000001ec7e893a90, 0x000001ec7e894730, 0x000001ec7e8998a0,
0x000001ec7e8bbd60, 0x000001ec7f4aecb0, 0x000001ec7f545490, 0x000001ec7f727780,
0x000001ec7f727c50, 0x000001ec7f730130, 0x000001ec7f7916a0, 0x000001ec5ea1c570,
0x000001ec00bd3940, 0x000001ec01e29080
}

Java Threads: ( => current thread )
  0x000001ec7e87c9e0 JavaThread "Reference Handler" daemon [_thread_blocked, id=2748, stack(0x000000e3a0c00000,0x000000e3a0d00000)]
  0x000001ec7e87d2a0 JavaThread "Finalizer" daemon [_thread_blocked, id=11040, stack(0x000000e3a0d00000,0x000000e3a0e00000)]
  0x000001ec7e892050 JavaThread "Signal Dispatcher" daemon [_thread_blocked, id=14664, stack(0x000000e3a0e00000,0x000000e3a0f00000)]
  0x000001ec7e892910 JavaThread "Attach Listener" daemon [_thread_blocked, id=3548, stack(0x000000e3a0f00000,0x000000e3a1000000)]
  0x000001ec7e8931d0 JavaThread "Service Thread" daemon [_thread_blocked, id=7512, stack(0x000000e3a1000000,0x000000e3a1100000)]
  0x000001ec7e893a90 JavaThread "Monitor Deflation Thread" daemon [_thread_blocked, id=15640, stack(0x000000e3a1100000,0x000000e3a1200000)]
  0x000001ec7e894730 JavaThread "C2 CompilerThread0" daemon [_thread_blocked, id=8416, stack(0x000000e3a1200000,0x000000e3a1300000)]
  0x000001ec7e8998a0 JavaThread "C1 CompilerThread0" daemon [_thread_in_vm, id=10284, stack(0x000000e3a1300000,0x000000e3a1400000)]
  0x000001ec7e8bbd60 JavaThread "Sweeper thread" daemon [_thread_blocked, id=3288, stack(0x000000e3a1400000,0x000000e3a1500000)]
  0x000001ec7f4aecb0 JavaThread "Common-Cleaner" daemon [_thread_blocked, id=6036, stack(0x000000e3a1500000,0x000000e3a1600000)]
  0x000001ec7f545490 JavaThread "Notification Thread" daemon [_thread_blocked, id=1424, stack(0x000000e3a1600000,0x000000e3a1700000)]
  0x000001ec7f727780 JavaThread "Java2D Disposer" daemon [_thread_blocked, id=13708, stack(0x000000e3a1900000,0x000000e3a1a00000)]
  0x000001ec7f727c50 JavaThread "AWT-Shutdown" [_thread_blocked, id=1672, stack(0x000000e3a1a00000,0x000000e3a1b00000)]
  0x000001ec7f730130 JavaThread "AWT-Windows" daemon [_thread_in_native, id=13224, stack(0x000000e3a1b00000,0x000000e3a1c00000)]
=>0x000001ec7f7916a0 JavaThread "AWT-EventQueue-0" [_thread_in_vm, id=4048, stack(0x000000e3a1c00000,0x000000e3a1d00000)]
  0x000001ec5ea1c570 JavaThread "DestroyJavaVM" [_thread_blocked, id=8452, stack(0x000000e3a0500000,0x000000e3a0600000)]
  0x000001ec00bd3940 JavaThread "Abandoned connection cleanup thread" daemon [_thread_blocked, id=2392, stack(0x000000e3a1d00000,0x000000e3a1e00000)]
  0x000001ec01e29080 JavaThread "TimerQueue" daemon [_thread_blocked, id=18388, stack(0x000000e3a2b00000,0x000000e3a2c00000)]

Other Threads:
  0x000001ec7e8789a0 VMThread "VM Thread" [stack: 0x000000e3a0b00000,0x000000e3a0c00000] [id=12264]
  0x000001ec7f5472a0 WatcherThread [stack: 0x000000e3a1700000,0x000000e3a1800000] [id=10280]
  0x000001ec5ea5bfb0 GCTaskThread "GC Thread#0" [stack: 0x000000e3a0600000,0x000000e3a0700000] [id=8540]
  0x000001ec01d60150 GCTaskThread "GC Thread#1" [stack: 0x000000e3a1f00000,0x000000e3a2000000] [id=10184]
  0x000001ec01d6c440 GCTaskThread "GC Thread#2" [stack: 0x000000e3a2000000,0x000000e3a2100000] [id=13520]
  0x000001ec01d6c6f0 GCTaskThread "GC Thread#3" [stack: 0x000000e3a2100000,0x000000e3a2200000] [id=15672]
  0x000001ec01d6c9a0 GCTaskThread "GC Thread#4" [stack: 0x000000e3a2200000,0x000000e3a2300000] [id=8700]
  0x000001ec00d41620 GCTaskThread "GC Thread#5" [stack: 0x000000e3a2300000,0x000000e3a2400000] [id=13688]
  0x000001ec00e3eae0 GCTaskThread "GC Thread#6" [stack: 0x000000e3a2400000,0x000000e3a2500000] [id=16880]
  0x000001ec01b9a240 GCTaskThread "GC Thread#7" [stack: 0x000000e3a2500000,0x000000e3a2600000] [id=8264]
  0x000001ec5ea6c580 ConcurrentGCThread "G1 Main Marker" [stack: 0x000000e3a0700000,0x000000e3a0800000] [id=13168]
  0x000001ec5ea6cea0 ConcurrentGCThread "G1 Conc#0" [stack: 0x000000e3a0800000,0x000000e3a0900000] [id=14060]
  0x000001ec5eafebe0 ConcurrentGCThread "G1 Refine#0" [stack: 0x000000e3a0900000,0x000000e3a0a00000] [id=13228]
  0x000001ec00f36a60 ConcurrentGCThread "G1 Refine#1" [stack: 0x000000e3a2600000,0x000000e3a2700000] [id=17092]
  0x000001ec00f1c000 ConcurrentGCThread "G1 Refine#2" [stack: 0x000000e3a2700000,0x000000e3a2800000] [id=18300]
  0x000001ec7e722490 ConcurrentGCThread "G1 Service" [stack: 0x000000e3a0a00000,0x000000e3a0b00000] [id=1912]

Threads with active compile tasks:
C1 CompilerThread0     1603 1935  s    3       sun.java2d.loops.RenderCache::get (100 bytes)

VM state: not at safepoint (normal execution)

VM Mutex/Monitor currently owned by a thread:  ([mutex/lock_event])
[0x000001ec5ea175b0] Metaspace_lock - owner thread: 0x000001ec7f7916a0
[0x000001ec5ea19f10] MethodData_lock - owner thread: 0x000001ec7e8998a0

Heap address: 0x0000000084400000, size: 1980 MB, Compressed Oops mode: 32-bit

CDS archive(s) mapped at: [0x0000000800000000-0x0000000800bc0000-0x0000000800bc0000), size 12320768, SharedBaseAddress: 0x0000000800000000, ArchiveRelocationMode: 0.
Compressed class space mapped at: 0x0000000800c00000-0x0000000840c00000, reserved size: 1073741824
Narrow klass base: 0x0000000800000000, Narrow klass shift: 0, Narrow klass range: 0x100000000

GC Precious Log:
 CPUs: 8 total, 8 available
 Memory: 7914M
 Large Page Support: Disabled
 NUMA Support: Disabled
 Compressed Oops: Enabled (32-bit)
 Heap Region Size: 1M
 Heap Min Capacity: 8M
 Heap Initial Capacity: 124M
 Heap Max Capacity: 1980M
 Pre-touch: Disabled
 Parallel Workers: 8
 Concurrent Workers: 2
 Concurrent Refinement Workers: 8
 Periodic GC: Disabled

Heap:
 garbage-first heap   total 126976K, used 9269K [0x0000000084400000, 0x0000000100000000)
  region size 1024K, 9 young (9216K), 3 survivors (3072K)
 Metaspace       used 19241K, committed 19456K, reserved 1073152K
  class space    used 2193K, committed 2304K, reserved 1048576K

Heap Regions: E=young(eden), S=young(survivor), O=old, HS=humongous(starts), HC=humongous(continues), CS=collection set, F=free, OA=open archive, CA=closed archive, TAMS=top-at-mark-start (previous, next)
|   0|0x0000000084400000, 0x0000000084500000, 0x0000000084500000|100%| O|  |TAMS 0x0000000084400000, 0x0000000084400000| Untracked 
|   1|0x0000000084500000, 0x0000000084600000, 0x0000000084600000|100%| O|  |TAMS 0x0000000084500000, 0x0000000084500000| Untracked 
|   2|0x0000000084600000, 0x000000008460d600, 0x0000000084700000|  5%| O|  |TAMS 0x0000000084600000, 0x0000000084600000| Untracked 
|   3|0x0000000084700000, 0x0000000084700000, 0x0000000084800000|  0%| F|  |TAMS 0x0000000084700000, 0x0000000084700000| Untracked 
|   4|0x0000000084800000, 0x0000000084800000, 0x0000000084900000|  0%| F|  |TAMS 0x0000000084800000, 0x0000000084800000| Untracked 
|   5|0x0000000084900000, 0x0000000084900000, 0x0000000084a00000|  0%| F|  |TAMS 0x0000000084900000, 0x0000000084900000| Untracked 
|   6|0x0000000084a00000, 0x0000000084a00000, 0x0000000084b00000|  0%| F|  |TAMS 0x0000000084a00000, 0x0000000084a00000| Untracked 
|   7|0x0000000084b00000, 0x0000000084b00000, 0x0000000084c00000|  0%| F|  |TAMS 0x0000000084b00000, 0x0000000084b00000| Untracked 
|   8|0x0000000084c00000, 0x0000000084c00000, 0x0000000084d00000|  0%| F|  |TAMS 0x0000000084c00000, 0x0000000084c00000| Untracked 
|   9|0x0000000084d00000, 0x0000000084d00000, 0x0000000084e00000|  0%| F|  |TAMS 0x0000000084d00000, 0x0000000084d00000| Untracked 
|  10|0x0000000084e00000, 0x0000000084e00000, 0x0000000084f00000|  0%| F|  |TAMS 0x0000000084e00000, 0x0000000084e00000| Untracked 
|  11|0x0000000084f00000, 0x0000000084f00000, 0x0000000085000000|  0%| F|  |TAMS 0x0000000084f00000, 0x0000000084f00000| Untracked 
|  12|0x0000000085000000, 0x0000000085000000, 0x0000000085100000|  0%| F|  |TAMS 0x0000000085000000, 0x0000000085000000| Untracked 
|  13|0x0000000085100000, 0x0000000085100000, 0x0000000085200000|  0%| F|  |TAMS 0x0000000085100000, 0x0000000085100000| Untracked 
|  14|0x0000000085200000, 0x0000000085200000, 0x0000000085300000|  0%| F|  |TAMS 0x0000000085200000, 0x0000000085200000| Untracked 
|  15|0x0000000085300000, 0x0000000085300000, 0x0000000085400000|  0%| F|  |TAMS 0x0000000085300000, 0x0000000085300000| Untracked 
|  16|0x0000000085400000, 0x0000000085400000, 0x0000000085500000|  0%| F|  |TAMS 0x0000000085400000, 0x0000000085400000| Untracked 
|  17|0x0000000085500000, 0x0000000085500000, 0x0000000085600000|  0%| F|  |TAMS 0x0000000085500000, 0x0000000085500000| Untracked 
|  18|0x0000000085600000, 0x0000000085600000, 0x0000000085700000|  0%| F|  |TAMS 0x0000000085600000, 0x0000000085600000| Untracked 
|  19|0x0000000085700000, 0x0000000085700000, 0x0000000085800000|  0%| F|  |TAMS 0x0000000085700000, 0x0000000085700000| Untracked 
|  20|0x0000000085800000, 0x0000000085800000, 0x0000000085900000|  0%| F|  |TAMS 0x0000000085800000, 0x0000000085800000| Untracked 
|  21|0x0000000085900000, 0x0000000085900000, 0x0000000085a00000|  0%| F|  |TAMS 0x0000000085900000, 0x0000000085900000| Untracked 
|  22|0x0000000085a00000, 0x0000000085a00000, 0x0000000085b00000|  0%| F|  |TAMS 0x0000000085a00000, 0x0000000085a00000| Untracked 
|  23|0x0000000085b00000, 0x0000000085b00000, 0x0000000085c00000|  0%| F|  |TAMS 0x0000000085b00000, 0x0000000085b00000| Untracked 
|  24|0x0000000085c00000, 0x0000000085c00000, 0x0000000085d00000|  0%| F|  |TAMS 0x0000000085c00000, 0x0000000085c00000| Untracked 
|  25|0x0000000085d00000, 0x0000000085d00000, 0x0000000085e00000|  0%| F|  |TAMS 0x0000000085d00000, 0x0000000085d00000| Untracked 
|  26|0x0000000085e00000, 0x0000000085e00000, 0x0000000085f00000|  0%| F|  |TAMS 0x0000000085e00000, 0x0000000085e00000| Untracked 
|  27|0x0000000085f00000, 0x0000000085f00000, 0x0000000086000000|  0%| F|  |TAMS 0x0000000085f00000, 0x0000000085f00000| Untracked 
|  28|0x0000000086000000, 0x0000000086000000, 0x0000000086100000|  0%| F|  |TAMS 0x0000000086000000, 0x0000000086000000| Untracked 
|  29|0x0000000086100000, 0x0000000086100000, 0x0000000086200000|  0%| F|  |TAMS 0x0000000086100000, 0x0000000086100000| Untracked 
|  30|0x0000000086200000, 0x0000000086200000, 0x0000000086300000|  0%| F|  |TAMS 0x0000000086200000, 0x0000000086200000| Untracked 
|  31|0x0000000086300000, 0x0000000086300000, 0x0000000086400000|  0%| F|  |TAMS 0x0000000086300000, 0x0000000086300000| Untracked 
|  32|0x0000000086400000, 0x0000000086400000, 0x0000000086500000|  0%| F|  |TAMS 0x0000000086400000, 0x0000000086400000| Untracked 
|  33|0x0000000086500000, 0x0000000086500000, 0x0000000086600000|  0%| F|  |TAMS 0x0000000086500000, 0x0000000086500000| Untracked 
|  34|0x0000000086600000, 0x0000000086600000, 0x0000000086700000|  0%| F|  |TAMS 0x0000000086600000, 0x0000000086600000| Untracked 
|  35|0x0000000086700000, 0x0000000086700000, 0x0000000086800000|  0%| F|  |TAMS 0x0000000086700000, 0x0000000086700000| Untracked 
|  36|0x0000000086800000, 0x0000000086800000, 0x0000000086900000|  0%| F|  |TAMS 0x0000000086800000, 0x0000000086800000| Untracked 
|  37|0x0000000086900000, 0x0000000086900000, 0x0000000086a00000|  0%| F|  |TAMS 0x0000000086900000, 0x0000000086900000| Untracked 
|  38|0x0000000086a00000, 0x0000000086a00000, 0x0000000086b00000|  0%| F|  |TAMS 0x0000000086a00000, 0x0000000086a00000| Untracked 
|  39|0x0000000086b00000, 0x0000000086b00000, 0x0000000086c00000|  0%| F|  |TAMS 0x0000000086b00000, 0x0000000086b00000| Untracked 
|  40|0x0000000086c00000, 0x0000000086c00000, 0x0000000086d00000|  0%| F|  |TAMS 0x0000000086c00000, 0x0000000086c00000| Untracked 
|  41|0x0000000086d00000, 0x0000000086d00000, 0x0000000086e00000|  0%| F|  |TAMS 0x0000000086d00000, 0x0000000086d00000| Untracked 
|  42|0x0000000086e00000, 0x0000000086e00000, 0x0000000086f00000|  0%| F|  |TAMS 0x0000000086e00000, 0x0000000086e00000| Untracked 
|  43|0x0000000086f00000, 0x0000000086f00000, 0x0000000087000000|  0%| F|  |TAMS 0x0000000086f00000, 0x0000000086f00000| Untracked 
|  44|0x0000000087000000, 0x0000000087000000, 0x0000000087100000|  0%| F|  |TAMS 0x0000000087000000, 0x0000000087000000| Untracked 
|  45|0x0000000087100000, 0x0000000087100000, 0x0000000087200000|  0%| F|  |TAMS 0x0000000087100000, 0x0000000087100000| Untracked 
|  46|0x0000000087200000, 0x0000000087200000, 0x0000000087300000|  0%| F|  |TAMS 0x0000000087200000, 0x0000000087200000| Untracked 
|  47|0x0000000087300000, 0x0000000087300000, 0x0000000087400000|  0%| F|  |TAMS 0x0000000087300000, 0x0000000087300000| Untracked 
|  48|0x0000000087400000, 0x0000000087400000, 0x0000000087500000|  0%| F|  |TAMS 0x0000000087400000, 0x0000000087400000| Untracked 
|  49|0x0000000087500000, 0x0000000087500000, 0x0000000087600000|  0%| F|  |TAMS 0x0000000087500000, 0x0000000087500000| Untracked 
|  50|0x0000000087600000, 0x0000000087600000, 0x0000000087700000|  0%| F|  |TAMS 0x0000000087600000, 0x0000000087600000| Untracked 
|  51|0x0000000087700000, 0x0000000087700000, 0x0000000087800000|  0%| F|  |TAMS 0x0000000087700000, 0x0000000087700000| Untracked 
|  52|0x0000000087800000, 0x0000000087800000, 0x0000000087900000|  0%| F|  |TAMS 0x0000000087800000, 0x0000000087800000| Untracked 
|  53|0x0000000087900000, 0x0000000087900000, 0x0000000087a00000|  0%| F|  |TAMS 0x0000000087900000, 0x0000000087900000| Untracked 
|  54|0x0000000087a00000, 0x0000000087a00000, 0x0000000087b00000|  0%| F|  |TAMS 0x0000000087a00000, 0x0000000087a00000| Untracked 
|  55|0x0000000087b00000, 0x0000000087b00000, 0x0000000087c00000|  0%| F|  |TAMS 0x0000000087b00000, 0x0000000087b00000| Untracked 
|  56|0x0000000087c00000, 0x0000000087c00000, 0x0000000087d00000|  0%| F|  |TAMS 0x0000000087c00000, 0x0000000087c00000| Untracked 
|  57|0x0000000087d00000, 0x0000000087d00000, 0x0000000087e00000|  0%| F|  |TAMS 0x0000000087d00000, 0x0000000087d00000| Untracked 
|  58|0x0000000087e00000, 0x0000000087e00000, 0x0000000087f00000|  0%| F|  |TAMS 0x0000000087e00000, 0x0000000087e00000| Untracked 
|  59|0x0000000087f00000, 0x0000000087f00000, 0x0000000088000000|  0%| F|  |TAMS 0x0000000087f00000, 0x0000000087f00000| Untracked 
|  60|0x0000000088000000, 0x0000000088000000, 0x0000000088100000|  0%| F|  |TAMS 0x0000000088000000, 0x0000000088000000| Untracked 
|  61|0x0000000088100000, 0x0000000088100000, 0x0000000088200000|  0%| F|  |TAMS 0x0000000088100000, 0x0000000088100000| Untracked 
|  62|0x0000000088200000, 0x0000000088200000, 0x0000000088300000|  0%| F|  |TAMS 0x0000000088200000, 0x0000000088200000| Untracked 
|  63|0x0000000088300000, 0x0000000088300000, 0x0000000088400000|  0%| F|  |TAMS 0x0000000088300000, 0x0000000088300000| Untracked 
|  64|0x0000000088400000, 0x0000000088400000, 0x0000000088500000|  0%| F|  |TAMS 0x0000000088400000, 0x0000000088400000| Untracked 
|  65|0x0000000088500000, 0x0000000088500000, 0x0000000088600000|  0%| F|  |TAMS 0x0000000088500000, 0x0000000088500000| Untracked 
|  66|0x0000000088600000, 0x0000000088600000, 0x0000000088700000|  0%| F|  |TAMS 0x0000000088600000, 0x0000000088600000| Untracked 
|  67|0x0000000088700000, 0x0000000088700000, 0x0000000088800000|  0%| F|  |TAMS 0x0000000088700000, 0x0000000088700000| Untracked 
|  68|0x0000000088800000, 0x0000000088800000, 0x0000000088900000|  0%| F|  |TAMS 0x0000000088800000, 0x0000000088800000| Untracked 
|  69|0x0000000088900000, 0x0000000088900000, 0x0000000088a00000|  0%| F|  |TAMS 0x0000000088900000, 0x0000000088900000| Untracked 
|  70|0x0000000088a00000, 0x0000000088a00000, 0x0000000088b00000|  0%| F|  |TAMS 0x0000000088a00000, 0x0000000088a00000| Untracked 
|  71|0x0000000088b00000, 0x0000000088b00000, 0x0000000088c00000|  0%| F|  |TAMS 0x0000000088b00000, 0x0000000088b00000| Untracked 
|  72|0x0000000088c00000, 0x0000000088c00000, 0x0000000088d00000|  0%| F|  |TAMS 0x0000000088c00000, 0x0000000088c00000| Untracked 
|  73|0x0000000088d00000, 0x0000000088d00000, 0x0000000088e00000|  0%| F|  |TAMS 0x0000000088d00000, 0x0000000088d00000| Untracked 
|  74|0x0000000088e00000, 0x0000000088e00000, 0x0000000088f00000|  0%| F|  |TAMS 0x0000000088e00000, 0x0000000088e00000| Untracked 
|  75|0x0000000088f00000, 0x0000000088f00000, 0x0000000089000000|  0%| F|  |TAMS 0x0000000088f00000, 0x0000000088f00000| Untracked 
|  76|0x0000000089000000, 0x0000000089000000, 0x0000000089100000|  0%| F|  |TAMS 0x0000000089000000, 0x0000000089000000| Untracked 
|  77|0x0000000089100000, 0x0000000089100000, 0x0000000089200000|  0%| F|  |TAMS 0x0000000089100000, 0x0000000089100000| Untracked 
|  78|0x0000000089200000, 0x0000000089200000, 0x0000000089300000|  0%| F|  |TAMS 0x0000000089200000, 0x0000000089200000| Untracked 
|  79|0x0000000089300000, 0x0000000089300000, 0x0000000089400000|  0%| F|  |TAMS 0x0000000089300000, 0x0000000089300000| Untracked 
|  80|0x0000000089400000, 0x0000000089400000, 0x0000000089500000|  0%| F|  |TAMS 0x0000000089400000, 0x0000000089400000| Untracked 
|  81|0x0000000089500000, 0x0000000089500000, 0x0000000089600000|  0%| F|  |TAMS 0x0000000089500000, 0x0000000089500000| Untracked 
|  82|0x0000000089600000, 0x0000000089600000, 0x0000000089700000|  0%| F|  |TAMS 0x0000000089600000, 0x0000000089600000| Untracked 
|  83|0x0000000089700000, 0x0000000089700000, 0x0000000089800000|  0%| F|  |TAMS 0x0000000089700000, 0x0000000089700000| Untracked 
|  84|0x0000000089800000, 0x0000000089800000, 0x0000000089900000|  0%| F|  |TAMS 0x0000000089800000, 0x0000000089800000| Untracked 
|  85|0x0000000089900000, 0x0000000089900000, 0x0000000089a00000|  0%| F|  |TAMS 0x0000000089900000, 0x0000000089900000| Untracked 
|  86|0x0000000089a00000, 0x0000000089a00000, 0x0000000089b00000|  0%| F|  |TAMS 0x0000000089a00000, 0x0000000089a00000| Untracked 
|  87|0x0000000089b00000, 0x0000000089b00000, 0x0000000089c00000|  0%| F|  |TAMS 0x0000000089b00000, 0x0000000089b00000| Untracked 
|  88|0x0000000089c00000, 0x0000000089c00000, 0x0000000089d00000|  0%| F|  |TAMS 0x0000000089c00000, 0x0000000089c00000| Untracked 
|  89|0x0000000089d00000, 0x0000000089d00000, 0x0000000089e00000|  0%| F|  |TAMS 0x0000000089d00000, 0x0000000089d00000| Untracked 
|  90|0x0000000089e00000, 0x0000000089e00000, 0x0000000089f00000|  0%| F|  |TAMS 0x0000000089e00000, 0x0000000089e00000| Untracked 
|  91|0x0000000089f00000, 0x0000000089f00000, 0x000000008a000000|  0%| F|  |TAMS 0x0000000089f00000, 0x0000000089f00000| Untracked 
|  92|0x000000008a000000, 0x000000008a000000, 0x000000008a100000|  0%| F|  |TAMS 0x000000008a000000, 0x000000008a000000| Untracked 
|  93|0x000000008a100000, 0x000000008a100000, 0x000000008a200000|  0%| F|  |TAMS 0x000000008a100000, 0x000000008a100000| Untracked 
|  94|0x000000008a200000, 0x000000008a200000, 0x000000008a300000|  0%| F|  |TAMS 0x000000008a200000, 0x000000008a200000| Untracked 
|  95|0x000000008a300000, 0x000000008a300000, 0x000000008a400000|  0%| F|  |TAMS 0x000000008a300000, 0x000000008a300000| Untracked 
|  96|0x000000008a400000, 0x000000008a400000, 0x000000008a500000|  0%| F|  |TAMS 0x000000008a400000, 0x000000008a400000| Untracked 
|  97|0x000000008a500000, 0x000000008a500000, 0x000000008a600000|  0%| F|  |TAMS 0x000000008a500000, 0x000000008a500000| Untracked 
|  98|0x000000008a600000, 0x000000008a700000, 0x000000008a700000|100%| S|CS|TAMS 0x000000008a600000, 0x000000008a600000| Complete 
|  99|0x000000008a700000, 0x000000008a800000, 0x000000008a800000|100%| S|CS|TAMS 0x000000008a700000, 0x000000008a700000| Complete 
| 100|0x000000008a800000, 0x000000008a900000, 0x000000008a900000|100%| S|CS|TAMS 0x000000008a800000, 0x000000008a800000| Complete 
| 101|0x000000008a900000, 0x000000008a900000, 0x000000008aa00000|  0%| F|  |TAMS 0x000000008a900000, 0x000000008a900000| Untracked 
| 102|0x000000008aa00000, 0x000000008aa00000, 0x000000008ab00000|  0%| F|  |TAMS 0x000000008aa00000, 0x000000008aa00000| Untracked 
| 103|0x000000008ab00000, 0x000000008ab00000, 0x000000008ac00000|  0%| F|  |TAMS 0x000000008ab00000, 0x000000008ab00000| Untracked 
| 104|0x000000008ac00000, 0x000000008ac00000, 0x000000008ad00000|  0%| F|  |TAMS 0x000000008ac00000, 0x000000008ac00000| Untracked 
| 105|0x000000008ad00000, 0x000000008ad00000, 0x000000008ae00000|  0%| F|  |TAMS 0x000000008ad00000, 0x000000008ad00000| Untracked 
| 106|0x000000008ae00000, 0x000000008ae00000, 0x000000008af00000|  0%| F|  |TAMS 0x000000008ae00000, 0x000000008ae00000| Untracked 
| 107|0x000000008af00000, 0x000000008af00000, 0x000000008b000000|  0%| F|  |TAMS 0x000000008af00000, 0x000000008af00000| Untracked 
| 108|0x000000008b000000, 0x000000008b000000, 0x000000008b100000|  0%| F|  |TAMS 0x000000008b000000, 0x000000008b000000| Untracked 
| 109|0x000000008b100000, 0x000000008b100000, 0x000000008b200000|  0%| F|  |TAMS 0x000000008b100000, 0x000000008b100000| Untracked 
| 110|0x000000008b200000, 0x000000008b200000, 0x000000008b300000|  0%| F|  |TAMS 0x000000008b200000, 0x000000008b200000| Untracked 
| 111|0x000000008b300000, 0x000000008b300000, 0x000000008b400000|  0%| F|  |TAMS 0x000000008b300000, 0x000000008b300000| Untracked 
| 112|0x000000008b400000, 0x000000008b400000, 0x000000008b500000|  0%| F|  |TAMS 0x000000008b400000, 0x000000008b400000| Untracked 
| 113|0x000000008b500000, 0x000000008b500000, 0x000000008b600000|  0%| F|  |TAMS 0x000000008b500000, 0x000000008b500000| Untracked 
| 114|0x000000008b600000, 0x000000008b600000, 0x000000008b700000|  0%| F|  |TAMS 0x000000008b600000, 0x000000008b600000| Untracked 
| 115|0x000000008b700000, 0x000000008b700000, 0x000000008b800000|  0%| F|  |TAMS 0x000000008b700000, 0x000000008b700000| Untracked 
| 116|0x000000008b800000, 0x000000008b800000, 0x000000008b900000|  0%| F|  |TAMS 0x000000008b800000, 0x000000008b800000| Untracked 
| 117|0x000000008b900000, 0x000000008b900000, 0x000000008ba00000|  0%| F|  |TAMS 0x000000008b900000, 0x000000008b900000| Untracked 
| 118|0x000000008ba00000, 0x000000008bb00000, 0x000000008bb00000|100%| E|  |TAMS 0x000000008ba00000, 0x000000008ba00000| Complete 
| 119|0x000000008bb00000, 0x000000008bc00000, 0x000000008bc00000|100%| E|CS|TAMS 0x000000008bb00000, 0x000000008bb00000| Complete 
| 120|0x000000008bc00000, 0x000000008bd00000, 0x000000008bd00000|100%| E|CS|TAMS 0x000000008bc00000, 0x000000008bc00000| Complete 
| 121|0x000000008bd00000, 0x000000008be00000, 0x000000008be00000|100%| E|CS|TAMS 0x000000008bd00000, 0x000000008bd00000| Complete 
| 122|0x000000008be00000, 0x000000008bf00000, 0x000000008bf00000|100%| E|  |TAMS 0x000000008be00000, 0x000000008be00000| Complete 
| 123|0x000000008bf00000, 0x000000008c000000, 0x000000008c000000|100%| E|CS|TAMS 0x000000008bf00000, 0x000000008bf00000| Complete 

Card table byte_map: [0x000001ec77870000,0x000001ec77c50000] _byte_map_base: 0x000001ec7744e000

Marking Bits (Prev, Next): (CMBitMap*) 0x000001ec5ea5c4d0, (CMBitMap*) 0x000001ec5ea5c510
 Prev Bits: [0x000001ec78030000, 0x000001ec79f20000)
 Next Bits: [0x000001ec79f20000, 0x000001ec7be10000)

Polling page: 0x000001ec5eb00000

Metaspace:

Usage:
  Non-class:     16.65 MB used.
      Class:      2.14 MB used.
       Both:     18.79 MB used.

Virtual space:
  Non-class space:       24.00 MB reserved,      16.75 MB ( 70%) committed,  3 nodes.
      Class space:        1.00 GB reserved,       2.25 MB ( <1%) committed,  1 nodes.
             Both:        1.02 GB reserved,      19.00 MB (  2%) committed. 

Chunk freelists:
   Non-Class:  2.80 MB
       Class:  1.72 MB
        Both:  4.52 MB

MaxMetaspaceSize: unlimited
CompressedClassSpaceSize: 1.00 GB
Initial GC threshold: 21.00 MB
Current GC threshold: 21.00 MB
CDS: on
MetaspaceReclaimPolicy: balanced
 - commit_granule_bytes: 65536.
 - commit_granule_words: 8192.
 - virtual_space_node_default_size: 1048576.
 - enlarge_chunks_in_place: 1.
 - new_chunks_are_fully_committed: 0.
 - uncommit_free_chunks: 1.
 - use_allocation_guard: 0.
 - handle_deallocations: 1.


Internal statistics:

num_allocs_failed_limit: 0.
num_arena_births: 154.
num_arena_deaths: 0.
num_vsnodes_births: 4.
num_vsnodes_deaths: 0.
num_space_committed: 304.
num_space_uncommitted: 0.
num_chunks_returned_to_freelist: 0.
num_chunks_taken_from_freelist: 357.
num_chunk_merges: 0.
num_chunk_splits: 211.
num_chunks_enlarged: 118.
num_purges: 0.
num_inconsistent_stats: 0.

CodeHeap 'non-profiled nmethods': size=120000Kb used=735Kb max_used=735Kb free=119264Kb
 bounds [0x000001ec6f500000, 0x000001ec6f770000, 0x000001ec76a30000]
CodeHeap 'profiled nmethods': size=120000Kb used=3342Kb max_used=3342Kb free=116657Kb
 bounds [0x000001ec67fd0000, 0x000001ec68320000, 0x000001ec6f500000]
CodeHeap 'non-nmethods': size=5760Kb used=1387Kb max_used=1412Kb free=4372Kb
 bounds [0x000001ec67a30000, 0x000001ec67ca0000, 0x000001ec67fd0000]
 total_blobs=2653 nmethods=1932 adapters=633
 compilation: enabled
              stopped_count=0, restarted_count=0
 full_count=0

Compilation events (20 events):
Event: 1.365 Thread 0x000001ec7e8998a0 nmethod 1924 0x000001ec68310610 code [0x000001ec683107a0, 0x000001ec683108b8]
Event: 1.365 Thread 0x000001ec7e8998a0 1925       1       java.awt.Image::getAccelerationPriority (5 bytes)
Event: 1.365 Thread 0x000001ec7e8998a0 nmethod 1925 0x000001ec6f5a6b10 code [0x000001ec6f5a6ca0, 0x000001ec6f5a6d78]
Event: 1.366 Thread 0x000001ec7e8998a0 1926       3       sun.java2d.StateTrackableDelegate::markDirty (6 bytes)
Event: 1.366 Thread 0x000001ec7e8998a0 nmethod 1926 0x000001ec68310990 code [0x000001ec68310b20, 0x000001ec68310c58]
Event: 1.366 Thread 0x000001ec7e8998a0 1927       3       java.awt.Color::getAlpha (12 bytes)
Event: 1.366 Thread 0x000001ec7e8998a0 nmethod 1927 0x000001ec68310d10 code [0x000001ec68310ec0, 0x000001ec68311088]
Event: 1.366 Thread 0x000001ec7e8998a0 1928       3       sun.java2d.marlin.Renderer::copyAARow (77 bytes)
Event: 1.366 Thread 0x000001ec7e8998a0 nmethod 1928 0x000001ec68311110 code [0x000001ec683112e0, 0x000001ec68311538]
Event: 1.366 Thread 0x000001ec7e8998a0 1929       3       java.util.Arrays::fill (28 bytes)
Event: 1.366 Thread 0x000001ec7e8998a0 nmethod 1929 0x000001ec68311610 code [0x000001ec683117c0, 0x000001ec683119e8]
Event: 1.367 Thread 0x000001ec7f568d40 nmethod 1921 0x000001ec6f5a6e10 code [0x000001ec6f5a6fa0, 0x000001ec6f5a7288]
Event: 1.371 Thread 0x000001ec00efd3d0 nmethod 1920 0x000001ec6f5a7510 code [0x000001ec6f5a76c0, 0x000001ec6f5a81a8]
Event: 1.572 Thread 0x000001ec7e8998a0 1930       3       java.awt.font.FontRenderContext::equals (127 bytes)
Event: 1.573 Thread 0x000001ec7e8998a0 nmethod 1930 0x000001ec68311b10 code [0x000001ec68311e00, 0x000001ec68313018]
Event: 1.576 Thread 0x000001ec7e8998a0 1931       3       javax.swing.JComponent::getWidth (5 bytes)
Event: 1.577 Thread 0x000001ec7e8998a0 nmethod 1931 0x000001ec68313390 code [0x000001ec68313520, 0x000001ec68313638]
Event: 1.577 Thread 0x000001ec7e8998a0 1932       3       javax.swing.JComponent::getHeight (5 bytes)
Event: 1.577 Thread 0x000001ec7e8998a0 nmethod 1932 0x000001ec68313710 code [0x000001ec683138a0, 0x000001ec683139b8]
Event: 1.577 Thread 0x000001ec7e8998a0 1934       3       javax.swing.plaf.nimbus.NimbusStyle::validate (1150 bytes)

GC Heap History (2 events):
Event: 0.606 GC heap before
{Heap before GC invocations=0 (full 0):
 garbage-first heap   total 126976K, used 22528K [0x0000000084400000, 0x0000000100000000)
  region size 1024K, 23 young (23552K), 0 survivors (0K)
 Metaspace       used 15091K, committed 15360K, reserved 1064960K
  class space    used 1723K, committed 1856K, reserved 1048576K
}
Event: 0.612 GC heap after
{Heap after GC invocations=1 (full 0):
 garbage-first heap   total 126976K, used 5173K [0x0000000084400000, 0x0000000100000000)
  region size 1024K, 3 young (3072K), 3 survivors (3072K)
 Metaspace       used 15091K, committed 15360K, reserved 1064960K
  class space    used 1723K, committed 1856K, reserved 1048576K
}

Deoptimization events (20 events):
Event: 0.655 Thread 0x000001ec7f7916a0 DEOPT PACKING pc=0x000001ec6f51968c sp=0x000000e3a1cfe8b0
Event: 0.655 Thread 0x000001ec7f7916a0 DEOPT UNPACKING pc=0x000001ec67a85c23 sp=0x000000e3a1cfe850 mode 2
Event: 0.720 Thread 0x000001ec7f7916a0 Uncommon trap: trap_request=0xffffff45 fr.pc=0x000001ec6f53f98c relative=0x00000000000004ec
Event: 0.720 Thread 0x000001ec7f7916a0 Uncommon trap: reason=unstable_if action=reinterpret pc=0x000001ec6f53f98c method=java.lang.String.substring(II)Ljava/lang/String; @ 31 c2
Event: 0.720 Thread 0x000001ec7f7916a0 DEOPT PACKING pc=0x000001ec6f53f98c sp=0x000000e3a1cfd630
Event: 0.720 Thread 0x000001ec7f7916a0 DEOPT UNPACKING pc=0x000001ec67a85c23 sp=0x000000e3a1cfd600 mode 2
Event: 0.723 Thread 0x000001ec7f7916a0 Uncommon trap: trap_request=0xffffff45 fr.pc=0x000001ec6f537a1c relative=0x000000000000025c
Event: 0.723 Thread 0x000001ec7f7916a0 Uncommon trap: reason=unstable_if action=reinterpret pc=0x000001ec6f537a1c method=java.lang.invoke.VarHandle.checkExactAccessMode(Ljava/lang/invoke/VarHandle$AccessDescriptor;)V @ 4 c2
Event: 0.723 Thread 0x000001ec7f7916a0 DEOPT PACKING pc=0x000001ec6f537a1c sp=0x000000e3a1cfe7d0
Event: 0.723 Thread 0x000001ec7f7916a0 DEOPT UNPACKING pc=0x000001ec67a85c23 sp=0x000000e3a1cfe740 mode 2
Event: 0.766 Thread 0x000001ec7f7916a0 Uncommon trap: trap_request=0xffffff45 fr.pc=0x000001ec6f5965cc relative=0x000000000000036c
Event: 0.766 Thread 0x000001ec7f7916a0 Uncommon trap: reason=unstable_if action=reinterpret pc=0x000001ec6f5965cc method=java.awt.MultipleGradientPaintContext.indexIntoGradientsArrays(F)I @ 93 c2
Event: 0.766 Thread 0x000001ec7f7916a0 DEOPT PACKING pc=0x000001ec6f5965cc sp=0x000000e3a1cfca30
Event: 0.766 Thread 0x000001ec7f7916a0 DEOPT UNPACKING pc=0x000001ec67a85c23 sp=0x000000e3a1cfc9b8 mode 2
Event: 0.780 Thread 0x000001ec7f7916a0 Uncommon trap: trap_request=0xffffff45 fr.pc=0x000001ec6f532ac8 relative=0x00000000000000a8
Event: 0.780 Thread 0x000001ec7f7916a0 Uncommon trap: reason=unstable_if action=reinterpret pc=0x000001ec6f532ac8 method=java.lang.CharacterDataLatin1.digit(II)I @ 12 c2
Event: 0.780 Thread 0x000001ec7f7916a0 DEOPT PACKING pc=0x000001ec6f532ac8 sp=0x000000e3a1cfdbe0
Event: 0.780 Thread 0x000001ec7f7916a0 DEOPT UNPACKING pc=0x000001ec67a85c23 sp=0x000000e3a1cfdb58 mode 2
Event: 1.367 Thread 0x000001ec7f7916a0 DEOPT PACKING pc=0x000001ec682557b1 sp=0x000000e3a1cfecf0
Event: 1.367 Thread 0x000001ec7f7916a0 DEOPT UNPACKING pc=0x000001ec67a86763 sp=0x000000e3a1cfe148 mode 3

Classes unloaded (0 events):
No events

Classes redefined (0 events):
No events

Internal exceptions (20 events):
Event: 0.183 Thread 0x000001ec5ea1c570 Exception <a 'java/lang/ClassNotFoundException'{0x000000008ba0d2a8}: Tree> (0x000000008ba0d2a8) 
thrown [t:\workspace\open\src\hotspot\share\classfile\systemDictionary.cpp, line 256]
Event: 0.183 Thread 0x000001ec5ea1c570 Exception <a 'java/lang/ClassNotFoundException'{0x000000008ba0d618}: javax/swing/JTreeCell> (0x000000008ba0d618) 
thrown [t:\workspace\open\src\hotspot\share\classfile\systemDictionary.cpp, line 256]
Event: 0.183 Thread 0x000001ec5ea1c570 Exception <a 'java/lang/ClassNotFoundException'{0x000000008ba0d918}: TreeCell> (0x000000008ba0d918) 
thrown [t:\workspace\open\src\hotspot\share\classfile\systemDictionary.cpp, line 256]
Event: 0.183 Thread 0x000001ec5ea1c570 Exception <a 'java/lang/ClassNotFoundException'{0x000000008ba0e0d8}: RootPane> (0x000000008ba0e0d8) 
thrown [t:\workspace\open\src\hotspot\share\classfile\systemDictionary.cpp, line 256]
Event: 0.185 Thread 0x000001ec5ea1c570 Exception <a 'java/lang/ClassNotFoundException'{0x000000008ba10f28}: com/sun/swing/internal/plaf/metal/resources/spi/metalProvider> (0x000000008ba10f28) 
thrown [t:\workspace\open\src\hotspot\share\classfile\systemDictionary.cpp, line 256]
Event: 0.186 Thread 0x000001ec5ea1c570 Exception <a 'java/lang/ClassNotFoundException'{0x000000008ba14b28}: com/sun/swing/internal/plaf/basic/resources/spi/basicProvider> (0x000000008ba14b28) 
thrown [t:\workspace\open\src\hotspot\share\classfile\systemDictionary.cpp, line 256]
Event: 0.201 Thread 0x000001ec7f7916a0 Exception <a 'java/lang/ClassNotFoundException'{0x000000008ba8b110}: com/sun/swing/internal/plaf/synth/resources/spi/synthProvider> (0x000000008ba8b110) 
thrown [t:\workspace\open\src\hotspot\share\classfile\systemDictionary.cpp, line 256]
Event: 0.280 Thread 0x000001ec7f7916a0 Exception <a 'java/lang/NoSuchMethodError'{0x000000008b6156d0}: 'java.lang.Object java.lang.invoke.DirectMethodHandle$Holder.invokeInterface(java.lang.Object, java.lang.Object)'> (0x000000008b6156d0) 
thrown [t:\workspace\open\src\hotspot\share\interpreter\linkResolver.cpp, line 766]
Event: 0.312 Thread 0x000001ec7f7916a0 Exception <a 'java/lang/NoSuchMethodError'{0x000000008b521030}: 'void java.lang.invoke.DirectMethodHandle$Holder.invokeStatic(java.lang.Object, java.lang.Object, java.lang.Object)'> (0x000000008b521030) 
thrown [t:\workspace\open\src\hotspot\share\interpreter\linkResolver.cpp, line 766]
Event: 0.315 Thread 0x000001ec7f7916a0 Exception <a 'java/lang/NoSuchMethodError'{0x000000008b540b68}: 'java.lang.Object java.lang.invoke.DirectMethodHandle$Holder.invokeVirtual(java.lang.Object, java.lang.Object, java.lang.Object)'> (0x000000008b540b68) 
thrown [t:\workspace\open\src\hotspot\share\interpreter\linkResolver.cpp, line 766]
Event: 0.366 Thread 0x000001ec7f7916a0 Exception <a 'java/lang/NoSuchMethodError'{0x000000008b3e1758}: 'void java.lang.invoke.DirectMethodHandle$Holder.invokeStatic(java.lang.Object, java.lang.Object)'> (0x000000008b3e1758) 
thrown [t:\workspace\open\src\hotspot\share\interpreter\linkResolver.cpp, line 766]
Event: 0.438 Thread 0x000001ec7f7916a0 Exception <a 'sun/nio/fs/WindowsException'{0x000000008ad5d1e0}> (0x000000008ad5d1e0) 
thrown [t:\workspace\open\src\hotspot\share\prims\jni.cpp, line 516]
Event: 0.445 Thread 0x000001ec7f7916a0 Exception <a 'java/lang/NoSuchMethodError'{0x000000008ad83d50}: 'int java.lang.invoke.DirectMethodHandle$Holder.invokeStaticInit(java.lang.Object, java.lang.Object, java.lang.Object, java.lang.Object)'> (0x000000008ad83d50) 
thrown [t:\workspace\open\src\hotspot\share\interpreter\linkResolver.cpp, line 766]
Event: 0.446 Thread 0x000001ec7f7916a0 Exception <a 'java/lang/IncompatibleClassChangeError'{0x000000008ad8d4a0}: Found class java.lang.Object, but interface was expected> (0x000000008ad8d4a0) 
thrown [t:\workspace\open\src\hotspot\share\interpreter\linkResolver.cpp, line 833]
Event: 0.446 Thread 0x000001ec7f7916a0 Exception <a 'java/lang/NoSuchMethodError'{0x000000008ad90798}: 'void java.lang.invoke.DirectMethodHandle$Holder.invokeStaticInit(java.lang.Object, java.lang.Object)'> (0x000000008ad90798) 
thrown [t:\workspace\open\src\hotspot\share\interpreter\linkResolver.cpp, line 766]
Event: 0.446 Thread 0x000001ec7f7916a0 Exception <a 'java/lang/NoSuchMethodError'{0x000000008ad96560}: 'int java.lang.invoke.DirectMethodHandle$Holder.invokeStaticInit(java.lang.Object, java.lang.Object)'> (0x000000008ad96560) 
thrown [t:\workspace\open\src\hotspot\share\interpreter\linkResolver.cpp, line 766]
Event: 0.476 Thread 0x000001ec7f7916a0 Exception <a 'java/lang/NoSuchMethodError'{0x000000008ab6b4d8}: 'java.lang.Object java.lang.invoke.DirectMethodHandle$Holder.invokeStaticInit(java.lang.Object, int, int, int, int)'> (0x000000008ab6b4d8) 
thrown [t:\workspace\open\src\hotspot\share\interpreter\linkResolver.cpp, line 766]
Event: 0.528 Thread 0x000001ec7f7916a0 Exception <a 'java/lang/NoSuchMethodError'{0x000000008aa17630}: 'java.lang.Object java.lang.invoke.DirectMethodHandle$Holder.invokeStaticInit(java.lang.Object, java.lang.Object, int, int, int, int)'> (0x000000008aa17630) 
thrown [t:\workspace\open\src\hotspot\share\interpreter\linkResolver.cpp, line 766]
Event: 0.662 Thread 0x000001ec7f730130 Exception <a 'java/lang/NoSuchMethodError'{0x000000008be083a0}: 'void java.lang.invoke.DirectMethodHandle$Holder.invokeVirtual(java.lang.Object, java.lang.Object)'> (0x000000008be083a0) 
thrown [t:\workspace\open\src\hotspot\share\interpreter\linkResolver.cpp, line 766]
Event: 0.672 Thread 0x000001ec7f7916a0 Exception <a 'java/lang/NoSuchMethodError'{0x000000008bfe8670}: 'void java.lang.invoke.DirectMethodHandle$Holder.invokeStaticInit(java.lang.Object)'> (0x000000008bfe8670) 
thrown [t:\workspace\open\src\hotspot\share\interpreter\linkResolver.cpp, line 766]

VM Operations (20 events):
Event: 0.168 Executing VM operation: HandshakeAllThreads
Event: 0.168 Executing VM operation: HandshakeAllThreads done
Event: 0.222 Executing VM operation: HandshakeAllThreads
Event: 0.222 Executing VM operation: HandshakeAllThreads done
Event: 0.290 Executing VM operation: HandshakeAllThreads
Event: 0.290 Executing VM operation: HandshakeAllThreads done
Event: 0.357 Executing VM operation: HandshakeAllThreads
Event: 0.357 Executing VM operation: HandshakeAllThreads done
Event: 0.395 Executing VM operation: HandshakeAllThreads
Event: 0.395 Executing VM operation: HandshakeAllThreads done
Event: 0.442 Executing VM operation: HandshakeAllThreads
Event: 0.442 Executing VM operation: HandshakeAllThreads done
Event: 0.469 Executing VM operation: ICBufferFull
Event: 0.470 Executing VM operation: ICBufferFull done
Event: 0.605 Executing VM operation: G1CollectForAllocation
Event: 0.612 Executing VM operation: G1CollectForAllocation done
Event: 0.695 Executing VM operation: HandshakeAllThreads
Event: 0.695 Executing VM operation: HandshakeAllThreads done
Event: 0.776 Executing VM operation: HandshakeAllThreads
Event: 0.776 Executing VM operation: HandshakeAllThreads done

Events (20 events):
Event: 1.581 loading class java/awt/font/TextLine done
Event: 1.581 loading class java/awt/font/TextLine$1
Event: 1.581 loading class java/awt/font/TextLine$Function
Event: 1.581 loading class java/awt/font/TextLine$Function done
Event: 1.581 loading class java/awt/font/TextLine$1 done
Event: 1.581 loading class java/awt/font/TextLine$2
Event: 1.581 loading class java/awt/font/TextLine$2 done
Event: 1.581 loading class java/awt/font/TextLine$3
Event: 1.581 loading class java/awt/font/TextLine$3 done
Event: 1.581 loading class java/awt/font/TextLine$4
Event: 1.582 loading class java/awt/font/TextLine$4 done
Event: 1.582 loading class sun/font/AttributeMap
Event: 1.582 loading class sun/font/AttributeMap done
Event: 1.582 loading class java/text/AttributeEntry
Event: 1.582 loading class java/text/AttributeEntry done
Event: 1.582 loading class sun/font/AttributeValues$1
Event: 1.582 loading class sun/font/AttributeValues$1 done
Event: 1.582 loading class java/text/Bidi
Event: 1.582 loading class java/text/Bidi done
Event: 1.582 loading class jdk/internal/icu/text/BidiBase


Dynamic libraries:
0x00007ff611490000 - 0x00007ff6114a0000 	C:\Program Files\Java\jdk-17.0.1\bin\java.exe
0x00007ffb2e8c0000 - 0x00007ffb2eac9000 	C:\WINDOWS\SYSTEM32\ntdll.dll
0x00007ffb2c740000 - 0x00007ffb2c7fe000 	C:\WINDOWS\System32\KERNEL32.DLL
0x00007ffb2beb0000 - 0x00007ffb2c22b000 	C:\WINDOWS\System32\KERNELBASE.dll
0x00007ffb2c490000 - 0x00007ffb2c5a1000 	C:\WINDOWS\System32\ucrtbase.dll
0x00007ffb1a490000 - 0x00007ffb1a4aa000 	C:\Program Files\Java\jdk-17.0.1\bin\VCRUNTIME140.dll
0x00007ffb252c0000 - 0x00007ffb252d8000 	C:\Program Files\Java\jdk-17.0.1\bin\jli.dll
0x00007ffb2c990000 - 0x00007ffb2ca3e000 	C:\WINDOWS\System32\ADVAPI32.dll
0x00007ffb2e220000 - 0x00007ffb2e2c3000 	C:\WINDOWS\System32\msvcrt.dll
0x00007ffb2c870000 - 0x00007ffb2c90e000 	C:\WINDOWS\System32\sechost.dll
0x00007ffb2cc40000 - 0x00007ffb2cd60000 	C:\WINDOWS\System32\RPCRT4.dll
0x00007ffb2ce50000 - 0x00007ffb2cffd000 	C:\WINDOWS\System32\USER32.dll
0x00007ffb2c460000 - 0x00007ffb2c486000 	C:\WINDOWS\System32\win32u.dll
0x00007ffaf9fd0000 - 0x00007ffafa275000 	C:\WINDOWS\WinSxS\amd64_microsoft.windows.common-controls_6595b64144ccf1df_6.0.22000.120_none_9d947278b86cc467\COMCTL32.dll
0x00007ffb2e2d0000 - 0x00007ffb2e2f9000 	C:\WINDOWS\System32\GDI32.dll
0x00007ffb2bd90000 - 0x00007ffb2bea8000 	C:\WINDOWS\System32\gdi32full.dll
0x00007ffb2c5b0000 - 0x00007ffb2c64d000 	C:\WINDOWS\System32\msvcp_win.dll
0x00007ffb1efd0000 - 0x00007ffb1efda000 	C:\WINDOWS\SYSTEM32\VERSION.dll
0x00007ffb2ca40000 - 0x00007ffb2ca72000 	C:\WINDOWS\System32\IMM32.DLL
0x00007ffb27780000 - 0x00007ffb2778c000 	C:\Program Files\Java\jdk-17.0.1\bin\vcruntime140_1.dll
0x00007ffb143a0000 - 0x00007ffb1442d000 	C:\Program Files\Java\jdk-17.0.1\bin\msvcp140.dll
0x00007ffaaca50000 - 0x00007ffaad60e000 	C:\Program Files\Java\jdk-17.0.1\bin\server\jvm.dll
0x00007ffb2e300000 - 0x00007ffb2e308000 	C:\WINDOWS\System32\PSAPI.DLL
0x00007ffb277f0000 - 0x00007ffb277f9000 	C:\WINDOWS\SYSTEM32\WSOCK32.dll
0x00007ffb24310000 - 0x00007ffb24343000 	C:\WINDOWS\SYSTEM32\WINMM.dll
0x00007ffb2d660000 - 0x00007ffb2d6cf000 	C:\WINDOWS\System32\WS2_32.dll
0x00007ffb2ae90000 - 0x00007ffb2aea8000 	C:\WINDOWS\SYSTEM32\kernel.appcore.dll
0x00007ffb27750000 - 0x00007ffb2775a000 	C:\Program Files\Java\jdk-17.0.1\bin\jimage.dll
0x00007ffb29940000 - 0x00007ffb29b61000 	C:\WINDOWS\SYSTEM32\DBGHELP.DLL
0x00007ffb15660000 - 0x00007ffb15691000 	C:\WINDOWS\SYSTEM32\dbgcore.DLL
0x00007ffb2c650000 - 0x00007ffb2c6cf000 	C:\WINDOWS\System32\bcryptPrimitives.dll
0x00007ffb1a460000 - 0x00007ffb1a485000 	C:\Program Files\Java\jdk-17.0.1\bin\java.dll
0x00007ffafe020000 - 0x00007ffafe0f6000 	C:\Program Files\Java\jdk-17.0.1\bin\svml.dll
0x00007ffb2da60000 - 0x00007ffb2e218000 	C:\WINDOWS\System32\SHELL32.dll
0x00007ffb29e80000 - 0x00007ffb2a6e5000 	C:\WINDOWS\SYSTEM32\windows.storage.dll
0x00007ffb2d6d0000 - 0x00007ffb2da48000 	C:\WINDOWS\System32\combase.dll
0x00007ffb29d10000 - 0x00007ffb29e76000 	C:\WINDOWS\SYSTEM32\wintypes.dll
0x00007ffb2d000000 - 0x00007ffb2d0ea000 	C:\WINDOWS\System32\SHCORE.dll
0x00007ffb2d600000 - 0x00007ffb2d65d000 	C:\WINDOWS\System32\shlwapi.dll
0x00007ffb2bcc0000 - 0x00007ffb2bce1000 	C:\WINDOWS\SYSTEM32\profapi.dll
0x00007ffb189f0000 - 0x00007ffb18a09000 	C:\Program Files\Java\jdk-17.0.1\bin\net.dll
0x00007ffb24100000 - 0x00007ffb24214000 	C:\WINDOWS\SYSTEM32\WINHTTP.dll
0x00007ffb2b3a0000 - 0x00007ffb2b407000 	C:\WINDOWS\system32\mswsock.dll
0x00007ffb189d0000 - 0x00007ffb189e5000 	C:\Program Files\Java\jdk-17.0.1\bin\nio.dll
0x00007ffb189b0000 - 0x00007ffb189c8000 	C:\Program Files\Java\jdk-17.0.1\bin\zip.dll
0x00007ffae5940000 - 0x00007ffae5acf000 	C:\Program Files\Java\jdk-17.0.1\bin\awt.dll
0x00007ffb2e430000 - 0x00007ffb2e506000 	C:\WINDOWS\System32\OLEAUT32.dll
0x00007ffb28f60000 - 0x00007ffb28ff2000 	C:\WINDOWS\SYSTEM32\apphelp.dll
0x00007ffb29020000 - 0x00007ffb290cc000 	C:\WINDOWS\system32\uxtheme.dll
0x00007ffb2e310000 - 0x00007ffb2e42d000 	C:\WINDOWS\System32\MSCTF.dll
0x00007ffb2e5f0000 - 0x00007ffb2e78a000 	C:\WINDOWS\System32\ole32.dll
0x00007ffb29360000 - 0x00007ffb2938f000 	C:\WINDOWS\system32\DWMAPI.DLL
0x00007ffae4930000 - 0x00007ffae49b9000 	C:\Program Files\Java\jdk-17.0.1\bin\freetype.dll
0x00007ffae4880000 - 0x00007ffae4928000 	C:\Program Files\Java\jdk-17.0.1\bin\fontmanager.dll
0x00007ffb12650000 - 0x00007ffb12751000 	C:\WINDOWS\system32\opengl32.dll
0x00007ffb18690000 - 0x00007ffb186bd000 	C:\WINDOWS\SYSTEM32\GLU32.dll
0x00007ffb29100000 - 0x00007ffb29138000 	C:\WINDOWS\SYSTEM32\dxcore.dll
0x00007ffb2a960000 - 0x00007ffb2aa48000 	C:\WINDOWS\SYSTEM32\DNSAPI.dll
0x00007ffb2a930000 - 0x00007ffb2a95d000 	C:\WINDOWS\SYSTEM32\IPHLPAPI.DLL
0x00007ffb2d580000 - 0x00007ffb2d589000 	C:\WINDOWS\System32\NSI.dll
0x00007ffb21350000 - 0x00007ffb2135a000 	C:\Windows\System32\rasadhlp.dll
0x00007ffb213a0000 - 0x00007ffb21421000 	C:\WINDOWS\System32\fwpuclnt.dll
0x00007ffb244a0000 - 0x00007ffb244ae000 	C:\Program Files\Java\jdk-17.0.1\bin\sunmscapi.dll
0x00007ffb2c2f0000 - 0x00007ffb2c452000 	C:\WINDOWS\System32\CRYPT32.dll
0x00007ffb2b740000 - 0x00007ffb2b768000 	C:\WINDOWS\SYSTEM32\ncrypt.dll
0x00007ffb2b700000 - 0x00007ffb2b737000 	C:\WINDOWS\SYSTEM32\NTASN1.dll
0x00007ffb2b5e0000 - 0x00007ffb2b5f8000 	C:\WINDOWS\SYSTEM32\CRYPTSP.dll
0x00007ffb2ade0000 - 0x00007ffb2ae15000 	C:\WINDOWS\system32\rsaenh.dll
0x00007ffb2b490000 - 0x00007ffb2b4b9000 	C:\WINDOWS\SYSTEM32\USERENV.dll
0x00007ffb2b770000 - 0x00007ffb2b797000 	C:\WINDOWS\SYSTEM32\bcrypt.dll
0x00007ffb2b600000 - 0x00007ffb2b60c000 	C:\WINDOWS\SYSTEM32\CRYPTBASE.dll
0x00007ffb23c00000 - 0x00007ffb23c19000 	C:\WINDOWS\SYSTEM32\dhcpcsvc6.DLL
0x00007ffb24350000 - 0x00007ffb2436e000 	C:\WINDOWS\SYSTEM32\dhcpcsvc.DLL
0x00007ffb2e530000 - 0x00007ffb2e5e5000 	C:\WINDOWS\System32\clbcatq.dll
0x00007ffb250d0000 - 0x00007ffb2527e000 	C:\WINDOWS\SYSTEM32\WindowsCodecs.dll
0x00007ffb13440000 - 0x00007ffb1349d000 	C:\WINDOWS\system32\dataexchange.dll
0x00007ffb214a0000 - 0x00007ffb21706000 	C:\WINDOWS\system32\twinapi.appcore.dll
0x00007ffb183c0000 - 0x00007ffb184ed000 	C:\WINDOWS\SYSTEM32\textinputframework.dll
0x00007ffb28de0000 - 0x00007ffb28f11000 	C:\WINDOWS\SYSTEM32\CoreMessaging.dll
0x00007ffb26560000 - 0x00007ffb268cd000 	C:\WINDOWS\SYSTEM32\CoreUIComponents.dll

dbghelp: loaded successfully - version: 4.0.5 - missing functions: none
symbol engine: initialized successfully - sym options: 0x614 - pdb path: .;C:\Program Files\Java\jdk-17.0.1\bin;C:\WINDOWS\SYSTEM32;C:\WINDOWS\WinSxS\amd64_microsoft.windows.common-controls_6595b64144ccf1df_6.0.22000.120_none_9d947278b86cc467;C:\Program Files\Java\jdk-17.0.1\bin\server

VM Arguments:
jvm_args: -Dfile.encoding=UTF-8 --module-path=C:\Users\DELL\Documents\ASMALIGE\asm_Duan1\build\classes 
java_command: da1.ui.DangNhap
java_class_path (initial): D:\eage\mysql-connector-java-8.0.13.jar;D:\eage\sqljdbc4-3.0.jar;C:\Users\DELL\Desktop\jcalendar-1.4.jar;C:\Users\DELL\Documents\ASMALIGE\asm_Duan1\build\classes
Launcher Type: SUN_STANDARD

[Global flags]
     intx CICompilerCount                          = 4                                         {product} {ergonomic}
     uint ConcGCThreads                            = 2                                         {product} {ergonomic}
     uint G1ConcRefinementThreads                  = 8                                         {product} {ergonomic}
   size_t G1HeapRegionSize                         = 1048576                                   {product} {ergonomic}
    uintx GCDrainStackTargetSize                   = 64                                        {product} {ergonomic}
   size_t InitialHeapSize                          = 130023424                                 {product} {ergonomic}
   size_t MarkStackSize                            = 4194304                                   {product} {ergonomic}
   size_t MaxHeapSize                              = 2076180480                                {product} {ergonomic}
   size_t MaxNewSize                               = 1245708288                                {product} {ergonomic}
   size_t MinHeapDeltaBytes                        = 1048576                                   {product} {ergonomic}
   size_t MinHeapSize                              = 8388608                                   {product} {ergonomic}
    uintx NonNMethodCodeHeapSize                   = 5839372                                {pd product} {ergonomic}
    uintx NonProfiledCodeHeapSize                  = 122909434                              {pd product} {ergonomic}
    uintx ProfiledCodeHeapSize                     = 122909434                              {pd product} {ergonomic}
    uintx ReservedCodeCacheSize                    = 251658240                              {pd product} {ergonomic}
     bool SegmentedCodeCache                       = true                                      {product} {ergonomic}
   size_t SoftMaxHeapSize                          = 2076180480                             {manageable} {ergonomic}
     bool UseCompressedClassPointers               = true                           {product lp64_product} {ergonomic}
     bool UseCompressedOops                        = true                           {product lp64_product} {ergonomic}
     bool UseG1GC                                  = true                                      {product} {ergonomic}
     bool UseLargePagesIndividualAllocation        = false                                  {pd product} {ergonomic}

Logging:
Log output configuration:
 #0: stdout all=warning uptime,level,tags
 #1: stderr all=off uptime,level,tags

Environment Variables:
PATH=C:\Program Files\Common Files\Oracle\Java\javapath;C:\Program Files (x86)\Common Files\Oracle\Java\javapath;C:\WINDOWS\system32;C:\WINDOWS;C:\WINDOWS\System32\Wbem;C:\WINDOWS\System32\WindowsPowerShell\v1.0\;C:\WINDOWS\System32\OpenSSH\;C:\Program Files\Microsoft SQL Server\Client SDK\ODBC\170\Tools\Binn\;C:\Program Files (x86)\Microsoft SQL Server\150\Tools\Binn\;C:\Program Files\Microsoft SQL Server\150\Tools\Binn\;C:\Program Files\Microsoft SQL Server\150\DTS\Binn\;D:\ducpham\Git\cmd;C:\Program Files\dotnet\;C:\Program Files\Azure Data Studio\bin;C:\Users\DELL\AppData\Local\Microsoft\WindowsApps;C:\Users\DELL\AppData\Local\Programs\Microsoft VS Code\bin;C:\Program Files\Azure Data Studio\bin;
USERNAME=DELL
OS=Windows_NT
PROCESSOR_IDENTIFIER=Intel64 Family 6 Model 140 Stepping 1, GenuineIntel



---------------  S Y S T E M  ---------------

OS:
 Windows 10 , 64 bit Build 22000 (10.0.22000.1219)
OS uptime: 7 days 23:23 hours

CPU: total 8 (initial active 8) (4 cores per cpu, 2 threads per core) family 6 model 140 stepping 1 microcode 0xa4, cx8, cmov, fxsr, ht, mmx, 3dnowpref, sse, sse2, sse3, ssse3, sse4.1, sse4.2, popcnt, lzcnt, tsc, tscinvbit, avx, avx2, aes, erms, clmul, bmi1, bmi2, adx, avx512f, avx512dq, avx512cd, avx512bw, avx512vl, sha, fma, vzeroupper, avx512_vpopcntdq, avx512_vpclmulqdq, avx512_vaes, avx512_vnni, clflush, clflushopt, clwb, avx512_vbmi2, avx512_vbmi

Memory: 4k page, system-wide physical 7914M (807M free)
TotalPageFile size 10914M (AvailPageFile size 0M)
current process WorkingSet (physical memory assigned to process): 108M, peak: 108M
current process commit charge ("private bytes"): 242M, peak: 242M

vm_info: Java HotSpot(TM) 64-Bit Server VM (17.0.1+12-LTS-39) for windows-amd64 JRE (17.0.1+12-LTS-39), built on Sep 27 2021 18:41:35 by "mach5one" with MS VC++ 16.8 (VS2019)

END.
