#
# There is insufficient memory for the Java Runtime Environment to continue.
# Native memory allocation (malloc) failed to allocate 247536 bytes for Chunk::new
# Possible reasons:
#   The system is out of physical RAM or swap space
#   The process is running with CompressedOops enabled, and the Java Heap may be blocking the growth of the native heap
# Possible solutions:
#   Reduce memory load on the system
#   Increase physical memory or swap space
#   Check if swap backing store is full
#   Decrease Java heap size (-Xmx/-Xms)
#   Decrease number of Java threads
#   Decrease Java thread stack sizes (-Xss)
#   Set larger code cache with -XX:ReservedCodeCacheSize=
#   JVM is running with Unscaled Compressed Oops mode in which the Java heap is
#     placed in the first 4GB address space. The Java Heap base address is the
#     maximum limit for the native heap growth. Please use -XX:HeapBaseMinAddress
#     to set the Java Heap base and to place the Java Heap above 4GB virtual address.
# This output file may be truncated or incomplete.
#
#  Out of Memory Error (arena.cpp:189), pid=9176, tid=8980
#
# JRE version: Java(TM) SE Runtime Environment (17.0.1+12) (build 17.0.1+12-LTS-39)
# Java VM: Java HotSpot(TM) 64-Bit Server VM (17.0.1+12-LTS-39, mixed mode, sharing, tiered, compressed oops, compressed class ptrs, g1 gc, windows-amd64)
# No core dump will be written. Minidumps are not enabled by default on client versions of Windows
#

---------------  S U M M A R Y ------------

Command Line: -Dfile.encoding=UTF-8 --module-path=C:\Users\DELL\Documents\ASMALIGE\asm_Duan1\build\classes da1.ui.TimVe1

Host: 11th Gen Intel(R) Core(TM) i5-1135G7 @ 2.40GHz, 8 cores, 7G,  Windows 10 , 64 bit Build 22000 (10.0.22000.1219)
Time: Wed Nov 23 17:15:08 2022 SE Asia Standard Time elapsed time: 0.746430 seconds (0d 0h 0m 0s)

---------------  T H R E A D  ---------------

Current thread (0x000002a8c48cb2b0):  JavaThread "C2 CompilerThread0" daemon [_thread_in_native, id=8980, stack(0x000000d3f1d00000,0x000000d3f1e00000)]


Current CompileTask:
C2:    746 1065   !   4       java.util.concurrent.ConcurrentHashMap::putVal (432 bytes)

Stack: [0x000000d3f1d00000,0x000000d3f1e00000]
Native frames: (J=compiled Java code, j=interpreted, Vv=VM code, C=native code)
V  [jvm.dll+0x66fa1a]
V  [jvm.dll+0x7ce5a4]
V  [jvm.dll+0x7cfd4e]
V  [jvm.dll+0x7d03b3]
V  [jvm.dll+0x242b05]
V  [jvm.dll+0xaa05b]
V  [jvm.dll+0xaa5ec]
V  [jvm.dll+0x35f9b2]
V  [jvm.dll+0x329f51]
V  [jvm.dll+0x3293fa]
V  [jvm.dll+0x215bf1]
V  [jvm.dll+0x215011]
V  [jvm.dll+0x1a168d]
V  [jvm.dll+0x224848]
V  [jvm.dll+0x2229ac]
V  [jvm.dll+0x78435b]
V  [jvm.dll+0x77e91a]
V  [jvm.dll+0x66e845]
C  [ucrtbase.dll+0x26c0c]
C  [KERNEL32.DLL+0x15550]
C  [ntdll.dll+0x485b]


---------------  P R O C E S S  ---------------

Threads class SMR info:
_java_thread_list=0x000002a8c61bc160, length=18, elements={
0x000002a8c48b1810, 0x000002a8c48b20d0, 0x000002a8c48c8c80, 0x000002a8c48c9540,
0x000002a8c48c9e00, 0x000002a8c48ca6c0, 0x000002a8c48cb2b0, 0x000002a8c48d3c70,
0x000002a8c48d8a80, 0x000002a8c54b9200, 0x000002a8c552c9e0, 0x000002a8c57016d0,
0x000002a8c5727d70, 0x000002a8c5728650, 0x000002a8c57a1140, 0x000002a8a69ed910,
0x000002a8c57f81e0, 0x000002a8c61c3020
}

Java Threads: ( => current thread )
  0x000002a8c48b1810 JavaThread "Reference Handler" daemon [_thread_blocked, id=12776, stack(0x000000d3f1700000,0x000000d3f1800000)]
  0x000002a8c48b20d0 JavaThread "Finalizer" daemon [_thread_blocked, id=14052, stack(0x000000d3f1800000,0x000000d3f1900000)]
  0x000002a8c48c8c80 JavaThread "Signal Dispatcher" daemon [_thread_blocked, id=7600, stack(0x000000d3f1900000,0x000000d3f1a00000)]
  0x000002a8c48c9540 JavaThread "Attach Listener" daemon [_thread_blocked, id=15648, stack(0x000000d3f1a00000,0x000000d3f1b00000)]
  0x000002a8c48c9e00 JavaThread "Service Thread" daemon [_thread_blocked, id=6572, stack(0x000000d3f1b00000,0x000000d3f1c00000)]
  0x000002a8c48ca6c0 JavaThread "Monitor Deflation Thread" daemon [_thread_blocked, id=6328, stack(0x000000d3f1c00000,0x000000d3f1d00000)]
=>0x000002a8c48cb2b0 JavaThread "C2 CompilerThread0" daemon [_thread_in_native, id=8980, stack(0x000000d3f1d00000,0x000000d3f1e00000)]
  0x000002a8c48d3c70 JavaThread "C1 CompilerThread0" daemon [_thread_in_native, id=13012, stack(0x000000d3f1e00000,0x000000d3f1f00000)]
  0x000002a8c48d8a80 JavaThread "Sweeper thread" daemon [_thread_blocked, id=3460, stack(0x000000d3f1f00000,0x000000d3f2000000)]
  0x000002a8c54b9200 JavaThread "Common-Cleaner" daemon [_thread_blocked, id=15636, stack(0x000000d3f2000000,0x000000d3f2100000)]
  0x000002a8c552c9e0 JavaThread "Notification Thread" daemon [_thread_blocked, id=12124, stack(0x000000d3f2100000,0x000000d3f2200000)]
  0x000002a8c57016d0 JavaThread "Java2D Disposer" daemon [_thread_blocked, id=1512, stack(0x000000d3f2300000,0x000000d3f2400000)]
  0x000002a8c5727d70 JavaThread "AWT-Shutdown" [_thread_blocked, id=3020, stack(0x000000d3f2400000,0x000000d3f2500000)]
  0x000002a8c5728650 JavaThread "AWT-Windows" daemon [_thread_in_native, id=4260, stack(0x000000d3f2500000,0x000000d3f2600000)]
  0x000002a8c57a1140 JavaThread "AWT-EventQueue-0" [_thread_in_vm, id=5476, stack(0x000000d3f2600000,0x000000d3f2700000)]
  0x000002a8a69ed910 JavaThread "DestroyJavaVM" [_thread_blocked, id=14428, stack(0x000000d3f1000000,0x000000d3f1100000)]
  0x000002a8c57f81e0 JavaThread "Abandoned connection cleanup thread" daemon [_thread_blocked, id=3040, stack(0x000000d3f2700000,0x000000d3f2800000)]
  0x000002a8c61c3020 JavaThread "C2 CompilerThread1" daemon [_thread_in_native, id=8976, stack(0x000000d3f2800000,0x000000d3f2900000)]

Other Threads:
  0x000002a8c48adf70 VMThread "VM Thread" [stack: 0x000000d3f1600000,0x000000d3f1700000] [id=11228]
  0x000002a8c55527e0 WatcherThread [stack: 0x000000d3f2200000,0x000000d3f2300000] [id=10040]
  0x000002a8a6a2bee0 GCTaskThread "GC Thread#0" [stack: 0x000000d3f1100000,0x000000d3f1200000] [id=16232]
  0x000002a8a6a3c4b0 ConcurrentGCThread "G1 Main Marker" [stack: 0x000000d3f1200000,0x000000d3f1300000] [id=15792]
  0x000002a8a6a3cdd0 ConcurrentGCThread "G1 Conc#0" [stack: 0x000000d3f1300000,0x000000d3f1400000] [id=15996]
  0x000002a8c47620b0 ConcurrentGCThread "G1 Refine#0" [stack: 0x000000d3f1400000,0x000000d3f1500000] [id=8400]
  0x000002a8c4762780 ConcurrentGCThread "G1 Service" [stack: 0x000000d3f1500000,0x000000d3f1600000] [id=10916]

Threads with active compile tasks:
C2 CompilerThread0      772 1065   !   4       java.util.concurrent.ConcurrentHashMap::putVal (432 bytes)
C1 CompilerThread0      772 1140       3       java.lang.ref.WeakReference::<init> (6 bytes)
C2 CompilerThread1      772 1138       4       sun.security.util.DerInputStream::<init> (38 bytes)

VM state: not at safepoint (normal execution)

VM Mutex/Monitor currently owned by a thread: None

Heap address: 0x0000000084400000, size: 1980 MB, Compressed Oops mode: 32-bit

CDS archive(s) mapped at: [0x0000000800000000-0x0000000800bc0000-0x0000000800bc0000), size 12320768, SharedBaseAddress: 0x0000000800000000, ArchiveRelocationMode: 0.
Compressed class space mapped at: 0x0000000800c00000-0x0000000840c00000, reserved size: 1073741824
Narrow klass base: 0x0000000800000000, Narrow klass shift: 0, Narrow klass range: 0x100000000

GC Precious Log:
 CPUs: 8 total, 8 available
 Memory: 7914M
 Large Page Support: Disabled
 NUMA Support: Disabled
 Compressed Oops: Enabled (32-bit)
 Heap Region Size: 1M
 Heap Min Capacity: 8M
 Heap Initial Capacity: 124M
 Heap Max Capacity: 1980M
 Pre-touch: Disabled
 Parallel Workers: 8
 Concurrent Workers: 2
 Concurrent Refinement Workers: 8
 Periodic GC: Disabled

Heap:
 garbage-first heap   total 126976K, used 15360K [0x0000000084400000, 0x0000000100000000)
  region size 1024K, 17 young (17408K), 0 survivors (0K)
 Metaspace       used 11600K, committed 11840K, reserved 1064960K
  class space    used 1293K, committed 1408K, reserved 1048576K

Heap Regions: E=young(eden), S=young(survivor), O=old, HS=humongous(starts), HC=humongous(continues), CS=collection set, F=free, OA=open archive, CA=closed archive, TAMS=top-at-mark-start (previous, next)
|   0|0x0000000084400000, 0x0000000084400000, 0x0000000084500000|  0%| F|  |TAMS 0x0000000084400000, 0x0000000084400000| Untracked 
|   1|0x0000000084500000, 0x0000000084500000, 0x0000000084600000|  0%| F|  |TAMS 0x0000000084500000, 0x0000000084500000| Untracked 
|   2|0x0000000084600000, 0x0000000084600000, 0x0000000084700000|  0%| F|  |TAMS 0x0000000084600000, 0x0000000084600000| Untracked 
|   3|0x0000000084700000, 0x0000000084700000, 0x0000000084800000|  0%| F|  |TAMS 0x0000000084700000, 0x0000000084700000| Untracked 
|   4|0x0000000084800000, 0x0000000084800000, 0x0000000084900000|  0%| F|  |TAMS 0x0000000084800000, 0x0000000084800000| Untracked 
|   5|0x0000000084900000, 0x0000000084900000, 0x0000000084a00000|  0%| F|  |TAMS 0x0000000084900000, 0x0000000084900000| Untracked 
|   6|0x0000000084a00000, 0x0000000084a00000, 0x0000000084b00000|  0%| F|  |TAMS 0x0000000084a00000, 0x0000000084a00000| Untracked 
|   7|0x0000000084b00000, 0x0000000084b00000, 0x0000000084c00000|  0%| F|  |TAMS 0x0000000084b00000, 0x0000000084b00000| Untracked 
|   8|0x0000000084c00000, 0x0000000084c00000, 0x0000000084d00000|  0%| F|  |TAMS 0x0000000084c00000, 0x0000000084c00000| Untracked 
|   9|0x0000000084d00000, 0x0000000084d00000, 0x0000000084e00000|  0%| F|  |TAMS 0x0000000084d00000, 0x0000000084d00000| Untracked 
|  10|0x0000000084e00000, 0x0000000084e00000, 0x0000000084f00000|  0%| F|  |TAMS 0x0000000084e00000, 0x0000000084e00000| Untracked 
|  11|0x0000000084f00000, 0x0000000084f00000, 0x0000000085000000|  0%| F|  |TAMS 0x0000000084f00000, 0x0000000084f00000| Untracked 
|  12|0x0000000085000000, 0x0000000085000000, 0x0000000085100000|  0%| F|  |TAMS 0x0000000085000000, 0x0000000085000000| Untracked 
|  13|0x0000000085100000, 0x0000000085100000, 0x0000000085200000|  0%| F|  |TAMS 0x0000000085100000, 0x0000000085100000| Untracked 
|  14|0x0000000085200000, 0x0000000085200000, 0x0000000085300000|  0%| F|  |TAMS 0x0000000085200000, 0x0000000085200000| Untracked 
|  15|0x0000000085300000, 0x0000000085300000, 0x0000000085400000|  0%| F|  |TAMS 0x0000000085300000, 0x0000000085300000| Untracked 
|  16|0x0000000085400000, 0x0000000085400000, 0x0000000085500000|  0%| F|  |TAMS 0x0000000085400000, 0x0000000085400000| Untracked 
|  17|0x0000000085500000, 0x0000000085500000, 0x0000000085600000|  0%| F|  |TAMS 0x0000000085500000, 0x0000000085500000| Untracked 
|  18|0x0000000085600000, 0x0000000085600000, 0x0000000085700000|  0%| F|  |TAMS 0x0000000085600000, 0x0000000085600000| Untracked 
|  19|0x0000000085700000, 0x0000000085700000, 0x0000000085800000|  0%| F|  |TAMS 0x0000000085700000, 0x0000000085700000| Untracked 
|  20|0x0000000085800000, 0x0000000085800000, 0x0000000085900000|  0%| F|  |TAMS 0x0000000085800000, 0x0000000085800000| Untracked 
|  21|0x0000000085900000, 0x0000000085900000, 0x0000000085a00000|  0%| F|  |TAMS 0x0000000085900000, 0x0000000085900000| Untracked 
|  22|0x0000000085a00000, 0x0000000085a00000, 0x0000000085b00000|  0%| F|  |TAMS 0x0000000085a00000, 0x0000000085a00000| Untracked 
|  23|0x0000000085b00000, 0x0000000085b00000, 0x0000000085c00000|  0%| F|  |TAMS 0x0000000085b00000, 0x0000000085b00000| Untracked 
|  24|0x0000000085c00000, 0x0000000085c00000, 0x0000000085d00000|  0%| F|  |TAMS 0x0000000085c00000, 0x0000000085c00000| Untracked 
|  25|0x0000000085d00000, 0x0000000085d00000, 0x0000000085e00000|  0%| F|  |TAMS 0x0000000085d00000, 0x0000000085d00000| Untracked 
|  26|0x0000000085e00000, 0x0000000085e00000, 0x0000000085f00000|  0%| F|  |TAMS 0x0000000085e00000, 0x0000000085e00000| Untracked 
|  27|0x0000000085f00000, 0x0000000085f00000, 0x0000000086000000|  0%| F|  |TAMS 0x0000000085f00000, 0x0000000085f00000| Untracked 
|  28|0x0000000086000000, 0x0000000086000000, 0x0000000086100000|  0%| F|  |TAMS 0x0000000086000000, 0x0000000086000000| Untracked 
|  29|0x0000000086100000, 0x0000000086100000, 0x0000000086200000|  0%| F|  |TAMS 0x0000000086100000, 0x0000000086100000| Untracked 
|  30|0x0000000086200000, 0x0000000086200000, 0x0000000086300000|  0%| F|  |TAMS 0x0000000086200000, 0x0000000086200000| Untracked 
|  31|0x0000000086300000, 0x0000000086300000, 0x0000000086400000|  0%| F|  |TAMS 0x0000000086300000, 0x0000000086300000| Untracked 
|  32|0x0000000086400000, 0x0000000086400000, 0x0000000086500000|  0%| F|  |TAMS 0x0000000086400000, 0x0000000086400000| Untracked 
|  33|0x0000000086500000, 0x0000000086500000, 0x0000000086600000|  0%| F|  |TAMS 0x0000000086500000, 0x0000000086500000| Untracked 
|  34|0x0000000086600000, 0x0000000086600000, 0x0000000086700000|  0%| F|  |TAMS 0x0000000086600000, 0x0000000086600000| Untracked 
|  35|0x0000000086700000, 0x0000000086700000, 0x0000000086800000|  0%| F|  |TAMS 0x0000000086700000, 0x0000000086700000| Untracked 
|  36|0x0000000086800000, 0x0000000086800000, 0x0000000086900000|  0%| F|  |TAMS 0x0000000086800000, 0x0000000086800000| Untracked 
|  37|0x0000000086900000, 0x0000000086900000, 0x0000000086a00000|  0%| F|  |TAMS 0x0000000086900000, 0x0000000086900000| Untracked 
|  38|0x0000000086a00000, 0x0000000086a00000, 0x0000000086b00000|  0%| F|  |TAMS 0x0000000086a00000, 0x0000000086a00000| Untracked 
|  39|0x0000000086b00000, 0x0000000086b00000, 0x0000000086c00000|  0%| F|  |TAMS 0x0000000086b00000, 0x0000000086b00000| Untracked 
|  40|0x0000000086c00000, 0x0000000086c00000, 0x0000000086d00000|  0%| F|  |TAMS 0x0000000086c00000, 0x0000000086c00000| Untracked 
|  41|0x0000000086d00000, 0x0000000086d00000, 0x0000000086e00000|  0%| F|  |TAMS 0x0000000086d00000, 0x0000000086d00000| Untracked 
|  42|0x0000000086e00000, 0x0000000086e00000, 0x0000000086f00000|  0%| F|  |TAMS 0x0000000086e00000, 0x0000000086e00000| Untracked 
|  43|0x0000000086f00000, 0x0000000086f00000, 0x0000000087000000|  0%| F|  |TAMS 0x0000000086f00000, 0x0000000086f00000| Untracked 
|  44|0x0000000087000000, 0x0000000087000000, 0x0000000087100000|  0%| F|  |TAMS 0x0000000087000000, 0x0000000087000000| Untracked 
|  45|0x0000000087100000, 0x0000000087100000, 0x0000000087200000|  0%| F|  |TAMS 0x0000000087100000, 0x0000000087100000| Untracked 
|  46|0x0000000087200000, 0x0000000087200000, 0x0000000087300000|  0%| F|  |TAMS 0x0000000087200000, 0x0000000087200000| Untracked 
|  47|0x0000000087300000, 0x0000000087300000, 0x0000000087400000|  0%| F|  |TAMS 0x0000000087300000, 0x0000000087300000| Untracked 
|  48|0x0000000087400000, 0x0000000087400000, 0x0000000087500000|  0%| F|  |TAMS 0x0000000087400000, 0x0000000087400000| Untracked 
|  49|0x0000000087500000, 0x0000000087500000, 0x0000000087600000|  0%| F|  |TAMS 0x0000000087500000, 0x0000000087500000| Untracked 
|  50|0x0000000087600000, 0x0000000087600000, 0x0000000087700000|  0%| F|  |TAMS 0x0000000087600000, 0x0000000087600000| Untracked 
|  51|0x0000000087700000, 0x0000000087700000, 0x0000000087800000|  0%| F|  |TAMS 0x0000000087700000, 0x0000000087700000| Untracked 
|  52|0x0000000087800000, 0x0000000087800000, 0x0000000087900000|  0%| F|  |TAMS 0x0000000087800000, 0x0000000087800000| Untracked 
|  53|0x0000000087900000, 0x0000000087900000, 0x0000000087a00000|  0%| F|  |TAMS 0x0000000087900000, 0x0000000087900000| Untracked 
|  54|0x0000000087a00000, 0x0000000087a00000, 0x0000000087b00000|  0%| F|  |TAMS 0x0000000087a00000, 0x0000000087a00000| Untracked 
|  55|0x0000000087b00000, 0x0000000087b00000, 0x0000000087c00000|  0%| F|  |TAMS 0x0000000087b00000, 0x0000000087b00000| Untracked 
|  56|0x0000000087c00000, 0x0000000087c00000, 0x0000000087d00000|  0%| F|  |TAMS 0x0000000087c00000, 0x0000000087c00000| Untracked 
|  57|0x0000000087d00000, 0x0000000087d00000, 0x0000000087e00000|  0%| F|  |TAMS 0x0000000087d00000, 0x0000000087d00000| Untracked 
|  58|0x0000000087e00000, 0x0000000087e00000, 0x0000000087f00000|  0%| F|  |TAMS 0x0000000087e00000, 0x0000000087e00000| Untracked 
|  59|0x0000000087f00000, 0x0000000087f00000, 0x0000000088000000|  0%| F|  |TAMS 0x0000000087f00000, 0x0000000087f00000| Untracked 
|  60|0x0000000088000000, 0x0000000088000000, 0x0000000088100000|  0%| F|  |TAMS 0x0000000088000000, 0x0000000088000000| Untracked 
|  61|0x0000000088100000, 0x0000000088100000, 0x0000000088200000|  0%| F|  |TAMS 0x0000000088100000, 0x0000000088100000| Untracked 
|  62|0x0000000088200000, 0x0000000088200000, 0x0000000088300000|  0%| F|  |TAMS 0x0000000088200000, 0x0000000088200000| Untracked 
|  63|0x0000000088300000, 0x0000000088300000, 0x0000000088400000|  0%| F|  |TAMS 0x0000000088300000, 0x0000000088300000| Untracked 
|  64|0x0000000088400000, 0x0000000088400000, 0x0000000088500000|  0%| F|  |TAMS 0x0000000088400000, 0x0000000088400000| Untracked 
|  65|0x0000000088500000, 0x0000000088500000, 0x0000000088600000|  0%| F|  |TAMS 0x0000000088500000, 0x0000000088500000| Untracked 
|  66|0x0000000088600000, 0x0000000088600000, 0x0000000088700000|  0%| F|  |TAMS 0x0000000088600000, 0x0000000088600000| Untracked 
|  67|0x0000000088700000, 0x0000000088700000, 0x0000000088800000|  0%| F|  |TAMS 0x0000000088700000, 0x0000000088700000| Untracked 
|  68|0x0000000088800000, 0x0000000088800000, 0x0000000088900000|  0%| F|  |TAMS 0x0000000088800000, 0x0000000088800000| Untracked 
|  69|0x0000000088900000, 0x0000000088900000, 0x0000000088a00000|  0%| F|  |TAMS 0x0000000088900000, 0x0000000088900000| Untracked 
|  70|0x0000000088a00000, 0x0000000088a00000, 0x0000000088b00000|  0%| F|  |TAMS 0x0000000088a00000, 0x0000000088a00000| Untracked 
|  71|0x0000000088b00000, 0x0000000088b00000, 0x0000000088c00000|  0%| F|  |TAMS 0x0000000088b00000, 0x0000000088b00000| Untracked 
|  72|0x0000000088c00000, 0x0000000088c00000, 0x0000000088d00000|  0%| F|  |TAMS 0x0000000088c00000, 0x0000000088c00000| Untracked 
|  73|0x0000000088d00000, 0x0000000088d00000, 0x0000000088e00000|  0%| F|  |TAMS 0x0000000088d00000, 0x0000000088d00000| Untracked 
|  74|0x0000000088e00000, 0x0000000088e00000, 0x0000000088f00000|  0%| F|  |TAMS 0x0000000088e00000, 0x0000000088e00000| Untracked 
|  75|0x0000000088f00000, 0x0000000088f00000, 0x0000000089000000|  0%| F|  |TAMS 0x0000000088f00000, 0x0000000088f00000| Untracked 
|  76|0x0000000089000000, 0x0000000089000000, 0x0000000089100000|  0%| F|  |TAMS 0x0000000089000000, 0x0000000089000000| Untracked 
|  77|0x0000000089100000, 0x0000000089100000, 0x0000000089200000|  0%| F|  |TAMS 0x0000000089100000, 0x0000000089100000| Untracked 
|  78|0x0000000089200000, 0x0000000089200000, 0x0000000089300000|  0%| F|  |TAMS 0x0000000089200000, 0x0000000089200000| Untracked 
|  79|0x0000000089300000, 0x0000000089300000, 0x0000000089400000|  0%| F|  |TAMS 0x0000000089300000, 0x0000000089300000| Untracked 
|  80|0x0000000089400000, 0x0000000089400000, 0x0000000089500000|  0%| F|  |TAMS 0x0000000089400000, 0x0000000089400000| Untracked 
|  81|0x0000000089500000, 0x0000000089500000, 0x0000000089600000|  0%| F|  |TAMS 0x0000000089500000, 0x0000000089500000| Untracked 
|  82|0x0000000089600000, 0x0000000089600000, 0x0000000089700000|  0%| F|  |TAMS 0x0000000089600000, 0x0000000089600000| Untracked 
|  83|0x0000000089700000, 0x0000000089700000, 0x0000000089800000|  0%| F|  |TAMS 0x0000000089700000, 0x0000000089700000| Untracked 
|  84|0x0000000089800000, 0x0000000089800000, 0x0000000089900000|  0%| F|  |TAMS 0x0000000089800000, 0x0000000089800000| Untracked 
|  85|0x0000000089900000, 0x0000000089900000, 0x0000000089a00000|  0%| F|  |TAMS 0x0000000089900000, 0x0000000089900000| Untracked 
|  86|0x0000000089a00000, 0x0000000089a00000, 0x0000000089b00000|  0%| F|  |TAMS 0x0000000089a00000, 0x0000000089a00000| Untracked 
|  87|0x0000000089b00000, 0x0000000089b00000, 0x0000000089c00000|  0%| F|  |TAMS 0x0000000089b00000, 0x0000000089b00000| Untracked 
|  88|0x0000000089c00000, 0x0000000089c00000, 0x0000000089d00000|  0%| F|  |TAMS 0x0000000089c00000, 0x0000000089c00000| Untracked 
|  89|0x0000000089d00000, 0x0000000089d00000, 0x0000000089e00000|  0%| F|  |TAMS 0x0000000089d00000, 0x0000000089d00000| Untracked 
|  90|0x0000000089e00000, 0x0000000089e00000, 0x0000000089f00000|  0%| F|  |TAMS 0x0000000089e00000, 0x0000000089e00000| Untracked 
|  91|0x0000000089f00000, 0x0000000089f00000, 0x000000008a000000|  0%| F|  |TAMS 0x0000000089f00000, 0x0000000089f00000| Untracked 
|  92|0x000000008a000000, 0x000000008a000000, 0x000000008a100000|  0%| F|  |TAMS 0x000000008a000000, 0x000000008a000000| Untracked 
|  93|0x000000008a100000, 0x000000008a100000, 0x000000008a200000|  0%| F|  |TAMS 0x000000008a100000, 0x000000008a100000| Untracked 
|  94|0x000000008a200000, 0x000000008a200000, 0x000000008a300000|  0%| F|  |TAMS 0x000000008a200000, 0x000000008a200000| Untracked 
|  95|0x000000008a300000, 0x000000008a300000, 0x000000008a400000|  0%| F|  |TAMS 0x000000008a300000, 0x000000008a300000| Untracked 
|  96|0x000000008a400000, 0x000000008a400000, 0x000000008a500000|  0%| F|  |TAMS 0x000000008a400000, 0x000000008a400000| Untracked 
|  97|0x000000008a500000, 0x000000008a500000, 0x000000008a600000|  0%| F|  |TAMS 0x000000008a500000, 0x000000008a500000| Untracked 
|  98|0x000000008a600000, 0x000000008a600000, 0x000000008a700000|  0%| F|  |TAMS 0x000000008a600000, 0x000000008a600000| Untracked 
|  99|0x000000008a700000, 0x000000008a700000, 0x000000008a800000|  0%| F|  |TAMS 0x000000008a700000, 0x000000008a700000| Untracked 
| 100|0x000000008a800000, 0x000000008a800000, 0x000000008a900000|  0%| F|  |TAMS 0x000000008a800000, 0x000000008a800000| Untracked 
| 101|0x000000008a900000, 0x000000008a900000, 0x000000008aa00000|  0%| F|  |TAMS 0x000000008a900000, 0x000000008a900000| Untracked 
| 102|0x000000008aa00000, 0x000000008aa00000, 0x000000008ab00000|  0%| F|  |TAMS 0x000000008aa00000, 0x000000008aa00000| Untracked 
| 103|0x000000008ab00000, 0x000000008ab00000, 0x000000008ac00000|  0%| F|  |TAMS 0x000000008ab00000, 0x000000008ab00000| Untracked 
| 104|0x000000008ac00000, 0x000000008ac00000, 0x000000008ad00000|  0%| F|  |TAMS 0x000000008ac00000, 0x000000008ac00000| Untracked 
| 105|0x000000008ad00000, 0x000000008ad00000, 0x000000008ae00000|  0%| F|  |TAMS 0x000000008ad00000, 0x000000008ad00000| Untracked 
| 106|0x000000008ae00000, 0x000000008ae76218, 0x000000008af00000| 46%| E|  |TAMS 0x000000008ae00000, 0x000000008ae00000| Complete 
| 107|0x000000008af00000, 0x000000008b000000, 0x000000008b000000|100%| E|CS|TAMS 0x000000008af00000, 0x000000008af00000| Complete 
| 108|0x000000008b000000, 0x000000008b100000, 0x000000008b100000|100%| E|CS|TAMS 0x000000008b000000, 0x000000008b000000| Complete 
| 109|0x000000008b100000, 0x000000008b200000, 0x000000008b200000|100%| E|CS|TAMS 0x000000008b100000, 0x000000008b100000| Complete 
| 110|0x000000008b200000, 0x000000008b300000, 0x000000008b300000|100%| E|CS|TAMS 0x000000008b200000, 0x000000008b200000| Complete 
| 111|0x000000008b300000, 0x000000008b400000, 0x000000008b400000|100%| E|CS|TAMS 0x000000008b300000, 0x000000008b300000| Complete 
| 112|0x000000008b400000, 0x000000008b500000, 0x000000008b500000|100%| E|  |TAMS 0x000000008b400000, 0x000000008b400000| Complete 
| 113|0x000000008b500000, 0x000000008b600000, 0x000000008b600000|100%| E|CS|TAMS 0x000000008b500000, 0x000000008b500000| Complete 
| 114|0x000000008b600000, 0x000000008b700000, 0x000000008b700000|100%| E|CS|TAMS 0x000000008b600000, 0x000000008b600000| Complete 
| 115|0x000000008b700000, 0x000000008b800000, 0x000000008b800000|100%| E|CS|TAMS 0x000000008b700000, 0x000000008b700000| Complete 
| 116|0x000000008b800000, 0x000000008b900000, 0x000000008b900000|100%| E|CS|TAMS 0x000000008b800000, 0x000000008b800000| Complete 
| 117|0x000000008b900000, 0x000000008ba00000, 0x000000008ba00000|100%| E|CS|TAMS 0x000000008b900000, 0x000000008b900000| Complete 
| 118|0x000000008ba00000, 0x000000008bb00000, 0x000000008bb00000|100%| E|CS|TAMS 0x000000008ba00000, 0x000000008ba00000| Complete 
| 119|0x000000008bb00000, 0x000000008bc00000, 0x000000008bc00000|100%| E|CS|TAMS 0x000000008bb00000, 0x000000008bb00000| Complete 
| 120|0x000000008bc00000, 0x000000008bd00000, 0x000000008bd00000|100%| E|CS|TAMS 0x000000008bc00000, 0x000000008bc00000| Complete 
| 121|0x000000008bd00000, 0x000000008be00000, 0x000000008be00000|100%| E|CS|TAMS 0x000000008bd00000, 0x000000008bd00000| Complete 
| 122|0x000000008be00000, 0x000000008bf00000, 0x000000008bf00000|100%| E|CS|TAMS 0x000000008be00000, 0x000000008be00000| Complete 
| 123|0x000000008bf00000, 0x000000008c000000, 0x000000008c000000|100%| E|CS|TAMS 0x000000008bf00000, 0x000000008bf00000| Complete 

Card table byte_map: [0x000002a8bd910000,0x000002a8bdcf0000] _byte_map_base: 0x000002a8bd4ee000

Marking Bits (Prev, Next): (CMBitMap*) 0x000002a8a6a2c400, (CMBitMap*) 0x000002a8a6a2c440
 Prev Bits: [0x000002a8be0d0000, 0x000002a8bffc0000)
 Next Bits: [0x000002a8bffc0000, 0x000002a8c1eb0000)

Polling page: 0x000002a8a61d0000

Metaspace:

Usage:
  Non-class:     10.07 MB used.
      Class:      1.26 MB used.
       Both:     11.33 MB used.

Virtual space:
  Non-class space:       16.00 MB reserved,      10.19 MB ( 64%) committed,  2 nodes.
      Class space:        1.00 GB reserved,       1.38 MB ( <1%) committed,  1 nodes.
             Both:        1.02 GB reserved,      11.56 MB (  1%) committed. 

Chunk freelists:
   Non-Class:  1009.00 KB
       Class:  2.53 MB
        Both:  3.51 MB

MaxMetaspaceSize: unlimited
CompressedClassSpaceSize: 1.00 GB
Initial GC threshold: 21.00 MB
Current GC threshold: 21.00 MB
CDS: on
MetaspaceReclaimPolicy: balanced
 - commit_granule_bytes: 65536.
 - commit_granule_words: 8192.
 - virtual_space_node_default_size: 1048576.
 - enlarge_chunks_in_place: 1.
 - new_chunks_are_fully_committed: 0.
 - uncommit_free_chunks: 1.
 - use_allocation_guard: 0.
 - handle_deallocations: 1.


Internal statistics:

num_allocs_failed_limit: 0.
num_arena_births: 120.
num_arena_deaths: 0.
num_vsnodes_births: 3.
num_vsnodes_deaths: 0.
num_space_committed: 185.
num_space_uncommitted: 0.
num_chunks_returned_to_freelist: 0.
num_chunks_taken_from_freelist: 261.
num_chunk_merges: 0.
num_chunk_splits: 158.
num_chunks_enlarged: 86.
num_purges: 0.
num_inconsistent_stats: 0.

CodeHeap 'non-profiled nmethods': size=120000Kb used=392Kb max_used=392Kb free=119607Kb
 bounds [0x000002a8b5cd0000, 0x000002a8b5f40000, 0x000002a8bd200000]
CodeHeap 'profiled nmethods': size=120000Kb used=1854Kb max_used=1854Kb free=118145Kb
 bounds [0x000002a8ae7a0000, 0x000002a8aea10000, 0x000002a8b5cd0000]
CodeHeap 'non-nmethods': size=5760Kb used=1261Kb max_used=1277Kb free=4498Kb
 bounds [0x000002a8ae200000, 0x000002a8ae470000, 0x000002a8ae7a0000]
 total_blobs=1730 nmethods=1161 adapters=482
 compilation: enabled
              stopped_count=0, restarted_count=0
 full_count=0

Compilation events (20 events):
Event: 0.738 Thread 0x000002a8c48d3c70 nmethod 1070 0x000002a8ae94d890 code [0x000002a8ae94da40, 0x000002a8ae94dbf8]
Event: 0.738 Thread 0x000002a8c48d3c70 1071       3       java.lang.reflect.Constructor::setConstructorAccessor (21 bytes)
Event: 0.738 Thread 0x000002a8c48d3c70 nmethod 1071 0x000002a8ae94dd10 code [0x000002a8ae94dec0, 0x000002a8ae94e1a8]
Event: 0.739 Thread 0x000002a8c61c3020 1072       4       java.util.concurrent.ConcurrentHashMap::addCount (280 bytes)
Event: 0.740 Thread 0x000002a8c48d3c70 1073       3       java.util.Arrays::hashCode (44 bytes)
Event: 0.740 Thread 0x000002a8c48d3c70 nmethod 1073 0x000002a8ae94e290 code [0x000002a8ae94e440, 0x000002a8ae94e658]
Event: 0.741 Thread 0x000002a8c48d3c70 1074       3       java.lang.Class::reflectionData (43 bytes)
Event: 0.741 Thread 0x000002a8c48d3c70 nmethod 1074 0x000002a8ae94e790 code [0x000002a8ae94e960, 0x000002a8ae94ed78]
Event: 0.742 Thread 0x000002a8c48d3c70 1075       3       jdk.internal.reflect.ReflectionFactory::inflationThreshold (4 bytes)
Event: 0.742 Thread 0x000002a8c48d3c70 nmethod 1075 0x000002a8ae94ee90 code [0x000002a8ae94f020, 0x000002a8ae94f118]
Event: 0.742 Thread 0x000002a8c48d3c70 1077  s    1       java.io.ByteArrayOutputStream::size (5 bytes)
Event: 0.742 Thread 0x000002a8c48d3c70 nmethod 1077 0x000002a8b5d2b590 code [0x000002a8b5d2b720, 0x000002a8b5d2b898]
Event: 0.742 Thread 0x000002a8c48d3c70 1078       1       sun.security.util.DerOutputStream::buf (5 bytes)
Event: 0.742 Thread 0x000002a8c48d3c70 nmethod 1078 0x000002a8b5d2b910 code [0x000002a8b5d2baa0, 0x000002a8b5d2bb78]
Event: 0.742 Thread 0x000002a8c48d3c70 1079       3       java.net.URL::toString (5 bytes)
Event: 0.742 Thread 0x000002a8c48d3c70 nmethod 1079 0x000002a8ae94f190 code [0x000002a8ae94f340, 0x000002a8ae94f568]
Event: 0.743 Thread 0x000002a8c48d3c70 1080       3       java.net.URL::toExternalForm (9 bytes)
Event: 0.743 Thread 0x000002a8c48d3c70 nmethod 1080 0x000002a8ae94f690 code [0x000002a8ae94f840, 0x000002a8ae94fa08]
Event: 0.743 Thread 0x000002a8c61c3020 nmethod 1072 0x000002a8b5d2bc10 code [0x000002a8b5d2bdc0, 0x000002a8b5d2c028]
Event: 0.743 Thread 0x000002a8c61c3020 1076       4       java.lang.String::indexOf (7 bytes)

GC Heap History (0 events):
No events

Deoptimization events (20 events):
Event: 0.453 Thread 0x000002a8c57a1140 DEOPT PACKING pc=0x000002a8b5cfac94 sp=0x000000d3f26fbe30
Event: 0.453 Thread 0x000002a8c57a1140 DEOPT UNPACKING pc=0x000002a8ae255c23 sp=0x000000d3f26fbd68 mode 2
Event: 0.454 Thread 0x000002a8c57a1140 Uncommon trap: trap_request=0xffffffde fr.pc=0x000002a8b5cfac94 relative=0x00000000000009f4
Event: 0.454 Thread 0x000002a8c57a1140 Uncommon trap: reason=class_check action=maybe_recompile pc=0x000002a8b5cfac94 method=java.util.HashMap.putVal(ILjava/lang/Object;Ljava/lang/Object;ZZ)Ljava/lang/Object; @ 203 c2
Event: 0.454 Thread 0x000002a8c57a1140 DEOPT PACKING pc=0x000002a8b5cfac94 sp=0x000000d3f26fbe30
Event: 0.454 Thread 0x000002a8c57a1140 DEOPT UNPACKING pc=0x000002a8ae255c23 sp=0x000000d3f26fbd68 mode 2
Event: 0.508 Thread 0x000002a8c57a1140 DEOPT PACKING pc=0x000002a8ae881dac sp=0x000000d3f26fd280
Event: 0.508 Thread 0x000002a8c57a1140 DEOPT UNPACKING pc=0x000002a8ae256763 sp=0x000000d3f26fc708 mode 0
Event: 0.509 Thread 0x000002a8c57a1140 DEOPT PACKING pc=0x000002a8ae87b3d6 sp=0x000000d3f26fd300
Event: 0.509 Thread 0x000002a8c57a1140 DEOPT UNPACKING pc=0x000002a8ae256763 sp=0x000000d3f26fc7a0 mode 0
Event: 0.509 Thread 0x000002a8c57a1140 DEOPT PACKING pc=0x000002a8ae87b3d6 sp=0x000000d3f26fd120
Event: 0.509 Thread 0x000002a8c57a1140 DEOPT UNPACKING pc=0x000002a8ae256763 sp=0x000000d3f26fc5c0 mode 0
Event: 0.640 Thread 0x000002a8c57a1140 Uncommon trap: trap_request=0xffffff45 fr.pc=0x000002a8b5d0504c relative=0x00000000000000ac
Event: 0.640 Thread 0x000002a8c57a1140 Uncommon trap: reason=unstable_if action=reinterpret pc=0x000002a8b5d0504c method=java.lang.CharacterDataLatin1.digit(II)I @ 12 c2
Event: 0.640 Thread 0x000002a8c57a1140 DEOPT PACKING pc=0x000002a8b5d0504c sp=0x000000d3f26fe5d0
Event: 0.640 Thread 0x000002a8c57a1140 DEOPT UNPACKING pc=0x000002a8ae255c23 sp=0x000000d3f26fe488 mode 2
Event: 0.711 Thread 0x000002a8c57a1140 Uncommon trap: trap_request=0xffffffc6 fr.pc=0x000002a8b5d0b13c relative=0x0000000000000a3c
Event: 0.711 Thread 0x000002a8c57a1140 Uncommon trap: reason=bimorphic_or_optimized_type_check action=maybe_recompile pc=0x000002a8b5d0b13c method=java.util.HashMap.putVal(ILjava/lang/Object;Ljava/lang/Object;ZZ)Ljava/lang/Object; @ 203 c2
Event: 0.711 Thread 0x000002a8c57a1140 DEOPT PACKING pc=0x000002a8b5d0b13c sp=0x000000d3f26fd7b0
Event: 0.711 Thread 0x000002a8c57a1140 DEOPT UNPACKING pc=0x000002a8ae255c23 sp=0x000000d3f26fd750 mode 2

Classes unloaded (0 events):
No events

Classes redefined (0 events):
No events

Internal exceptions (20 events):
Event: 0.352 Thread 0x000002a8a69ed910 Exception <a 'java/lang/ClassNotFoundException'{0x000000008ba13390}: ToolBar> (0x000000008ba13390) 
thrown [t:\workspace\open\src\hotspot\share\classfile\systemDictionary.cpp, line 256]
Event: 0.352 Thread 0x000002a8a69ed910 Exception <a 'java/lang/ClassNotFoundException'{0x000000008ba13888}: ToolBar> (0x000000008ba13888) 
thrown [t:\workspace\open\src\hotspot\share\classfile\systemDictionary.cpp, line 256]
Event: 0.352 Thread 0x000002a8a69ed910 Exception <a 'java/lang/ClassNotFoundException'{0x000000008ba13be8}: Button> (0x000000008ba13be8) 
thrown [t:\workspace\open\src\hotspot\share\classfile\systemDictionary.cpp, line 256]
Event: 0.352 Thread 0x000002a8a69ed910 Exception <a 'java/lang/ClassNotFoundException'{0x000000008ba140b0}: ToolBar> (0x000000008ba140b0) 
thrown [t:\workspace\open\src\hotspot\share\classfile\systemDictionary.cpp, line 256]
Event: 0.352 Thread 0x000002a8a69ed910 Exception <a 'java/lang/ClassNotFoundException'{0x000000008ba14420}: ToggleButton> (0x000000008ba14420) 
thrown [t:\workspace\open\src\hotspot\share\classfile\systemDictionary.cpp, line 256]
Event: 0.352 Thread 0x000002a8a69ed910 Exception <a 'java/lang/ClassNotFoundException'{0x000000008ba14860}: javax/swing/JToolBarSeparator> (0x000000008ba14860) 
thrown [t:\workspace\open\src\hotspot\share\classfile\systemDictionary.cpp, line 256]
Event: 0.352 Thread 0x000002a8a69ed910 Exception <a 'java/lang/ClassNotFoundException'{0x000000008ba14b68}: ToolBarSeparator> (0x000000008ba14b68) 
thrown [t:\workspace\open\src\hotspot\share\classfile\systemDictionary.cpp, line 256]
Event: 0.352 Thread 0x000002a8a69ed910 Exception <a 'java/lang/ClassNotFoundException'{0x000000008ba15080}: ToolTip> (0x000000008ba15080) 
thrown [t:\workspace\open\src\hotspot\share\classfile\systemDictionary.cpp, line 256]
Event: 0.353 Thread 0x000002a8a69ed910 Exception <a 'java/lang/ClassNotFoundException'{0x000000008ba159d0}: Tree> (0x000000008ba159d0) 
thrown [t:\workspace\open\src\hotspot\share\classfile\systemDictionary.cpp, line 256]
Event: 0.353 Thread 0x000002a8a69ed910 Exception <a 'java/lang/ClassNotFoundException'{0x000000008ba15ec8}: Tree> (0x000000008ba15ec8) 
thrown [t:\workspace\open\src\hotspot\share\classfile\systemDictionary.cpp, line 256]
Event: 0.353 Thread 0x000002a8a69ed910 Exception <a 'java/lang/ClassNotFoundException'{0x000000008ba16238}: javax/swing/JTreeCell> (0x000000008ba16238) 
thrown [t:\workspace\open\src\hotspot\share\classfile\systemDictionary.cpp, line 256]
Event: 0.353 Thread 0x000002a8a69ed910 Exception <a 'java/lang/ClassNotFoundException'{0x000000008ba16538}: TreeCell> (0x000000008ba16538) 
thrown [t:\workspace\open\src\hotspot\share\classfile\systemDictionary.cpp, line 256]
Event: 0.354 Thread 0x000002a8a69ed910 Exception <a 'java/lang/ClassNotFoundException'{0x000000008ba16cf8}: RootPane> (0x000000008ba16cf8) 
thrown [t:\workspace\open\src\hotspot\share\classfile\systemDictionary.cpp, line 256]
Event: 0.355 Thread 0x000002a8a69ed910 Exception <a 'java/lang/ClassNotFoundException'{0x000000008ba19b48}: com/sun/swing/internal/plaf/metal/resources/spi/metalProvider> (0x000000008ba19b48) 
thrown [t:\workspace\open\src\hotspot\share\classfile\systemDictionary.cpp, line 256]
Event: 0.356 Thread 0x000002a8a69ed910 Exception <a 'java/lang/ClassNotFoundException'{0x000000008ba1d748}: com/sun/swing/internal/plaf/basic/resources/spi/basicProvider> (0x000000008ba1d748) 
thrown [t:\workspace\open\src\hotspot\share\classfile\systemDictionary.cpp, line 256]
Event: 0.375 Thread 0x000002a8c57a1140 Exception <a 'java/lang/ClassNotFoundException'{0x000000008ba8ae30}: com/sun/swing/internal/plaf/synth/resources/spi/synthProvider> (0x000000008ba8ae30) 
thrown [t:\workspace\open\src\hotspot\share\classfile\systemDictionary.cpp, line 256]
Event: 0.523 Thread 0x000002a8c57a1140 Exception <a 'java/lang/NoSuchMethodError'{0x000000008b6156d0}: 'java.lang.Object java.lang.invoke.DirectMethodHandle$Holder.invokeInterface(java.lang.Object, java.lang.Object)'> (0x000000008b6156d0) 
thrown [t:\workspace\open\src\hotspot\share\interpreter\linkResolver.cpp, line 766]
Event: 0.570 Thread 0x000002a8c57a1140 Exception <a 'java/lang/NoSuchMethodError'{0x000000008b520d60}: 'void java.lang.invoke.DirectMethodHandle$Holder.invokeStatic(java.lang.Object, java.lang.Object, java.lang.Object)'> (0x000000008b520d60) 
thrown [t:\workspace\open\src\hotspot\share\interpreter\linkResolver.cpp, line 766]
Event: 0.574 Thread 0x000002a8c57a1140 Exception <a 'java/lang/NoSuchMethodError'{0x000000008b540898}: 'java.lang.Object java.lang.invoke.DirectMethodHandle$Holder.invokeVirtual(java.lang.Object, java.lang.Object, java.lang.Object)'> (0x000000008b540898) 
thrown [t:\workspace\open\src\hotspot\share\interpreter\linkResolver.cpp, line 766]
Event: 0.656 Thread 0x000002a8c57a1140 Exception <a 'java/lang/NoSuchMethodError'{0x000000008b3e1a50}: 'void java.lang.invoke.DirectMethodHandle$Holder.invokeStatic(java.lang.Object, java.lang.Object)'> (0x000000008b3e1a50) 
thrown [t:\workspace\open\src\hotspot\share\interpreter\linkResolver.cpp, line 766]

VM Operations (12 events):
Event: 0.139 Executing VM operation: HandshakeAllThreads
Event: 0.139 Executing VM operation: HandshakeAllThreads done
Event: 0.334 Executing VM operation: HandshakeAllThreads
Event: 0.334 Executing VM operation: HandshakeAllThreads done
Event: 0.403 Executing VM operation: HandshakeAllThreads
Event: 0.403 Executing VM operation: HandshakeAllThreads done
Event: 0.542 Executing VM operation: HandshakeAllThreads
Event: 0.542 Executing VM operation: HandshakeAllThreads done
Event: 0.640 Executing VM operation: HandshakeAllThreads
Event: 0.640 Executing VM operation: HandshakeAllThreads done
Event: 0.702 Executing VM operation: HandshakeAllThreads
Event: 0.702 Executing VM operation: HandshakeAllThreads done

Events (20 events):
Event: 0.736 loading class sun/security/util/KeyStoreDelegator done
Event: 0.736 loading class sun/security/pkcs12/PKCS12KeyStore$DualFormatPKCS12 done
Event: 0.736 loading class sun/security/pkcs12/PKCS12KeyStore
Event: 0.737 loading class sun/security/pkcs12/PKCS12KeyStore done
Event: 0.737 loading class sun/security/provider/JavaKeyStore$JKS
Event: 0.737 loading class sun/security/provider/JavaKeyStore
Event: 0.737 loading class sun/security/provider/JavaKeyStore done
Event: 0.737 loading class sun/security/provider/JavaKeyStore$JKS done
Event: 0.738 loading class sun/security/action/OpenFileInputStreamAction
Event: 0.738 loading class sun/security/action/OpenFileInputStreamAction done
Event: 0.739 loading class sun/security/provider/JavaKeyStore$TrustedCertEntry
Event: 0.739 loading class sun/security/provider/JavaKeyStore$TrustedCertEntry done
Event: 0.742 loading class java/security/AlgorithmParameters
Event: 0.742 loading class java/security/AlgorithmParameters done
Event: 0.742 loading class java/security/AlgorithmParametersSpi
Event: 0.742 loading class java/security/AlgorithmParametersSpi done
Event: 0.742 loading class sun/security/util/ECParameters
Event: 0.742 loading class sun/security/util/ECParameters done
Event: 0.743 loading class java/security/NoSuchProviderException
Event: 0.743 loading class java/security/NoSuchProviderException done


Dynamic libraries:
0x00007ff712ac0000 - 0x00007ff712ad0000 	C:\Program Files\Java\jdk-17.0.1\bin\java.exe
0x00007ffb2e8c0000 - 0x00007ffb2eac9000 	C:\WINDOWS\SYSTEM32\ntdll.dll
0x00007ffb2c740000 - 0x00007ffb2c7fe000 	C:\WINDOWS\System32\KERNEL32.DLL
0x00007ffb2beb0000 - 0x00007ffb2c22b000 	C:\WINDOWS\System32\KERNELBASE.dll
0x00007ffb2c490000 - 0x00007ffb2c5a1000 	C:\WINDOWS\System32\ucrtbase.dll
0x00007ffb186b0000 - 0x00007ffb186ca000 	C:\Program Files\Java\jdk-17.0.1\bin\VCRUNTIME140.dll
0x00007ffb210d0000 - 0x00007ffb210e8000 	C:\Program Files\Java\jdk-17.0.1\bin\jli.dll
0x00007ffb2c990000 - 0x00007ffb2ca3e000 	C:\WINDOWS\System32\ADVAPI32.dll
0x00007ffb2e220000 - 0x00007ffb2e2c3000 	C:\WINDOWS\System32\msvcrt.dll
0x00007ffb2c870000 - 0x00007ffb2c90e000 	C:\WINDOWS\System32\sechost.dll
0x00007ffb2cc40000 - 0x00007ffb2cd60000 	C:\WINDOWS\System32\RPCRT4.dll
0x00007ffb2ce50000 - 0x00007ffb2cffd000 	C:\WINDOWS\System32\USER32.dll
0x00007ffb2c460000 - 0x00007ffb2c486000 	C:\WINDOWS\System32\win32u.dll
0x00007ffaf9fd0000 - 0x00007ffafa275000 	C:\WINDOWS\WinSxS\amd64_microsoft.windows.common-controls_6595b64144ccf1df_6.0.22000.120_none_9d947278b86cc467\COMCTL32.dll
0x00007ffb2e2d0000 - 0x00007ffb2e2f9000 	C:\WINDOWS\System32\GDI32.dll
0x00007ffb2bd90000 - 0x00007ffb2bea8000 	C:\WINDOWS\System32\gdi32full.dll
0x00007ffb2c5b0000 - 0x00007ffb2c64d000 	C:\WINDOWS\System32\msvcp_win.dll
0x00007ffb1efd0000 - 0x00007ffb1efda000 	C:\WINDOWS\SYSTEM32\VERSION.dll
0x00007ffb2ca40000 - 0x00007ffb2ca72000 	C:\WINDOWS\System32\IMM32.DLL
0x00007ffb186a0000 - 0x00007ffb186ac000 	C:\Program Files\Java\jdk-17.0.1\bin\vcruntime140_1.dll
0x00007ffafc710000 - 0x00007ffafc79d000 	C:\Program Files\Java\jdk-17.0.1\bin\msvcp140.dll
0x00007ffae4b40000 - 0x00007ffae56fe000 	C:\Program Files\Java\jdk-17.0.1\bin\server\jvm.dll
0x00007ffb2e300000 - 0x00007ffb2e308000 	C:\WINDOWS\System32\PSAPI.DLL
0x00007ffaf5120000 - 0x00007ffaf5129000 	C:\WINDOWS\SYSTEM32\WSOCK32.dll
0x00007ffb2d660000 - 0x00007ffb2d6cf000 	C:\WINDOWS\System32\WS2_32.dll
0x00007ffb24310000 - 0x00007ffb24343000 	C:\WINDOWS\SYSTEM32\WINMM.dll
0x00007ffb2ae90000 - 0x00007ffb2aea8000 	C:\WINDOWS\SYSTEM32\kernel.appcore.dll
0x00007ffb18690000 - 0x00007ffb1869a000 	C:\Program Files\Java\jdk-17.0.1\bin\jimage.dll
0x00007ffb29940000 - 0x00007ffb29b61000 	C:\WINDOWS\SYSTEM32\DBGHELP.DLL
0x00007ffb15660000 - 0x00007ffb15691000 	C:\WINDOWS\SYSTEM32\dbgcore.DLL
0x00007ffb2c650000 - 0x00007ffb2c6cf000 	C:\WINDOWS\System32\bcryptPrimitives.dll
0x00007ffb06fc0000 - 0x00007ffb06fe5000 	C:\Program Files\Java\jdk-17.0.1\bin\java.dll
0x00007ffafcf50000 - 0x00007ffafd026000 	C:\Program Files\Java\jdk-17.0.1\bin\svml.dll
0x00007ffb2da60000 - 0x00007ffb2e218000 	C:\WINDOWS\System32\SHELL32.dll
0x00007ffb29e80000 - 0x00007ffb2a6e5000 	C:\WINDOWS\SYSTEM32\windows.storage.dll
0x00007ffb2d6d0000 - 0x00007ffb2da48000 	C:\WINDOWS\System32\combase.dll
0x00007ffb29d10000 - 0x00007ffb29e76000 	C:\WINDOWS\SYSTEM32\wintypes.dll
0x00007ffb2d000000 - 0x00007ffb2d0ea000 	C:\WINDOWS\System32\SHCORE.dll
0x00007ffb2d600000 - 0x00007ffb2d65d000 	C:\WINDOWS\System32\shlwapi.dll
0x00007ffb2bcc0000 - 0x00007ffb2bce1000 	C:\WINDOWS\SYSTEM32\profapi.dll
0x00007ffb06fa0000 - 0x00007ffb06fb9000 	C:\Program Files\Java\jdk-17.0.1\bin\net.dll
0x00007ffb24100000 - 0x00007ffb24214000 	C:\WINDOWS\SYSTEM32\WINHTTP.dll
0x00007ffb2b3a0000 - 0x00007ffb2b407000 	C:\WINDOWS\system32\mswsock.dll
0x00007ffb06f80000 - 0x00007ffb06f95000 	C:\Program Files\Java\jdk-17.0.1\bin\nio.dll
0x00007ffb06f00000 - 0x00007ffb06f18000 	C:\Program Files\Java\jdk-17.0.1\bin\zip.dll
0x00007ffaf8eb0000 - 0x00007ffaf903f000 	C:\Program Files\Java\jdk-17.0.1\bin\awt.dll
0x00007ffb2e430000 - 0x00007ffb2e506000 	C:\WINDOWS\System32\OLEAUT32.dll
0x00007ffb28f60000 - 0x00007ffb28ff2000 	C:\WINDOWS\SYSTEM32\apphelp.dll
0x00007ffb29020000 - 0x00007ffb290cc000 	C:\WINDOWS\system32\uxtheme.dll
0x00007ffb2e310000 - 0x00007ffb2e42d000 	C:\WINDOWS\System32\MSCTF.dll
0x00007ffb2e5f0000 - 0x00007ffb2e78a000 	C:\WINDOWS\System32\ole32.dll
0x00007ffb29360000 - 0x00007ffb2938f000 	C:\WINDOWS\system32\DWMAPI.DLL
0x00007ffaf97b0000 - 0x00007ffaf9839000 	C:\Program Files\Java\jdk-17.0.1\bin\freetype.dll
0x00007ffaf9510000 - 0x00007ffaf95b8000 	C:\Program Files\Java\jdk-17.0.1\bin\fontmanager.dll
0x00007ffb0bc40000 - 0x00007ffb0bd41000 	C:\WINDOWS\system32\opengl32.dll
0x00007ffb0bbd0000 - 0x00007ffb0bbfd000 	C:\WINDOWS\SYSTEM32\GLU32.dll
0x00007ffb29100000 - 0x00007ffb29138000 	C:\WINDOWS\SYSTEM32\dxcore.dll
0x00007ffb2a960000 - 0x00007ffb2aa48000 	C:\WINDOWS\SYSTEM32\DNSAPI.dll
0x00007ffb2a930000 - 0x00007ffb2a95d000 	C:\WINDOWS\SYSTEM32\IPHLPAPI.DLL
0x00007ffb2d580000 - 0x00007ffb2d589000 	C:\WINDOWS\System32\NSI.dll
0x00007ffb21350000 - 0x00007ffb2135a000 	C:\Windows\System32\rasadhlp.dll
0x00007ffb213a0000 - 0x00007ffb21421000 	C:\WINDOWS\System32\fwpuclnt.dll
0x00007ffb210b0000 - 0x00007ffb210be000 	C:\Program Files\Java\jdk-17.0.1\bin\sunmscapi.dll
0x00007ffb2c2f0000 - 0x00007ffb2c452000 	C:\WINDOWS\System32\CRYPT32.dll
0x00007ffb2b740000 - 0x00007ffb2b768000 	C:\WINDOWS\SYSTEM32\ncrypt.dll
0x00007ffb2b700000 - 0x00007ffb2b737000 	C:\WINDOWS\SYSTEM32\NTASN1.dll

dbghelp: loaded successfully - version: 4.0.5 - missing functions: none
symbol engine: initialized successfully - sym options: 0x614 - pdb path: .;C:\Program Files\Java\jdk-17.0.1\bin;C:\WINDOWS\SYSTEM32;C:\WINDOWS\WinSxS\amd64_microsoft.windows.common-controls_6595b64144ccf1df_6.0.22000.120_none_9d947278b86cc467;C:\Program Files\Java\jdk-17.0.1\bin\server

VM Arguments:
jvm_args: -Dfile.encoding=UTF-8 --module-path=C:\Users\DELL\Documents\ASMALIGE\asm_Duan1\build\classes 
java_command: da1.ui.TimVe1
java_class_path (initial): D:\eage\mysql-connector-java-8.0.13.jar;D:\eage\sqljdbc4-3.0.jar;C:\Users\DELL\Desktop\jcalendar-1.4.jar;C:\Users\DELL\Documents\ASMALIGE\asm_Duan1\build\classes
Launcher Type: SUN_STANDARD

[Global flags]
     intx CICompilerCount                          = 4                                         {product} {ergonomic}
     uint ConcGCThreads                            = 2                                         {product} {ergonomic}
     uint G1ConcRefinementThreads                  = 8                                         {product} {ergonomic}
   size_t G1HeapRegionSize                         = 1048576                                   {product} {ergonomic}
    uintx GCDrainStackTargetSize                   = 64                                        {product} {ergonomic}
   size_t InitialHeapSize                          = 130023424                                 {product} {ergonomic}
   size_t MarkStackSize                            = 4194304                                   {product} {ergonomic}
   size_t MaxHeapSize                              = 2076180480                                {product} {ergonomic}
   size_t MaxNewSize                               = 1245708288                                {product} {ergonomic}
   size_t MinHeapDeltaBytes                        = 1048576                                   {product} {ergonomic}
   size_t MinHeapSize                              = 8388608                                   {product} {ergonomic}
    uintx NonNMethodCodeHeapSize                   = 5839372                                {pd product} {ergonomic}
    uintx NonProfiledCodeHeapSize                  = 122909434                              {pd product} {ergonomic}
    uintx ProfiledCodeHeapSize                     = 122909434                              {pd product} {ergonomic}
    uintx ReservedCodeCacheSize                    = 251658240                              {pd product} {ergonomic}
     bool SegmentedCodeCache                       = true                                      {product} {ergonomic}
   size_t SoftMaxHeapSize                          = 2076180480                             {manageable} {ergonomic}
     bool UseCompressedClassPointers               = true                           {product lp64_product} {ergonomic}
     bool UseCompressedOops                        = true                           {product lp64_product} {ergonomic}
     bool UseG1GC                                  = true                                      {product} {ergonomic}
     bool UseLargePagesIndividualAllocation        = false                                  {pd product} {ergonomic}

Logging:
Log output configuration:
 #0: stdout all=warning uptime,level,tags
 #1: stderr all=off uptime,level,tags

Environment Variables:
PATH=C:\Program Files\Common Files\Oracle\Java\javapath;C:\Program Files (x86)\Common Files\Oracle\Java\javapath;C:\WINDOWS\system32;C:\WINDOWS;C:\WINDOWS\System32\Wbem;C:\WINDOWS\System32\WindowsPowerShell\v1.0\;C:\WINDOWS\System32\OpenSSH\;C:\Program Files\Microsoft SQL Server\Client SDK\ODBC\170\Tools\Binn\;C:\Program Files (x86)\Microsoft SQL Server\150\Tools\Binn\;C:\Program Files\Microsoft SQL Server\150\Tools\Binn\;C:\Program Files\Microsoft SQL Server\150\DTS\Binn\;D:\ducpham\Git\cmd;C:\Program Files\dotnet\;C:\Program Files\Azure Data Studio\bin;C:\Users\DELL\AppData\Local\Microsoft\WindowsApps;C:\Users\DELL\AppData\Local\Programs\Microsoft VS Code\bin;C:\Program Files\Azure Data Studio\bin;
USERNAME=DELL
OS=Windows_NT
PROCESSOR_IDENTIFIER=Intel64 Family 6 Model 140 Stepping 1, GenuineIntel



---------------  S Y S T E M  ---------------

OS:
 Windows 10 , 64 bit Build 22000 (10.0.22000.1219)
OS uptime: 0 days 17:28 hours

CPU: total 8 (initial active 8) (4 cores per cpu, 2 threads per core) family 6 model 140 stepping 1 microcode 0xa4, cx8, cmov, fxsr, ht, mmx, 3dnowpref, sse, sse2, sse3, ssse3, sse4.1, sse4.2, popcnt, lzcnt, tsc, tscinvbit, avx, avx2, aes, erms, clmul, bmi1, bmi2, adx, avx512f, avx512dq, avx512cd, avx512bw, avx512vl, sha, fma, vzeroupper, avx512_vpopcntdq, avx512_vpclmulqdq, avx512_vaes, avx512_vnni, clflush, clflushopt, clwb, avx512_vbmi2, avx512_vbmi

Memory: 4k page, system-wide physical 7914M (941M free)
TotalPageFile size 10914M (AvailPageFile size 5M)
current process WorkingSet (physical memory assigned to process): 75M, peak: 75M
current process commit charge ("private bytes"): 226M, peak: 226M

vm_info: Java HotSpot(TM) 64-Bit Server VM (17.0.1+12-LTS-39) for windows-amd64 JRE (17.0.1+12-LTS-39), built on Sep 27 2021 18:41:35 by "mach5one" with MS VC++ 16.8 (VS2019)

END.
