#
# There is insufficient memory for the Java Runtime Environment to continue.
# Native memory allocation (malloc) failed to allocate 50896 bytes for Chunk::new
# Possible reasons:
#   The system is out of physical RAM or swap space
#   The process is running with CompressedOops enabled, and the Java Heap may be blocking the growth of the native heap
# Possible solutions:
#   Reduce memory load on the system
#   Increase physical memory or swap space
#   Check if swap backing store is full
#   Decrease Java heap size (-Xmx/-Xms)
#   Decrease number of Java threads
#   Decrease Java thread stack sizes (-Xss)
#   Set larger code cache with -XX:ReservedCodeCacheSize=
#   JVM is running with Unscaled Compressed Oops mode in which the Java heap is
#     placed in the first 4GB address space. The Java Heap base address is the
#     maximum limit for the native heap growth. Please use -XX:HeapBaseMinAddress
#     to set the Java Heap base and to place the Java Heap above 4GB virtual address.
# This output file may be truncated or incomplete.
#
#  Out of Memory Error (arena.cpp:189), pid=9276, tid=2140
#
# JRE version: Java(TM) SE Runtime Environment (17.0.1+12) (build 17.0.1+12-LTS-39)
# Java VM: Java HotSpot(TM) 64-Bit Server VM (17.0.1+12-LTS-39, mixed mode, sharing, tiered, compressed oops, compressed class ptrs, g1 gc, windows-amd64)
# No core dump will be written. Minidumps are not enabled by default on client versions of Windows
#

---------------  S U M M A R Y ------------

Command Line: -Dfile.encoding=UTF-8 --module-path=C:\Users\DELL\Documents\ASMALIGE\asm_Duan1\build\classes da1.ui.DangNhap

Host: 11th Gen Intel(R) Core(TM) i5-1135G7 @ 2.40GHz, 8 cores, 7G,  Windows 10 , 64 bit Build 22000 (10.0.22000.1219)
Time: Fri Dec  2 16:56:47 2022 SE Asia Standard Time elapsed time: 172.847312 seconds (0d 0h 2m 52s)

---------------  T H R E A D  ---------------

Current thread (0x000002041e43e540):  JavaThread "C2 CompilerThread0" daemon [_thread_in_native, id=2140, stack(0x0000006a36800000,0x0000006a36900000)]


Current CompileTask:
C2: 172847 6011       4       java.net.URI$Parser::scan (41 bytes)

Stack: [0x0000006a36800000,0x0000006a36900000]
Native frames: (J=compiled Java code, j=interpreted, Vv=VM code, C=native code)
V  [jvm.dll+0x66fa1a]
V  [jvm.dll+0x7ce5a4]
V  [jvm.dll+0x7cfd4e]
V  [jvm.dll+0x7d03b3]
V  [jvm.dll+0x242b05]
V  [jvm.dll+0xaa05b]
V  [jvm.dll+0xaa5ec]
V  [jvm.dll+0x2a953f]
V  [jvm.dll+0x5785a9]
V  [jvm.dll+0x21dd7d]
V  [jvm.dll+0x2175a1]
V  [jvm.dll+0x214f05]
V  [jvm.dll+0x1a168d]
V  [jvm.dll+0x224848]
V  [jvm.dll+0x2229ac]
V  [jvm.dll+0x78435b]
V  [jvm.dll+0x77e91a]
V  [jvm.dll+0x66e845]
C  [ucrtbase.dll+0x26c0c]
C  [KERNEL32.DLL+0x15550]
C  [ntdll.dll+0x485b]


---------------  P R O C E S S  ---------------

Threads class SMR info:
_java_thread_list=0x0000020421575210, length=18, elements={
0x000002041e427d40, 0x000002041e4286f0, 0x000002041e43baa0, 0x000002041e43c450,
0x000002041e43ce00, 0x000002041e43d7b0, 0x000002041e43e540, 0x000002041e446ff0,
0x000002041e44ff10, 0x000002041e413e60, 0x000002041f11cab0, 0x000002041f309010,
0x000002041f3294f0, 0x000002041f3299c0, 0x000002041f390930, 0x000002047fe2c670,
0x000002042021d890, 0x00000204204d7660
}

Java Threads: ( => current thread )
  0x000002041e427d40 JavaThread "Reference Handler" daemon [_thread_blocked, id=8968, stack(0x0000006a36200000,0x0000006a36300000)]
  0x000002041e4286f0 JavaThread "Finalizer" daemon [_thread_blocked, id=14316, stack(0x0000006a36300000,0x0000006a36400000)]
  0x000002041e43baa0 JavaThread "Signal Dispatcher" daemon [_thread_blocked, id=6684, stack(0x0000006a36400000,0x0000006a36500000)]
  0x000002041e43c450 JavaThread "Attach Listener" daemon [_thread_blocked, id=10444, stack(0x0000006a36500000,0x0000006a36600000)]
  0x000002041e43ce00 JavaThread "Service Thread" daemon [_thread_blocked, id=13724, stack(0x0000006a36600000,0x0000006a36700000)]
  0x000002041e43d7b0 JavaThread "Monitor Deflation Thread" daemon [_thread_blocked, id=16900, stack(0x0000006a36700000,0x0000006a36800000)]
=>0x000002041e43e540 JavaThread "C2 CompilerThread0" daemon [_thread_in_native, id=2140, stack(0x0000006a36800000,0x0000006a36900000)]
  0x000002041e446ff0 JavaThread "C1 CompilerThread0" daemon [_thread_in_native, id=3976, stack(0x0000006a36900000,0x0000006a36a00000)]
  0x000002041e44ff10 JavaThread "Sweeper thread" daemon [_thread_blocked, id=15540, stack(0x0000006a36a00000,0x0000006a36b00000)]
  0x000002041e413e60 JavaThread "Common-Cleaner" daemon [_thread_blocked, id=18208, stack(0x0000006a36b00000,0x0000006a36c00000)]
  0x000002041f11cab0 JavaThread "Notification Thread" daemon [_thread_blocked, id=17160, stack(0x0000006a36c00000,0x0000006a36d00000)]
  0x000002041f309010 JavaThread "Java2D Disposer" daemon [_thread_blocked, id=1760, stack(0x0000006a36e00000,0x0000006a36f00000)]
  0x000002041f3294f0 JavaThread "AWT-Shutdown" [_thread_blocked, id=12456, stack(0x0000006a36f00000,0x0000006a37000000)]
  0x000002041f3299c0 JavaThread "AWT-Windows" daemon [_thread_in_native, id=13432, stack(0x0000006a37000000,0x0000006a37100000)]
  0x000002041f390930 JavaThread "AWT-EventQueue-0" [_thread_blocked, id=10448, stack(0x0000006a37100000,0x0000006a37200000)]
  0x000002047fe2c670 JavaThread "DestroyJavaVM" [_thread_blocked, id=12816, stack(0x0000006a35b00000,0x0000006a35c00000)]
  0x000002042021d890 JavaThread "Abandoned connection cleanup thread" daemon [_thread_blocked, id=2412, stack(0x0000006a37200000,0x0000006a37300000)]
  0x00000204204d7660 JavaThread "TimerQueue" daemon [_thread_blocked, id=5272, stack(0x0000006a38200000,0x0000006a38300000)]

Other Threads:
  0x000002041e4223a0 VMThread "VM Thread" [stack: 0x0000006a36100000,0x0000006a36200000] [id=5176]
  0x000002047fecefc0 WatcherThread [stack: 0x0000006a36d00000,0x0000006a36e00000] [id=8408]
  0x000002047fe6c180 GCTaskThread "GC Thread#0" [stack: 0x0000006a35c00000,0x0000006a35d00000] [id=11884]
  0x0000020420472eb0 GCTaskThread "GC Thread#1" [stack: 0x0000006a37500000,0x0000006a37600000] [id=15424]
  0x0000020420473160 GCTaskThread "GC Thread#2" [stack: 0x0000006a37600000,0x0000006a37700000] [id=7424]
  0x00000204215894a0 GCTaskThread "GC Thread#3" [stack: 0x0000006a37700000,0x0000006a37800000] [id=12552]
  0x0000020421589750 GCTaskThread "GC Thread#4" [stack: 0x0000006a37800000,0x0000006a37900000] [id=2820]
  0x0000020421667ab0 GCTaskThread "GC Thread#5" [stack: 0x0000006a37900000,0x0000006a37a00000] [id=17460]
  0x0000020421668820 GCTaskThread "GC Thread#6" [stack: 0x0000006a37a00000,0x0000006a37b00000] [id=6296]
  0x00000204216682c0 GCTaskThread "GC Thread#7" [stack: 0x0000006a37b00000,0x0000006a37c00000] [id=18944]
  0x000002047fe7c840 ConcurrentGCThread "G1 Main Marker" [stack: 0x0000006a35d00000,0x0000006a35e00000] [id=10548]
  0x000002047fe7d250 ConcurrentGCThread "G1 Conc#0" [stack: 0x0000006a35e00000,0x0000006a35f00000] [id=10260]
  0x0000020421668ad0 ConcurrentGCThread "G1 Conc#1" [stack: 0x0000006a37300000,0x0000006a37400000] [id=4264]
  0x000002041e2d20b0 ConcurrentGCThread "G1 Refine#0" [stack: 0x0000006a35f00000,0x0000006a36000000] [id=8988]
  0x00000204216697c0 ConcurrentGCThread "G1 Refine#1" [stack: 0x0000006a37c00000,0x0000006a37d00000] [id=17216]
  0x00000204216462f0 ConcurrentGCThread "G1 Refine#2" [stack: 0x0000006a37d00000,0x0000006a37e00000] [id=15452]
  0x000002041f1a7330 ConcurrentGCThread "G1 Refine#3" [stack: 0x0000006a37e00000,0x0000006a37f00000] [id=5116]
  0x000002041e2d2870 ConcurrentGCThread "G1 Service" [stack: 0x0000006a36000000,0x0000006a36100000] [id=17916]

Threads with active compile tasks:
C2 CompilerThread0   172873 6011       4       java.net.URI$Parser::scan (41 bytes)
C1 CompilerThread0   172873 6013       3       jdk.internal.loader.BuiltinClassLoader::isSealed (71 bytes)

VM state: not at safepoint (normal execution)

VM Mutex/Monitor currently owned by a thread: None

Heap address: 0x0000000084400000, size: 1980 MB, Compressed Oops mode: 32-bit

CDS archive(s) mapped at: [0x0000000800000000-0x0000000800bc0000-0x0000000800bc0000), size 12320768, SharedBaseAddress: 0x0000000800000000, ArchiveRelocationMode: 0.
Compressed class space mapped at: 0x0000000800c00000-0x0000000840c00000, reserved size: 1073741824
Narrow klass base: 0x0000000800000000, Narrow klass shift: 0, Narrow klass range: 0x100000000

GC Precious Log:
 CPUs: 8 total, 8 available
 Memory: 7914M
 Large Page Support: Disabled
 NUMA Support: Disabled
 Compressed Oops: Enabled (32-bit)
 Heap Region Size: 1M
 Heap Min Capacity: 8M
 Heap Initial Capacity: 124M
 Heap Max Capacity: 1980M
 Pre-touch: Disabled
 Parallel Workers: 8
 Concurrent Workers: 2
 Concurrent Refinement Workers: 8
 Periodic GC: Disabled

Heap:
 garbage-first heap   total 40960K, used 17688K [0x0000000084400000, 0x0000000100000000)
  region size 1024K, 9 young (9216K), 1 survivors (1024K)
 Metaspace       used 23524K, committed 23808K, reserved 1073152K
  class space    used 2417K, committed 2560K, reserved 1048576K

Heap Regions: E=young(eden), S=young(survivor), O=old, HS=humongous(starts), HC=humongous(continues), CS=collection set, F=free, OA=open archive, CA=closed archive, TAMS=top-at-mark-start (previous, next)
|   0|0x0000000084400000, 0x0000000084500000, 0x0000000084500000|100%| O|  |TAMS 0x0000000084500000, 0x0000000084400000| Untracked 
|   1|0x0000000084500000, 0x0000000084600000, 0x0000000084600000|100%| O|  |TAMS 0x0000000084600000, 0x0000000084500000| Untracked 
|   2|0x0000000084600000, 0x0000000084700000, 0x0000000084700000|100%| O|  |TAMS 0x0000000084700000, 0x0000000084600000| Untracked 
|   3|0x0000000084700000, 0x0000000084800000, 0x0000000084800000|100%| O|  |TAMS 0x0000000084800000, 0x0000000084700000| Untracked 
|   4|0x0000000084800000, 0x0000000084900000, 0x0000000084900000|100%| O|  |TAMS 0x0000000084900000, 0x0000000084800000| Untracked 
|   5|0x0000000084900000, 0x0000000084967a00, 0x0000000084a00000| 40%| O|  |TAMS 0x0000000084900000, 0x0000000084900000| Untracked 
|   6|0x0000000084a00000, 0x0000000084b00000, 0x0000000084b00000|100%|HS|  |TAMS 0x0000000084b00000, 0x0000000084a00000| Complete 
|   7|0x0000000084b00000, 0x0000000084c00000, 0x0000000084c00000|100%| O|  |TAMS 0x0000000084b00000, 0x0000000084b00000| Untracked 
|   8|0x0000000084c00000, 0x0000000084d00000, 0x0000000084d00000|100%| O|  |TAMS 0x0000000084c00000, 0x0000000084c00000| Untracked 
|   9|0x0000000084d00000, 0x0000000084e00000, 0x0000000084e00000|100%| O|  |TAMS 0x0000000084d00000, 0x0000000084d00000| Untracked 
|  10|0x0000000084e00000, 0x0000000084e00000, 0x0000000084f00000|  0%| F|  |TAMS 0x0000000084e00000, 0x0000000084e00000| Untracked 
|  11|0x0000000084f00000, 0x0000000084f00000, 0x0000000085000000|  0%| F|  |TAMS 0x0000000084f00000, 0x0000000084f00000| Untracked 
|  12|0x0000000085000000, 0x0000000085000000, 0x0000000085100000|  0%| F|  |TAMS 0x0000000085000000, 0x0000000085000000| Untracked 
|  13|0x0000000085100000, 0x0000000085100000, 0x0000000085200000|  0%| F|  |TAMS 0x0000000085100000, 0x0000000085100000| Untracked 
|  14|0x0000000085200000, 0x0000000085200000, 0x0000000085300000|  0%| F|  |TAMS 0x0000000085200000, 0x0000000085200000| Untracked 
|  15|0x0000000085300000, 0x00000000853de810, 0x0000000085400000| 86%| S|CS|TAMS 0x0000000085300000, 0x0000000085300000| Complete 
|  16|0x0000000085400000, 0x0000000085400000, 0x0000000085500000|  0%| F|  |TAMS 0x0000000085400000, 0x0000000085400000| Untracked 
|  17|0x0000000085500000, 0x0000000085500000, 0x0000000085600000|  0%| F|  |TAMS 0x0000000085500000, 0x0000000085500000| Untracked 
|  18|0x0000000085600000, 0x0000000085600000, 0x0000000085700000|  0%| F|  |TAMS 0x0000000085600000, 0x0000000085600000| Untracked 
|  19|0x0000000085700000, 0x0000000085700000, 0x0000000085800000|  0%| F|  |TAMS 0x0000000085700000, 0x0000000085700000| Untracked 
|  20|0x0000000085800000, 0x0000000085800000, 0x0000000085900000|  0%| F|  |TAMS 0x0000000085800000, 0x0000000085800000| Untracked 
|  21|0x0000000085900000, 0x0000000085900000, 0x0000000085a00000|  0%| F|  |TAMS 0x0000000085900000, 0x0000000085900000| Untracked 
|  22|0x0000000085a00000, 0x0000000085a00000, 0x0000000085b00000|  0%| F|  |TAMS 0x0000000085a00000, 0x0000000085a00000| Untracked 
|  23|0x0000000085b00000, 0x0000000085b00000, 0x0000000085c00000|  0%| F|  |TAMS 0x0000000085b00000, 0x0000000085b00000| Untracked 
|  24|0x0000000085c00000, 0x0000000085c00000, 0x0000000085d00000|  0%| F|  |TAMS 0x0000000085c00000, 0x0000000085c00000| Untracked 
|  25|0x0000000085d00000, 0x0000000085d00000, 0x0000000085e00000|  0%| F|  |TAMS 0x0000000085d00000, 0x0000000085d00000| Untracked 
|  26|0x0000000085e00000, 0x0000000085e00000, 0x0000000085f00000|  0%| F|  |TAMS 0x0000000085e00000, 0x0000000085e00000| Untracked 
|  27|0x0000000085f00000, 0x0000000085f00000, 0x0000000086000000|  0%| F|  |TAMS 0x0000000085f00000, 0x0000000085f00000| Untracked 
|  28|0x0000000086000000, 0x0000000086000000, 0x0000000086100000|  0%| F|  |TAMS 0x0000000086000000, 0x0000000086000000| Untracked 
|  29|0x0000000086100000, 0x0000000086100000, 0x0000000086200000|  0%| F|  |TAMS 0x0000000086100000, 0x0000000086100000| Untracked 
|  30|0x0000000086200000, 0x0000000086200000, 0x0000000086300000|  0%| F|  |TAMS 0x0000000086200000, 0x0000000086200000| Untracked 
|  31|0x0000000086300000, 0x0000000086300000, 0x0000000086400000|  0%| F|  |TAMS 0x0000000086300000, 0x0000000086300000| Untracked 
|  32|0x0000000086400000, 0x0000000086499020, 0x0000000086500000| 59%| E|  |TAMS 0x0000000086400000, 0x0000000086400000| Complete 
|  33|0x0000000086500000, 0x0000000086600000, 0x0000000086600000|100%| E|CS|TAMS 0x0000000086500000, 0x0000000086500000| Complete 
|  34|0x0000000086600000, 0x0000000086700000, 0x0000000086700000|100%| E|CS|TAMS 0x0000000086600000, 0x0000000086600000| Complete 
|  78|0x0000000089200000, 0x0000000089300000, 0x0000000089300000|100%| E|CS|TAMS 0x0000000089200000, 0x0000000089200000| Complete 
|  79|0x0000000089300000, 0x0000000089400000, 0x0000000089400000|100%| E|CS|TAMS 0x0000000089300000, 0x0000000089300000| Complete 
|  80|0x0000000089400000, 0x0000000089500000, 0x0000000089500000|100%| E|CS|TAMS 0x0000000089400000, 0x0000000089400000| Complete 
|  81|0x0000000089500000, 0x0000000089600000, 0x0000000089600000|100%| E|CS|TAMS 0x0000000089500000, 0x0000000089500000| Complete 
| 123|0x000000008bf00000, 0x000000008c000000, 0x000000008c000000|100%| E|CS|TAMS 0x000000008bf00000, 0x000000008bf00000| Complete 

Card table byte_map: [0x0000020417480000,0x0000020417860000] _byte_map_base: 0x000002041705e000

Marking Bits (Prev, Next): (CMBitMap*) 0x000002047fe6c7d0, (CMBitMap*) 0x000002047fe6c790
 Prev Bits: [0x0000020419b30000, 0x000002041ba20000)
 Next Bits: [0x0000020417c40000, 0x0000020419b30000)

Polling page: 0x000002047e5b0000

Metaspace:

Usage:
  Non-class:     20.61 MB used.
      Class:      2.36 MB used.
       Both:     22.97 MB used.

Virtual space:
  Non-class space:       24.00 MB reserved,      20.75 MB ( 86%) committed,  3 nodes.
      Class space:        1.00 GB reserved,       2.50 MB ( <1%) committed,  1 nodes.
             Both:        1.02 GB reserved,      23.25 MB (  2%) committed. 

Chunk freelists:
   Non-Class:  2.73 MB
       Class:  1.52 MB
        Both:  4.25 MB

MaxMetaspaceSize: unlimited
CompressedClassSpaceSize: 1.00 GB
Initial GC threshold: 21.00 MB
Current GC threshold: 35.12 MB
CDS: on
MetaspaceReclaimPolicy: balanced
 - commit_granule_bytes: 65536.
 - commit_granule_words: 8192.
 - virtual_space_node_default_size: 1048576.
 - enlarge_chunks_in_place: 1.
 - new_chunks_are_fully_committed: 0.
 - uncommit_free_chunks: 1.
 - use_allocation_guard: 0.
 - handle_deallocations: 1.


Internal statistics:

num_allocs_failed_limit: 3.
num_arena_births: 214.
num_arena_deaths: 0.
num_vsnodes_births: 4.
num_vsnodes_deaths: 0.
num_space_committed: 372.
num_space_uncommitted: 0.
num_chunks_returned_to_freelist: 3.
num_chunks_taken_from_freelist: 518.
num_chunk_merges: 0.
num_chunk_splits: 286.
num_chunks_enlarged: 137.
num_purges: 0.
num_inconsistent_stats: 0.

CodeHeap 'non-profiled nmethods': size=120000Kb used=3490Kb max_used=3702Kb free=116509Kb
 bounds [0x000002040f200000, 0x000002040f5a0000, 0x0000020416730000]
CodeHeap 'profiled nmethods': size=120000Kb used=10399Kb max_used=12718Kb free=109600Kb
 bounds [0x0000020407cd0000, 0x0000020408940000, 0x000002040f200000]
CodeHeap 'non-nmethods': size=5760Kb used=1408Kb max_used=1450Kb free=4351Kb
 bounds [0x0000020407730000, 0x00000204079a0000, 0x0000020407cd0000]
 total_blobs=5849 nmethods=5100 adapters=661
 compilation: enabled
              stopped_count=0, restarted_count=0
 full_count=0

Compilation events (20 events):
Event: 169.833 Thread 0x000002041e43e540 nmethod 6001 0x000002040f335c90 code [0x000002040f335e40, 0x000002040f336548]
Event: 169.833 Thread 0x000002041e43e540 6002       4       com.mysql.cj.ServerVersion::<init> (9 bytes)
Event: 169.838 Thread 0x000002041e43e540 nmethod 6002 0x000002040f270610 code [0x000002040f2707a0, 0x000002040f270cb8]
Event: 169.847 Thread 0x000002041e43e540 6003       4       java.math.BigInteger::shiftLeft (48 bytes)
Event: 169.852 Thread 0x000002041e43e540 nmethod 6003 0x000002040f382010 code [0x000002040f3821c0, 0x000002040f3828f8]
Event: 170.837 Thread 0x000002041e43e540 6004       4       sun.security.jca.ProviderList$ServiceList$1::hasNext (20 bytes)
Event: 170.838 Thread 0x000002041e43e540 nmethod 6004 0x000002040f44ca90 code [0x000002040f44cc20, 0x000002040f44cd08]
Event: 170.846 Thread 0x000002041e446ff0 6005       3       java.net.Socket::shutdownOutput (66 bytes)
Event: 170.846 Thread 0x000002041e446ff0 nmethod 6005 0x0000020407e21f90 code [0x0000020407e221c0, 0x0000020407e22a78]
Event: 170.848 Thread 0x000002041e43e540 6006       4       sun.security.ssl.HandshakeHash$T12HandshakeHash::update (30 bytes)
Event: 170.865 Thread 0x000002041e43e540 nmethod 6006 0x000002040f27b110 code [0x000002040f27b300, 0x000002040f27c388]
Event: 170.865 Thread 0x000002041e43e540 6007       4       sun.security.ssl.HandshakeHash$CloneableHash::update (11 bytes)
Event: 170.866 Thread 0x000002041e43e540 nmethod 6007 0x000002040f26b890 code [0x000002040f26ba20, 0x000002040f26bb38]
Event: 171.858 Thread 0x000002041e43e540 6008       4       java.util.Calendar::complete (40 bytes)
Event: 171.859 Thread 0x000002041e43e540 nmethod 6008 0x000002040f26b510 code [0x000002040f26b680, 0x000002040f26b758]
Event: 171.870 Thread 0x000002041e446ff0 6009       3       java.lang.AbstractStringBuilder::checkRangeSIOOBE (63 bytes)
Event: 171.872 Thread 0x000002041e446ff0 nmethod 6009 0x0000020407fa9d10 code [0x0000020407fa9fa0, 0x0000020407faa8f8]
Event: 171.872 Thread 0x000002041e43e540 6010       4       javax.swing.GroupLayout$ComponentInfo::setBounds (75 bytes)
Event: 171.874 Thread 0x000002041e43e540 nmethod 6010 0x000002040f3c5590 code [0x000002040f3c5720, 0x000002040f3c5838]
Event: 172.843 Thread 0x000002041e43e540 6011       4       java.net.URI$Parser::scan (41 bytes)

GC Heap History (20 events):
Event: 120.398 GC heap before
{Heap before GC invocations=27 (full 0):
 garbage-first heap   total 40960K, used 33976K [0x0000000084400000, 0x0000000100000000)
  region size 1024K, 24 young (24576K), 1 survivors (1024K)
 Metaspace       used 23243K, committed 23552K, reserved 1073152K
  class space    used 2399K, committed 2560K, reserved 1048576K
}
Event: 120.399 GC heap after
{Heap after GC invocations=28 (full 0):
 garbage-first heap   total 40960K, used 10440K [0x0000000084400000, 0x0000000100000000)
  region size 1024K, 1 young (1024K), 1 survivors (1024K)
 Metaspace       used 23243K, committed 23552K, reserved 1073152K
  class space    used 2399K, committed 2560K, reserved 1048576K
}
Event: 126.455 GC heap before
{Heap before GC invocations=28 (full 0):
 garbage-first heap   total 40960K, used 33992K [0x0000000084400000, 0x0000000100000000)
  region size 1024K, 24 young (24576K), 1 survivors (1024K)
 Metaspace       used 23278K, committed 23552K, reserved 1073152K
  class space    used 2399K, committed 2560K, reserved 1048576K
}
Event: 126.456 GC heap after
{Heap after GC invocations=29 (full 0):
 garbage-first heap   total 40960K, used 10460K [0x0000000084400000, 0x0000000100000000)
  region size 1024K, 1 young (1024K), 1 survivors (1024K)
 Metaspace       used 23278K, committed 23552K, reserved 1073152K
  class space    used 2399K, committed 2560K, reserved 1048576K
}
Event: 131.503 GC heap before
{Heap before GC invocations=29 (full 0):
 garbage-first heap   total 40960K, used 34012K [0x0000000084400000, 0x0000000100000000)
  region size 1024K, 24 young (24576K), 1 survivors (1024K)
 Metaspace       used 23288K, committed 23552K, reserved 1073152K
  class space    used 2399K, committed 2560K, reserved 1048576K
}
Event: 131.504 GC heap after
{Heap after GC invocations=30 (full 0):
 garbage-first heap   total 40960K, used 10420K [0x0000000084400000, 0x0000000100000000)
  region size 1024K, 1 young (1024K), 1 survivors (1024K)
 Metaspace       used 23288K, committed 23552K, reserved 1073152K
  class space    used 2399K, committed 2560K, reserved 1048576K
}
Event: 137.556 GC heap before
{Heap before GC invocations=30 (full 0):
 garbage-first heap   total 40960K, used 33972K [0x0000000084400000, 0x0000000100000000)
  region size 1024K, 24 young (24576K), 1 survivors (1024K)
 Metaspace       used 23314K, committed 23552K, reserved 1073152K
  class space    used 2399K, committed 2560K, reserved 1048576K
}
Event: 137.557 GC heap after
{Heap after GC invocations=31 (full 0):
 garbage-first heap   total 40960K, used 10461K [0x0000000084400000, 0x0000000100000000)
  region size 1024K, 1 young (1024K), 1 survivors (1024K)
 Metaspace       used 23314K, committed 23552K, reserved 1073152K
  class space    used 2399K, committed 2560K, reserved 1048576K
}
Event: 142.621 GC heap before
{Heap before GC invocations=31 (full 0):
 garbage-first heap   total 40960K, used 34013K [0x0000000084400000, 0x0000000100000000)
  region size 1024K, 24 young (24576K), 1 survivors (1024K)
 Metaspace       used 23322K, committed 23616K, reserved 1073152K
  class space    used 2399K, committed 2560K, reserved 1048576K
}
Event: 142.622 GC heap after
{Heap after GC invocations=32 (full 0):
 garbage-first heap   total 40960K, used 10462K [0x0000000084400000, 0x0000000100000000)
  region size 1024K, 1 young (1024K), 1 survivors (1024K)
 Metaspace       used 23322K, committed 23616K, reserved 1073152K
  class space    used 2399K, committed 2560K, reserved 1048576K
}
Event: 148.661 GC heap before
{Heap before GC invocations=32 (full 0):
 garbage-first heap   total 40960K, used 34014K [0x0000000084400000, 0x0000000100000000)
  region size 1024K, 24 young (24576K), 1 survivors (1024K)
 Metaspace       used 23326K, committed 23616K, reserved 1073152K
  class space    used 2399K, committed 2560K, reserved 1048576K
}
Event: 148.662 GC heap after
{Heap after GC invocations=33 (full 0):
 garbage-first heap   total 40960K, used 10469K [0x0000000084400000, 0x0000000100000000)
  region size 1024K, 1 young (1024K), 1 survivors (1024K)
 Metaspace       used 23326K, committed 23616K, reserved 1073152K
  class space    used 2399K, committed 2560K, reserved 1048576K
}
Event: 153.710 GC heap before
{Heap before GC invocations=33 (full 0):
 garbage-first heap   total 40960K, used 34021K [0x0000000084400000, 0x0000000100000000)
  region size 1024K, 24 young (24576K), 1 survivors (1024K)
 Metaspace       used 23328K, committed 23616K, reserved 1073152K
  class space    used 2399K, committed 2560K, reserved 1048576K
}
Event: 153.711 GC heap after
{Heap after GC invocations=34 (full 0):
 garbage-first heap   total 40960K, used 10466K [0x0000000084400000, 0x0000000100000000)
  region size 1024K, 1 young (1024K), 1 survivors (1024K)
 Metaspace       used 23328K, committed 23616K, reserved 1073152K
  class space    used 2399K, committed 2560K, reserved 1048576K
}
Event: 159.752 GC heap before
{Heap before GC invocations=34 (full 0):
 garbage-first heap   total 40960K, used 34018K [0x0000000084400000, 0x0000000100000000)
  region size 1024K, 24 young (24576K), 1 survivors (1024K)
 Metaspace       used 23341K, committed 23680K, reserved 1073152K
  class space    used 2399K, committed 2560K, reserved 1048576K
}
Event: 159.753 GC heap after
{Heap after GC invocations=35 (full 0):
 garbage-first heap   total 40960K, used 10491K [0x0000000084400000, 0x0000000100000000)
  region size 1024K, 1 young (1024K), 1 survivors (1024K)
 Metaspace       used 23341K, committed 23680K, reserved 1073152K
  class space    used 2399K, committed 2560K, reserved 1048576K
}
Event: 164.827 GC heap before
{Heap before GC invocations=35 (full 0):
 garbage-first heap   total 40960K, used 34043K [0x0000000084400000, 0x0000000100000000)
  region size 1024K, 24 young (24576K), 1 survivors (1024K)
 Metaspace       used 23395K, committed 23680K, reserved 1073152K
  class space    used 2399K, committed 2560K, reserved 1048576K
}
Event: 164.829 GC heap after
{Heap after GC invocations=36 (full 0):
 garbage-first heap   total 40960K, used 10481K [0x0000000084400000, 0x0000000100000000)
  region size 1024K, 1 young (1024K), 1 survivors (1024K)
 Metaspace       used 23395K, committed 23680K, reserved 1073152K
  class space    used 2399K, committed 2560K, reserved 1048576K
}
Event: 170.841 GC heap before
{Heap before GC invocations=36 (full 0):
 garbage-first heap   total 40960K, used 34033K [0x0000000084400000, 0x0000000100000000)
  region size 1024K, 24 young (24576K), 1 survivors (1024K)
 Metaspace       used 23405K, committed 23680K, reserved 1073152K
  class space    used 2399K, committed 2560K, reserved 1048576K
}
Event: 170.842 GC heap after
{Heap after GC invocations=37 (full 0):
 garbage-first heap   total 40960K, used 10520K [0x0000000084400000, 0x0000000100000000)
  region size 1024K, 1 young (1024K), 1 survivors (1024K)
 Metaspace       used 23405K, committed 23680K, reserved 1073152K
  class space    used 2399K, committed 2560K, reserved 1048576K
}

Deoptimization events (20 events):
Event: 113.323 Thread 0x000002041f390930 DEOPT PACKING pc=0x00000204085980dd sp=0x0000006a371fd130
Event: 113.323 Thread 0x000002041f390930 DEOPT UNPACKING pc=0x0000020407786763 sp=0x0000006a371fc658 mode 0
Event: 115.326 Thread 0x000002041f390930 DEOPT PACKING pc=0x000002040859cffc sp=0x0000006a371fe060
Event: 115.326 Thread 0x000002041f390930 DEOPT UNPACKING pc=0x0000020407786763 sp=0x0000006a371fd5f0 mode 0
Event: 116.330 Thread 0x000002041f390930 Uncommon trap: trap_request=0xfffffff4 fr.pc=0x000002040f538994 relative=0x0000000000001f34
Event: 116.330 Thread 0x000002041f390930 Uncommon trap: reason=null_check action=make_not_entrant pc=0x000002040f538994 method=com.mysql.cj.jdbc.JdbcPropertySetImpl.postInitialization()V @ 50 c2
Event: 116.330 Thread 0x000002041f390930 DEOPT PACKING pc=0x000002040f538994 sp=0x0000006a371fe130
Event: 116.330 Thread 0x000002041f390930 DEOPT UNPACKING pc=0x0000020407785c23 sp=0x0000006a371fe088 mode 2
Event: 117.360 Thread 0x000002041f390930 Uncommon trap: trap_request=0xfffffff4 fr.pc=0x000002040f50df4c relative=0x00000000000016ac
Event: 117.360 Thread 0x000002041f390930 Uncommon trap: reason=null_check action=make_not_entrant pc=0x000002040f50df4c method=com.mysql.cj.jdbc.JdbcPropertySetImpl.postInitialization()V @ 50 c2
Event: 117.360 Thread 0x000002041f390930 DEOPT PACKING pc=0x000002040f50df4c sp=0x0000006a371fe140
Event: 117.360 Thread 0x000002041f390930 DEOPT UNPACKING pc=0x0000020407785c23 sp=0x0000006a371fe088 mode 2
Event: 128.465 Thread 0x000002041f390930 DEOPT PACKING pc=0x000002040859094e sp=0x0000006a371fe120
Event: 128.465 Thread 0x000002041f390930 DEOPT UNPACKING pc=0x0000020407786763 sp=0x0000006a371fd628 mode 0
Event: 131.494 Thread 0x000002041f390930 DEOPT PACKING pc=0x00000204083f26c6 sp=0x0000006a371fd2f0
Event: 131.494 Thread 0x000002041f390930 DEOPT UNPACKING pc=0x0000020407786763 sp=0x0000006a371fc7f0 mode 0
Event: 133.510 Thread 0x000002041f390930 Uncommon trap: trap_request=0xffffff45 fr.pc=0x000002040f3d4384 relative=0x0000000000000644
Event: 133.510 Thread 0x000002041f390930 Uncommon trap: reason=unstable_if action=reinterpret pc=0x000002040f3d4384 method=java.math.MutableBigInteger.divideOneWord(ILjava/math/MutableBigInteger;)I @ 12 c2
Event: 133.510 Thread 0x000002041f390930 DEOPT PACKING pc=0x000002040f3d4384 sp=0x0000006a371fce90
Event: 133.510 Thread 0x000002041f390930 DEOPT UNPACKING pc=0x0000020407785c23 sp=0x0000006a371fcdf0 mode 2

Classes unloaded (0 events):
No events

Classes redefined (0 events):
No events

Internal exceptions (20 events):
Event: 0.488 Thread 0x000002041f390930 Exception <a 'java/lang/NoSuchMethodError'{0x000000008ad780c8}: 'int java.lang.invoke.DirectMethodHandle$Holder.invokeStaticInit(java.lang.Object, java.lang.Object, java.lang.Object, java.lang.Object)'> (0x000000008ad780c8) 
thrown [t:\workspace\open\src\hotspot\share\interpreter\linkResolver.cpp, line 766]
Event: 0.489 Thread 0x000002041f390930 Exception <a 'java/lang/IncompatibleClassChangeError'{0x000000008ad81818}: Found class java.lang.Object, but interface was expected> (0x000000008ad81818) 
thrown [t:\workspace\open\src\hotspot\share\interpreter\linkResolver.cpp, line 833]
Event: 0.489 Thread 0x000002041f390930 Exception <a 'java/lang/NoSuchMethodError'{0x000000008ad84af0}: 'void java.lang.invoke.DirectMethodHandle$Holder.invokeStaticInit(java.lang.Object, java.lang.Object)'> (0x000000008ad84af0) 
thrown [t:\workspace\open\src\hotspot\share\interpreter\linkResolver.cpp, line 766]
Event: 0.490 Thread 0x000002041f390930 Exception <a 'java/lang/NoSuchMethodError'{0x000000008ad8a8b8}: 'int java.lang.invoke.DirectMethodHandle$Holder.invokeStaticInit(java.lang.Object, java.lang.Object)'> (0x000000008ad8a8b8) 
thrown [t:\workspace\open\src\hotspot\share\interpreter\linkResolver.cpp, line 766]
Event: 0.512 Thread 0x000002041f390930 Exception <a 'java/lang/NoSuchMethodError'{0x000000008ab5f348}: 'java.lang.Object java.lang.invoke.DirectMethodHandle$Holder.invokeStaticInit(java.lang.Object, int, int, int, int)'> (0x000000008ab5f348) 
thrown [t:\workspace\open\src\hotspot\share\interpreter\linkResolver.cpp, line 766]
Event: 0.558 Thread 0x000002041f390930 Exception <a 'java/lang/NoSuchMethodError'{0x000000008aa04b18}: 'java.lang.Object java.lang.invoke.DirectMethodHandle$Holder.invokeStaticInit(java.lang.Object, java.lang.Object, int, int, int, int)'> (0x000000008aa04b18) 
thrown [t:\workspace\open\src\hotspot\share\interpreter\linkResolver.cpp, line 766]
Event: 0.749 Thread 0x000002041f3299c0 Exception <a 'java/lang/NoSuchMethodError'{0x000000008be083a0}: 'void java.lang.invoke.DirectMethodHandle$Holder.invokeVirtual(java.lang.Object, java.lang.Object)'> (0x000000008be083a0) 
thrown [t:\workspace\open\src\hotspot\share\interpreter\linkResolver.cpp, line 766]
Event: 0.760 Thread 0x000002041f390930 Exception <a 'java/lang/NoSuchMethodError'{0x000000008bfe20a0}: 'void java.lang.invoke.DirectMethodHandle$Holder.invokeStaticInit(java.lang.Object)'> (0x000000008bfe20a0) 
thrown [t:\workspace\open\src\hotspot\share\interpreter\linkResolver.cpp, line 766]
Event: 6.715 Thread 0x000002041f390930 Implicit null exception at 0x000002040f33bb5b to 0x000002040f33c098
Event: 6.715 Thread 0x000002041f390930 Implicit null exception at 0x000002040f335f38 to 0x000002040f3364a1
Event: 6.715 Thread 0x000002041f390930 Implicit null exception at 0x000002040f33bb5b to 0x000002040f33c098
Event: 6.716 Thread 0x000002041f390930 Implicit null exception at 0x000002040f335f38 to 0x000002040f3364a1
Event: 6.716 Thread 0x000002041f390930 Implicit null exception at 0x000002040f33bb5b to 0x000002040f33c098
Event: 9.975 Thread 0x000002041f390930 Exception <a 'java/lang/NoSuchMethodError'{0x000000008636a280}: 'int java.lang.invoke.DirectMethodHandle$Holder.invokeStatic(java.lang.Object)'> (0x000000008636a280) 
thrown [t:\workspace\open\src\hotspot\share\interpreter\linkResolver.cpp, line 766]
Event: 104.228 Thread 0x000002041f390930 Implicit null exception at 0x000002040f5159c1 to 0x000002040f5166c0
Event: 104.228 Thread 0x000002041f390930 Implicit null exception at 0x000002040f5159c1 to 0x000002040f5166c0
Event: 104.229 Thread 0x000002041f390930 Implicit null exception at 0x000002040f5159c1 to 0x000002040f5166c0
Event: 104.229 Thread 0x000002041f390930 Implicit null exception at 0x000002040f5159c1 to 0x000002040f5166c0
Event: 116.330 Thread 0x000002041f390930 Implicit null exception at 0x000002040f537737 to 0x000002040f538984
Event: 117.360 Thread 0x000002041f390930 Implicit null exception at 0x000002040f50d22f to 0x000002040f50df3c

VM Operations (20 events):
Event: 154.724 Executing VM operation: Cleanup
Event: 154.724 Executing VM operation: Cleanup done
Event: 157.762 Executing VM operation: Cleanup
Event: 157.762 Executing VM operation: Cleanup done
Event: 159.752 Executing VM operation: G1CollectForAllocation
Event: 159.753 Executing VM operation: G1CollectForAllocation done
Event: 161.754 Executing VM operation: Cleanup
Event: 161.754 Executing VM operation: Cleanup done
Event: 163.772 Executing VM operation: Cleanup
Event: 163.772 Executing VM operation: Cleanup done
Event: 164.827 Executing VM operation: G1CollectForAllocation
Event: 164.829 Executing VM operation: G1CollectForAllocation done
Event: 166.835 Executing VM operation: Cleanup
Event: 166.835 Executing VM operation: Cleanup done
Event: 167.840 Executing VM operation: Cleanup
Event: 167.840 Executing VM operation: Cleanup done
Event: 170.841 Executing VM operation: G1CollectForAllocation
Event: 170.842 Executing VM operation: G1CollectForAllocation done
Event: 171.847 Executing VM operation: Cleanup
Event: 171.847 Executing VM operation: Cleanup done

Events (20 events):
Event: 139.590 Thread 0x000002041e44ff10 flushing nmethod 0x00000204083fef10
Event: 139.590 Thread 0x000002041e44ff10 flushing nmethod 0x0000020408406a90
Event: 139.590 Thread 0x000002041e44ff10 flushing nmethod 0x0000020408406f90
Event: 139.590 Thread 0x000002041e44ff10 flushing nmethod 0x0000020408407310
Event: 139.590 Thread 0x000002041e44ff10 flushing nmethod 0x0000020408407c90
Event: 139.590 Thread 0x000002041e44ff10 flushing nmethod 0x000002040840ed10
Event: 139.590 Thread 0x000002041e44ff10 flushing nmethod 0x000002040843c510
Event: 139.590 Thread 0x000002041e44ff10 flushing nmethod 0x000002040844e310
Event: 139.590 Thread 0x000002041e44ff10 flushing nmethod 0x000002040848fc10
Event: 139.591 Thread 0x000002041e44ff10 flushing nmethod 0x0000020408493f10
Event: 139.591 Thread 0x000002041e44ff10 flushing nmethod 0x00000204084d1810
Event: 139.591 Thread 0x000002041e44ff10 flushing nmethod 0x00000204084e8490
Event: 139.591 Thread 0x000002041e44ff10 flushing nmethod 0x0000020408508890
Event: 139.591 Thread 0x000002041e44ff10 flushing nmethod 0x000002040851c710
Event: 139.591 Thread 0x000002041e44ff10 flushing nmethod 0x0000020408580f10
Event: 139.591 Thread 0x000002041e44ff10 flushing nmethod 0x000002040858f790
Event: 139.591 Thread 0x000002041e44ff10 flushing nmethod 0x0000020408596810
Event: 139.591 Thread 0x000002041e44ff10 flushing nmethod 0x0000020408598d90
Event: 139.591 Thread 0x000002041e44ff10 flushing nmethod 0x0000020408619810
Event: 139.592 Thread 0x000002041e44ff10 flushing nmethod 0x00000204087ff610


Dynamic libraries:
0x00007ff6bac50000 - 0x00007ff6bac60000 	C:\Program Files\Java\jdk-17.0.1\bin\java.exe
0x00007ffb2e8c0000 - 0x00007ffb2eac9000 	C:\WINDOWS\SYSTEM32\ntdll.dll
0x00007ffb2c740000 - 0x00007ffb2c7fe000 	C:\WINDOWS\System32\KERNEL32.DLL
0x00007ffb2beb0000 - 0x00007ffb2c22b000 	C:\WINDOWS\System32\KERNELBASE.dll
0x00007ffb2c490000 - 0x00007ffb2c5a1000 	C:\WINDOWS\System32\ucrtbase.dll
0x00007ffb16090000 - 0x00007ffb160aa000 	C:\Program Files\Java\jdk-17.0.1\bin\VCRUNTIME140.dll
0x00007ffb28820000 - 0x00007ffb28838000 	C:\Program Files\Java\jdk-17.0.1\bin\jli.dll
0x00007ffb2c990000 - 0x00007ffb2ca3e000 	C:\WINDOWS\System32\ADVAPI32.dll
0x00007ffb2e220000 - 0x00007ffb2e2c3000 	C:\WINDOWS\System32\msvcrt.dll
0x00007ffb2c870000 - 0x00007ffb2c90e000 	C:\WINDOWS\System32\sechost.dll
0x00007ffb2cc40000 - 0x00007ffb2cd60000 	C:\WINDOWS\System32\RPCRT4.dll
0x00007ffb2ce50000 - 0x00007ffb2cffd000 	C:\WINDOWS\System32\USER32.dll
0x00007ffaf9fd0000 - 0x00007ffafa275000 	C:\WINDOWS\WinSxS\amd64_microsoft.windows.common-controls_6595b64144ccf1df_6.0.22000.120_none_9d947278b86cc467\COMCTL32.dll
0x00007ffb2c460000 - 0x00007ffb2c486000 	C:\WINDOWS\System32\win32u.dll
0x00007ffb2e2d0000 - 0x00007ffb2e2f9000 	C:\WINDOWS\System32\GDI32.dll
0x00007ffb2bd90000 - 0x00007ffb2bea8000 	C:\WINDOWS\System32\gdi32full.dll
0x00007ffb2c5b0000 - 0x00007ffb2c64d000 	C:\WINDOWS\System32\msvcp_win.dll
0x00007ffb1efd0000 - 0x00007ffb1efda000 	C:\WINDOWS\SYSTEM32\VERSION.dll
0x00007ffb2ca40000 - 0x00007ffb2ca72000 	C:\WINDOWS\System32\IMM32.DLL
0x00007ffb28110000 - 0x00007ffb2811c000 	C:\Program Files\Java\jdk-17.0.1\bin\vcruntime140_1.dll
0x00007ffafa850000 - 0x00007ffafa8dd000 	C:\Program Files\Java\jdk-17.0.1\bin\msvcp140.dll
0x00007ffadd6c0000 - 0x00007ffade27e000 	C:\Program Files\Java\jdk-17.0.1\bin\server\jvm.dll
0x00007ffb2e300000 - 0x00007ffb2e308000 	C:\WINDOWS\System32\PSAPI.DLL
0x00007ffb28760000 - 0x00007ffb28769000 	C:\WINDOWS\SYSTEM32\WSOCK32.dll
0x00007ffb24310000 - 0x00007ffb24343000 	C:\WINDOWS\SYSTEM32\WINMM.dll
0x00007ffb2d660000 - 0x00007ffb2d6cf000 	C:\WINDOWS\System32\WS2_32.dll
0x00007ffb2ae90000 - 0x00007ffb2aea8000 	C:\WINDOWS\SYSTEM32\kernel.appcore.dll
0x00007ffb276f0000 - 0x00007ffb276fa000 	C:\Program Files\Java\jdk-17.0.1\bin\jimage.dll
0x00007ffb29940000 - 0x00007ffb29b61000 	C:\WINDOWS\SYSTEM32\DBGHELP.DLL
0x00007ffb15660000 - 0x00007ffb15691000 	C:\WINDOWS\SYSTEM32\dbgcore.DLL
0x00007ffb2c650000 - 0x00007ffb2c6cf000 	C:\WINDOWS\System32\bcryptPrimitives.dll
0x00007ffb0c790000 - 0x00007ffb0c7b5000 	C:\Program Files\Java\jdk-17.0.1\bin\java.dll
0x00007ffaf9d90000 - 0x00007ffaf9e66000 	C:\Program Files\Java\jdk-17.0.1\bin\svml.dll
0x00007ffb2da60000 - 0x00007ffb2e218000 	C:\WINDOWS\System32\SHELL32.dll
0x00007ffb29e80000 - 0x00007ffb2a6e5000 	C:\WINDOWS\SYSTEM32\windows.storage.dll
0x00007ffb2d6d0000 - 0x00007ffb2da48000 	C:\WINDOWS\System32\combase.dll
0x00007ffb29d10000 - 0x00007ffb29e76000 	C:\WINDOWS\SYSTEM32\wintypes.dll
0x00007ffb2d000000 - 0x00007ffb2d0ea000 	C:\WINDOWS\System32\SHCORE.dll
0x00007ffb2d600000 - 0x00007ffb2d65d000 	C:\WINDOWS\System32\shlwapi.dll
0x00007ffb2bcc0000 - 0x00007ffb2bce1000 	C:\WINDOWS\SYSTEM32\profapi.dll
0x00007ffb0a560000 - 0x00007ffb0a579000 	C:\Program Files\Java\jdk-17.0.1\bin\net.dll
0x00007ffb24100000 - 0x00007ffb24214000 	C:\WINDOWS\SYSTEM32\WINHTTP.dll
0x00007ffb2b3a0000 - 0x00007ffb2b407000 	C:\WINDOWS\system32\mswsock.dll
0x00007ffb094a0000 - 0x00007ffb094b5000 	C:\Program Files\Java\jdk-17.0.1\bin\nio.dll
0x00007ffb092d0000 - 0x00007ffb092e8000 	C:\Program Files\Java\jdk-17.0.1\bin\zip.dll
0x00007ffaec710000 - 0x00007ffaec89f000 	C:\Program Files\Java\jdk-17.0.1\bin\awt.dll
0x00007ffb2e430000 - 0x00007ffb2e506000 	C:\WINDOWS\System32\OLEAUT32.dll
0x00007ffb28f60000 - 0x00007ffb28ff2000 	C:\WINDOWS\SYSTEM32\apphelp.dll
0x00007ffb29020000 - 0x00007ffb290cc000 	C:\WINDOWS\system32\uxtheme.dll
0x00007ffb2e310000 - 0x00007ffb2e42d000 	C:\WINDOWS\System32\MSCTF.dll
0x00007ffb2e5f0000 - 0x00007ffb2e78a000 	C:\WINDOWS\System32\ole32.dll
0x00007ffb29360000 - 0x00007ffb2938f000 	C:\WINDOWS\system32\DWMAPI.DLL
0x00007ffaf97b0000 - 0x00007ffaf9839000 	C:\Program Files\Java\jdk-17.0.1\bin\freetype.dll
0x00007ffaf7500000 - 0x00007ffaf75a8000 	C:\Program Files\Java\jdk-17.0.1\bin\fontmanager.dll
0x00007ffb0b9a0000 - 0x00007ffb0baa1000 	C:\WINDOWS\system32\opengl32.dll
0x00007ffb13440000 - 0x00007ffb1346d000 	C:\WINDOWS\SYSTEM32\GLU32.dll
0x00007ffb29100000 - 0x00007ffb29138000 	C:\WINDOWS\SYSTEM32\dxcore.dll
0x00007ffb2a960000 - 0x00007ffb2aa48000 	C:\WINDOWS\SYSTEM32\DNSAPI.dll
0x00007ffb2a930000 - 0x00007ffb2a95d000 	C:\WINDOWS\SYSTEM32\IPHLPAPI.DLL
0x00007ffb2d580000 - 0x00007ffb2d589000 	C:\WINDOWS\System32\NSI.dll
0x00007ffb21350000 - 0x00007ffb2135a000 	C:\Windows\System32\rasadhlp.dll
0x00007ffb213a0000 - 0x00007ffb21421000 	C:\WINDOWS\System32\fwpuclnt.dll
0x00007ffb2b5e0000 - 0x00007ffb2b5f8000 	C:\WINDOWS\SYSTEM32\CRYPTSP.dll
0x00007ffb2ade0000 - 0x00007ffb2ae15000 	C:\WINDOWS\system32\rsaenh.dll
0x00007ffb2b490000 - 0x00007ffb2b4b9000 	C:\WINDOWS\SYSTEM32\USERENV.dll
0x00007ffb2b770000 - 0x00007ffb2b797000 	C:\WINDOWS\SYSTEM32\bcrypt.dll
0x00007ffb2b600000 - 0x00007ffb2b60c000 	C:\WINDOWS\SYSTEM32\CRYPTBASE.dll
0x00007ffb23c00000 - 0x00007ffb23c19000 	C:\WINDOWS\SYSTEM32\dhcpcsvc6.DLL
0x00007ffb24350000 - 0x00007ffb2436e000 	C:\WINDOWS\SYSTEM32\dhcpcsvc.DLL
0x00007ffb277f0000 - 0x00007ffb277fe000 	C:\Program Files\Java\jdk-17.0.1\bin\sunmscapi.dll
0x00007ffb2c2f0000 - 0x00007ffb2c452000 	C:\WINDOWS\System32\CRYPT32.dll
0x00007ffb2b740000 - 0x00007ffb2b768000 	C:\WINDOWS\SYSTEM32\ncrypt.dll
0x00007ffb2b700000 - 0x00007ffb2b737000 	C:\WINDOWS\SYSTEM32\NTASN1.dll
0x00007ffb2e530000 - 0x00007ffb2e5e5000 	C:\WINDOWS\System32\clbcatq.dll
0x00007ffb250d0000 - 0x00007ffb2527e000 	C:\WINDOWS\SYSTEM32\WindowsCodecs.dll
0x00007ffb119f0000 - 0x00007ffb11a4d000 	C:\WINDOWS\system32\dataexchange.dll
0x00007ffb214a0000 - 0x00007ffb21706000 	C:\WINDOWS\system32\twinapi.appcore.dll
0x00007ffb18af0000 - 0x00007ffb18c1d000 	C:\WINDOWS\SYSTEM32\textinputframework.dll
0x00007ffb28de0000 - 0x00007ffb28f11000 	C:\WINDOWS\SYSTEM32\CoreMessaging.dll
0x00007ffb26560000 - 0x00007ffb268cd000 	C:\WINDOWS\SYSTEM32\CoreUIComponents.dll

dbghelp: loaded successfully - version: 4.0.5 - missing functions: none
symbol engine: initialized successfully - sym options: 0x614 - pdb path: .;C:\Program Files\Java\jdk-17.0.1\bin;C:\WINDOWS\SYSTEM32;C:\WINDOWS\WinSxS\amd64_microsoft.windows.common-controls_6595b64144ccf1df_6.0.22000.120_none_9d947278b86cc467;C:\Program Files\Java\jdk-17.0.1\bin\server

VM Arguments:
jvm_args: -Dfile.encoding=UTF-8 --module-path=C:\Users\DELL\Documents\ASMALIGE\asm_Duan1\build\classes 
java_command: da1.ui.DangNhap
java_class_path (initial): D:\eage\mysql-connector-java-8.0.13.jar;D:\eage\sqljdbc4-3.0.jar;C:\Users\DELL\Desktop\jcalendar-1.4.jar;C:\Users\DELL\Documents\ASMALIGE\asm_Duan1\build\classes
Launcher Type: SUN_STANDARD

[Global flags]
     intx CICompilerCount                          = 4                                         {product} {ergonomic}
     uint ConcGCThreads                            = 2                                         {product} {ergonomic}
     uint G1ConcRefinementThreads                  = 8                                         {product} {ergonomic}
   size_t G1HeapRegionSize                         = 1048576                                   {product} {ergonomic}
    uintx GCDrainStackTargetSize                   = 64                                        {product} {ergonomic}
   size_t InitialHeapSize                          = 130023424                                 {product} {ergonomic}
   size_t MarkStackSize                            = 4194304                                   {product} {ergonomic}
   size_t MaxHeapSize                              = 2076180480                                {product} {ergonomic}
   size_t MaxNewSize                               = 1245708288                                {product} {ergonomic}
   size_t MinHeapDeltaBytes                        = 1048576                                   {product} {ergonomic}
   size_t MinHeapSize                              = 8388608                                   {product} {ergonomic}
    uintx NonNMethodCodeHeapSize                   = 5839372                                {pd product} {ergonomic}
    uintx NonProfiledCodeHeapSize                  = 122909434                              {pd product} {ergonomic}
    uintx ProfiledCodeHeapSize                     = 122909434                              {pd product} {ergonomic}
    uintx ReservedCodeCacheSize                    = 251658240                              {pd product} {ergonomic}
     bool SegmentedCodeCache                       = true                                      {product} {ergonomic}
   size_t SoftMaxHeapSize                          = 2076180480                             {manageable} {ergonomic}
     bool UseCompressedClassPointers               = true                           {product lp64_product} {ergonomic}
     bool UseCompressedOops                        = true                           {product lp64_product} {ergonomic}
     bool UseG1GC                                  = true                                      {product} {ergonomic}
     bool UseLargePagesIndividualAllocation        = false                                  {pd product} {ergonomic}

Logging:
Log output configuration:
 #0: stdout all=warning uptime,level,tags
 #1: stderr all=off uptime,level,tags

Environment Variables:
PATH=C:\Program Files\Common Files\Oracle\Java\javapath;C:\Program Files (x86)\Common Files\Oracle\Java\javapath;C:\WINDOWS\system32;C:\WINDOWS;C:\WINDOWS\System32\Wbem;C:\WINDOWS\System32\WindowsPowerShell\v1.0\;C:\WINDOWS\System32\OpenSSH\;C:\Program Files\Microsoft SQL Server\Client SDK\ODBC\170\Tools\Binn\;C:\Program Files (x86)\Microsoft SQL Server\150\Tools\Binn\;C:\Program Files\Microsoft SQL Server\150\Tools\Binn\;C:\Program Files\Microsoft SQL Server\150\DTS\Binn\;D:\ducpham\Git\cmd;C:\Program Files\dotnet\;C:\Program Files\Azure Data Studio\bin;C:\Users\DELL\AppData\Local\Microsoft\WindowsApps;C:\Users\DELL\AppData\Local\Programs\Microsoft VS Code\bin;C:\Program Files\Azure Data Studio\bin;
USERNAME=DELL
OS=Windows_NT
PROCESSOR_IDENTIFIER=Intel64 Family 6 Model 140 Stepping 1, GenuineIntel



---------------  S Y S T E M  ---------------

OS:
 Windows 10 , 64 bit Build 22000 (10.0.22000.1219)
OS uptime: 9 days 17:10 hours

CPU: total 8 (initial active 8) (4 cores per cpu, 2 threads per core) family 6 model 140 stepping 1 microcode 0xa4, cx8, cmov, fxsr, ht, mmx, 3dnowpref, sse, sse2, sse3, ssse3, sse4.1, sse4.2, popcnt, lzcnt, tsc, tscinvbit, avx, avx2, aes, erms, clmul, bmi1, bmi2, adx, avx512f, avx512dq, avx512cd, avx512bw, avx512vl, sha, fma, vzeroupper, avx512_vpopcntdq, avx512_vpclmulqdq, avx512_vaes, avx512_vnni, clflush, clflushopt, clwb, avx512_vbmi2, avx512_vbmi

Memory: 4k page, system-wide physical 7914M (538M free)
TotalPageFile size 10914M (AvailPageFile size 0M)
current process WorkingSet (physical memory assigned to process): 134M, peak: 157M
current process commit charge ("private bytes"): 168M, peak: 262M

vm_info: Java HotSpot(TM) 64-Bit Server VM (17.0.1+12-LTS-39) for windows-amd64 JRE (17.0.1+12-LTS-39), built on Sep 27 2021 18:41:35 by "mach5one" with MS VC++ 16.8 (VS2019)

END.
