#
# There is insufficient memory for the Java Runtime Environment to continue.
# Native memory allocation (mmap) failed to map 65536 bytes for Failed to commit metaspace.
# Possible reasons:
#   The system is out of physical RAM or swap space
#   The process is running with CompressedOops enabled, and the Java Heap may be blocking the growth of the native heap
# Possible solutions:
#   Reduce memory load on the system
#   Increase physical memory or swap space
#   Check if swap backing store is full
#   Decrease Java heap size (-Xmx/-Xms)
#   Decrease number of Java threads
#   Decrease Java thread stack sizes (-Xss)
#   Set larger code cache with -XX:ReservedCodeCacheSize=
#   JVM is running with Unscaled Compressed Oops mode in which the Java heap is
#     placed in the first 4GB address space. The Java Heap base address is the
#     maximum limit for the native heap growth. Please use -XX:HeapBaseMinAddress
#     to set the Java Heap base and to place the Java Heap above 4GB virtual address.
# This output file may be truncated or incomplete.
#
#  Out of Memory Error (virtualSpaceNode.cpp:110), pid=16268, tid=15648
#
# JRE version: Java(TM) SE Runtime Environment (17.0.1+12) (build 17.0.1+12-LTS-39)
# Java VM: Java HotSpot(TM) 64-Bit Server VM (17.0.1+12-LTS-39, mixed mode, sharing, tiered, compressed oops, compressed class ptrs, g1 gc, windows-amd64)
# No core dump will be written. Minidumps are not enabled by default on client versions of Windows
#

---------------  S U M M A R Y ------------

Command Line: -Dfile.encoding=UTF-8 --module-path=C:\Users\DELL\Documents\ASMALIGE\asm_Duan1\build\classes da1.ui.TimVe1

Host: 11th Gen Intel(R) Core(TM) i5-1135G7 @ 2.40GHz, 8 cores, 7G,  Windows 10 , 64 bit Build 22000 (10.0.22000.1219)
Time: Wed Nov 23 16:35:54 2022 SE Asia Standard Time elapsed time: 0.302926 seconds (0d 0h 0m 0s)

---------------  T H R E A D  ---------------

Current thread (0x00000232e3f2e560):  JavaThread "main" [_thread_in_vm, id=15648, stack(0x0000003c93800000,0x0000003c93900000)]

Stack: [0x0000003c93800000,0x0000003c93900000]
Native frames: (J=compiled Java code, j=interpreted, Vv=VM code, C=native code)
V  [jvm.dll+0x66fa1a]
V  [jvm.dll+0x7ce5a4]
V  [jvm.dll+0x7cfd4e]
V  [jvm.dll+0x7d03b3]
V  [jvm.dll+0x242b05]
V  [jvm.dll+0x7ca54b]
V  [jvm.dll+0x615b76]
V  [jvm.dll+0x615bda]
V  [jvm.dll+0x6183ea]
V  [jvm.dll+0x616516]
V  [jvm.dll+0x1e5ee7]
V  [jvm.dll+0x1e8cf3]
V  [jvm.dll+0x1de1f1]
V  [jvm.dll+0x537690]
V  [jvm.dll+0x1ee9d7]
V  [jvm.dll+0x748afb]
V  [jvm.dll+0x749ea2]
V  [jvm.dll+0x74a1d8]
V  [jvm.dll+0x40fd28]
C  [java.dll+0x13e9]

Java frames: (J=compiled Java code, j=interpreted, Vv=VM code)
j  java.lang.Class.forName0(Ljava/lang/String;ZLjava/lang/ClassLoader;Ljava/lang/Class;)Ljava/lang/Class;+0 java.base@17.0.1
j  java.lang.Class.forName(Ljava/lang/String;)Ljava/lang/Class;+11 java.base@17.0.1
j  javax.swing.plaf.nimbus.NimbusDefaults$LazyStyle$Part.<init>(Ljavax/swing/plaf/nimbus/NimbusDefaults$LazyStyle;Ljava/lang/String;)V+80 java.desktop@17.0.1
j  javax.swing.plaf.nimbus.NimbusDefaults$LazyStyle.<init>(Ljavax/swing/plaf/nimbus/NimbusDefaults;Ljava/lang/String;)V+132 java.desktop@17.0.1
j  javax.swing.plaf.nimbus.NimbusDefaults.register(Ljavax/swing/plaf/synth/Region;Ljava/lang/String;)V+52 java.desktop@17.0.1
j  javax.swing.plaf.nimbus.NimbusDefaults.<init>()V+632 java.desktop@17.0.1
j  javax.swing.plaf.nimbus.NimbusLookAndFeel.<init>()V+31 java.desktop@17.0.1
v  ~StubRoutines::call_stub
j  jdk.internal.reflect.NativeConstructorAccessorImpl.newInstance0(Ljava/lang/reflect/Constructor;[Ljava/lang/Object;)Ljava/lang/Object;+0 java.base@17.0.1
j  jdk.internal.reflect.NativeConstructorAccessorImpl.newInstance([Ljava/lang/Object;)Ljava/lang/Object;+118 java.base@17.0.1
j  jdk.internal.reflect.DelegatingConstructorAccessorImpl.newInstance([Ljava/lang/Object;)Ljava/lang/Object;+5 java.base@17.0.1
j  java.lang.reflect.Constructor.newInstanceWithCaller([Ljava/lang/Object;ZLjava/lang/Class;)Ljava/lang/Object;+65 java.base@17.0.1
j  java.lang.reflect.ReflectAccess.newInstance(Ljava/lang/reflect/Constructor;[Ljava/lang/Object;Ljava/lang/Class;)Ljava/lang/Object;+4 java.base@17.0.1
j  jdk.internal.reflect.ReflectionFactory.newInstance(Ljava/lang/reflect/Constructor;[Ljava/lang/Object;Ljava/lang/Class;)Ljava/lang/Object;+7 java.base@17.0.1
j  java.lang.Class.newInstance()Ljava/lang/Object;+117 java.base@17.0.1
j  javax.swing.UIManager.setLookAndFeel(Ljava/lang/String;)V+28 java.desktop@17.0.1
j  da1.ui.TimVe1.main([Ljava/lang/String;)V+38
v  ~StubRoutines::call_stub

---------------  P R O C E S S  ---------------

Threads class SMR info:
_java_thread_list=0x0000023282add000, length=16, elements={
0x00000232e3f2e560, 0x00000232ffde6710, 0x00000232ffde90d0, 0x00000232ffdfd810,
0x00000232ffdfe1c0, 0x00000232ffdfeb70, 0x00000232ffdff520, 0x00000232ffe0fbd0,
0x00000232ffe32690, 0x00000232ffe3efb0, 0x00000232ffdd3370, 0x000002328290fe10,
0x00000232829123a0, 0x0000023282acca90, 0x0000023282accf60, 0x0000023282acd430
}

Java Threads: ( => current thread )
=>0x00000232e3f2e560 JavaThread "main" [_thread_in_vm, id=15648, stack(0x0000003c93800000,0x0000003c93900000)]
  0x00000232ffde6710 JavaThread "Reference Handler" daemon [_thread_blocked, id=8440, stack(0x0000003c93f00000,0x0000003c94000000)]
  0x00000232ffde90d0 JavaThread "Finalizer" daemon [_thread_blocked, id=7260, stack(0x0000003c94000000,0x0000003c94100000)]
  0x00000232ffdfd810 JavaThread "Signal Dispatcher" daemon [_thread_blocked, id=11276, stack(0x0000003c94100000,0x0000003c94200000)]
  0x00000232ffdfe1c0 JavaThread "Attach Listener" daemon [_thread_blocked, id=9940, stack(0x0000003c94200000,0x0000003c94300000)]
  0x00000232ffdfeb70 JavaThread "Service Thread" daemon [_thread_blocked, id=15544, stack(0x0000003c94300000,0x0000003c94400000)]
  0x00000232ffdff520 JavaThread "Monitor Deflation Thread" daemon [_thread_blocked, id=15392, stack(0x0000003c94400000,0x0000003c94500000)]
  0x00000232ffe0fbd0 JavaThread "C2 CompilerThread0" daemon [_thread_blocked, id=544, stack(0x0000003c94500000,0x0000003c94600000)]
  0x00000232ffe32690 JavaThread "C1 CompilerThread0" daemon [_thread_blocked, id=13400, stack(0x0000003c94600000,0x0000003c94700000)]
  0x00000232ffe3efb0 JavaThread "Sweeper thread" daemon [_thread_blocked, id=7372, stack(0x0000003c94700000,0x0000003c94800000)]
  0x00000232ffdd3370 JavaThread "Common-Cleaner" daemon [_thread_blocked, id=11216, stack(0x0000003c94800000,0x0000003c94900000)]
  0x000002328290fe10 JavaThread "Notification Thread" daemon [_thread_blocked, id=11728, stack(0x0000003c94900000,0x0000003c94a00000)]
  0x00000232829123a0 JavaThread "C2 CompilerThread1" daemon [_thread_blocked, id=1996, stack(0x0000003c94b00000,0x0000003c94c00000)]
  0x0000023282acca90 JavaThread "Java2D Disposer" daemon [_thread_blocked, id=3552, stack(0x0000003c94c00000,0x0000003c94d00000)]
  0x0000023282accf60 JavaThread "AWT-Shutdown" [_thread_blocked, id=13036, stack(0x0000003c94d00000,0x0000003c94e00000)]
  0x0000023282acd430 JavaThread "AWT-Windows" daemon [_thread_in_native, id=2060, stack(0x0000003c94e00000,0x0000003c94f00000)]

Other Threads:
  0x00000232ffde2d80 VMThread "VM Thread" [stack: 0x0000003c93e00000,0x0000003c93f00000] [id=512]
  0x00000232e3f84840 WatcherThread [stack: 0x0000003c94a00000,0x0000003c94b00000] [id=13684]
  0x00000232e3f6c4d0 GCTaskThread "GC Thread#0" [stack: 0x0000003c93900000,0x0000003c93a00000] [id=4788]
  0x00000232e3f7cbf0 ConcurrentGCThread "G1 Main Marker" [stack: 0x0000003c93a00000,0x0000003c93b00000] [id=9140]
  0x00000232e3f7d500 ConcurrentGCThread "G1 Conc#0" [stack: 0x0000003c93b00000,0x0000003c93c00000] [id=4272]
  0x00000232e3ffca70 ConcurrentGCThread "G1 Refine#0" [stack: 0x0000003c93c00000,0x0000003c93d00000] [id=16296]
  0x00000232e3ffd230 ConcurrentGCThread "G1 Service" [stack: 0x0000003c93d00000,0x0000003c93e00000] [id=4404]

Threads with active compile tasks:

VM state: not at safepoint (normal execution)

VM Mutex/Monitor currently owned by a thread:  ([mutex/lock_event])
[0x00000232e3f29330] Metaspace_lock - owner thread: 0x00000232e3f2e560

Heap address: 0x0000000084400000, size: 1980 MB, Compressed Oops mode: 32-bit

CDS archive(s) mapped at: [0x0000000800000000-0x0000000800bc0000-0x0000000800bc0000), size 12320768, SharedBaseAddress: 0x0000000800000000, ArchiveRelocationMode: 0.
Compressed class space mapped at: 0x0000000800c00000-0x0000000840c00000, reserved size: 1073741824
Narrow klass base: 0x0000000800000000, Narrow klass shift: 0, Narrow klass range: 0x100000000

GC Precious Log:
 CPUs: 8 total, 8 available
 Memory: 7914M
 Large Page Support: Disabled
 NUMA Support: Disabled
 Compressed Oops: Enabled (32-bit)
 Heap Region Size: 1M
 Heap Min Capacity: 8M
 Heap Initial Capacity: 124M
 Heap Max Capacity: 1980M
 Pre-touch: Disabled
 Parallel Workers: 8
 Concurrent Workers: 2
 Concurrent Refinement Workers: 8
 Periodic GC: Disabled

Heap:
 garbage-first heap   total 126976K, used 5120K [0x0000000084400000, 0x0000000100000000)
  region size 1024K, 6 young (6144K), 0 survivors (0K)
 Metaspace       used 5076K, committed 5184K, reserved 1056768K
  class space    used 573K, committed 640K, reserved 1048576K

Heap Regions: E=young(eden), S=young(survivor), O=old, HS=humongous(starts), HC=humongous(continues), CS=collection set, F=free, OA=open archive, CA=closed archive, TAMS=top-at-mark-start (previous, next)
|   0|0x0000000084400000, 0x0000000084400000, 0x0000000084500000|  0%| F|  |TAMS 0x0000000084400000, 0x0000000084400000| Untracked 
|   1|0x0000000084500000, 0x0000000084500000, 0x0000000084600000|  0%| F|  |TAMS 0x0000000084500000, 0x0000000084500000| Untracked 
|   2|0x0000000084600000, 0x0000000084600000, 0x0000000084700000|  0%| F|  |TAMS 0x0000000084600000, 0x0000000084600000| Untracked 
|   3|0x0000000084700000, 0x0000000084700000, 0x0000000084800000|  0%| F|  |TAMS 0x0000000084700000, 0x0000000084700000| Untracked 
|   4|0x0000000084800000, 0x0000000084800000, 0x0000000084900000|  0%| F|  |TAMS 0x0000000084800000, 0x0000000084800000| Untracked 
|   5|0x0000000084900000, 0x0000000084900000, 0x0000000084a00000|  0%| F|  |TAMS 0x0000000084900000, 0x0000000084900000| Untracked 
|   6|0x0000000084a00000, 0x0000000084a00000, 0x0000000084b00000|  0%| F|  |TAMS 0x0000000084a00000, 0x0000000084a00000| Untracked 
|   7|0x0000000084b00000, 0x0000000084b00000, 0x0000000084c00000|  0%| F|  |TAMS 0x0000000084b00000, 0x0000000084b00000| Untracked 
|   8|0x0000000084c00000, 0x0000000084c00000, 0x0000000084d00000|  0%| F|  |TAMS 0x0000000084c00000, 0x0000000084c00000| Untracked 
|   9|0x0000000084d00000, 0x0000000084d00000, 0x0000000084e00000|  0%| F|  |TAMS 0x0000000084d00000, 0x0000000084d00000| Untracked 
|  10|0x0000000084e00000, 0x0000000084e00000, 0x0000000084f00000|  0%| F|  |TAMS 0x0000000084e00000, 0x0000000084e00000| Untracked 
|  11|0x0000000084f00000, 0x0000000084f00000, 0x0000000085000000|  0%| F|  |TAMS 0x0000000084f00000, 0x0000000084f00000| Untracked 
|  12|0x0000000085000000, 0x0000000085000000, 0x0000000085100000|  0%| F|  |TAMS 0x0000000085000000, 0x0000000085000000| Untracked 
|  13|0x0000000085100000, 0x0000000085100000, 0x0000000085200000|  0%| F|  |TAMS 0x0000000085100000, 0x0000000085100000| Untracked 
|  14|0x0000000085200000, 0x0000000085200000, 0x0000000085300000|  0%| F|  |TAMS 0x0000000085200000, 0x0000000085200000| Untracked 
|  15|0x0000000085300000, 0x0000000085300000, 0x0000000085400000|  0%| F|  |TAMS 0x0000000085300000, 0x0000000085300000| Untracked 
|  16|0x0000000085400000, 0x0000000085400000, 0x0000000085500000|  0%| F|  |TAMS 0x0000000085400000, 0x0000000085400000| Untracked 
|  17|0x0000000085500000, 0x0000000085500000, 0x0000000085600000|  0%| F|  |TAMS 0x0000000085500000, 0x0000000085500000| Untracked 
|  18|0x0000000085600000, 0x0000000085600000, 0x0000000085700000|  0%| F|  |TAMS 0x0000000085600000, 0x0000000085600000| Untracked 
|  19|0x0000000085700000, 0x0000000085700000, 0x0000000085800000|  0%| F|  |TAMS 0x0000000085700000, 0x0000000085700000| Untracked 
|  20|0x0000000085800000, 0x0000000085800000, 0x0000000085900000|  0%| F|  |TAMS 0x0000000085800000, 0x0000000085800000| Untracked 
|  21|0x0000000085900000, 0x0000000085900000, 0x0000000085a00000|  0%| F|  |TAMS 0x0000000085900000, 0x0000000085900000| Untracked 
|  22|0x0000000085a00000, 0x0000000085a00000, 0x0000000085b00000|  0%| F|  |TAMS 0x0000000085a00000, 0x0000000085a00000| Untracked 
|  23|0x0000000085b00000, 0x0000000085b00000, 0x0000000085c00000|  0%| F|  |TAMS 0x0000000085b00000, 0x0000000085b00000| Untracked 
|  24|0x0000000085c00000, 0x0000000085c00000, 0x0000000085d00000|  0%| F|  |TAMS 0x0000000085c00000, 0x0000000085c00000| Untracked 
|  25|0x0000000085d00000, 0x0000000085d00000, 0x0000000085e00000|  0%| F|  |TAMS 0x0000000085d00000, 0x0000000085d00000| Untracked 
|  26|0x0000000085e00000, 0x0000000085e00000, 0x0000000085f00000|  0%| F|  |TAMS 0x0000000085e00000, 0x0000000085e00000| Untracked 
|  27|0x0000000085f00000, 0x0000000085f00000, 0x0000000086000000|  0%| F|  |TAMS 0x0000000085f00000, 0x0000000085f00000| Untracked 
|  28|0x0000000086000000, 0x0000000086000000, 0x0000000086100000|  0%| F|  |TAMS 0x0000000086000000, 0x0000000086000000| Untracked 
|  29|0x0000000086100000, 0x0000000086100000, 0x0000000086200000|  0%| F|  |TAMS 0x0000000086100000, 0x0000000086100000| Untracked 
|  30|0x0000000086200000, 0x0000000086200000, 0x0000000086300000|  0%| F|  |TAMS 0x0000000086200000, 0x0000000086200000| Untracked 
|  31|0x0000000086300000, 0x0000000086300000, 0x0000000086400000|  0%| F|  |TAMS 0x0000000086300000, 0x0000000086300000| Untracked 
|  32|0x0000000086400000, 0x0000000086400000, 0x0000000086500000|  0%| F|  |TAMS 0x0000000086400000, 0x0000000086400000| Untracked 
|  33|0x0000000086500000, 0x0000000086500000, 0x0000000086600000|  0%| F|  |TAMS 0x0000000086500000, 0x0000000086500000| Untracked 
|  34|0x0000000086600000, 0x0000000086600000, 0x0000000086700000|  0%| F|  |TAMS 0x0000000086600000, 0x0000000086600000| Untracked 
|  35|0x0000000086700000, 0x0000000086700000, 0x0000000086800000|  0%| F|  |TAMS 0x0000000086700000, 0x0000000086700000| Untracked 
|  36|0x0000000086800000, 0x0000000086800000, 0x0000000086900000|  0%| F|  |TAMS 0x0000000086800000, 0x0000000086800000| Untracked 
|  37|0x0000000086900000, 0x0000000086900000, 0x0000000086a00000|  0%| F|  |TAMS 0x0000000086900000, 0x0000000086900000| Untracked 
|  38|0x0000000086a00000, 0x0000000086a00000, 0x0000000086b00000|  0%| F|  |TAMS 0x0000000086a00000, 0x0000000086a00000| Untracked 
|  39|0x0000000086b00000, 0x0000000086b00000, 0x0000000086c00000|  0%| F|  |TAMS 0x0000000086b00000, 0x0000000086b00000| Untracked 
|  40|0x0000000086c00000, 0x0000000086c00000, 0x0000000086d00000|  0%| F|  |TAMS 0x0000000086c00000, 0x0000000086c00000| Untracked 
|  41|0x0000000086d00000, 0x0000000086d00000, 0x0000000086e00000|  0%| F|  |TAMS 0x0000000086d00000, 0x0000000086d00000| Untracked 
|  42|0x0000000086e00000, 0x0000000086e00000, 0x0000000086f00000|  0%| F|  |TAMS 0x0000000086e00000, 0x0000000086e00000| Untracked 
|  43|0x0000000086f00000, 0x0000000086f00000, 0x0000000087000000|  0%| F|  |TAMS 0x0000000086f00000, 0x0000000086f00000| Untracked 
|  44|0x0000000087000000, 0x0000000087000000, 0x0000000087100000|  0%| F|  |TAMS 0x0000000087000000, 0x0000000087000000| Untracked 
|  45|0x0000000087100000, 0x0000000087100000, 0x0000000087200000|  0%| F|  |TAMS 0x0000000087100000, 0x0000000087100000| Untracked 
|  46|0x0000000087200000, 0x0000000087200000, 0x0000000087300000|  0%| F|  |TAMS 0x0000000087200000, 0x0000000087200000| Untracked 
|  47|0x0000000087300000, 0x0000000087300000, 0x0000000087400000|  0%| F|  |TAMS 0x0000000087300000, 0x0000000087300000| Untracked 
|  48|0x0000000087400000, 0x0000000087400000, 0x0000000087500000|  0%| F|  |TAMS 0x0000000087400000, 0x0000000087400000| Untracked 
|  49|0x0000000087500000, 0x0000000087500000, 0x0000000087600000|  0%| F|  |TAMS 0x0000000087500000, 0x0000000087500000| Untracked 
|  50|0x0000000087600000, 0x0000000087600000, 0x0000000087700000|  0%| F|  |TAMS 0x0000000087600000, 0x0000000087600000| Untracked 
|  51|0x0000000087700000, 0x0000000087700000, 0x0000000087800000|  0%| F|  |TAMS 0x0000000087700000, 0x0000000087700000| Untracked 
|  52|0x0000000087800000, 0x0000000087800000, 0x0000000087900000|  0%| F|  |TAMS 0x0000000087800000, 0x0000000087800000| Untracked 
|  53|0x0000000087900000, 0x0000000087900000, 0x0000000087a00000|  0%| F|  |TAMS 0x0000000087900000, 0x0000000087900000| Untracked 
|  54|0x0000000087a00000, 0x0000000087a00000, 0x0000000087b00000|  0%| F|  |TAMS 0x0000000087a00000, 0x0000000087a00000| Untracked 
|  55|0x0000000087b00000, 0x0000000087b00000, 0x0000000087c00000|  0%| F|  |TAMS 0x0000000087b00000, 0x0000000087b00000| Untracked 
|  56|0x0000000087c00000, 0x0000000087c00000, 0x0000000087d00000|  0%| F|  |TAMS 0x0000000087c00000, 0x0000000087c00000| Untracked 
|  57|0x0000000087d00000, 0x0000000087d00000, 0x0000000087e00000|  0%| F|  |TAMS 0x0000000087d00000, 0x0000000087d00000| Untracked 
|  58|0x0000000087e00000, 0x0000000087e00000, 0x0000000087f00000|  0%| F|  |TAMS 0x0000000087e00000, 0x0000000087e00000| Untracked 
|  59|0x0000000087f00000, 0x0000000087f00000, 0x0000000088000000|  0%| F|  |TAMS 0x0000000087f00000, 0x0000000087f00000| Untracked 
|  60|0x0000000088000000, 0x0000000088000000, 0x0000000088100000|  0%| F|  |TAMS 0x0000000088000000, 0x0000000088000000| Untracked 
|  61|0x0000000088100000, 0x0000000088100000, 0x0000000088200000|  0%| F|  |TAMS 0x0000000088100000, 0x0000000088100000| Untracked 
|  62|0x0000000088200000, 0x0000000088200000, 0x0000000088300000|  0%| F|  |TAMS 0x0000000088200000, 0x0000000088200000| Untracked 
|  63|0x0000000088300000, 0x0000000088300000, 0x0000000088400000|  0%| F|  |TAMS 0x0000000088300000, 0x0000000088300000| Untracked 
|  64|0x0000000088400000, 0x0000000088400000, 0x0000000088500000|  0%| F|  |TAMS 0x0000000088400000, 0x0000000088400000| Untracked 
|  65|0x0000000088500000, 0x0000000088500000, 0x0000000088600000|  0%| F|  |TAMS 0x0000000088500000, 0x0000000088500000| Untracked 
|  66|0x0000000088600000, 0x0000000088600000, 0x0000000088700000|  0%| F|  |TAMS 0x0000000088600000, 0x0000000088600000| Untracked 
|  67|0x0000000088700000, 0x0000000088700000, 0x0000000088800000|  0%| F|  |TAMS 0x0000000088700000, 0x0000000088700000| Untracked 
|  68|0x0000000088800000, 0x0000000088800000, 0x0000000088900000|  0%| F|  |TAMS 0x0000000088800000, 0x0000000088800000| Untracked 
|  69|0x0000000088900000, 0x0000000088900000, 0x0000000088a00000|  0%| F|  |TAMS 0x0000000088900000, 0x0000000088900000| Untracked 
|  70|0x0000000088a00000, 0x0000000088a00000, 0x0000000088b00000|  0%| F|  |TAMS 0x0000000088a00000, 0x0000000088a00000| Untracked 
|  71|0x0000000088b00000, 0x0000000088b00000, 0x0000000088c00000|  0%| F|  |TAMS 0x0000000088b00000, 0x0000000088b00000| Untracked 
|  72|0x0000000088c00000, 0x0000000088c00000, 0x0000000088d00000|  0%| F|  |TAMS 0x0000000088c00000, 0x0000000088c00000| Untracked 
|  73|0x0000000088d00000, 0x0000000088d00000, 0x0000000088e00000|  0%| F|  |TAMS 0x0000000088d00000, 0x0000000088d00000| Untracked 
|  74|0x0000000088e00000, 0x0000000088e00000, 0x0000000088f00000|  0%| F|  |TAMS 0x0000000088e00000, 0x0000000088e00000| Untracked 
|  75|0x0000000088f00000, 0x0000000088f00000, 0x0000000089000000|  0%| F|  |TAMS 0x0000000088f00000, 0x0000000088f00000| Untracked 
|  76|0x0000000089000000, 0x0000000089000000, 0x0000000089100000|  0%| F|  |TAMS 0x0000000089000000, 0x0000000089000000| Untracked 
|  77|0x0000000089100000, 0x0000000089100000, 0x0000000089200000|  0%| F|  |TAMS 0x0000000089100000, 0x0000000089100000| Untracked 
|  78|0x0000000089200000, 0x0000000089200000, 0x0000000089300000|  0%| F|  |TAMS 0x0000000089200000, 0x0000000089200000| Untracked 
|  79|0x0000000089300000, 0x0000000089300000, 0x0000000089400000|  0%| F|  |TAMS 0x0000000089300000, 0x0000000089300000| Untracked 
|  80|0x0000000089400000, 0x0000000089400000, 0x0000000089500000|  0%| F|  |TAMS 0x0000000089400000, 0x0000000089400000| Untracked 
|  81|0x0000000089500000, 0x0000000089500000, 0x0000000089600000|  0%| F|  |TAMS 0x0000000089500000, 0x0000000089500000| Untracked 
|  82|0x0000000089600000, 0x0000000089600000, 0x0000000089700000|  0%| F|  |TAMS 0x0000000089600000, 0x0000000089600000| Untracked 
|  83|0x0000000089700000, 0x0000000089700000, 0x0000000089800000|  0%| F|  |TAMS 0x0000000089700000, 0x0000000089700000| Untracked 
|  84|0x0000000089800000, 0x0000000089800000, 0x0000000089900000|  0%| F|  |TAMS 0x0000000089800000, 0x0000000089800000| Untracked 
|  85|0x0000000089900000, 0x0000000089900000, 0x0000000089a00000|  0%| F|  |TAMS 0x0000000089900000, 0x0000000089900000| Untracked 
|  86|0x0000000089a00000, 0x0000000089a00000, 0x0000000089b00000|  0%| F|  |TAMS 0x0000000089a00000, 0x0000000089a00000| Untracked 
|  87|0x0000000089b00000, 0x0000000089b00000, 0x0000000089c00000|  0%| F|  |TAMS 0x0000000089b00000, 0x0000000089b00000| Untracked 
|  88|0x0000000089c00000, 0x0000000089c00000, 0x0000000089d00000|  0%| F|  |TAMS 0x0000000089c00000, 0x0000000089c00000| Untracked 
|  89|0x0000000089d00000, 0x0000000089d00000, 0x0000000089e00000|  0%| F|  |TAMS 0x0000000089d00000, 0x0000000089d00000| Untracked 
|  90|0x0000000089e00000, 0x0000000089e00000, 0x0000000089f00000|  0%| F|  |TAMS 0x0000000089e00000, 0x0000000089e00000| Untracked 
|  91|0x0000000089f00000, 0x0000000089f00000, 0x000000008a000000|  0%| F|  |TAMS 0x0000000089f00000, 0x0000000089f00000| Untracked 
|  92|0x000000008a000000, 0x000000008a000000, 0x000000008a100000|  0%| F|  |TAMS 0x000000008a000000, 0x000000008a000000| Untracked 
|  93|0x000000008a100000, 0x000000008a100000, 0x000000008a200000|  0%| F|  |TAMS 0x000000008a100000, 0x000000008a100000| Untracked 
|  94|0x000000008a200000, 0x000000008a200000, 0x000000008a300000|  0%| F|  |TAMS 0x000000008a200000, 0x000000008a200000| Untracked 
|  95|0x000000008a300000, 0x000000008a300000, 0x000000008a400000|  0%| F|  |TAMS 0x000000008a300000, 0x000000008a300000| Untracked 
|  96|0x000000008a400000, 0x000000008a400000, 0x000000008a500000|  0%| F|  |TAMS 0x000000008a400000, 0x000000008a400000| Untracked 
|  97|0x000000008a500000, 0x000000008a500000, 0x000000008a600000|  0%| F|  |TAMS 0x000000008a500000, 0x000000008a500000| Untracked 
|  98|0x000000008a600000, 0x000000008a600000, 0x000000008a700000|  0%| F|  |TAMS 0x000000008a600000, 0x000000008a600000| Untracked 
|  99|0x000000008a700000, 0x000000008a700000, 0x000000008a800000|  0%| F|  |TAMS 0x000000008a700000, 0x000000008a700000| Untracked 
| 100|0x000000008a800000, 0x000000008a800000, 0x000000008a900000|  0%| F|  |TAMS 0x000000008a800000, 0x000000008a800000| Untracked 
| 101|0x000000008a900000, 0x000000008a900000, 0x000000008aa00000|  0%| F|  |TAMS 0x000000008a900000, 0x000000008a900000| Untracked 
| 102|0x000000008aa00000, 0x000000008aa00000, 0x000000008ab00000|  0%| F|  |TAMS 0x000000008aa00000, 0x000000008aa00000| Untracked 
| 103|0x000000008ab00000, 0x000000008ab00000, 0x000000008ac00000|  0%| F|  |TAMS 0x000000008ab00000, 0x000000008ab00000| Untracked 
| 104|0x000000008ac00000, 0x000000008ac00000, 0x000000008ad00000|  0%| F|  |TAMS 0x000000008ac00000, 0x000000008ac00000| Untracked 
| 105|0x000000008ad00000, 0x000000008ad00000, 0x000000008ae00000|  0%| F|  |TAMS 0x000000008ad00000, 0x000000008ad00000| Untracked 
| 106|0x000000008ae00000, 0x000000008ae00000, 0x000000008af00000|  0%| F|  |TAMS 0x000000008ae00000, 0x000000008ae00000| Untracked 
| 107|0x000000008af00000, 0x000000008af00000, 0x000000008b000000|  0%| F|  |TAMS 0x000000008af00000, 0x000000008af00000| Untracked 
| 108|0x000000008b000000, 0x000000008b000000, 0x000000008b100000|  0%| F|  |TAMS 0x000000008b000000, 0x000000008b000000| Untracked 
| 109|0x000000008b100000, 0x000000008b100000, 0x000000008b200000|  0%| F|  |TAMS 0x000000008b100000, 0x000000008b100000| Untracked 
| 110|0x000000008b200000, 0x000000008b200000, 0x000000008b300000|  0%| F|  |TAMS 0x000000008b200000, 0x000000008b200000| Untracked 
| 111|0x000000008b300000, 0x000000008b300000, 0x000000008b400000|  0%| F|  |TAMS 0x000000008b300000, 0x000000008b300000| Untracked 
| 112|0x000000008b400000, 0x000000008b400000, 0x000000008b500000|  0%| F|  |TAMS 0x000000008b400000, 0x000000008b400000| Untracked 
| 113|0x000000008b500000, 0x000000008b500000, 0x000000008b600000|  0%| F|  |TAMS 0x000000008b500000, 0x000000008b500000| Untracked 
| 114|0x000000008b600000, 0x000000008b600000, 0x000000008b700000|  0%| F|  |TAMS 0x000000008b600000, 0x000000008b600000| Untracked 
| 115|0x000000008b700000, 0x000000008b700000, 0x000000008b800000|  0%| F|  |TAMS 0x000000008b700000, 0x000000008b700000| Untracked 
| 116|0x000000008b800000, 0x000000008b800000, 0x000000008b900000|  0%| F|  |TAMS 0x000000008b800000, 0x000000008b800000| Untracked 
| 117|0x000000008b900000, 0x000000008b900000, 0x000000008ba00000|  0%| F|  |TAMS 0x000000008b900000, 0x000000008b900000| Untracked 
| 118|0x000000008ba00000, 0x000000008ba76440, 0x000000008bb00000| 46%| E|  |TAMS 0x000000008ba00000, 0x000000008ba00000| Complete 
| 119|0x000000008bb00000, 0x000000008bc00000, 0x000000008bc00000|100%| E|CS|TAMS 0x000000008bb00000, 0x000000008bb00000| Complete 
| 120|0x000000008bc00000, 0x000000008bd00000, 0x000000008bd00000|100%| E|CS|TAMS 0x000000008bc00000, 0x000000008bc00000| Complete 
| 121|0x000000008bd00000, 0x000000008be00000, 0x000000008be00000|100%| E|CS|TAMS 0x000000008bd00000, 0x000000008bd00000| Complete 
| 122|0x000000008be00000, 0x000000008bf00000, 0x000000008bf00000|100%| E|CS|TAMS 0x000000008be00000, 0x000000008be00000| Complete 
| 123|0x000000008bf00000, 0x000000008c000000, 0x000000008c000000|100%| E|CS|TAMS 0x000000008bf00000, 0x000000008bf00000| Complete 

Card table byte_map: [0x00000232fae60000,0x00000232fb240000] _byte_map_base: 0x00000232faa3e000

Marking Bits (Prev, Next): (CMBitMap*) 0x00000232e3f6c9e0, (CMBitMap*) 0x00000232e3f6ca20
 Prev Bits: [0x00000232fb620000, 0x00000232fd510000)
 Next Bits: [0x00000232fd510000, 0x00000232ff400000)

Polling page: 0x00000232e3710000

Metaspace:

Usage:
  Non-class:      4.40 MB used.
      Class:    573.80 KB used.
       Both:      4.96 MB used.

Virtual space:
  Non-class space:        8.00 MB reserved,       4.44 MB ( 55%) committed,  1 nodes.
      Class space:        1.00 GB reserved,     640.00 KB ( <1%) committed,  1 nodes.
             Both:        1.01 GB reserved,       5.06 MB ( <1%) committed. 

Chunk freelists:
   Non-Class:  2.89 MB
       Class:  3.25 MB
        Both:  6.14 MB

MaxMetaspaceSize: unlimited
CompressedClassSpaceSize: 1.00 GB
Initial GC threshold: 21.00 MB
Current GC threshold: 21.00 MB
CDS: on
MetaspaceReclaimPolicy: balanced
 - commit_granule_bytes: 65536.
 - commit_granule_words: 8192.
 - virtual_space_node_default_size: 1048576.
 - enlarge_chunks_in_place: 1.
 - new_chunks_are_fully_committed: 0.
 - uncommit_free_chunks: 1.
 - use_allocation_guard: 0.
 - handle_deallocations: 1.


Internal statistics:

num_allocs_failed_limit: 0.
num_arena_births: 88.
num_arena_deaths: 0.
num_vsnodes_births: 2.
num_vsnodes_deaths: 0.
num_space_committed: 81.
num_space_uncommitted: 0.
num_chunks_returned_to_freelist: 0.
num_chunks_taken_from_freelist: 119.
num_chunk_merges: 0.
num_chunk_splits: 68.
num_chunks_enlarged: 22.
num_purges: 0.
num_inconsistent_stats: 0.

CodeHeap 'non-profiled nmethods': size=120000Kb used=158Kb max_used=158Kb free=119842Kb
 bounds [0x00000232f3210000, 0x00000232f3480000, 0x00000232fa740000]
CodeHeap 'profiled nmethods': size=120000Kb used=739Kb max_used=739Kb free=119260Kb
 bounds [0x00000232ebce0000, 0x00000232ebf50000, 0x00000232f3210000]
CodeHeap 'non-nmethods': size=5760Kb used=1206Kb max_used=1221Kb free=4553Kb
 bounds [0x00000232eb740000, 0x00000232eb9b0000, 0x00000232ebce0000]
 total_blobs=1042 nmethods=545 adapters=410
 compilation: enabled
              stopped_count=0, restarted_count=0
 full_count=0

Compilation events (20 events):
Event: 0.275 Thread 0x00000232ffe32690 nmethod 531 0x00000232ebd94e10 code [0x00000232ebd94fa0, 0x00000232ebd950b8]
Event: 0.275 Thread 0x00000232ffe32690  539       3       java.lang.CharacterData::of (136 bytes)
Event: 0.276 Thread 0x00000232ffe32690 nmethod 539 0x00000232ebd95190 code [0x00000232ebd953c0, 0x00000232ebd95d58]
Event: 0.276 Thread 0x00000232ffe32690  532       3       sun.awt.windows.WFontConfiguration::getFaceNameFromComponentFontName (2 bytes)
Event: 0.276 Thread 0x00000232ffe32690 nmethod 532 0x00000232ebd95f90 code [0x00000232ebd96120, 0x00000232ebd96238]
Event: 0.276 Thread 0x00000232ffe32690  537       1       sun.util.locale.BaseLocale::getLanguage (5 bytes)
Event: 0.276 Thread 0x00000232ffe32690 nmethod 537 0x00000232f3236410 code [0x00000232f32365a0, 0x00000232f3236678]
Event: 0.276 Thread 0x00000232ffe32690  540       3       java.lang.CharacterDataLatin1::toUpperCase (53 bytes)
Event: 0.276 Thread 0x00000232829123a0 nmethod 541 0x00000232f3236710 code [0x00000232f3236880, 0x00000232f3236918]
Event: 0.276 Thread 0x00000232ffe32690 nmethod 540 0x00000232ebd96310 code [0x00000232ebd964c0, 0x00000232ebd96758]
Event: 0.279 Thread 0x00000232ffe32690  542       3       java.util.HashSet::contains (9 bytes)
Event: 0.279 Thread 0x00000232ffe32690 nmethod 542 0x00000232ebd96890 code [0x00000232ebd96a40, 0x00000232ebd96c08]
Event: 0.279 Thread 0x00000232ffe0fbd0 nmethod 538% 0x00000232f3236a10 code [0x00000232f3236ba0, 0x00000232f3236d78]
Event: 0.282 Thread 0x00000232ffe32690  543       3       java.lang.String::startsWith (138 bytes)
Event: 0.283 Thread 0x00000232ffe32690 nmethod 543 0x00000232ebd96d10 code [0x00000232ebd96f20, 0x00000232ebd977b8]
Event: 0.285 Thread 0x00000232ffe32690  544       3       java.util.AbstractList::<init> (10 bytes)
Event: 0.285 Thread 0x00000232ffe32690 nmethod 544 0x00000232ebd97a90 code [0x00000232ebd97c40, 0x00000232ebd97e18]
Event: 0.297 Thread 0x00000232ffe32690  545       3       java.lang.StringConcatHelper::newString (67 bytes)
Event: 0.298 Thread 0x00000232ffe32690 nmethod 545 0x00000232ebd97f10 code [0x00000232ebd98180, 0x00000232ebd98c08]
Event: 0.299 Thread 0x00000232ffe0fbd0  546       4       java.lang.StringLatin1::replace (198 bytes)

GC Heap History (0 events):
No events

Deoptimization events (4 events):
Event: 0.091 Thread 0x00000232e3f2e560 Uncommon trap: trap_request=0xffffff45 fr.pc=0x00000232f321f340 relative=0x0000000000000760
Event: 0.091 Thread 0x00000232e3f2e560 Uncommon trap: reason=unstable_if action=reinterpret pc=0x00000232f321f340 method=java.util.HashMap.putVal(ILjava/lang/Object;Ljava/lang/Object;ZZ)Ljava/lang/Object; @ 81 c2
Event: 0.091 Thread 0x00000232e3f2e560 DEOPT PACKING pc=0x00000232f321f340 sp=0x0000003c938fe260
Event: 0.091 Thread 0x00000232e3f2e560 DEOPT UNPACKING pc=0x00000232eb795c23 sp=0x0000003c938fe200 mode 2

Classes unloaded (0 events):
No events

Classes redefined (0 events):
No events

Internal exceptions (20 events):
Event: 0.296 Thread 0x00000232e3f2e560 Exception <a 'java/lang/ClassNotFoundException'{0x000000008ba035d8}: Panel> (0x000000008ba035d8) 
thrown [t:\workspace\open\src\hotspot\share\classfile\systemDictionary.cpp, line 256]
Event: 0.296 Thread 0x00000232e3f2e560 Exception <a 'java/lang/ClassNotFoundException'{0x000000008ba03ae8}: ProgressBar> (0x000000008ba03ae8) 
thrown [t:\workspace\open\src\hotspot\share\classfile\systemDictionary.cpp, line 256]
Event: 0.296 Thread 0x00000232e3f2e560 Exception <a 'java/lang/ClassNotFoundException'{0x000000008ba04008}: Separator> (0x000000008ba04008) 
thrown [t:\workspace\open\src\hotspot\share\classfile\systemDictionary.cpp, line 256]
Event: 0.297 Thread 0x00000232e3f2e560 Exception <a 'java/lang/ClassNotFoundException'{0x000000008ba04590}: ScrollBar> (0x000000008ba04590) 
thrown [t:\workspace\open\src\hotspot\share\classfile\systemDictionary.cpp, line 256]
Event: 0.297 Thread 0x00000232e3f2e560 Exception <a 'java/lang/ClassNotFoundException'{0x000000008ba04ab8}: ScrollBar> (0x000000008ba04ab8) 
thrown [t:\workspace\open\src\hotspot\share\classfile\systemDictionary.cpp, line 256]
Event: 0.297 Thread 0x00000232e3f2e560 Exception <a 'java/lang/ClassNotFoundException'{0x000000008ba04fe8}: ScrollBar> (0x000000008ba04fe8) 
thrown [t:\workspace\open\src\hotspot\share\classfile\systemDictionary.cpp, line 256]
Event: 0.297 Thread 0x00000232e3f2e560 Exception <a 'java/lang/ClassNotFoundException'{0x000000008ba05368}: javax/swing/JScrollBarThumb> (0x000000008ba05368) 
thrown [t:\workspace\open\src\hotspot\share\classfile\systemDictionary.cpp, line 256]
Event: 0.297 Thread 0x00000232e3f2e560 Exception <a 'java/lang/ClassNotFoundException'{0x000000008ba05670}: ScrollBarThumb> (0x000000008ba05670) 
thrown [t:\workspace\open\src\hotspot\share\classfile\systemDictionary.cpp, line 256]
Event: 0.297 Thread 0x00000232e3f2e560 Exception <a 'java/lang/ClassNotFoundException'{0x000000008ba05b88}: ScrollBar> (0x000000008ba05b88) 
thrown [t:\workspace\open\src\hotspot\share\classfile\systemDictionary.cpp, line 256]
Event: 0.297 Thread 0x00000232e3f2e560 Exception <a 'java/lang/ClassNotFoundException'{0x000000008ba05f08}: javax/swing/JScrollBarTrack> (0x000000008ba05f08) 
thrown [t:\workspace\open\src\hotspot\share\classfile\systemDictionary.cpp, line 256]
Event: 0.297 Thread 0x00000232e3f2e560 Exception <a 'java/lang/ClassNotFoundException'{0x000000008ba06210}: ScrollBarTrack> (0x000000008ba06210) 
thrown [t:\workspace\open\src\hotspot\share\classfile\systemDictionary.cpp, line 256]
Event: 0.298 Thread 0x00000232e3f2e560 Exception <a 'java/lang/ClassNotFoundException'{0x000000008ba06770}: ScrollPane> (0x000000008ba06770) 
thrown [t:\workspace\open\src\hotspot\share\classfile\systemDictionary.cpp, line 256]
Event: 0.298 Thread 0x00000232e3f2e560 Exception <a 'java/lang/ClassNotFoundException'{0x000000008ba06c98}: Viewport> (0x000000008ba06c98) 
thrown [t:\workspace\open\src\hotspot\share\classfile\systemDictionary.cpp, line 256]
Event: 0.299 Thread 0x00000232e3f2e560 Exception <a 'java/lang/ClassNotFoundException'{0x000000008ba071f8}: Slider> (0x000000008ba071f8) 
thrown [t:\workspace\open\src\hotspot\share\classfile\systemDictionary.cpp, line 256]
Event: 0.299 Thread 0x00000232e3f2e560 Exception <a 'java/lang/ClassNotFoundException'{0x000000008ba07700}: Slider> (0x000000008ba07700) 
thrown [t:\workspace\open\src\hotspot\share\classfile\systemDictionary.cpp, line 256]
Event: 0.299 Thread 0x00000232e3f2e560 Exception <a 'java/lang/ClassNotFoundException'{0x000000008ba07a70}: javax/swing/JSliderThumb> (0x000000008ba07a70) 
thrown [t:\workspace\open\src\hotspot\share\classfile\systemDictionary.cpp, line 256]
Event: 0.299 Thread 0x00000232e3f2e560 Exception <a 'java/lang/ClassNotFoundException'{0x000000008ba07d78}: SliderThumb> (0x000000008ba07d78) 
thrown [t:\workspace\open\src\hotspot\share\classfile\systemDictionary.cpp, line 256]
Event: 0.299 Thread 0x00000232e3f2e560 Exception <a 'java/lang/ClassNotFoundException'{0x000000008ba08280}: Slider> (0x000000008ba08280) 
thrown [t:\workspace\open\src\hotspot\share\classfile\systemDictionary.cpp, line 256]
Event: 0.299 Thread 0x00000232e3f2e560 Exception <a 'java/lang/ClassNotFoundException'{0x000000008ba085f0}: javax/swing/JSliderTrack> (0x000000008ba085f0) 
thrown [t:\workspace\open\src\hotspot\share\classfile\systemDictionary.cpp, line 256]
Event: 0.299 Thread 0x00000232e3f2e560 Exception <a 'java/lang/ClassNotFoundException'{0x000000008ba088f8}: SliderTrack> (0x000000008ba088f8) 
thrown [t:\workspace\open\src\hotspot\share\classfile\systemDictionary.cpp, line 256]

VM Operations (4 events):
Event: 0.069 Executing VM operation: HandshakeAllThreads
Event: 0.069 Executing VM operation: HandshakeAllThreads done
Event: 0.274 Executing VM operation: HandshakeAllThreads
Event: 0.274 Executing VM operation: HandshakeAllThreads done

Events (20 events):
Event: 0.296 loading class javax/swing/JProgressBar done
Event: 0.296 loading class javax/swing/JSeparator
Event: 0.296 loading class javax/swing/JSeparator done
Event: 0.297 loading class javax/swing/JScrollBar
Event: 0.297 loading class java/awt/Adjustable
Event: 0.297 loading class java/awt/Adjustable done
Event: 0.297 loading class javax/swing/JScrollBar done
Event: 0.297 loading class javax/swing/JScrollBarThumb
Event: 0.297 loading class javax/swing/JScrollBarThumb done
Event: 0.297 loading class javax/swing/JScrollBarTrack
Event: 0.297 loading class javax/swing/JScrollBarTrack done
Event: 0.298 loading class javax/swing/JViewport
Event: 0.298 loading class javax/swing/JViewport done
Event: 0.298 loading class javax/swing/JSlider
Event: 0.299 loading class javax/swing/JSlider done
Event: 0.299 loading class javax/swing/JSliderThumb
Event: 0.299 loading class javax/swing/JSliderThumb done
Event: 0.299 loading class javax/swing/JSliderTrack
Event: 0.299 loading class javax/swing/JSliderTrack done
Event: 0.299 loading class javax/swing/JSpinner


Dynamic libraries:
0x00007ff712ac0000 - 0x00007ff712ad0000 	C:\Program Files\Java\jdk-17.0.1\bin\java.exe
0x00007ffb2e8c0000 - 0x00007ffb2eac9000 	C:\WINDOWS\SYSTEM32\ntdll.dll
0x00007ffb2c740000 - 0x00007ffb2c7fe000 	C:\WINDOWS\System32\KERNEL32.DLL
0x00007ffb2beb0000 - 0x00007ffb2c22b000 	C:\WINDOWS\System32\KERNELBASE.dll
0x00007ffb2c490000 - 0x00007ffb2c5a1000 	C:\WINDOWS\System32\ucrtbase.dll
0x00007ffb186b0000 - 0x00007ffb186ca000 	C:\Program Files\Java\jdk-17.0.1\bin\VCRUNTIME140.dll
0x00007ffb28120000 - 0x00007ffb28138000 	C:\Program Files\Java\jdk-17.0.1\bin\jli.dll
0x00007ffb2c990000 - 0x00007ffb2ca3e000 	C:\WINDOWS\System32\ADVAPI32.dll
0x00007ffb2e220000 - 0x00007ffb2e2c3000 	C:\WINDOWS\System32\msvcrt.dll
0x00007ffb2c870000 - 0x00007ffb2c90e000 	C:\WINDOWS\System32\sechost.dll
0x00007ffb2cc40000 - 0x00007ffb2cd60000 	C:\WINDOWS\System32\RPCRT4.dll
0x00007ffb2ce50000 - 0x00007ffb2cffd000 	C:\WINDOWS\System32\USER32.dll
0x00007ffb2c460000 - 0x00007ffb2c486000 	C:\WINDOWS\System32\win32u.dll
0x00007ffaf9fd0000 - 0x00007ffafa275000 	C:\WINDOWS\WinSxS\amd64_microsoft.windows.common-controls_6595b64144ccf1df_6.0.22000.120_none_9d947278b86cc467\COMCTL32.dll
0x00007ffb2e2d0000 - 0x00007ffb2e2f9000 	C:\WINDOWS\System32\GDI32.dll
0x00007ffb2bd90000 - 0x00007ffb2bea8000 	C:\WINDOWS\System32\gdi32full.dll
0x00007ffb2c5b0000 - 0x00007ffb2c64d000 	C:\WINDOWS\System32\msvcp_win.dll
0x00007ffb1efd0000 - 0x00007ffb1efda000 	C:\WINDOWS\SYSTEM32\VERSION.dll
0x00007ffb2ca40000 - 0x00007ffb2ca72000 	C:\WINDOWS\System32\IMM32.DLL
0x00007ffb186a0000 - 0x00007ffb186ac000 	C:\Program Files\Java\jdk-17.0.1\bin\vcruntime140_1.dll
0x00007ffafc710000 - 0x00007ffafc79d000 	C:\Program Files\Java\jdk-17.0.1\bin\msvcp140.dll
0x00007ffae4b40000 - 0x00007ffae56fe000 	C:\Program Files\Java\jdk-17.0.1\bin\server\jvm.dll
0x00007ffb2e300000 - 0x00007ffb2e308000 	C:\WINDOWS\System32\PSAPI.DLL
0x00007ffaf5120000 - 0x00007ffaf5129000 	C:\WINDOWS\SYSTEM32\WSOCK32.dll
0x00007ffb24310000 - 0x00007ffb24343000 	C:\WINDOWS\SYSTEM32\WINMM.dll
0x00007ffb2d660000 - 0x00007ffb2d6cf000 	C:\WINDOWS\System32\WS2_32.dll
0x00007ffb2ae90000 - 0x00007ffb2aea8000 	C:\WINDOWS\SYSTEM32\kernel.appcore.dll
0x00007ffb18690000 - 0x00007ffb1869a000 	C:\Program Files\Java\jdk-17.0.1\bin\jimage.dll
0x00007ffb29940000 - 0x00007ffb29b61000 	C:\WINDOWS\SYSTEM32\DBGHELP.DLL
0x00007ffb15660000 - 0x00007ffb15691000 	C:\WINDOWS\SYSTEM32\dbgcore.DLL
0x00007ffb2c650000 - 0x00007ffb2c6cf000 	C:\WINDOWS\System32\bcryptPrimitives.dll
0x00007ffb06fc0000 - 0x00007ffb06fe5000 	C:\Program Files\Java\jdk-17.0.1\bin\java.dll
0x00007ffafcf50000 - 0x00007ffafd026000 	C:\Program Files\Java\jdk-17.0.1\bin\svml.dll
0x00007ffb2da60000 - 0x00007ffb2e218000 	C:\WINDOWS\System32\SHELL32.dll
0x00007ffb29e80000 - 0x00007ffb2a6e5000 	C:\WINDOWS\SYSTEM32\windows.storage.dll
0x00007ffb2d6d0000 - 0x00007ffb2da48000 	C:\WINDOWS\System32\combase.dll
0x00007ffb29d10000 - 0x00007ffb29e76000 	C:\WINDOWS\SYSTEM32\wintypes.dll
0x00007ffb2d000000 - 0x00007ffb2d0ea000 	C:\WINDOWS\System32\SHCORE.dll
0x00007ffb2d600000 - 0x00007ffb2d65d000 	C:\WINDOWS\System32\shlwapi.dll
0x00007ffb2bcc0000 - 0x00007ffb2bce1000 	C:\WINDOWS\SYSTEM32\profapi.dll
0x00007ffb06fa0000 - 0x00007ffb06fb9000 	C:\Program Files\Java\jdk-17.0.1\bin\net.dll
0x00007ffb24100000 - 0x00007ffb24214000 	C:\WINDOWS\SYSTEM32\WINHTTP.dll
0x00007ffb2b3a0000 - 0x00007ffb2b407000 	C:\WINDOWS\system32\mswsock.dll
0x00007ffb06f80000 - 0x00007ffb06f95000 	C:\Program Files\Java\jdk-17.0.1\bin\nio.dll
0x00007ffb06f00000 - 0x00007ffb06f18000 	C:\Program Files\Java\jdk-17.0.1\bin\zip.dll
0x00007ffaf8eb0000 - 0x00007ffaf903f000 	C:\Program Files\Java\jdk-17.0.1\bin\awt.dll
0x00007ffb2e430000 - 0x00007ffb2e506000 	C:\WINDOWS\System32\OLEAUT32.dll
0x00007ffb28f60000 - 0x00007ffb28ff2000 	C:\WINDOWS\SYSTEM32\apphelp.dll
0x00007ffb29020000 - 0x00007ffb290cc000 	C:\WINDOWS\system32\uxtheme.dll
0x00007ffb2e310000 - 0x00007ffb2e42d000 	C:\WINDOWS\System32\MSCTF.dll
0x00007ffb2e5f0000 - 0x00007ffb2e78a000 	C:\WINDOWS\System32\ole32.dll
0x00007ffb29360000 - 0x00007ffb2938f000 	C:\WINDOWS\system32\DWMAPI.DLL
0x00007ffaf97b0000 - 0x00007ffaf9839000 	C:\Program Files\Java\jdk-17.0.1\bin\freetype.dll
0x00007ffaf9510000 - 0x00007ffaf95b8000 	C:\Program Files\Java\jdk-17.0.1\bin\fontmanager.dll

dbghelp: loaded successfully - version: 4.0.5 - missing functions: none
symbol engine: initialized successfully - sym options: 0x614 - pdb path: .;C:\Program Files\Java\jdk-17.0.1\bin;C:\WINDOWS\SYSTEM32;C:\WINDOWS\WinSxS\amd64_microsoft.windows.common-controls_6595b64144ccf1df_6.0.22000.120_none_9d947278b86cc467;C:\Program Files\Java\jdk-17.0.1\bin\server

VM Arguments:
jvm_args: -Dfile.encoding=UTF-8 --module-path=C:\Users\DELL\Documents\ASMALIGE\asm_Duan1\build\classes 
java_command: da1.ui.TimVe1
java_class_path (initial): D:\eage\mysql-connector-java-8.0.13.jar;D:\eage\sqljdbc4-3.0.jar;C:\Users\DELL\Desktop\jcalendar-1.4.jar;C:\Users\DELL\Documents\ASMALIGE\asm_Duan1\build\classes
Launcher Type: SUN_STANDARD

[Global flags]
     intx CICompilerCount                          = 4                                         {product} {ergonomic}
     uint ConcGCThreads                            = 2                                         {product} {ergonomic}
     uint G1ConcRefinementThreads                  = 8                                         {product} {ergonomic}
   size_t G1HeapRegionSize                         = 1048576                                   {product} {ergonomic}
    uintx GCDrainStackTargetSize                   = 64                                        {product} {ergonomic}
   size_t InitialHeapSize                          = 130023424                                 {product} {ergonomic}
   size_t MarkStackSize                            = 4194304                                   {product} {ergonomic}
   size_t MaxHeapSize                              = 2076180480                                {product} {ergonomic}
   size_t MaxNewSize                               = 1245708288                                {product} {ergonomic}
   size_t MinHeapDeltaBytes                        = 1048576                                   {product} {ergonomic}
   size_t MinHeapSize                              = 8388608                                   {product} {ergonomic}
    uintx NonNMethodCodeHeapSize                   = 5839372                                {pd product} {ergonomic}
    uintx NonProfiledCodeHeapSize                  = 122909434                              {pd product} {ergonomic}
    uintx ProfiledCodeHeapSize                     = 122909434                              {pd product} {ergonomic}
    uintx ReservedCodeCacheSize                    = 251658240                              {pd product} {ergonomic}
     bool SegmentedCodeCache                       = true                                      {product} {ergonomic}
   size_t SoftMaxHeapSize                          = 2076180480                             {manageable} {ergonomic}
     bool UseCompressedClassPointers               = true                           {product lp64_product} {ergonomic}
     bool UseCompressedOops                        = true                           {product lp64_product} {ergonomic}
     bool UseG1GC                                  = true                                      {product} {ergonomic}
     bool UseLargePagesIndividualAllocation        = false                                  {pd product} {ergonomic}

Logging:
Log output configuration:
 #0: stdout all=warning uptime,level,tags
 #1: stderr all=off uptime,level,tags

Environment Variables:
PATH=C:\Program Files\Common Files\Oracle\Java\javapath;C:\Program Files (x86)\Common Files\Oracle\Java\javapath;C:\WINDOWS\system32;C:\WINDOWS;C:\WINDOWS\System32\Wbem;C:\WINDOWS\System32\WindowsPowerShell\v1.0\;C:\WINDOWS\System32\OpenSSH\;C:\Program Files\Microsoft SQL Server\Client SDK\ODBC\170\Tools\Binn\;C:\Program Files (x86)\Microsoft SQL Server\150\Tools\Binn\;C:\Program Files\Microsoft SQL Server\150\Tools\Binn\;C:\Program Files\Microsoft SQL Server\150\DTS\Binn\;D:\ducpham\Git\cmd;C:\Program Files\dotnet\;C:\Program Files\Azure Data Studio\bin;C:\Users\DELL\AppData\Local\Microsoft\WindowsApps;C:\Users\DELL\AppData\Local\Programs\Microsoft VS Code\bin;C:\Program Files\Azure Data Studio\bin;
USERNAME=DELL
OS=Windows_NT
PROCESSOR_IDENTIFIER=Intel64 Family 6 Model 140 Stepping 1, GenuineIntel



---------------  S Y S T E M  ---------------

OS:
 Windows 10 , 64 bit Build 22000 (10.0.22000.1219)
OS uptime: 0 days 16:49 hours

CPU: total 8 (initial active 8) (4 cores per cpu, 2 threads per core) family 6 model 140 stepping 1 microcode 0xa4, cx8, cmov, fxsr, ht, mmx, 3dnowpref, sse, sse2, sse3, ssse3, sse4.1, sse4.2, popcnt, lzcnt, tsc, tscinvbit, avx, avx2, aes, erms, clmul, bmi1, bmi2, adx, avx512f, avx512dq, avx512cd, avx512bw, avx512vl, sha, fma, vzeroupper, avx512_vpopcntdq, avx512_vpclmulqdq, avx512_vaes, avx512_vnni, clflush, clflushopt, clwb, avx512_vbmi2, avx512_vbmi

Memory: 4k page, system-wide physical 7914M (1009M free)
TotalPageFile size 10914M (AvailPageFile size 0M)
current process WorkingSet (physical memory assigned to process): 47M, peak: 47M
current process commit charge ("private bytes"): 213M, peak: 213M

vm_info: Java HotSpot(TM) 64-Bit Server VM (17.0.1+12-LTS-39) for windows-amd64 JRE (17.0.1+12-LTS-39), built on Sep 27 2021 18:41:35 by "mach5one" with MS VC++ 16.8 (VS2019)

END.
