#
# There is insufficient memory for the Java Runtime Environment to continue.
# Native memory allocation (malloc) failed to allocate 1398576 bytes for Chunk::new
# Possible reasons:
#   The system is out of physical RAM or swap space
#   The process is running with CompressedOops enabled, and the Java Heap may be blocking the growth of the native heap
# Possible solutions:
#   Reduce memory load on the system
#   Increase physical memory or swap space
#   Check if swap backing store is full
#   Decrease Java heap size (-Xmx/-Xms)
#   Decrease number of Java threads
#   Decrease Java thread stack sizes (-Xss)
#   Set larger code cache with -XX:ReservedCodeCacheSize=
#   JVM is running with Unscaled Compressed Oops mode in which the Java heap is
#     placed in the first 4GB address space. The Java Heap base address is the
#     maximum limit for the native heap growth. Please use -XX:HeapBaseMinAddress
#     to set the Java Heap base and to place the Java Heap above 4GB virtual address.
# This output file may be truncated or incomplete.
#
#  Out of Memory Error (arena.cpp:189), pid=16932, tid=12576
#
# JRE version: Java(TM) SE Runtime Environment (17.0.1+12) (build 17.0.1+12-LTS-39)
# Java VM: Java HotSpot(TM) 64-Bit Server VM (17.0.1+12-LTS-39, mixed mode, sharing, tiered, compressed oops, compressed class ptrs, g1 gc, windows-amd64)
# No core dump will be written. Minidumps are not enabled by default on client versions of Windows
#

---------------  S U M M A R Y ------------

Command Line: -Dfile.encoding=UTF-8 --module-path=C:\Users\DELL\Documents\ASMALIGE\asm_Duan1\build\classes da1.ui.DangNhap

Host: 11th Gen Intel(R) Core(TM) i5-1135G7 @ 2.40GHz, 8 cores, 7G,  Windows 10 , 64 bit Build 22000 (10.0.22000.1219)
Time: Mon Nov 28 23:20:44 2022 SE Asia Standard Time elapsed time: 8.331174 seconds (0d 0h 0m 8s)

---------------  T H R E A D  ---------------

Current thread (0x000001fdffb8ecb0):  JavaThread "C2 CompilerThread0" daemon [_thread_in_native, id=12576, stack(0x00000036ed700000,0x00000036ed800000)]


Current CompileTask:
C2:   8331 2395       4       sun.security.util.AlgorithmDecomposer::decompose (336 bytes)

Stack: [0x00000036ed700000,0x00000036ed800000]
Native frames: (J=compiled Java code, j=interpreted, Vv=VM code, C=native code)
V  [jvm.dll+0x66fa1a]
V  [jvm.dll+0x7ce5a4]
V  [jvm.dll+0x7cfd4e]
V  [jvm.dll+0x7d03b3]
V  [jvm.dll+0x242b05]
V  [jvm.dll+0xaa05b]
V  [jvm.dll+0xaa5ec]
V  [jvm.dll+0x35f9b2]
V  [jvm.dll+0x329f51]
V  [jvm.dll+0x3293fa]
V  [jvm.dll+0x215bf1]
V  [jvm.dll+0x215011]
V  [jvm.dll+0x1a168d]
V  [jvm.dll+0x224848]
V  [jvm.dll+0x2229ac]
V  [jvm.dll+0x78435b]
V  [jvm.dll+0x77e91a]
V  [jvm.dll+0x66e845]
C  [ucrtbase.dll+0x26c0c]
C  [KERNEL32.DLL+0x15550]
C  [ntdll.dll+0x485b]


---------------  P R O C E S S  ---------------

Threads class SMR info:
_java_thread_list=0x000001fd82b4d0e0, length=20, elements={
0x000001fdffb76910, 0x000001fdffb772c0, 0x000001fdffb8b2d0, 0x000001fdffb8bc80,
0x000001fdffb8c630, 0x000001fdffb8d780, 0x000001fdffb8ecb0, 0x000001fdffb924a0,
0x000001fdffb9d390, 0x000001fd80847660, 0x000001fd8090a390, 0x000001fd80b10780,
0x000001fd80af5bc0, 0x000001fd80af6090, 0x000001fd80b6a580, 0x000001fddfd4d420,
0x000001fd817e1a90, 0x000001fd82b96580, 0x000001fd81873a60, 0x000001fd818bb890
}

Java Threads: ( => current thread )
  0x000001fdffb76910 JavaThread "Reference Handler" daemon [_thread_blocked, id=10428, stack(0x00000036ed100000,0x00000036ed200000)]
  0x000001fdffb772c0 JavaThread "Finalizer" daemon [_thread_blocked, id=18144, stack(0x00000036ed200000,0x00000036ed300000)]
  0x000001fdffb8b2d0 JavaThread "Signal Dispatcher" daemon [_thread_blocked, id=12432, stack(0x00000036ed300000,0x00000036ed400000)]
  0x000001fdffb8bc80 JavaThread "Attach Listener" daemon [_thread_blocked, id=4516, stack(0x00000036ed400000,0x00000036ed500000)]
  0x000001fdffb8c630 JavaThread "Service Thread" daemon [_thread_blocked, id=13924, stack(0x00000036ed500000,0x00000036ed600000)]
  0x000001fdffb8d780 JavaThread "Monitor Deflation Thread" daemon [_thread_blocked, id=10680, stack(0x00000036ed600000,0x00000036ed700000)]
=>0x000001fdffb8ecb0 JavaThread "C2 CompilerThread0" daemon [_thread_in_native, id=12576, stack(0x00000036ed700000,0x00000036ed800000)]
  0x000001fdffb924a0 JavaThread "C1 CompilerThread0" daemon [_thread_blocked, id=18272, stack(0x00000036ed800000,0x00000036ed900000)]
  0x000001fdffb9d390 JavaThread "Sweeper thread" daemon [_thread_blocked, id=6352, stack(0x00000036ed900000,0x00000036eda00000)]
  0x000001fd80847660 JavaThread "Common-Cleaner" daemon [_thread_blocked, id=15116, stack(0x00000036eda00000,0x00000036edb00000)]
  0x000001fd8090a390 JavaThread "Notification Thread" daemon [_thread_blocked, id=13116, stack(0x00000036edc00000,0x00000036edd00000)]
  0x000001fd80b10780 JavaThread "Java2D Disposer" daemon [_thread_blocked, id=1228, stack(0x00000036ede00000,0x00000036edf00000)]
  0x000001fd80af5bc0 JavaThread "AWT-Shutdown" [_thread_blocked, id=16320, stack(0x00000036edf00000,0x00000036ee000000)]
  0x000001fd80af6090 JavaThread "AWT-Windows" daemon [_thread_in_native, id=10964, stack(0x00000036ee000000,0x00000036ee100000)]
  0x000001fd80b6a580 JavaThread "AWT-EventQueue-0" [_thread_in_native, id=17200, stack(0x00000036ee100000,0x00000036ee200000)]
  0x000001fddfd4d420 JavaThread "DestroyJavaVM" [_thread_blocked, id=664, stack(0x00000036eca00000,0x00000036ecb00000)]
  0x000001fd817e1a90 JavaThread "Abandoned connection cleanup thread" daemon [_thread_blocked, id=5968, stack(0x00000036ee200000,0x00000036ee300000)]
  0x000001fd82b96580 JavaThread "TimerQueue" daemon [_thread_blocked, id=2588, stack(0x00000036ee300000,0x00000036ee400000)]
  0x000001fd81873a60 JavaThread "C2 CompilerThread1" daemon [_thread_in_native, id=14412, stack(0x00000036edb00000,0x00000036edc00000)]
  0x000001fd818bb890 JavaThread "C2 CompilerThread2" daemon [_thread_in_native, id=11940, stack(0x00000036ef100000,0x00000036ef200000)]

Other Threads:
  0x000001fdffb703d0 VMThread "VM Thread" [stack: 0x00000036ed000000,0x00000036ed100000] [id=16440]
  0x000001fddfda7e90 WatcherThread [stack: 0x00000036edd00000,0x00000036ede00000] [id=2400]
  0x000001fddfd8b2a0 GCTaskThread "GC Thread#0" [stack: 0x00000036ecb00000,0x00000036ecc00000] [id=12080]
  0x000001fd81b0e010 GCTaskThread "GC Thread#1" [stack: 0x00000036ee400000,0x00000036ee500000] [id=17000]
  0x000001fd81b0e2c0 GCTaskThread "GC Thread#2" [stack: 0x00000036ee500000,0x00000036ee600000] [id=13568]
  0x000001fd82ca0ef0 GCTaskThread "GC Thread#3" [stack: 0x00000036ee600000,0x00000036ee700000] [id=12368]
  0x000001fd81d1c960 GCTaskThread "GC Thread#4" [stack: 0x00000036ee700000,0x00000036ee800000] [id=6880]
  0x000001fd81d1cc10 GCTaskThread "GC Thread#5" [stack: 0x00000036ee800000,0x00000036ee900000] [id=11780]
  0x000001fd81b35cb0 GCTaskThread "GC Thread#6" [stack: 0x00000036ee900000,0x00000036eea00000] [id=16100]
  0x000001fd81cb5580 GCTaskThread "GC Thread#7" [stack: 0x00000036eea00000,0x00000036eeb00000] [id=7112]
  0x000001fddfd9b960 ConcurrentGCThread "G1 Main Marker" [stack: 0x00000036ecc00000,0x00000036ecd00000] [id=4380]
  0x000001fddfd9c370 ConcurrentGCThread "G1 Conc#0" [stack: 0x00000036ecd00000,0x00000036ece00000] [id=1936]
  0x000001fddfe18cf0 ConcurrentGCThread "G1 Refine#0" [stack: 0x00000036ece00000,0x00000036ecf00000] [id=3436]
  0x000001fd82cc3b70 ConcurrentGCThread "G1 Refine#1" [stack: 0x00000036eeb00000,0x00000036eec00000] [id=11796]
  0x000001fd81c5e670 ConcurrentGCThread "G1 Refine#2" [stack: 0x00000036eec00000,0x00000036eed00000] [id=12276]
  0x000001fd81d17aa0 ConcurrentGCThread "G1 Refine#3" [stack: 0x00000036eed00000,0x00000036eee00000] [id=1060]
  0x000001fddfe1b4c0 ConcurrentGCThread "G1 Service" [stack: 0x00000036ecf00000,0x00000036ed000000] [id=13948]

Threads with active compile tasks:
C2 CompilerThread0     8358 2395       4       sun.security.util.AlgorithmDecomposer::decompose (336 bytes)
C2 CompilerThread1     8358 2621       4       java.util.regex.Pattern::split (288 bytes)
C2 CompilerThread2     8358 2692 %     4       sun.security.provider.SHA5::implCompress0 @ 27 (346 bytes)

VM state: not at safepoint (normal execution)

VM Mutex/Monitor currently owned by a thread:  ([mutex/lock_event])
[0x000001fddfd46fe0] CodeCache_lock - owner thread: 0x000001fd81873a60
[0x000001fddfd47f60] Compile_lock - owner thread: 0x000001fd81873a60
[0x000001fddfd486b0] MethodCompileQueue_lock - owner thread: 0x000001fd81873a60

Heap address: 0x0000000084400000, size: 1980 MB, Compressed Oops mode: 32-bit

CDS archive(s) mapped at: [0x0000000800000000-0x0000000800bc0000-0x0000000800bc0000), size 12320768, SharedBaseAddress: 0x0000000800000000, ArchiveRelocationMode: 0.
Compressed class space mapped at: 0x0000000800c00000-0x0000000840c00000, reserved size: 1073741824
Narrow klass base: 0x0000000800000000, Narrow klass shift: 0, Narrow klass range: 0x100000000

GC Precious Log:
 CPUs: 8 total, 8 available
 Memory: 7914M
 Large Page Support: Disabled
 NUMA Support: Disabled
 Compressed Oops: Enabled (32-bit)
 Heap Region Size: 1M
 Heap Min Capacity: 8M
 Heap Initial Capacity: 124M
 Heap Max Capacity: 1980M
 Pre-touch: Disabled
 Parallel Workers: 8
 Concurrent Workers: 2
 Concurrent Refinement Workers: 8
 Periodic GC: Disabled

Heap:
 garbage-first heap   total 126976K, used 13832K [0x0000000084400000, 0x0000000100000000)
  region size 1024K, 10 young (10240K), 4 survivors (4096K)
 Metaspace       used 20710K, committed 20928K, reserved 1073152K
  class space    used 2321K, committed 2432K, reserved 1048576K

Heap Regions: E=young(eden), S=young(survivor), O=old, HS=humongous(starts), HC=humongous(continues), CS=collection set, F=free, OA=open archive, CA=closed archive, TAMS=top-at-mark-start (previous, next)
|   0|0x0000000084400000, 0x0000000084500000, 0x0000000084500000|100%| O|  |TAMS 0x0000000084400000, 0x0000000084400000| Untracked 
|   1|0x0000000084500000, 0x0000000084600000, 0x0000000084600000|100%| O|  |TAMS 0x0000000084500000, 0x0000000084500000| Untracked 
|   2|0x0000000084600000, 0x0000000084700000, 0x0000000084700000|100%| O|  |TAMS 0x0000000084600000, 0x0000000084600000| Untracked 
|   3|0x0000000084700000, 0x0000000084800000, 0x0000000084800000|100%| O|  |TAMS 0x0000000084700000, 0x0000000084700000| Untracked 
|   4|0x0000000084800000, 0x0000000084900000, 0x0000000084900000|100%| O|  |TAMS 0x0000000084800000, 0x0000000084800000| Untracked 
|   5|0x0000000084900000, 0x000000008492b600, 0x0000000084a00000| 16%| O|  |TAMS 0x0000000084900000, 0x0000000084900000| Untracked 
|   6|0x0000000084a00000, 0x0000000084a00000, 0x0000000084b00000|  0%| F|  |TAMS 0x0000000084a00000, 0x0000000084a00000| Untracked 
|   7|0x0000000084b00000, 0x0000000084b00000, 0x0000000084c00000|  0%| F|  |TAMS 0x0000000084b00000, 0x0000000084b00000| Untracked 
|   8|0x0000000084c00000, 0x0000000084c00000, 0x0000000084d00000|  0%| F|  |TAMS 0x0000000084c00000, 0x0000000084c00000| Untracked 
|   9|0x0000000084d00000, 0x0000000084d00000, 0x0000000084e00000|  0%| F|  |TAMS 0x0000000084d00000, 0x0000000084d00000| Untracked 
|  10|0x0000000084e00000, 0x0000000084e00000, 0x0000000084f00000|  0%| F|  |TAMS 0x0000000084e00000, 0x0000000084e00000| Untracked 
|  11|0x0000000084f00000, 0x0000000084f00000, 0x0000000085000000|  0%| F|  |TAMS 0x0000000084f00000, 0x0000000084f00000| Untracked 
|  12|0x0000000085000000, 0x0000000085000000, 0x0000000085100000|  0%| F|  |TAMS 0x0000000085000000, 0x0000000085000000| Untracked 
|  13|0x0000000085100000, 0x0000000085100000, 0x0000000085200000|  0%| F|  |TAMS 0x0000000085100000, 0x0000000085100000| Untracked 
|  14|0x0000000085200000, 0x0000000085200000, 0x0000000085300000|  0%| F|  |TAMS 0x0000000085200000, 0x0000000085200000| Untracked 
|  15|0x0000000085300000, 0x0000000085300000, 0x0000000085400000|  0%| F|  |TAMS 0x0000000085300000, 0x0000000085300000| Untracked 
|  16|0x0000000085400000, 0x0000000085400000, 0x0000000085500000|  0%| F|  |TAMS 0x0000000085400000, 0x0000000085400000| Untracked 
|  17|0x0000000085500000, 0x0000000085500000, 0x0000000085600000|  0%| F|  |TAMS 0x0000000085500000, 0x0000000085500000| Untracked 
|  18|0x0000000085600000, 0x0000000085600000, 0x0000000085700000|  0%| F|  |TAMS 0x0000000085600000, 0x0000000085600000| Untracked 
|  19|0x0000000085700000, 0x0000000085700000, 0x0000000085800000|  0%| F|  |TAMS 0x0000000085700000, 0x0000000085700000| Untracked 
|  20|0x0000000085800000, 0x0000000085800000, 0x0000000085900000|  0%| F|  |TAMS 0x0000000085800000, 0x0000000085800000| Untracked 
|  21|0x0000000085900000, 0x0000000085900000, 0x0000000085a00000|  0%| F|  |TAMS 0x0000000085900000, 0x0000000085900000| Untracked 
|  22|0x0000000085a00000, 0x0000000085a00000, 0x0000000085b00000|  0%| F|  |TAMS 0x0000000085a00000, 0x0000000085a00000| Untracked 
|  23|0x0000000085b00000, 0x0000000085b00000, 0x0000000085c00000|  0%| F|  |TAMS 0x0000000085b00000, 0x0000000085b00000| Untracked 
|  24|0x0000000085c00000, 0x0000000085c00000, 0x0000000085d00000|  0%| F|  |TAMS 0x0000000085c00000, 0x0000000085c00000| Untracked 
|  25|0x0000000085d00000, 0x0000000085d00000, 0x0000000085e00000|  0%| F|  |TAMS 0x0000000085d00000, 0x0000000085d00000| Untracked 
|  26|0x0000000085e00000, 0x0000000085e00000, 0x0000000085f00000|  0%| F|  |TAMS 0x0000000085e00000, 0x0000000085e00000| Untracked 
|  27|0x0000000085f00000, 0x0000000085f00000, 0x0000000086000000|  0%| F|  |TAMS 0x0000000085f00000, 0x0000000085f00000| Untracked 
|  28|0x0000000086000000, 0x0000000086000000, 0x0000000086100000|  0%| F|  |TAMS 0x0000000086000000, 0x0000000086000000| Untracked 
|  29|0x0000000086100000, 0x0000000086100000, 0x0000000086200000|  0%| F|  |TAMS 0x0000000086100000, 0x0000000086100000| Untracked 
|  30|0x0000000086200000, 0x0000000086200000, 0x0000000086300000|  0%| F|  |TAMS 0x0000000086200000, 0x0000000086200000| Untracked 
|  31|0x0000000086300000, 0x0000000086300000, 0x0000000086400000|  0%| F|  |TAMS 0x0000000086300000, 0x0000000086300000| Untracked 
|  32|0x0000000086400000, 0x0000000086400000, 0x0000000086500000|  0%| F|  |TAMS 0x0000000086400000, 0x0000000086400000| Untracked 
|  33|0x0000000086500000, 0x0000000086500000, 0x0000000086600000|  0%| F|  |TAMS 0x0000000086500000, 0x0000000086500000| Untracked 
|  34|0x0000000086600000, 0x0000000086600000, 0x0000000086700000|  0%| F|  |TAMS 0x0000000086600000, 0x0000000086600000| Untracked 
|  35|0x0000000086700000, 0x0000000086700000, 0x0000000086800000|  0%| F|  |TAMS 0x0000000086700000, 0x0000000086700000| Untracked 
|  36|0x0000000086800000, 0x0000000086800000, 0x0000000086900000|  0%| F|  |TAMS 0x0000000086800000, 0x0000000086800000| Untracked 
|  37|0x0000000086900000, 0x0000000086900000, 0x0000000086a00000|  0%| F|  |TAMS 0x0000000086900000, 0x0000000086900000| Untracked 
|  38|0x0000000086a00000, 0x0000000086a00000, 0x0000000086b00000|  0%| F|  |TAMS 0x0000000086a00000, 0x0000000086a00000| Untracked 
|  39|0x0000000086b00000, 0x0000000086b00000, 0x0000000086c00000|  0%| F|  |TAMS 0x0000000086b00000, 0x0000000086b00000| Untracked 
|  40|0x0000000086c00000, 0x0000000086c00000, 0x0000000086d00000|  0%| F|  |TAMS 0x0000000086c00000, 0x0000000086c00000| Untracked 
|  41|0x0000000086d00000, 0x0000000086d00000, 0x0000000086e00000|  0%| F|  |TAMS 0x0000000086d00000, 0x0000000086d00000| Untracked 
|  42|0x0000000086e00000, 0x0000000086e00000, 0x0000000086f00000|  0%| F|  |TAMS 0x0000000086e00000, 0x0000000086e00000| Untracked 
|  43|0x0000000086f00000, 0x0000000086f00000, 0x0000000087000000|  0%| F|  |TAMS 0x0000000086f00000, 0x0000000086f00000| Untracked 
|  44|0x0000000087000000, 0x0000000087000000, 0x0000000087100000|  0%| F|  |TAMS 0x0000000087000000, 0x0000000087000000| Untracked 
|  45|0x0000000087100000, 0x0000000087100000, 0x0000000087200000|  0%| F|  |TAMS 0x0000000087100000, 0x0000000087100000| Untracked 
|  46|0x0000000087200000, 0x0000000087200000, 0x0000000087300000|  0%| F|  |TAMS 0x0000000087200000, 0x0000000087200000| Untracked 
|  47|0x0000000087300000, 0x0000000087300000, 0x0000000087400000|  0%| F|  |TAMS 0x0000000087300000, 0x0000000087300000| Untracked 
|  48|0x0000000087400000, 0x0000000087400000, 0x0000000087500000|  0%| F|  |TAMS 0x0000000087400000, 0x0000000087400000| Untracked 
|  49|0x0000000087500000, 0x0000000087500000, 0x0000000087600000|  0%| F|  |TAMS 0x0000000087500000, 0x0000000087500000| Untracked 
|  50|0x0000000087600000, 0x0000000087600000, 0x0000000087700000|  0%| F|  |TAMS 0x0000000087600000, 0x0000000087600000| Untracked 
|  51|0x0000000087700000, 0x0000000087700000, 0x0000000087800000|  0%| F|  |TAMS 0x0000000087700000, 0x0000000087700000| Untracked 
|  52|0x0000000087800000, 0x0000000087800000, 0x0000000087900000|  0%| F|  |TAMS 0x0000000087800000, 0x0000000087800000| Untracked 
|  53|0x0000000087900000, 0x0000000087900000, 0x0000000087a00000|  0%| F|  |TAMS 0x0000000087900000, 0x0000000087900000| Untracked 
|  54|0x0000000087a00000, 0x0000000087a00000, 0x0000000087b00000|  0%| F|  |TAMS 0x0000000087a00000, 0x0000000087a00000| Untracked 
|  55|0x0000000087b00000, 0x0000000087b00000, 0x0000000087c00000|  0%| F|  |TAMS 0x0000000087b00000, 0x0000000087b00000| Untracked 
|  56|0x0000000087c00000, 0x0000000087c00000, 0x0000000087d00000|  0%| F|  |TAMS 0x0000000087c00000, 0x0000000087c00000| Untracked 
|  57|0x0000000087d00000, 0x0000000087d00000, 0x0000000087e00000|  0%| F|  |TAMS 0x0000000087d00000, 0x0000000087d00000| Untracked 
|  58|0x0000000087e00000, 0x0000000087e00000, 0x0000000087f00000|  0%| F|  |TAMS 0x0000000087e00000, 0x0000000087e00000| Untracked 
|  59|0x0000000087f00000, 0x0000000087f00000, 0x0000000088000000|  0%| F|  |TAMS 0x0000000087f00000, 0x0000000087f00000| Untracked 
|  60|0x0000000088000000, 0x0000000088000000, 0x0000000088100000|  0%| F|  |TAMS 0x0000000088000000, 0x0000000088000000| Untracked 
|  61|0x0000000088100000, 0x0000000088100000, 0x0000000088200000|  0%| F|  |TAMS 0x0000000088100000, 0x0000000088100000| Untracked 
|  62|0x0000000088200000, 0x0000000088200000, 0x0000000088300000|  0%| F|  |TAMS 0x0000000088200000, 0x0000000088200000| Untracked 
|  63|0x0000000088300000, 0x0000000088300000, 0x0000000088400000|  0%| F|  |TAMS 0x0000000088300000, 0x0000000088300000| Untracked 
|  64|0x0000000088400000, 0x0000000088400000, 0x0000000088500000|  0%| F|  |TAMS 0x0000000088400000, 0x0000000088400000| Untracked 
|  65|0x0000000088500000, 0x0000000088500000, 0x0000000088600000|  0%| F|  |TAMS 0x0000000088500000, 0x0000000088500000| Untracked 
|  66|0x0000000088600000, 0x0000000088600000, 0x0000000088700000|  0%| F|  |TAMS 0x0000000088600000, 0x0000000088600000| Untracked 
|  67|0x0000000088700000, 0x0000000088700000, 0x0000000088800000|  0%| F|  |TAMS 0x0000000088700000, 0x0000000088700000| Untracked 
|  68|0x0000000088800000, 0x0000000088800000, 0x0000000088900000|  0%| F|  |TAMS 0x0000000088800000, 0x0000000088800000| Untracked 
|  69|0x0000000088900000, 0x0000000088900000, 0x0000000088a00000|  0%| F|  |TAMS 0x0000000088900000, 0x0000000088900000| Untracked 
|  70|0x0000000088a00000, 0x0000000088a00000, 0x0000000088b00000|  0%| F|  |TAMS 0x0000000088a00000, 0x0000000088a00000| Untracked 
|  71|0x0000000088b00000, 0x0000000088b00000, 0x0000000088c00000|  0%| F|  |TAMS 0x0000000088b00000, 0x0000000088b00000| Untracked 
|  72|0x0000000088c00000, 0x0000000088c00000, 0x0000000088d00000|  0%| F|  |TAMS 0x0000000088c00000, 0x0000000088c00000| Untracked 
|  73|0x0000000088d00000, 0x0000000088d00000, 0x0000000088e00000|  0%| F|  |TAMS 0x0000000088d00000, 0x0000000088d00000| Untracked 
|  74|0x0000000088e00000, 0x0000000088e00000, 0x0000000088f00000|  0%| F|  |TAMS 0x0000000088e00000, 0x0000000088e00000| Untracked 
|  75|0x0000000088f00000, 0x0000000088f00000, 0x0000000089000000|  0%| F|  |TAMS 0x0000000088f00000, 0x0000000088f00000| Untracked 
|  76|0x0000000089000000, 0x0000000089000000, 0x0000000089100000|  0%| F|  |TAMS 0x0000000089000000, 0x0000000089000000| Untracked 
|  77|0x0000000089100000, 0x0000000089100000, 0x0000000089200000|  0%| F|  |TAMS 0x0000000089100000, 0x0000000089100000| Untracked 
|  78|0x0000000089200000, 0x0000000089200000, 0x0000000089300000|  0%| F|  |TAMS 0x0000000089200000, 0x0000000089200000| Untracked 
|  79|0x0000000089300000, 0x0000000089300000, 0x0000000089400000|  0%| F|  |TAMS 0x0000000089300000, 0x0000000089300000| Untracked 
|  80|0x0000000089400000, 0x0000000089400000, 0x0000000089500000|  0%| F|  |TAMS 0x0000000089400000, 0x0000000089400000| Untracked 
|  81|0x0000000089500000, 0x0000000089500000, 0x0000000089600000|  0%| F|  |TAMS 0x0000000089500000, 0x0000000089500000| Untracked 
|  82|0x0000000089600000, 0x0000000089600000, 0x0000000089700000|  0%| F|  |TAMS 0x0000000089600000, 0x0000000089600000| Untracked 
|  83|0x0000000089700000, 0x0000000089700000, 0x0000000089800000|  0%| F|  |TAMS 0x0000000089700000, 0x0000000089700000| Untracked 
|  84|0x0000000089800000, 0x0000000089800000, 0x0000000089900000|  0%| F|  |TAMS 0x0000000089800000, 0x0000000089800000| Untracked 
|  85|0x0000000089900000, 0x0000000089900000, 0x0000000089a00000|  0%| F|  |TAMS 0x0000000089900000, 0x0000000089900000| Untracked 
|  86|0x0000000089a00000, 0x0000000089a00000, 0x0000000089b00000|  0%| F|  |TAMS 0x0000000089a00000, 0x0000000089a00000| Untracked 
|  87|0x0000000089b00000, 0x0000000089b00000, 0x0000000089c00000|  0%| F|  |TAMS 0x0000000089b00000, 0x0000000089b00000| Untracked 
|  88|0x0000000089c00000, 0x0000000089c00000, 0x0000000089d00000|  0%| F|  |TAMS 0x0000000089c00000, 0x0000000089c00000| Untracked 
|  89|0x0000000089d00000, 0x0000000089d00000, 0x0000000089e00000|  0%| F|  |TAMS 0x0000000089d00000, 0x0000000089d00000| Untracked 
|  90|0x0000000089e00000, 0x0000000089e00000, 0x0000000089f00000|  0%| F|  |TAMS 0x0000000089e00000, 0x0000000089e00000| Untracked 
|  91|0x0000000089f00000, 0x0000000089f00000, 0x000000008a000000|  0%| F|  |TAMS 0x0000000089f00000, 0x0000000089f00000| Untracked 
|  92|0x000000008a000000, 0x000000008a000000, 0x000000008a100000|  0%| F|  |TAMS 0x000000008a000000, 0x000000008a000000| Untracked 
|  93|0x000000008a100000, 0x000000008a100000, 0x000000008a200000|  0%| F|  |TAMS 0x000000008a100000, 0x000000008a100000| Untracked 
|  94|0x000000008a200000, 0x000000008a200000, 0x000000008a300000|  0%| F|  |TAMS 0x000000008a200000, 0x000000008a200000| Untracked 
|  95|0x000000008a300000, 0x000000008a356a10, 0x000000008a400000| 33%| S|CS|TAMS 0x000000008a300000, 0x000000008a300000| Complete 
|  96|0x000000008a400000, 0x000000008a500000, 0x000000008a500000|100%| S|CS|TAMS 0x000000008a400000, 0x000000008a400000| Complete 
|  97|0x000000008a500000, 0x000000008a600000, 0x000000008a600000|100%| S|CS|TAMS 0x000000008a500000, 0x000000008a500000| Complete 
|  98|0x000000008a600000, 0x000000008a600000, 0x000000008a700000|  0%| F|  |TAMS 0x000000008a600000, 0x000000008a600000| Untracked 
|  99|0x000000008a700000, 0x000000008a700000, 0x000000008a800000|  0%| F|  |TAMS 0x000000008a700000, 0x000000008a700000| Untracked 
| 100|0x000000008a800000, 0x000000008a800000, 0x000000008a900000|  0%| F|  |TAMS 0x000000008a800000, 0x000000008a800000| Untracked 
| 101|0x000000008a900000, 0x000000008aa00000, 0x000000008aa00000|100%| S|CS|TAMS 0x000000008a900000, 0x000000008a900000| Complete 
| 102|0x000000008aa00000, 0x000000008aa00000, 0x000000008ab00000|  0%| F|  |TAMS 0x000000008aa00000, 0x000000008aa00000| Untracked 
| 103|0x000000008ab00000, 0x000000008ab00000, 0x000000008ac00000|  0%| F|  |TAMS 0x000000008ab00000, 0x000000008ab00000| Untracked 
| 104|0x000000008ac00000, 0x000000008ac00000, 0x000000008ad00000|  0%| F|  |TAMS 0x000000008ac00000, 0x000000008ac00000| Untracked 
| 105|0x000000008ad00000, 0x000000008ad00000, 0x000000008ae00000|  0%| F|  |TAMS 0x000000008ad00000, 0x000000008ad00000| Untracked 
| 106|0x000000008ae00000, 0x000000008ae00000, 0x000000008af00000|  0%| F|  |TAMS 0x000000008ae00000, 0x000000008ae00000| Untracked 
| 107|0x000000008af00000, 0x000000008af00000, 0x000000008b000000|  0%| F|  |TAMS 0x000000008af00000, 0x000000008af00000| Untracked 
| 108|0x000000008b000000, 0x000000008b000000, 0x000000008b100000|  0%| F|  |TAMS 0x000000008b000000, 0x000000008b000000| Untracked 
| 109|0x000000008b100000, 0x000000008b100000, 0x000000008b200000|  0%| F|  |TAMS 0x000000008b100000, 0x000000008b100000| Untracked 
| 110|0x000000008b200000, 0x000000008b200000, 0x000000008b300000|  0%| F|  |TAMS 0x000000008b200000, 0x000000008b200000| Untracked 
| 111|0x000000008b300000, 0x000000008b300000, 0x000000008b400000|  0%| F|  |TAMS 0x000000008b300000, 0x000000008b300000| Untracked 
| 112|0x000000008b400000, 0x000000008b400000, 0x000000008b500000|  0%| F|  |TAMS 0x000000008b400000, 0x000000008b400000| Untracked 
| 113|0x000000008b500000, 0x000000008b500000, 0x000000008b600000|  0%| F|  |TAMS 0x000000008b500000, 0x000000008b500000| Untracked 
| 114|0x000000008b600000, 0x000000008b600000, 0x000000008b700000|  0%| F|  |TAMS 0x000000008b600000, 0x000000008b600000| Untracked 
| 115|0x000000008b700000, 0x000000008b700000, 0x000000008b800000|  0%| F|  |TAMS 0x000000008b700000, 0x000000008b700000| Untracked 
| 116|0x000000008b800000, 0x000000008b800000, 0x000000008b900000|  0%| F|  |TAMS 0x000000008b800000, 0x000000008b800000| Untracked 
| 117|0x000000008b900000, 0x000000008b980800, 0x000000008ba00000| 50%| E|  |TAMS 0x000000008b900000, 0x000000008b900000| Complete 
| 118|0x000000008ba00000, 0x000000008bb00000, 0x000000008bb00000|100%| E|CS|TAMS 0x000000008ba00000, 0x000000008ba00000| Complete 
| 119|0x000000008bb00000, 0x000000008bc00000, 0x000000008bc00000|100%| E|CS|TAMS 0x000000008bb00000, 0x000000008bb00000| Complete 
| 120|0x000000008bc00000, 0x000000008bd00000, 0x000000008bd00000|100%| E|CS|TAMS 0x000000008bc00000, 0x000000008bc00000| Complete 
| 121|0x000000008bd00000, 0x000000008be00000, 0x000000008be00000|100%| E|CS|TAMS 0x000000008bd00000, 0x000000008bd00000| Complete 
| 122|0x000000008be00000, 0x000000008bf00000, 0x000000008bf00000|100%| E|CS|TAMS 0x000000008be00000, 0x000000008be00000| Complete 
| 123|0x000000008bf00000, 0x000000008c000000, 0x000000008c000000|100%| E|CS|TAMS 0x000000008bf00000, 0x000000008bf00000| Complete 

Card table byte_map: [0x000001fdf8b90000,0x000001fdf8f70000] _byte_map_base: 0x000001fdf876e000

Marking Bits (Prev, Next): (CMBitMap*) 0x000001fddfd8b8b0, (CMBitMap*) 0x000001fddfd8b8f0
 Prev Bits: [0x000001fdf9350000, 0x000001fdfb240000)
 Next Bits: [0x000001fdfb240000, 0x000001fdfd130000)

Polling page: 0x000001fddfe30000

Metaspace:

Usage:
  Non-class:     17.96 MB used.
      Class:      2.27 MB used.
       Both:     20.23 MB used.

Virtual space:
  Non-class space:       24.00 MB reserved,      18.06 MB ( 75%) committed,  3 nodes.
      Class space:        1.00 GB reserved,       2.38 MB ( <1%) committed,  1 nodes.
             Both:        1.02 GB reserved,      20.44 MB (  2%) committed. 

Chunk freelists:
   Non-Class:  1.00 MB
       Class:  1.57 MB
        Both:  2.57 MB

MaxMetaspaceSize: unlimited
CompressedClassSpaceSize: 1.00 GB
Initial GC threshold: 21.00 MB
Current GC threshold: 21.00 MB
CDS: on
MetaspaceReclaimPolicy: balanced
 - commit_granule_bytes: 65536.
 - commit_granule_words: 8192.
 - virtual_space_node_default_size: 1048576.
 - enlarge_chunks_in_place: 1.
 - new_chunks_are_fully_committed: 0.
 - uncommit_free_chunks: 1.
 - use_allocation_guard: 0.
 - handle_deallocations: 1.


Internal statistics:

num_allocs_failed_limit: 0.
num_arena_births: 172.
num_arena_deaths: 0.
num_vsnodes_births: 4.
num_vsnodes_deaths: 0.
num_space_committed: 327.
num_space_uncommitted: 0.
num_chunks_returned_to_freelist: 0.
num_chunks_taken_from_freelist: 393.
num_chunk_merges: 0.
num_chunk_splits: 226.
num_chunks_enlarged: 124.
num_purges: 0.
num_inconsistent_stats: 0.

CodeHeap 'non-profiled nmethods': size=120000Kb used=1037Kb max_used=1037Kb free=118962Kb
 bounds [0x000001fdf0800000, 0x000001fdf0a70000, 0x000001fdf7d30000]
CodeHeap 'profiled nmethods': size=120000Kb used=5055Kb max_used=5055Kb free=114944Kb
 bounds [0x000001fde92d0000, 0x000001fde97c0000, 0x000001fdf0800000]
CodeHeap 'non-nmethods': size=5760Kb used=1398Kb max_used=1425Kb free=4361Kb
 bounds [0x000001fde8d30000, 0x000001fde8fa0000, 0x000001fde92d0000]
 total_blobs=3510 nmethods=2774 adapters=648
 compilation: enabled
              stopped_count=0, restarted_count=0
 full_count=0

Compilation events (20 events):
Event: 8.324 Thread 0x000001fdffb924a0 nmethod 2718 0x000001fde978eb10 code [0x000001fde978ed60, 0x000001fde978f678]
Event: 8.324 Thread 0x000001fdffb924a0 2719       3       com.mysql.cj.protocol.a.NativePacketPayload::writeBytes (73 bytes)
Event: 8.324 Thread 0x000001fdffb924a0 nmethod 2719 0x000001fde978fa90 code [0x000001fde978fc60, 0x000001fde978fff8]
Event: 8.324 Thread 0x000001fdffb924a0 2720       3       com.sun.crypto.provider.GaloisCounterMode::expandToOneBlock (67 bytes)
Event: 8.325 Thread 0x000001fdffb924a0 nmethod 2720 0x000001fde9790190 code [0x000001fde97903e0, 0x000001fde9790cb8]
Event: 8.325 Thread 0x000001fdffb924a0 2721       3       com.sun.crypto.provider.GCTR::<init> (69 bytes)
Event: 8.325 Thread 0x000001fdffb924a0 nmethod 2721 0x000001fde9790f90 code [0x000001fde9791220, 0x000001fde9791be8]
Event: 8.325 Thread 0x000001fdffb924a0 2725   !   3       java.nio.ByteBuffer::getArray (121 bytes)
Event: 8.326 Thread 0x000001fdffb924a0 nmethod 2725 0x000001fde9791f90 code [0x000001fde9792200, 0x000001fde9792d38]
Event: 8.326 Thread 0x000001fdffb924a0 2722       3       com.sun.crypto.provider.CounterMode::<init> (41 bytes)
Event: 8.326 Thread 0x000001fdffb924a0 nmethod 2722 0x000001fde9793310 code [0x000001fde97934e0, 0x000001fde9793a48]
Event: 8.326 Thread 0x000001fdffb924a0 2724       3       com.sun.crypto.provider.GHASH::update (9 bytes)
Event: 8.326 Thread 0x000001fdffb924a0 nmethod 2724 0x000001fde9793b90 code [0x000001fde9793d40, 0x000001fde9793e88]
Event: 8.326 Thread 0x000001fdffb924a0 2723       3       java.net.Socket$SocketInputStream::read (11 bytes)
Event: 8.326 Thread 0x000001fdffb924a0 nmethod 2723 0x000001fde9793f90 code [0x000001fde9794140, 0x000001fde9794308]
Event: 8.326 Thread 0x000001fdffb924a0 2726       3       java.lang.Integer::compareTo (12 bytes)
Event: 8.326 Thread 0x000001fdffb924a0 nmethod 2726 0x000001fde9794410 code [0x000001fde97945c0, 0x000001fde9794818]
Event: 8.326 Thread 0x000001fdffb924a0 2729       3       com.mysql.cj.util.StringUtils::getLong (324 bytes)
Event: 8.328 Thread 0x000001fdffb924a0 nmethod 2729 0x000001fde9794910 code [0x000001fde9794cc0, 0x000001fde97967f8]
Event: 8.328 Thread 0x000001fdffb924a0 2727       3       java.util.Calendar::set (72 bytes)

GC Heap History (4 events):
Event: 0.738 GC heap before
{Heap before GC invocations=0 (full 0):
 garbage-first heap   total 126976K, used 22528K [0x0000000084400000, 0x0000000100000000)
  region size 1024K, 23 young (23552K), 0 survivors (0K)
 Metaspace       used 15080K, committed 15296K, reserved 1064960K
  class space    used 1723K, committed 1856K, reserved 1048576K
}
Event: 0.745 GC heap after
{Heap after GC invocations=1 (full 0):
 garbage-first heap   total 126976K, used 5163K [0x0000000084400000, 0x0000000100000000)
  region size 1024K, 3 young (3072K), 3 survivors (3072K)
 Metaspace       used 15080K, committed 15296K, reserved 1064960K
  class space    used 1723K, committed 1856K, reserved 1048576K
}
Event: 8.292 GC heap before
{Heap before GC invocations=1 (full 0):
 garbage-first heap   total 126976K, used 26667K [0x0000000084400000, 0x0000000100000000)
  region size 1024K, 25 young (25600K), 3 survivors (3072K)
 Metaspace       used 20578K, committed 20864K, reserved 1073152K
  class space    used 2317K, committed 2432K, reserved 1048576K
}
Event: 8.298 GC heap after
{Heap after GC invocations=2 (full 0):
 garbage-first heap   total 126976K, used 8712K [0x0000000084400000, 0x0000000100000000)
  region size 1024K, 4 young (4096K), 4 survivors (4096K)
 Metaspace       used 20578K, committed 20864K, reserved 1073152K
  class space    used 2317K, committed 2432K, reserved 1048576K
}

Deoptimization events (20 events):
Event: 8.301 Thread 0x000001fd817e1a90 Uncommon trap: trap_request=0xffffffc6 fr.pc=0x000001fdf0877a8c relative=0x0000000000000cac
Event: 8.301 Thread 0x000001fd817e1a90 Uncommon trap: reason=bimorphic_or_optimized_type_check action=maybe_recompile pc=0x000001fdf0877a8c method=java.util.regex.Pattern$Branch.match(Ljava/util/regex/Matcher;ILjava/lang/CharSequence;)Z @ 50 c2
Event: 8.301 Thread 0x000001fd817e1a90 DEOPT PACKING pc=0x000001fdf0877a8c sp=0x00000036ee2fdef0
Event: 8.301 Thread 0x000001fd817e1a90 DEOPT UNPACKING pc=0x000001fde8d85c23 sp=0x00000036ee2fdef0 mode 2
Event: 8.301 Thread 0x000001fd817e1a90 Uncommon trap: trap_request=0xffffffc6 fr.pc=0x000001fdf0877a8c relative=0x0000000000000cac
Event: 8.301 Thread 0x000001fd817e1a90 Uncommon trap: reason=bimorphic_or_optimized_type_check action=maybe_recompile pc=0x000001fdf0877a8c method=java.util.regex.Pattern$Branch.match(Ljava/util/regex/Matcher;ILjava/lang/CharSequence;)Z @ 50 c2
Event: 8.301 Thread 0x000001fd817e1a90 DEOPT PACKING pc=0x000001fdf0877a8c sp=0x00000036ee2fde40
Event: 8.301 Thread 0x000001fd817e1a90 DEOPT UNPACKING pc=0x000001fde8d85c23 sp=0x00000036ee2fde60 mode 2
Event: 8.302 Thread 0x000001fd817e1a90 Uncommon trap: trap_request=0xffffffde fr.pc=0x000001fdf087c9b4 relative=0x0000000000000eb4
Event: 8.302 Thread 0x000001fd817e1a90 Uncommon trap: reason=class_check action=maybe_recompile pc=0x000001fdf087c9b4 method=java.util.regex.Pattern$Start.match(Ljava/util/regex/Matcher;ILjava/lang/CharSequence;)Z @ 44 c2
Event: 8.302 Thread 0x000001fd817e1a90 DEOPT PACKING pc=0x000001fdf087c9b4 sp=0x00000036ee2fe340
Event: 8.303 Thread 0x000001fd817e1a90 DEOPT UNPACKING pc=0x000001fde8d85c23 sp=0x00000036ee2fe320 mode 2
Event: 8.303 Thread 0x000001fd817e1a90 Uncommon trap: trap_request=0xffffffde fr.pc=0x000001fdf087c9b4 relative=0x0000000000000eb4
Event: 8.303 Thread 0x000001fd817e1a90 Uncommon trap: reason=class_check action=maybe_recompile pc=0x000001fdf087c9b4 method=java.util.regex.Pattern$Start.match(Ljava/util/regex/Matcher;ILjava/lang/CharSequence;)Z @ 44 c2
Event: 8.303 Thread 0x000001fd817e1a90 DEOPT PACKING pc=0x000001fdf087c9b4 sp=0x00000036ee2fe340
Event: 8.303 Thread 0x000001fd817e1a90 DEOPT UNPACKING pc=0x000001fde8d85c23 sp=0x00000036ee2fe320 mode 2
Event: 8.304 Thread 0x000001fd817e1a90 Uncommon trap: trap_request=0xffffffde fr.pc=0x000001fdf087c9b4 relative=0x0000000000000eb4
Event: 8.304 Thread 0x000001fd817e1a90 Uncommon trap: reason=class_check action=maybe_recompile pc=0x000001fdf087c9b4 method=java.util.regex.Pattern$Start.match(Ljava/util/regex/Matcher;ILjava/lang/CharSequence;)Z @ 44 c2
Event: 8.304 Thread 0x000001fd817e1a90 DEOPT PACKING pc=0x000001fdf087c9b4 sp=0x00000036ee2fe340
Event: 8.304 Thread 0x000001fd817e1a90 DEOPT UNPACKING pc=0x000001fde8d85c23 sp=0x00000036ee2fe320 mode 2

Classes unloaded (0 events):
No events

Classes redefined (0 events):
No events

Internal exceptions (20 events):
Event: 0.246 Thread 0x000001fddfd4d420 Exception <a 'java/lang/ClassNotFoundException'{0x000000008ba0d568}: Tree> (0x000000008ba0d568) 
thrown [t:\workspace\open\src\hotspot\share\classfile\systemDictionary.cpp, line 256]
Event: 0.246 Thread 0x000001fddfd4d420 Exception <a 'java/lang/ClassNotFoundException'{0x000000008ba0d8d8}: javax/swing/JTreeCell> (0x000000008ba0d8d8) 
thrown [t:\workspace\open\src\hotspot\share\classfile\systemDictionary.cpp, line 256]
Event: 0.246 Thread 0x000001fddfd4d420 Exception <a 'java/lang/ClassNotFoundException'{0x000000008ba0dbd8}: TreeCell> (0x000000008ba0dbd8) 
thrown [t:\workspace\open\src\hotspot\share\classfile\systemDictionary.cpp, line 256]
Event: 0.247 Thread 0x000001fddfd4d420 Exception <a 'java/lang/ClassNotFoundException'{0x000000008ba0e398}: RootPane> (0x000000008ba0e398) 
thrown [t:\workspace\open\src\hotspot\share\classfile\systemDictionary.cpp, line 256]
Event: 0.249 Thread 0x000001fddfd4d420 Exception <a 'java/lang/ClassNotFoundException'{0x000000008ba111e8}: com/sun/swing/internal/plaf/metal/resources/spi/metalProvider> (0x000000008ba111e8) 
thrown [t:\workspace\open\src\hotspot\share\classfile\systemDictionary.cpp, line 256]
Event: 0.250 Thread 0x000001fddfd4d420 Exception <a 'java/lang/ClassNotFoundException'{0x000000008ba14de8}: com/sun/swing/internal/plaf/basic/resources/spi/basicProvider> (0x000000008ba14de8) 
thrown [t:\workspace\open\src\hotspot\share\classfile\systemDictionary.cpp, line 256]
Event: 0.268 Thread 0x000001fd80b6a580 Exception <a 'java/lang/ClassNotFoundException'{0x000000008ba8b0a0}: com/sun/swing/internal/plaf/synth/resources/spi/synthProvider> (0x000000008ba8b0a0) 
thrown [t:\workspace\open\src\hotspot\share\classfile\systemDictionary.cpp, line 256]
Event: 0.358 Thread 0x000001fd80b6a580 Exception <a 'java/lang/NoSuchMethodError'{0x000000008b6156d0}: 'java.lang.Object java.lang.invoke.DirectMethodHandle$Holder.invokeInterface(java.lang.Object, java.lang.Object)'> (0x000000008b6156d0) 
thrown [t:\workspace\open\src\hotspot\share\interpreter\linkResolver.cpp, line 766]
Event: 0.391 Thread 0x000001fd80b6a580 Exception <a 'java/lang/NoSuchMethodError'{0x000000008b521030}: 'void java.lang.invoke.DirectMethodHandle$Holder.invokeStatic(java.lang.Object, java.lang.Object, java.lang.Object)'> (0x000000008b521030) 
thrown [t:\workspace\open\src\hotspot\share\interpreter\linkResolver.cpp, line 766]
Event: 0.393 Thread 0x000001fd80b6a580 Exception <a 'java/lang/NoSuchMethodError'{0x000000008b540b68}: 'java.lang.Object java.lang.invoke.DirectMethodHandle$Holder.invokeVirtual(java.lang.Object, java.lang.Object, java.lang.Object)'> (0x000000008b540b68) 
thrown [t:\workspace\open\src\hotspot\share\interpreter\linkResolver.cpp, line 766]
Event: 0.452 Thread 0x000001fd80b6a580 Exception <a 'java/lang/NoSuchMethodError'{0x000000008b3e2818}: 'void java.lang.invoke.DirectMethodHandle$Holder.invokeStatic(java.lang.Object, java.lang.Object)'> (0x000000008b3e2818) 
thrown [t:\workspace\open\src\hotspot\share\interpreter\linkResolver.cpp, line 766]
Event: 0.543 Thread 0x000001fd80b6a580 Exception <a 'sun/nio/fs/WindowsException'{0x000000008ad611c8}> (0x000000008ad611c8) 
thrown [t:\workspace\open\src\hotspot\share\prims\jni.cpp, line 516]
Event: 0.553 Thread 0x000001fd80b6a580 Exception <a 'java/lang/NoSuchMethodError'{0x000000008ad87d68}: 'int java.lang.invoke.DirectMethodHandle$Holder.invokeStaticInit(java.lang.Object, java.lang.Object, java.lang.Object, java.lang.Object)'> (0x000000008ad87d68) 
thrown [t:\workspace\open\src\hotspot\share\interpreter\linkResolver.cpp, line 766]
Event: 0.554 Thread 0x000001fd80b6a580 Exception <a 'java/lang/IncompatibleClassChangeError'{0x000000008ad914b8}: Found class java.lang.Object, but interface was expected> (0x000000008ad914b8) 
thrown [t:\workspace\open\src\hotspot\share\interpreter\linkResolver.cpp, line 833]
Event: 0.554 Thread 0x000001fd80b6a580 Exception <a 'java/lang/NoSuchMethodError'{0x000000008ad947b0}: 'void java.lang.invoke.DirectMethodHandle$Holder.invokeStaticInit(java.lang.Object, java.lang.Object)'> (0x000000008ad947b0) 
thrown [t:\workspace\open\src\hotspot\share\interpreter\linkResolver.cpp, line 766]
Event: 0.555 Thread 0x000001fd80b6a580 Exception <a 'java/lang/NoSuchMethodError'{0x000000008ad9a7d8}: 'int java.lang.invoke.DirectMethodHandle$Holder.invokeStaticInit(java.lang.Object, java.lang.Object)'> (0x000000008ad9a7d8) 
thrown [t:\workspace\open\src\hotspot\share\interpreter\linkResolver.cpp, line 766]
Event: 0.583 Thread 0x000001fd80b6a580 Exception <a 'java/lang/NoSuchMethodError'{0x000000008ab6f800}: 'java.lang.Object java.lang.invoke.DirectMethodHandle$Holder.invokeStaticInit(java.lang.Object, int, int, int, int)'> (0x000000008ab6f800) 
thrown [t:\workspace\open\src\hotspot\share\interpreter\linkResolver.cpp, line 766]
Event: 0.644 Thread 0x000001fd80b6a580 Exception <a 'java/lang/NoSuchMethodError'{0x000000008aa18b20}: 'java.lang.Object java.lang.invoke.DirectMethodHandle$Holder.invokeStaticInit(java.lang.Object, java.lang.Object, int, int, int, int)'> (0x000000008aa18b20) 
thrown [t:\workspace\open\src\hotspot\share\interpreter\linkResolver.cpp, line 766]
Event: 0.820 Thread 0x000001fd80af6090 Exception <a 'java/lang/NoSuchMethodError'{0x000000008be083a0}: 'void java.lang.invoke.DirectMethodHandle$Holder.invokeVirtual(java.lang.Object, java.lang.Object)'> (0x000000008be083a0) 
thrown [t:\workspace\open\src\hotspot\share\interpreter\linkResolver.cpp, line 766]
Event: 0.834 Thread 0x000001fd80b6a580 Exception <a 'java/lang/NoSuchMethodError'{0x000000008bfe86c8}: 'void java.lang.invoke.DirectMethodHandle$Holder.invokeStaticInit(java.lang.Object)'> (0x000000008bfe86c8) 
thrown [t:\workspace\open\src\hotspot\share\interpreter\linkResolver.cpp, line 766]

VM Operations (20 events):
Event: 1.037 Executing VM operation: HandshakeAllThreads
Event: 1.037 Executing VM operation: HandshakeAllThreads done
Event: 2.041 Executing VM operation: Cleanup
Event: 2.042 Executing VM operation: Cleanup done
Event: 3.046 Executing VM operation: Cleanup
Event: 3.046 Executing VM operation: Cleanup done
Event: 4.047 Executing VM operation: Cleanup
Event: 4.047 Executing VM operation: Cleanup done
Event: 5.050 Executing VM operation: Cleanup
Event: 5.050 Executing VM operation: Cleanup done
Event: 6.061 Executing VM operation: Cleanup
Event: 6.061 Executing VM operation: Cleanup done
Event: 7.074 Executing VM operation: Cleanup
Event: 7.075 Executing VM operation: Cleanup done
Event: 8.086 Executing VM operation: Cleanup
Event: 8.086 Executing VM operation: Cleanup done
Event: 8.236 Executing VM operation: HandshakeAllThreads
Event: 8.236 Executing VM operation: HandshakeAllThreads done
Event: 8.292 Executing VM operation: G1CollectForAllocation
Event: 8.298 Executing VM operation: G1CollectForAllocation done

Events (20 events):
Event: 8.231 loading class java/util/spi/ResourceBundleProvider
Event: 8.231 loading class java/util/spi/ResourceBundleProvider done
Event: 8.231 loading class sun/util/resources/LocaleData$LocaleDataResourceBundleProvider done
Event: 8.231 loading class sun/util/resources/LocaleData$CommonResourceBundleProvider done
Event: 8.231 loading class sun/util/resources/Bundles$2
Event: 8.231 loading class sun/util/resources/Bundles$2 done
Event: 8.261 loading class java/util/concurrent/atomic/AtomicReferenceFieldUpdater
Event: 8.261 loading class java/util/concurrent/atomic/AtomicReferenceFieldUpdater done
Event: 8.261 loading class java/util/concurrent/atomic/AtomicReferenceFieldUpdater$AtomicReferenceFieldUpdaterImpl
Event: 8.261 loading class java/util/concurrent/atomic/AtomicReferenceFieldUpdater$AtomicReferenceFieldUpdaterImpl done
Event: 8.261 loading class java/util/concurrent/atomic/AtomicReferenceFieldUpdater$AtomicReferenceFieldUpdaterImpl$1
Event: 8.261 loading class java/util/concurrent/atomic/AtomicReferenceFieldUpdater$AtomicReferenceFieldUpdaterImpl$1 done
Event: 8.299 loading class sun/security/ssl/Alert
Event: 8.299 loading class sun/security/ssl/Alert done
Event: 8.299 loading class sun/security/ssl/Alert$AlertConsumer
Event: 8.299 loading class sun/security/ssl/Alert$AlertConsumer done
Event: 8.299 loading class sun/security/ssl/Alert$Level
Event: 8.299 loading class sun/security/ssl/Alert$Level done
Event: 8.301 loading class java/util/Formatter$FixedString
Event: 8.301 loading class java/util/Formatter$FixedString done


Dynamic libraries:
0x00007ff641e40000 - 0x00007ff641e50000 	C:\Program Files\Java\jdk-17.0.1\bin\java.exe
0x00007ffb2e8c0000 - 0x00007ffb2eac9000 	C:\WINDOWS\SYSTEM32\ntdll.dll
0x00007ffb2c740000 - 0x00007ffb2c7fe000 	C:\WINDOWS\System32\KERNEL32.DLL
0x00007ffb2beb0000 - 0x00007ffb2c22b000 	C:\WINDOWS\System32\KERNELBASE.dll
0x00007ffb2c490000 - 0x00007ffb2c5a1000 	C:\WINDOWS\System32\ucrtbase.dll
0x00007ffb24c80000 - 0x00007ffb24c9a000 	C:\Program Files\Java\jdk-17.0.1\bin\VCRUNTIME140.dll
0x00007ffb24910000 - 0x00007ffb24928000 	C:\Program Files\Java\jdk-17.0.1\bin\jli.dll
0x00007ffb2c990000 - 0x00007ffb2ca3e000 	C:\WINDOWS\System32\ADVAPI32.dll
0x00007ffb2e220000 - 0x00007ffb2e2c3000 	C:\WINDOWS\System32\msvcrt.dll
0x00007ffb2c870000 - 0x00007ffb2c90e000 	C:\WINDOWS\System32\sechost.dll
0x00007ffb2cc40000 - 0x00007ffb2cd60000 	C:\WINDOWS\System32\RPCRT4.dll
0x00007ffb2ce50000 - 0x00007ffb2cffd000 	C:\WINDOWS\System32\USER32.dll
0x00007ffb2c460000 - 0x00007ffb2c486000 	C:\WINDOWS\System32\win32u.dll
0x00007ffaf9fd0000 - 0x00007ffafa275000 	C:\WINDOWS\WinSxS\amd64_microsoft.windows.common-controls_6595b64144ccf1df_6.0.22000.120_none_9d947278b86cc467\COMCTL32.dll
0x00007ffb2e2d0000 - 0x00007ffb2e2f9000 	C:\WINDOWS\System32\GDI32.dll
0x00007ffb2bd90000 - 0x00007ffb2bea8000 	C:\WINDOWS\System32\gdi32full.dll
0x00007ffb2c5b0000 - 0x00007ffb2c64d000 	C:\WINDOWS\System32\msvcp_win.dll
0x00007ffb1efd0000 - 0x00007ffb1efda000 	C:\WINDOWS\SYSTEM32\VERSION.dll
0x00007ffb2ca40000 - 0x00007ffb2ca72000 	C:\WINDOWS\System32\IMM32.DLL
0x00007ffb276c0000 - 0x00007ffb276cc000 	C:\Program Files\Java\jdk-17.0.1\bin\vcruntime140_1.dll
0x00007ffb16ed0000 - 0x00007ffb16f5d000 	C:\Program Files\Java\jdk-17.0.1\bin\msvcp140.dll
0x00007ffab1b50000 - 0x00007ffab270e000 	C:\Program Files\Java\jdk-17.0.1\bin\server\jvm.dll
0x00007ffb2e300000 - 0x00007ffb2e308000 	C:\WINDOWS\System32\PSAPI.DLL
0x00007ffb24310000 - 0x00007ffb24343000 	C:\WINDOWS\SYSTEM32\WINMM.dll
0x00007ffb1f070000 - 0x00007ffb1f079000 	C:\WINDOWS\SYSTEM32\WSOCK32.dll
0x00007ffb2d660000 - 0x00007ffb2d6cf000 	C:\WINDOWS\System32\WS2_32.dll
0x00007ffb2ae90000 - 0x00007ffb2aea8000 	C:\WINDOWS\SYSTEM32\kernel.appcore.dll
0x00007ffb1df30000 - 0x00007ffb1df3a000 	C:\Program Files\Java\jdk-17.0.1\bin\jimage.dll
0x00007ffb29940000 - 0x00007ffb29b61000 	C:\WINDOWS\SYSTEM32\DBGHELP.DLL
0x00007ffb15660000 - 0x00007ffb15691000 	C:\WINDOWS\SYSTEM32\dbgcore.DLL
0x00007ffb2c650000 - 0x00007ffb2c6cf000 	C:\WINDOWS\System32\bcryptPrimitives.dll
0x00007ffb1a560000 - 0x00007ffb1a585000 	C:\Program Files\Java\jdk-17.0.1\bin\java.dll
0x00007ffb025e0000 - 0x00007ffb026b6000 	C:\Program Files\Java\jdk-17.0.1\bin\svml.dll
0x00007ffb2da60000 - 0x00007ffb2e218000 	C:\WINDOWS\System32\SHELL32.dll
0x00007ffb29e80000 - 0x00007ffb2a6e5000 	C:\WINDOWS\SYSTEM32\windows.storage.dll
0x00007ffb2d6d0000 - 0x00007ffb2da48000 	C:\WINDOWS\System32\combase.dll
0x00007ffb29d10000 - 0x00007ffb29e76000 	C:\WINDOWS\SYSTEM32\wintypes.dll
0x00007ffb2d000000 - 0x00007ffb2d0ea000 	C:\WINDOWS\System32\SHCORE.dll
0x00007ffb2d600000 - 0x00007ffb2d65d000 	C:\WINDOWS\System32\shlwapi.dll
0x00007ffb2bcc0000 - 0x00007ffb2bce1000 	C:\WINDOWS\SYSTEM32\profapi.dll
0x00007ffb1a460000 - 0x00007ffb1a479000 	C:\Program Files\Java\jdk-17.0.1\bin\net.dll
0x00007ffb24100000 - 0x00007ffb24214000 	C:\WINDOWS\SYSTEM32\WINHTTP.dll
0x00007ffb2b3a0000 - 0x00007ffb2b407000 	C:\WINDOWS\system32\mswsock.dll
0x00007ffb183a0000 - 0x00007ffb183b5000 	C:\Program Files\Java\jdk-17.0.1\bin\nio.dll
0x00007ffb17f30000 - 0x00007ffb17f48000 	C:\Program Files\Java\jdk-17.0.1\bin\zip.dll
0x00007ffb002b0000 - 0x00007ffb0043f000 	C:\Program Files\Java\jdk-17.0.1\bin\awt.dll
0x00007ffb2e430000 - 0x00007ffb2e506000 	C:\WINDOWS\System32\OLEAUT32.dll
0x00007ffb28f60000 - 0x00007ffb28ff2000 	C:\WINDOWS\SYSTEM32\apphelp.dll
0x00007ffb29020000 - 0x00007ffb290cc000 	C:\WINDOWS\system32\uxtheme.dll
0x00007ffb2e310000 - 0x00007ffb2e42d000 	C:\WINDOWS\System32\MSCTF.dll
0x00007ffb2e5f0000 - 0x00007ffb2e78a000 	C:\WINDOWS\System32\ole32.dll
0x00007ffb29360000 - 0x00007ffb2938f000 	C:\WINDOWS\system32\DWMAPI.DLL
0x00007ffb16160000 - 0x00007ffb161e9000 	C:\Program Files\Java\jdk-17.0.1\bin\freetype.dll
0x00007ffb00700000 - 0x00007ffb007a8000 	C:\Program Files\Java\jdk-17.0.1\bin\fontmanager.dll
0x00007ffb11d00000 - 0x00007ffb11e01000 	C:\WINDOWS\system32\opengl32.dll
0x00007ffb12d10000 - 0x00007ffb12d3d000 	C:\WINDOWS\SYSTEM32\GLU32.dll
0x00007ffb29100000 - 0x00007ffb29138000 	C:\WINDOWS\SYSTEM32\dxcore.dll
0x00007ffb2a960000 - 0x00007ffb2aa48000 	C:\WINDOWS\SYSTEM32\DNSAPI.dll
0x00007ffb2a930000 - 0x00007ffb2a95d000 	C:\WINDOWS\SYSTEM32\IPHLPAPI.DLL
0x00007ffb2d580000 - 0x00007ffb2d589000 	C:\WINDOWS\System32\NSI.dll
0x00007ffb21350000 - 0x00007ffb2135a000 	C:\Windows\System32\rasadhlp.dll
0x00007ffb213a0000 - 0x00007ffb21421000 	C:\WINDOWS\System32\fwpuclnt.dll
0x00007ffb1df60000 - 0x00007ffb1df6e000 	C:\Program Files\Java\jdk-17.0.1\bin\sunmscapi.dll
0x00007ffb2c2f0000 - 0x00007ffb2c452000 	C:\WINDOWS\System32\CRYPT32.dll
0x00007ffb2b740000 - 0x00007ffb2b768000 	C:\WINDOWS\SYSTEM32\ncrypt.dll
0x00007ffb2b700000 - 0x00007ffb2b737000 	C:\WINDOWS\SYSTEM32\NTASN1.dll
0x00007ffb2b5e0000 - 0x00007ffb2b5f8000 	C:\WINDOWS\SYSTEM32\CRYPTSP.dll
0x00007ffb2ade0000 - 0x00007ffb2ae15000 	C:\WINDOWS\system32\rsaenh.dll
0x00007ffb2b490000 - 0x00007ffb2b4b9000 	C:\WINDOWS\SYSTEM32\USERENV.dll
0x00007ffb2b770000 - 0x00007ffb2b797000 	C:\WINDOWS\SYSTEM32\bcrypt.dll
0x00007ffb2b600000 - 0x00007ffb2b60c000 	C:\WINDOWS\SYSTEM32\CRYPTBASE.dll
0x00007ffb23c00000 - 0x00007ffb23c19000 	C:\WINDOWS\SYSTEM32\dhcpcsvc6.DLL
0x00007ffb24350000 - 0x00007ffb2436e000 	C:\WINDOWS\SYSTEM32\dhcpcsvc.DLL
0x00007ffb2e530000 - 0x00007ffb2e5e5000 	C:\WINDOWS\System32\clbcatq.dll
0x00007ffb250d0000 - 0x00007ffb2527e000 	C:\WINDOWS\SYSTEM32\WindowsCodecs.dll
0x00007ffb0d240000 - 0x00007ffb0d29d000 	C:\WINDOWS\system32\dataexchange.dll
0x00007ffb214a0000 - 0x00007ffb21706000 	C:\WINDOWS\system32\twinapi.appcore.dll
0x00007ffb19360000 - 0x00007ffb1948d000 	C:\WINDOWS\SYSTEM32\textinputframework.dll
0x00007ffb28de0000 - 0x00007ffb28f11000 	C:\WINDOWS\SYSTEM32\CoreMessaging.dll
0x00007ffb26560000 - 0x00007ffb268cd000 	C:\WINDOWS\SYSTEM32\CoreUIComponents.dll

dbghelp: loaded successfully - version: 4.0.5 - missing functions: none
symbol engine: initialized successfully - sym options: 0x614 - pdb path: .;C:\Program Files\Java\jdk-17.0.1\bin;C:\WINDOWS\SYSTEM32;C:\WINDOWS\WinSxS\amd64_microsoft.windows.common-controls_6595b64144ccf1df_6.0.22000.120_none_9d947278b86cc467;C:\Program Files\Java\jdk-17.0.1\bin\server

VM Arguments:
jvm_args: -Dfile.encoding=UTF-8 --module-path=C:\Users\DELL\Documents\ASMALIGE\asm_Duan1\build\classes 
java_command: da1.ui.DangNhap
java_class_path (initial): D:\eage\mysql-connector-java-8.0.13.jar;D:\eage\sqljdbc4-3.0.jar;C:\Users\DELL\Desktop\jcalendar-1.4.jar;C:\Users\DELL\Documents\ASMALIGE\asm_Duan1\build\classes
Launcher Type: SUN_STANDARD

[Global flags]
     intx CICompilerCount                          = 4                                         {product} {ergonomic}
     uint ConcGCThreads                            = 2                                         {product} {ergonomic}
     uint G1ConcRefinementThreads                  = 8                                         {product} {ergonomic}
   size_t G1HeapRegionSize                         = 1048576                                   {product} {ergonomic}
    uintx GCDrainStackTargetSize                   = 64                                        {product} {ergonomic}
   size_t InitialHeapSize                          = 130023424                                 {product} {ergonomic}
   size_t MarkStackSize                            = 4194304                                   {product} {ergonomic}
   size_t MaxHeapSize                              = 2076180480                                {product} {ergonomic}
   size_t MaxNewSize                               = 1245708288                                {product} {ergonomic}
   size_t MinHeapDeltaBytes                        = 1048576                                   {product} {ergonomic}
   size_t MinHeapSize                              = 8388608                                   {product} {ergonomic}
    uintx NonNMethodCodeHeapSize                   = 5839372                                {pd product} {ergonomic}
    uintx NonProfiledCodeHeapSize                  = 122909434                              {pd product} {ergonomic}
    uintx ProfiledCodeHeapSize                     = 122909434                              {pd product} {ergonomic}
    uintx ReservedCodeCacheSize                    = 251658240                              {pd product} {ergonomic}
     bool SegmentedCodeCache                       = true                                      {product} {ergonomic}
   size_t SoftMaxHeapSize                          = 2076180480                             {manageable} {ergonomic}
     bool UseCompressedClassPointers               = true                           {product lp64_product} {ergonomic}
     bool UseCompressedOops                        = true                           {product lp64_product} {ergonomic}
     bool UseG1GC                                  = true                                      {product} {ergonomic}
     bool UseLargePagesIndividualAllocation        = false                                  {pd product} {ergonomic}

Logging:
Log output configuration:
 #0: stdout all=warning uptime,level,tags
 #1: stderr all=off uptime,level,tags

Environment Variables:
PATH=C:\Program Files\Common Files\Oracle\Java\javapath;C:\Program Files (x86)\Common Files\Oracle\Java\javapath;C:\WINDOWS\system32;C:\WINDOWS;C:\WINDOWS\System32\Wbem;C:\WINDOWS\System32\WindowsPowerShell\v1.0\;C:\WINDOWS\System32\OpenSSH\;C:\Program Files\Microsoft SQL Server\Client SDK\ODBC\170\Tools\Binn\;C:\Program Files (x86)\Microsoft SQL Server\150\Tools\Binn\;C:\Program Files\Microsoft SQL Server\150\Tools\Binn\;C:\Program Files\Microsoft SQL Server\150\DTS\Binn\;D:\ducpham\Git\cmd;C:\Program Files\dotnet\;C:\Program Files\Azure Data Studio\bin;C:\Users\DELL\AppData\Local\Microsoft\WindowsApps;C:\Users\DELL\AppData\Local\Programs\Microsoft VS Code\bin;C:\Program Files\Azure Data Studio\bin;
USERNAME=DELL
OS=Windows_NT
PROCESSOR_IDENTIFIER=Intel64 Family 6 Model 140 Stepping 1, GenuineIntel



---------------  S Y S T E M  ---------------

OS:
 Windows 10 , 64 bit Build 22000 (10.0.22000.1219)
OS uptime: 5 days 23:34 hours

CPU: total 8 (initial active 8) (4 cores per cpu, 2 threads per core) family 6 model 140 stepping 1 microcode 0xa4, cx8, cmov, fxsr, ht, mmx, 3dnowpref, sse, sse2, sse3, ssse3, sse4.1, sse4.2, popcnt, lzcnt, tsc, tscinvbit, avx, avx2, aes, erms, clmul, bmi1, bmi2, adx, avx512f, avx512dq, avx512cd, avx512bw, avx512vl, sha, fma, vzeroupper, avx512_vpopcntdq, avx512_vpclmulqdq, avx512_vaes, avx512_vnni, clflush, clflushopt, clwb, avx512_vbmi2, avx512_vbmi

Memory: 4k page, system-wide physical 7914M (798M free)
TotalPageFile size 10914M (AvailPageFile size 8M)
current process WorkingSet (physical memory assigned to process): 134M, peak: 137M
current process commit charge ("private bytes"): 261M, peak: 266M

vm_info: Java HotSpot(TM) 64-Bit Server VM (17.0.1+12-LTS-39) for windows-amd64 JRE (17.0.1+12-LTS-39), built on Sep 27 2021 18:41:35 by "mach5one" with MS VC++ 16.8 (VS2019)

END.
